[2022-05-08 09:16:53,484] {taskinstance.py:1159} INFO - Dependencies all met for <TaskInstance: first_dag_v4.first_task manual__2022-05-08T09:16:52.490876+00:00 [queued]>
[2022-05-08 09:16:53,495] {taskinstance.py:1159} INFO - Dependencies all met for <TaskInstance: first_dag_v4.first_task manual__2022-05-08T09:16:52.490876+00:00 [queued]>
[2022-05-08 09:16:53,496] {taskinstance.py:1356} INFO - 
--------------------------------------------------------------------------------
[2022-05-08 09:16:53,498] {taskinstance.py:1357} INFO - Starting attempt 1 of 6
[2022-05-08 09:16:53,499] {taskinstance.py:1358} INFO - 
--------------------------------------------------------------------------------
[2022-05-08 09:16:53,544] {taskinstance.py:1377} INFO - Executing <Task(BashOperator): first_task> on 2022-05-08 09:16:52.490876+00:00
[2022-05-08 09:16:53,581] {standard_task_runner.py:52} INFO - Started process 504 to run task
[2022-05-08 09:16:53,595] {standard_task_runner.py:79} INFO - Running: ['***', 'tasks', 'run', 'first_dag_v4', 'first_task', 'manual__2022-05-08T09:16:52.490876+00:00', '--job-id', '9', '--raw', '--subdir', 'DAGS_FOLDER/first_dag.py', '--cfg-path', '/tmp/tmp17oj82fb', '--error-file', '/tmp/tmp1zermrfr']
[2022-05-08 09:16:53,604] {standard_task_runner.py:80} INFO - Job 9: Subtask first_task
[2022-05-08 09:16:53,711] {task_command.py:369} INFO - Running <TaskInstance: first_dag_v4.first_task manual__2022-05-08T09:16:52.490876+00:00 [running]> on host ef82a602b7b6
[2022-05-08 09:16:53,870] {taskinstance.py:1571} INFO - Exporting the following env vars:
AIRFLOW_CTX_DAG_OWNER=faceit
AIRFLOW_CTX_DAG_ID=first_dag_v4
AIRFLOW_CTX_TASK_ID=first_task
AIRFLOW_CTX_EXECUTION_DATE=2022-05-08T09:16:52.490876+00:00
AIRFLOW_CTX_TRY_NUMBER=1
AIRFLOW_CTX_DAG_RUN_ID=manual__2022-05-08T09:16:52.490876+00:00
[2022-05-08 09:16:53,875] {subprocess.py:62} INFO - Tmp dir root location: 
 /tmp
[2022-05-08 09:16:53,879] {subprocess.py:74} INFO - Running command: ['bash', '-c', 'echo hello world task-1 !']
[2022-05-08 09:16:53,892] {subprocess.py:85} INFO - Output:
[2022-05-08 09:16:53,898] {subprocess.py:92} INFO - hello world task-1 !
[2022-05-08 09:16:53,901] {subprocess.py:96} INFO - Command exited with return code 0
[2022-05-08 09:16:53,958] {taskinstance.py:1400} INFO - Marking task as SUCCESS. dag_id=first_dag_v4, task_id=first_task, execution_date=20220508T091652, start_date=20220508T091653, end_date=20220508T091653
[2022-05-08 09:16:54,021] {local_task_job.py:156} INFO - Task exited with return code 0
[2022-05-08 09:16:54,104] {local_task_job.py:273} INFO - 2 downstream tasks scheduled from follow-on schedule check
