[2022-05-08 09:12:43,618] {taskinstance.py:1159} INFO - Dependencies all met for <TaskInstance: first_dag_v2.first_task manual__2022-05-08T09:12:42.283597+00:00 [queued]>
[2022-05-08 09:12:43,630] {taskinstance.py:1159} INFO - Dependencies all met for <TaskInstance: first_dag_v2.first_task manual__2022-05-08T09:12:42.283597+00:00 [queued]>
[2022-05-08 09:12:43,631] {taskinstance.py:1356} INFO - 
--------------------------------------------------------------------------------
[2022-05-08 09:12:43,632] {taskinstance.py:1357} INFO - Starting attempt 1 of 6
[2022-05-08 09:12:43,633] {taskinstance.py:1358} INFO - 
--------------------------------------------------------------------------------
[2022-05-08 09:12:43,656] {taskinstance.py:1377} INFO - Executing <Task(BashOperator): first_task> on 2022-05-08 09:12:42.283597+00:00
[2022-05-08 09:12:43,663] {standard_task_runner.py:52} INFO - Started process 441 to run task
[2022-05-08 09:12:43,668] {standard_task_runner.py:79} INFO - Running: ['***', 'tasks', 'run', 'first_dag_v2', 'first_task', 'manual__2022-05-08T09:12:42.283597+00:00', '--job-id', '3', '--raw', '--subdir', 'DAGS_FOLDER/first_dag.py', '--cfg-path', '/tmp/tmpowavqlah', '--error-file', '/tmp/tmpvc5qo902']
[2022-05-08 09:12:43,670] {standard_task_runner.py:80} INFO - Job 3: Subtask first_task
[2022-05-08 09:12:43,733] {task_command.py:369} INFO - Running <TaskInstance: first_dag_v2.first_task manual__2022-05-08T09:12:42.283597+00:00 [running]> on host ef82a602b7b6
[2022-05-08 09:12:43,867] {taskinstance.py:1571} INFO - Exporting the following env vars:
AIRFLOW_CTX_DAG_OWNER=faceit
AIRFLOW_CTX_DAG_ID=first_dag_v2
AIRFLOW_CTX_TASK_ID=first_task
AIRFLOW_CTX_EXECUTION_DATE=2022-05-08T09:12:42.283597+00:00
AIRFLOW_CTX_TRY_NUMBER=1
AIRFLOW_CTX_DAG_RUN_ID=manual__2022-05-08T09:12:42.283597+00:00
[2022-05-08 09:12:43,869] {subprocess.py:62} INFO - Tmp dir root location: 
 /tmp
[2022-05-08 09:12:43,871] {subprocess.py:74} INFO - Running command: ['bash', '-c', 'echo hello world task-1 !']
[2022-05-08 09:12:43,886] {subprocess.py:85} INFO - Output:
[2022-05-08 09:12:43,889] {subprocess.py:92} INFO - hello world task-1 !
[2022-05-08 09:12:43,891] {subprocess.py:96} INFO - Command exited with return code 0
[2022-05-08 09:12:43,932] {taskinstance.py:1400} INFO - Marking task as SUCCESS. dag_id=first_dag_v2, task_id=first_task, execution_date=20220508T091242, start_date=20220508T091243, end_date=20220508T091243
[2022-05-08 09:12:44,004] {local_task_job.py:156} INFO - Task exited with return code 0
[2022-05-08 09:12:44,064] {local_task_job.py:273} INFO - 2 downstream tasks scheduled from follow-on schedule check
