[2022-05-08 00:28:33,616] {processor.py:153} INFO - Started process (PID=257) to work on /home/airflow/.local/lib/python3.7/site-packages/airflow/example_dags/example_xcomargs.py
[2022-05-08 00:28:33,623] {processor.py:641} INFO - Processing file /home/airflow/.local/lib/python3.7/site-packages/airflow/example_dags/example_xcomargs.py for tasks to queue
[2022-05-08 00:28:33,630] {logging_mixin.py:115} INFO - [2022-05-08 00:28:33,630] {dagbag.py:507} INFO - Filling up the DagBag from /home/airflow/.local/lib/python3.7/site-packages/airflow/example_dags/example_xcomargs.py
[2022-05-08 00:28:33,839] {processor.py:651} INFO - DAG(s) dict_keys(['example_xcom_args', 'example_xcom_args_with_operators']) retrieved from /home/airflow/.local/lib/python3.7/site-packages/airflow/example_dags/example_xcomargs.py
[2022-05-08 00:28:34,373] {logging_mixin.py:115} INFO - [2022-05-08 00:28:34,372] {dag.py:2371} INFO - Sync 2 DAGs
[2022-05-08 00:28:34,487] {logging_mixin.py:115} INFO - [2022-05-08 00:28:34,487] {dag.py:2919} INFO - Setting next_dagrun for example_xcom_args to None, run_after=None
[2022-05-08 00:28:34,489] {logging_mixin.py:115} INFO - [2022-05-08 00:28:34,489] {dag.py:2919} INFO - Setting next_dagrun for example_xcom_args_with_operators to None, run_after=None
[2022-05-08 00:28:34,628] {processor.py:161} INFO - Processing /home/airflow/.local/lib/python3.7/site-packages/airflow/example_dags/example_xcomargs.py took 1.028 seconds
[2022-05-08 00:29:04,829] {processor.py:153} INFO - Started process (PID=427) to work on /home/airflow/.local/lib/python3.7/site-packages/airflow/example_dags/example_xcomargs.py
[2022-05-08 00:29:04,833] {processor.py:641} INFO - Processing file /home/airflow/.local/lib/python3.7/site-packages/airflow/example_dags/example_xcomargs.py for tasks to queue
[2022-05-08 00:29:04,836] {logging_mixin.py:115} INFO - [2022-05-08 00:29:04,836] {dagbag.py:507} INFO - Filling up the DagBag from /home/airflow/.local/lib/python3.7/site-packages/airflow/example_dags/example_xcomargs.py
[2022-05-08 00:29:04,900] {processor.py:651} INFO - DAG(s) dict_keys(['example_xcom_args', 'example_xcom_args_with_operators']) retrieved from /home/airflow/.local/lib/python3.7/site-packages/airflow/example_dags/example_xcomargs.py
[2022-05-08 00:29:05,134] {logging_mixin.py:115} INFO - [2022-05-08 00:29:05,133] {dag.py:2371} INFO - Sync 2 DAGs
[2022-05-08 00:29:05,206] {logging_mixin.py:115} INFO - [2022-05-08 00:29:05,206] {dag.py:2919} INFO - Setting next_dagrun for example_xcom_args to None, run_after=None
[2022-05-08 00:29:05,208] {logging_mixin.py:115} INFO - [2022-05-08 00:29:05,207] {dag.py:2919} INFO - Setting next_dagrun for example_xcom_args_with_operators to None, run_after=None
[2022-05-08 00:29:05,254] {processor.py:161} INFO - Processing /home/airflow/.local/lib/python3.7/site-packages/airflow/example_dags/example_xcomargs.py took 0.439 seconds
[2022-05-08 00:29:35,488] {processor.py:153} INFO - Started process (PID=596) to work on /home/airflow/.local/lib/python3.7/site-packages/airflow/example_dags/example_xcomargs.py
[2022-05-08 00:29:35,490] {processor.py:641} INFO - Processing file /home/airflow/.local/lib/python3.7/site-packages/airflow/example_dags/example_xcomargs.py for tasks to queue
[2022-05-08 00:29:35,495] {logging_mixin.py:115} INFO - [2022-05-08 00:29:35,494] {dagbag.py:507} INFO - Filling up the DagBag from /home/airflow/.local/lib/python3.7/site-packages/airflow/example_dags/example_xcomargs.py
[2022-05-08 00:29:35,635] {processor.py:651} INFO - DAG(s) dict_keys(['example_xcom_args', 'example_xcom_args_with_operators']) retrieved from /home/airflow/.local/lib/python3.7/site-packages/airflow/example_dags/example_xcomargs.py
[2022-05-08 00:29:35,761] {logging_mixin.py:115} INFO - [2022-05-08 00:29:35,761] {dag.py:2371} INFO - Sync 2 DAGs
[2022-05-08 00:29:35,799] {logging_mixin.py:115} INFO - [2022-05-08 00:29:35,798] {dag.py:2919} INFO - Setting next_dagrun for example_xcom_args to None, run_after=None
[2022-05-08 00:29:35,801] {logging_mixin.py:115} INFO - [2022-05-08 00:29:35,800] {dag.py:2919} INFO - Setting next_dagrun for example_xcom_args_with_operators to None, run_after=None
[2022-05-08 00:29:35,825] {processor.py:161} INFO - Processing /home/airflow/.local/lib/python3.7/site-packages/airflow/example_dags/example_xcomargs.py took 0.345 seconds
[2022-05-08 00:30:05,936] {processor.py:153} INFO - Started process (PID=769) to work on /home/airflow/.local/lib/python3.7/site-packages/airflow/example_dags/example_xcomargs.py
[2022-05-08 00:30:05,937] {processor.py:641} INFO - Processing file /home/airflow/.local/lib/python3.7/site-packages/airflow/example_dags/example_xcomargs.py for tasks to queue
[2022-05-08 00:30:05,939] {logging_mixin.py:115} INFO - [2022-05-08 00:30:05,938] {dagbag.py:507} INFO - Filling up the DagBag from /home/airflow/.local/lib/python3.7/site-packages/airflow/example_dags/example_xcomargs.py
[2022-05-08 00:30:05,972] {processor.py:651} INFO - DAG(s) dict_keys(['example_xcom_args', 'example_xcom_args_with_operators']) retrieved from /home/airflow/.local/lib/python3.7/site-packages/airflow/example_dags/example_xcomargs.py
[2022-05-08 00:30:06,057] {logging_mixin.py:115} INFO - [2022-05-08 00:30:06,056] {dag.py:2371} INFO - Sync 2 DAGs
[2022-05-08 00:30:06,082] {logging_mixin.py:115} INFO - [2022-05-08 00:30:06,082] {dag.py:2919} INFO - Setting next_dagrun for example_xcom_args to None, run_after=None
[2022-05-08 00:30:06,084] {logging_mixin.py:115} INFO - [2022-05-08 00:30:06,084] {dag.py:2919} INFO - Setting next_dagrun for example_xcom_args_with_operators to None, run_after=None
[2022-05-08 00:30:06,106] {processor.py:161} INFO - Processing /home/airflow/.local/lib/python3.7/site-packages/airflow/example_dags/example_xcomargs.py took 0.176 seconds
[2022-05-08 00:30:36,215] {processor.py:153} INFO - Started process (PID=939) to work on /home/airflow/.local/lib/python3.7/site-packages/airflow/example_dags/example_xcomargs.py
[2022-05-08 00:30:36,217] {processor.py:641} INFO - Processing file /home/airflow/.local/lib/python3.7/site-packages/airflow/example_dags/example_xcomargs.py for tasks to queue
[2022-05-08 00:30:36,218] {logging_mixin.py:115} INFO - [2022-05-08 00:30:36,218] {dagbag.py:507} INFO - Filling up the DagBag from /home/airflow/.local/lib/python3.7/site-packages/airflow/example_dags/example_xcomargs.py
[2022-05-08 00:30:36,242] {processor.py:651} INFO - DAG(s) dict_keys(['example_xcom_args', 'example_xcom_args_with_operators']) retrieved from /home/airflow/.local/lib/python3.7/site-packages/airflow/example_dags/example_xcomargs.py
[2022-05-08 00:30:36,315] {logging_mixin.py:115} INFO - [2022-05-08 00:30:36,315] {dag.py:2371} INFO - Sync 2 DAGs
[2022-05-08 00:30:36,337] {logging_mixin.py:115} INFO - [2022-05-08 00:30:36,337] {dag.py:2919} INFO - Setting next_dagrun for example_xcom_args to None, run_after=None
[2022-05-08 00:30:36,339] {logging_mixin.py:115} INFO - [2022-05-08 00:30:36,338] {dag.py:2919} INFO - Setting next_dagrun for example_xcom_args_with_operators to None, run_after=None
[2022-05-08 00:30:36,355] {processor.py:161} INFO - Processing /home/airflow/.local/lib/python3.7/site-packages/airflow/example_dags/example_xcomargs.py took 0.144 seconds
[2022-05-08 00:31:07,182] {processor.py:153} INFO - Started process (PID=1107) to work on /home/airflow/.local/lib/python3.7/site-packages/airflow/example_dags/example_xcomargs.py
[2022-05-08 00:31:07,184] {processor.py:641} INFO - Processing file /home/airflow/.local/lib/python3.7/site-packages/airflow/example_dags/example_xcomargs.py for tasks to queue
[2022-05-08 00:31:07,185] {logging_mixin.py:115} INFO - [2022-05-08 00:31:07,185] {dagbag.py:507} INFO - Filling up the DagBag from /home/airflow/.local/lib/python3.7/site-packages/airflow/example_dags/example_xcomargs.py
[2022-05-08 00:31:07,216] {processor.py:651} INFO - DAG(s) dict_keys(['example_xcom_args', 'example_xcom_args_with_operators']) retrieved from /home/airflow/.local/lib/python3.7/site-packages/airflow/example_dags/example_xcomargs.py
[2022-05-08 00:31:07,316] {logging_mixin.py:115} INFO - [2022-05-08 00:31:07,316] {dag.py:2371} INFO - Sync 2 DAGs
[2022-05-08 00:31:07,341] {logging_mixin.py:115} INFO - [2022-05-08 00:31:07,341] {dag.py:2919} INFO - Setting next_dagrun for example_xcom_args to None, run_after=None
[2022-05-08 00:31:07,343] {logging_mixin.py:115} INFO - [2022-05-08 00:31:07,343] {dag.py:2919} INFO - Setting next_dagrun for example_xcom_args_with_operators to None, run_after=None
[2022-05-08 00:31:07,362] {processor.py:161} INFO - Processing /home/airflow/.local/lib/python3.7/site-packages/airflow/example_dags/example_xcomargs.py took 0.186 seconds
[2022-05-08 00:31:38,226] {processor.py:153} INFO - Started process (PID=1277) to work on /home/airflow/.local/lib/python3.7/site-packages/airflow/example_dags/example_xcomargs.py
[2022-05-08 00:31:38,228] {processor.py:641} INFO - Processing file /home/airflow/.local/lib/python3.7/site-packages/airflow/example_dags/example_xcomargs.py for tasks to queue
[2022-05-08 00:31:38,229] {logging_mixin.py:115} INFO - [2022-05-08 00:31:38,229] {dagbag.py:507} INFO - Filling up the DagBag from /home/airflow/.local/lib/python3.7/site-packages/airflow/example_dags/example_xcomargs.py
[2022-05-08 00:31:38,256] {processor.py:651} INFO - DAG(s) dict_keys(['example_xcom_args', 'example_xcom_args_with_operators']) retrieved from /home/airflow/.local/lib/python3.7/site-packages/airflow/example_dags/example_xcomargs.py
[2022-05-08 00:31:38,360] {logging_mixin.py:115} INFO - [2022-05-08 00:31:38,360] {dag.py:2371} INFO - Sync 2 DAGs
[2022-05-08 00:31:38,389] {logging_mixin.py:115} INFO - [2022-05-08 00:31:38,389] {dag.py:2919} INFO - Setting next_dagrun for example_xcom_args to None, run_after=None
[2022-05-08 00:31:38,390] {logging_mixin.py:115} INFO - [2022-05-08 00:31:38,390] {dag.py:2919} INFO - Setting next_dagrun for example_xcom_args_with_operators to None, run_after=None
[2022-05-08 00:31:38,409] {processor.py:161} INFO - Processing /home/airflow/.local/lib/python3.7/site-packages/airflow/example_dags/example_xcomargs.py took 0.187 seconds
[2022-05-08 00:32:09,337] {processor.py:153} INFO - Started process (PID=1447) to work on /home/airflow/.local/lib/python3.7/site-packages/airflow/example_dags/example_xcomargs.py
[2022-05-08 00:32:09,341] {processor.py:641} INFO - Processing file /home/airflow/.local/lib/python3.7/site-packages/airflow/example_dags/example_xcomargs.py for tasks to queue
[2022-05-08 00:32:09,357] {logging_mixin.py:115} INFO - [2022-05-08 00:32:09,357] {dagbag.py:507} INFO - Filling up the DagBag from /home/airflow/.local/lib/python3.7/site-packages/airflow/example_dags/example_xcomargs.py
[2022-05-08 00:32:09,416] {processor.py:651} INFO - DAG(s) dict_keys(['example_xcom_args', 'example_xcom_args_with_operators']) retrieved from /home/airflow/.local/lib/python3.7/site-packages/airflow/example_dags/example_xcomargs.py
[2022-05-08 00:32:09,569] {logging_mixin.py:115} INFO - [2022-05-08 00:32:09,569] {dag.py:2371} INFO - Sync 2 DAGs
[2022-05-08 00:32:09,596] {logging_mixin.py:115} INFO - [2022-05-08 00:32:09,596] {dag.py:2919} INFO - Setting next_dagrun for example_xcom_args to None, run_after=None
[2022-05-08 00:32:09,598] {logging_mixin.py:115} INFO - [2022-05-08 00:32:09,598] {dag.py:2919} INFO - Setting next_dagrun for example_xcom_args_with_operators to None, run_after=None
[2022-05-08 00:32:09,630] {processor.py:161} INFO - Processing /home/airflow/.local/lib/python3.7/site-packages/airflow/example_dags/example_xcomargs.py took 0.309 seconds
[2022-05-08 00:32:40,347] {processor.py:153} INFO - Started process (PID=1617) to work on /home/airflow/.local/lib/python3.7/site-packages/airflow/example_dags/example_xcomargs.py
[2022-05-08 00:32:40,349] {processor.py:641} INFO - Processing file /home/airflow/.local/lib/python3.7/site-packages/airflow/example_dags/example_xcomargs.py for tasks to queue
[2022-05-08 00:32:40,351] {logging_mixin.py:115} INFO - [2022-05-08 00:32:40,351] {dagbag.py:507} INFO - Filling up the DagBag from /home/airflow/.local/lib/python3.7/site-packages/airflow/example_dags/example_xcomargs.py
[2022-05-08 00:32:40,384] {processor.py:651} INFO - DAG(s) dict_keys(['example_xcom_args', 'example_xcom_args_with_operators']) retrieved from /home/airflow/.local/lib/python3.7/site-packages/airflow/example_dags/example_xcomargs.py
[2022-05-08 00:32:40,484] {logging_mixin.py:115} INFO - [2022-05-08 00:32:40,484] {dag.py:2371} INFO - Sync 2 DAGs
[2022-05-08 00:32:40,513] {logging_mixin.py:115} INFO - [2022-05-08 00:32:40,513] {dag.py:2919} INFO - Setting next_dagrun for example_xcom_args to None, run_after=None
[2022-05-08 00:32:40,514] {logging_mixin.py:115} INFO - [2022-05-08 00:32:40,514] {dag.py:2919} INFO - Setting next_dagrun for example_xcom_args_with_operators to None, run_after=None
[2022-05-08 00:32:40,534] {processor.py:161} INFO - Processing /home/airflow/.local/lib/python3.7/site-packages/airflow/example_dags/example_xcomargs.py took 0.191 seconds
[2022-05-08 00:33:11,435] {processor.py:153} INFO - Started process (PID=1789) to work on /home/airflow/.local/lib/python3.7/site-packages/airflow/example_dags/example_xcomargs.py
[2022-05-08 00:33:11,440] {processor.py:641} INFO - Processing file /home/airflow/.local/lib/python3.7/site-packages/airflow/example_dags/example_xcomargs.py for tasks to queue
[2022-05-08 00:33:11,446] {logging_mixin.py:115} INFO - [2022-05-08 00:33:11,445] {dagbag.py:507} INFO - Filling up the DagBag from /home/airflow/.local/lib/python3.7/site-packages/airflow/example_dags/example_xcomargs.py
[2022-05-08 00:33:11,514] {processor.py:651} INFO - DAG(s) dict_keys(['example_xcom_args', 'example_xcom_args_with_operators']) retrieved from /home/airflow/.local/lib/python3.7/site-packages/airflow/example_dags/example_xcomargs.py
[2022-05-08 00:33:11,707] {logging_mixin.py:115} INFO - [2022-05-08 00:33:11,707] {dag.py:2371} INFO - Sync 2 DAGs
[2022-05-08 00:33:11,748] {logging_mixin.py:115} INFO - [2022-05-08 00:33:11,748] {dag.py:2919} INFO - Setting next_dagrun for example_xcom_args to None, run_after=None
[2022-05-08 00:33:11,750] {logging_mixin.py:115} INFO - [2022-05-08 00:33:11,749] {dag.py:2919} INFO - Setting next_dagrun for example_xcom_args_with_operators to None, run_after=None
[2022-05-08 00:33:11,784] {processor.py:161} INFO - Processing /home/airflow/.local/lib/python3.7/site-packages/airflow/example_dags/example_xcomargs.py took 0.356 seconds
[2022-05-08 00:33:41,890] {processor.py:153} INFO - Started process (PID=1957) to work on /home/airflow/.local/lib/python3.7/site-packages/airflow/example_dags/example_xcomargs.py
[2022-05-08 00:33:41,892] {processor.py:641} INFO - Processing file /home/airflow/.local/lib/python3.7/site-packages/airflow/example_dags/example_xcomargs.py for tasks to queue
[2022-05-08 00:33:41,893] {logging_mixin.py:115} INFO - [2022-05-08 00:33:41,893] {dagbag.py:507} INFO - Filling up the DagBag from /home/airflow/.local/lib/python3.7/site-packages/airflow/example_dags/example_xcomargs.py
[2022-05-08 00:33:41,929] {processor.py:651} INFO - DAG(s) dict_keys(['example_xcom_args', 'example_xcom_args_with_operators']) retrieved from /home/airflow/.local/lib/python3.7/site-packages/airflow/example_dags/example_xcomargs.py
[2022-05-08 00:33:42,062] {logging_mixin.py:115} INFO - [2022-05-08 00:33:42,062] {dag.py:2371} INFO - Sync 2 DAGs
[2022-05-08 00:33:42,091] {logging_mixin.py:115} INFO - [2022-05-08 00:33:42,091] {dag.py:2919} INFO - Setting next_dagrun for example_xcom_args to None, run_after=None
[2022-05-08 00:33:42,092] {logging_mixin.py:115} INFO - [2022-05-08 00:33:42,092] {dag.py:2919} INFO - Setting next_dagrun for example_xcom_args_with_operators to None, run_after=None
[2022-05-08 00:33:42,113] {processor.py:161} INFO - Processing /home/airflow/.local/lib/python3.7/site-packages/airflow/example_dags/example_xcomargs.py took 0.228 seconds
[2022-05-08 00:34:12,340] {processor.py:153} INFO - Started process (PID=2129) to work on /home/airflow/.local/lib/python3.7/site-packages/airflow/example_dags/example_xcomargs.py
[2022-05-08 00:34:12,342] {processor.py:641} INFO - Processing file /home/airflow/.local/lib/python3.7/site-packages/airflow/example_dags/example_xcomargs.py for tasks to queue
[2022-05-08 00:34:12,343] {logging_mixin.py:115} INFO - [2022-05-08 00:34:12,343] {dagbag.py:507} INFO - Filling up the DagBag from /home/airflow/.local/lib/python3.7/site-packages/airflow/example_dags/example_xcomargs.py
[2022-05-08 00:34:12,380] {processor.py:651} INFO - DAG(s) dict_keys(['example_xcom_args', 'example_xcom_args_with_operators']) retrieved from /home/airflow/.local/lib/python3.7/site-packages/airflow/example_dags/example_xcomargs.py
[2022-05-08 00:34:12,504] {logging_mixin.py:115} INFO - [2022-05-08 00:34:12,503] {dag.py:2371} INFO - Sync 2 DAGs
[2022-05-08 00:34:12,539] {logging_mixin.py:115} INFO - [2022-05-08 00:34:12,539] {dag.py:2919} INFO - Setting next_dagrun for example_xcom_args to None, run_after=None
[2022-05-08 00:34:12,540] {logging_mixin.py:115} INFO - [2022-05-08 00:34:12,540] {dag.py:2919} INFO - Setting next_dagrun for example_xcom_args_with_operators to None, run_after=None
[2022-05-08 00:34:12,562] {processor.py:161} INFO - Processing /home/airflow/.local/lib/python3.7/site-packages/airflow/example_dags/example_xcomargs.py took 0.229 seconds
[2022-05-08 00:34:43,509] {processor.py:153} INFO - Started process (PID=2302) to work on /home/airflow/.local/lib/python3.7/site-packages/airflow/example_dags/example_xcomargs.py
[2022-05-08 00:34:43,513] {processor.py:641} INFO - Processing file /home/airflow/.local/lib/python3.7/site-packages/airflow/example_dags/example_xcomargs.py for tasks to queue
[2022-05-08 00:34:43,516] {logging_mixin.py:115} INFO - [2022-05-08 00:34:43,516] {dagbag.py:507} INFO - Filling up the DagBag from /home/airflow/.local/lib/python3.7/site-packages/airflow/example_dags/example_xcomargs.py
[2022-05-08 00:34:43,578] {processor.py:651} INFO - DAG(s) dict_keys(['example_xcom_args', 'example_xcom_args_with_operators']) retrieved from /home/airflow/.local/lib/python3.7/site-packages/airflow/example_dags/example_xcomargs.py
[2022-05-08 00:34:43,698] {logging_mixin.py:115} INFO - [2022-05-08 00:34:43,697] {dag.py:2371} INFO - Sync 2 DAGs
[2022-05-08 00:34:43,790] {logging_mixin.py:115} INFO - [2022-05-08 00:34:43,790] {dag.py:2919} INFO - Setting next_dagrun for example_xcom_args to None, run_after=None
[2022-05-08 00:34:43,798] {logging_mixin.py:115} INFO - [2022-05-08 00:34:43,797] {dag.py:2919} INFO - Setting next_dagrun for example_xcom_args_with_operators to None, run_after=None
[2022-05-08 00:34:43,851] {processor.py:161} INFO - Processing /home/airflow/.local/lib/python3.7/site-packages/airflow/example_dags/example_xcomargs.py took 0.350 seconds
[2022-05-08 00:35:13,994] {processor.py:153} INFO - Started process (PID=2467) to work on /home/airflow/.local/lib/python3.7/site-packages/airflow/example_dags/example_xcomargs.py
[2022-05-08 00:35:13,996] {processor.py:641} INFO - Processing file /home/airflow/.local/lib/python3.7/site-packages/airflow/example_dags/example_xcomargs.py for tasks to queue
[2022-05-08 00:35:13,999] {logging_mixin.py:115} INFO - [2022-05-08 00:35:13,999] {dagbag.py:507} INFO - Filling up the DagBag from /home/airflow/.local/lib/python3.7/site-packages/airflow/example_dags/example_xcomargs.py
[2022-05-08 00:35:14,052] {processor.py:651} INFO - DAG(s) dict_keys(['example_xcom_args', 'example_xcom_args_with_operators']) retrieved from /home/airflow/.local/lib/python3.7/site-packages/airflow/example_dags/example_xcomargs.py
[2022-05-08 00:35:14,296] {logging_mixin.py:115} INFO - [2022-05-08 00:35:14,295] {dag.py:2371} INFO - Sync 2 DAGs
[2022-05-08 00:35:14,364] {logging_mixin.py:115} INFO - [2022-05-08 00:35:14,364] {dag.py:2919} INFO - Setting next_dagrun for example_xcom_args to None, run_after=None
[2022-05-08 00:35:14,366] {logging_mixin.py:115} INFO - [2022-05-08 00:35:14,366] {dag.py:2919} INFO - Setting next_dagrun for example_xcom_args_with_operators to None, run_after=None
[2022-05-08 00:35:14,434] {processor.py:161} INFO - Processing /home/airflow/.local/lib/python3.7/site-packages/airflow/example_dags/example_xcomargs.py took 0.451 seconds
[2022-05-08 00:35:45,360] {processor.py:153} INFO - Started process (PID=2639) to work on /home/airflow/.local/lib/python3.7/site-packages/airflow/example_dags/example_xcomargs.py
[2022-05-08 00:35:45,361] {processor.py:641} INFO - Processing file /home/airflow/.local/lib/python3.7/site-packages/airflow/example_dags/example_xcomargs.py for tasks to queue
[2022-05-08 00:35:45,363] {logging_mixin.py:115} INFO - [2022-05-08 00:35:45,363] {dagbag.py:507} INFO - Filling up the DagBag from /home/airflow/.local/lib/python3.7/site-packages/airflow/example_dags/example_xcomargs.py
[2022-05-08 00:35:45,401] {processor.py:651} INFO - DAG(s) dict_keys(['example_xcom_args', 'example_xcom_args_with_operators']) retrieved from /home/airflow/.local/lib/python3.7/site-packages/airflow/example_dags/example_xcomargs.py
[2022-05-08 00:35:45,495] {logging_mixin.py:115} INFO - [2022-05-08 00:35:45,495] {dag.py:2371} INFO - Sync 2 DAGs
[2022-05-08 00:35:45,538] {logging_mixin.py:115} INFO - [2022-05-08 00:35:45,538] {dag.py:2919} INFO - Setting next_dagrun for example_xcom_args to None, run_after=None
[2022-05-08 00:35:45,540] {logging_mixin.py:115} INFO - [2022-05-08 00:35:45,539] {dag.py:2919} INFO - Setting next_dagrun for example_xcom_args_with_operators to None, run_after=None
[2022-05-08 00:35:45,567] {processor.py:161} INFO - Processing /home/airflow/.local/lib/python3.7/site-packages/airflow/example_dags/example_xcomargs.py took 0.216 seconds
[2022-05-08 00:38:54,626] {processor.py:153} INFO - Started process (PID=258) to work on /home/airflow/.local/lib/python3.7/site-packages/airflow/example_dags/example_xcomargs.py
[2022-05-08 00:38:54,629] {processor.py:641} INFO - Processing file /home/airflow/.local/lib/python3.7/site-packages/airflow/example_dags/example_xcomargs.py for tasks to queue
[2022-05-08 00:38:54,631] {logging_mixin.py:115} INFO - [2022-05-08 00:38:54,631] {dagbag.py:507} INFO - Filling up the DagBag from /home/airflow/.local/lib/python3.7/site-packages/airflow/example_dags/example_xcomargs.py
[2022-05-08 00:38:54,728] {processor.py:651} INFO - DAG(s) dict_keys(['example_xcom_args', 'example_xcom_args_with_operators']) retrieved from /home/airflow/.local/lib/python3.7/site-packages/airflow/example_dags/example_xcomargs.py
[2022-05-08 00:38:55,663] {logging_mixin.py:115} INFO - [2022-05-08 00:38:55,663] {manager.py:508} INFO - Created Permission View: can delete on DAG:example_xcom_args
[2022-05-08 00:38:55,710] {logging_mixin.py:115} INFO - [2022-05-08 00:38:55,709] {manager.py:508} INFO - Created Permission View: can edit on DAG:example_xcom_args
[2022-05-08 00:38:55,744] {logging_mixin.py:115} INFO - [2022-05-08 00:38:55,743] {manager.py:508} INFO - Created Permission View: can read on DAG:example_xcom_args
[2022-05-08 00:38:55,807] {logging_mixin.py:115} INFO - [2022-05-08 00:38:55,807] {manager.py:508} INFO - Created Permission View: can delete on DAG:example_xcom_args_with_operators
[2022-05-08 00:38:55,848] {logging_mixin.py:115} INFO - [2022-05-08 00:38:55,848] {manager.py:508} INFO - Created Permission View: can edit on DAG:example_xcom_args_with_operators
[2022-05-08 00:38:55,883] {logging_mixin.py:115} INFO - [2022-05-08 00:38:55,883] {manager.py:508} INFO - Created Permission View: can read on DAG:example_xcom_args_with_operators
[2022-05-08 00:38:55,888] {logging_mixin.py:115} INFO - [2022-05-08 00:38:55,888] {dag.py:2371} INFO - Sync 2 DAGs
[2022-05-08 00:38:55,959] {logging_mixin.py:115} INFO - [2022-05-08 00:38:55,959] {dag.py:2390} INFO - Creating ORM DAG for example_xcom_args
[2022-05-08 00:38:55,966] {logging_mixin.py:115} INFO - [2022-05-08 00:38:55,965] {dag.py:2390} INFO - Creating ORM DAG for example_xcom_args_with_operators
[2022-05-08 00:38:56,077] {logging_mixin.py:115} INFO - [2022-05-08 00:38:56,077] {dag.py:2919} INFO - Setting next_dagrun for example_xcom_args to None, run_after=None
[2022-05-08 00:38:56,078] {logging_mixin.py:115} INFO - [2022-05-08 00:38:56,078] {dag.py:2919} INFO - Setting next_dagrun for example_xcom_args_with_operators to None, run_after=None
[2022-05-08 00:38:56,193] {processor.py:161} INFO - Processing /home/airflow/.local/lib/python3.7/site-packages/airflow/example_dags/example_xcomargs.py took 1.571 seconds
[2022-05-08 00:39:26,503] {processor.py:153} INFO - Started process (PID=430) to work on /home/airflow/.local/lib/python3.7/site-packages/airflow/example_dags/example_xcomargs.py
[2022-05-08 00:39:26,508] {processor.py:641} INFO - Processing file /home/airflow/.local/lib/python3.7/site-packages/airflow/example_dags/example_xcomargs.py for tasks to queue
[2022-05-08 00:39:26,509] {logging_mixin.py:115} INFO - [2022-05-08 00:39:26,509] {dagbag.py:507} INFO - Filling up the DagBag from /home/airflow/.local/lib/python3.7/site-packages/airflow/example_dags/example_xcomargs.py
[2022-05-08 00:39:26,557] {processor.py:651} INFO - DAG(s) dict_keys(['example_xcom_args', 'example_xcom_args_with_operators']) retrieved from /home/airflow/.local/lib/python3.7/site-packages/airflow/example_dags/example_xcomargs.py
[2022-05-08 00:39:26,654] {logging_mixin.py:115} INFO - [2022-05-08 00:39:26,654] {dag.py:2371} INFO - Sync 2 DAGs
[2022-05-08 00:39:26,676] {logging_mixin.py:115} INFO - [2022-05-08 00:39:26,676] {dag.py:2919} INFO - Setting next_dagrun for example_xcom_args to None, run_after=None
[2022-05-08 00:39:26,678] {logging_mixin.py:115} INFO - [2022-05-08 00:39:26,678] {dag.py:2919} INFO - Setting next_dagrun for example_xcom_args_with_operators to None, run_after=None
[2022-05-08 00:39:26,697] {processor.py:161} INFO - Processing /home/airflow/.local/lib/python3.7/site-packages/airflow/example_dags/example_xcomargs.py took 0.200 seconds
[2022-05-08 00:39:56,755] {processor.py:153} INFO - Started process (PID=600) to work on /home/airflow/.local/lib/python3.7/site-packages/airflow/example_dags/example_xcomargs.py
[2022-05-08 00:39:56,757] {processor.py:641} INFO - Processing file /home/airflow/.local/lib/python3.7/site-packages/airflow/example_dags/example_xcomargs.py for tasks to queue
[2022-05-08 00:39:56,758] {logging_mixin.py:115} INFO - [2022-05-08 00:39:56,758] {dagbag.py:507} INFO - Filling up the DagBag from /home/airflow/.local/lib/python3.7/site-packages/airflow/example_dags/example_xcomargs.py
[2022-05-08 00:39:56,790] {processor.py:651} INFO - DAG(s) dict_keys(['example_xcom_args', 'example_xcom_args_with_operators']) retrieved from /home/airflow/.local/lib/python3.7/site-packages/airflow/example_dags/example_xcomargs.py
[2022-05-08 00:39:56,866] {logging_mixin.py:115} INFO - [2022-05-08 00:39:56,865] {dag.py:2371} INFO - Sync 2 DAGs
[2022-05-08 00:39:56,888] {logging_mixin.py:115} INFO - [2022-05-08 00:39:56,888] {dag.py:2919} INFO - Setting next_dagrun for example_xcom_args to None, run_after=None
[2022-05-08 00:39:56,890] {logging_mixin.py:115} INFO - [2022-05-08 00:39:56,890] {dag.py:2919} INFO - Setting next_dagrun for example_xcom_args_with_operators to None, run_after=None
[2022-05-08 00:39:56,906] {processor.py:161} INFO - Processing /home/airflow/.local/lib/python3.7/site-packages/airflow/example_dags/example_xcomargs.py took 0.155 seconds
[2022-05-08 00:40:27,469] {processor.py:153} INFO - Started process (PID=768) to work on /home/airflow/.local/lib/python3.7/site-packages/airflow/example_dags/example_xcomargs.py
[2022-05-08 00:40:27,491] {processor.py:641} INFO - Processing file /home/airflow/.local/lib/python3.7/site-packages/airflow/example_dags/example_xcomargs.py for tasks to queue
[2022-05-08 00:40:27,508] {logging_mixin.py:115} INFO - [2022-05-08 00:40:27,497] {dagbag.py:507} INFO - Filling up the DagBag from /home/airflow/.local/lib/python3.7/site-packages/airflow/example_dags/example_xcomargs.py
[2022-05-08 00:40:27,746] {processor.py:651} INFO - DAG(s) dict_keys(['example_xcom_args', 'example_xcom_args_with_operators']) retrieved from /home/airflow/.local/lib/python3.7/site-packages/airflow/example_dags/example_xcomargs.py
[2022-05-08 00:40:28,379] {logging_mixin.py:115} INFO - [2022-05-08 00:40:28,379] {dag.py:2371} INFO - Sync 2 DAGs
[2022-05-08 00:40:28,459] {logging_mixin.py:115} INFO - [2022-05-08 00:40:28,459] {dag.py:2919} INFO - Setting next_dagrun for example_xcom_args to None, run_after=None
[2022-05-08 00:40:28,460] {logging_mixin.py:115} INFO - [2022-05-08 00:40:28,460] {dag.py:2919} INFO - Setting next_dagrun for example_xcom_args_with_operators to None, run_after=None
[2022-05-08 00:40:28,514] {processor.py:161} INFO - Processing /home/airflow/.local/lib/python3.7/site-packages/airflow/example_dags/example_xcomargs.py took 1.079 seconds
[2022-05-08 00:40:58,779] {processor.py:153} INFO - Started process (PID=945) to work on /home/airflow/.local/lib/python3.7/site-packages/airflow/example_dags/example_xcomargs.py
[2022-05-08 00:40:58,781] {processor.py:641} INFO - Processing file /home/airflow/.local/lib/python3.7/site-packages/airflow/example_dags/example_xcomargs.py for tasks to queue
[2022-05-08 00:40:58,784] {logging_mixin.py:115} INFO - [2022-05-08 00:40:58,783] {dagbag.py:507} INFO - Filling up the DagBag from /home/airflow/.local/lib/python3.7/site-packages/airflow/example_dags/example_xcomargs.py
[2022-05-08 00:40:58,816] {processor.py:651} INFO - DAG(s) dict_keys(['example_xcom_args', 'example_xcom_args_with_operators']) retrieved from /home/airflow/.local/lib/python3.7/site-packages/airflow/example_dags/example_xcomargs.py
[2022-05-08 00:40:58,920] {logging_mixin.py:115} INFO - [2022-05-08 00:40:58,920] {dag.py:2371} INFO - Sync 2 DAGs
[2022-05-08 00:40:58,950] {logging_mixin.py:115} INFO - [2022-05-08 00:40:58,950] {dag.py:2919} INFO - Setting next_dagrun for example_xcom_args to None, run_after=None
[2022-05-08 00:40:58,952] {logging_mixin.py:115} INFO - [2022-05-08 00:40:58,952] {dag.py:2919} INFO - Setting next_dagrun for example_xcom_args_with_operators to None, run_after=None
[2022-05-08 00:40:58,980] {processor.py:161} INFO - Processing /home/airflow/.local/lib/python3.7/site-packages/airflow/example_dags/example_xcomargs.py took 0.210 seconds
[2022-05-08 00:41:29,343] {processor.py:153} INFO - Started process (PID=1108) to work on /home/airflow/.local/lib/python3.7/site-packages/airflow/example_dags/example_xcomargs.py
[2022-05-08 00:41:29,345] {processor.py:641} INFO - Processing file /home/airflow/.local/lib/python3.7/site-packages/airflow/example_dags/example_xcomargs.py for tasks to queue
[2022-05-08 00:41:29,348] {logging_mixin.py:115} INFO - [2022-05-08 00:41:29,347] {dagbag.py:507} INFO - Filling up the DagBag from /home/airflow/.local/lib/python3.7/site-packages/airflow/example_dags/example_xcomargs.py
[2022-05-08 00:41:29,382] {processor.py:651} INFO - DAG(s) dict_keys(['example_xcom_args', 'example_xcom_args_with_operators']) retrieved from /home/airflow/.local/lib/python3.7/site-packages/airflow/example_dags/example_xcomargs.py
[2022-05-08 00:41:29,485] {logging_mixin.py:115} INFO - [2022-05-08 00:41:29,485] {dag.py:2371} INFO - Sync 2 DAGs
[2022-05-08 00:41:29,518] {logging_mixin.py:115} INFO - [2022-05-08 00:41:29,518] {dag.py:2919} INFO - Setting next_dagrun for example_xcom_args to None, run_after=None
[2022-05-08 00:41:29,519] {logging_mixin.py:115} INFO - [2022-05-08 00:41:29,519] {dag.py:2919} INFO - Setting next_dagrun for example_xcom_args_with_operators to None, run_after=None
[2022-05-08 00:41:29,541] {processor.py:161} INFO - Processing /home/airflow/.local/lib/python3.7/site-packages/airflow/example_dags/example_xcomargs.py took 0.205 seconds
[2022-05-08 00:41:59,921] {processor.py:153} INFO - Started process (PID=1278) to work on /home/airflow/.local/lib/python3.7/site-packages/airflow/example_dags/example_xcomargs.py
[2022-05-08 00:41:59,923] {processor.py:641} INFO - Processing file /home/airflow/.local/lib/python3.7/site-packages/airflow/example_dags/example_xcomargs.py for tasks to queue
[2022-05-08 00:41:59,925] {logging_mixin.py:115} INFO - [2022-05-08 00:41:59,925] {dagbag.py:507} INFO - Filling up the DagBag from /home/airflow/.local/lib/python3.7/site-packages/airflow/example_dags/example_xcomargs.py
[2022-05-08 00:41:59,964] {processor.py:651} INFO - DAG(s) dict_keys(['example_xcom_args', 'example_xcom_args_with_operators']) retrieved from /home/airflow/.local/lib/python3.7/site-packages/airflow/example_dags/example_xcomargs.py
[2022-05-08 00:42:00,099] {logging_mixin.py:115} INFO - [2022-05-08 00:42:00,099] {dag.py:2371} INFO - Sync 2 DAGs
[2022-05-08 00:42:00,146] {logging_mixin.py:115} INFO - [2022-05-08 00:42:00,146] {dag.py:2919} INFO - Setting next_dagrun for example_xcom_args to None, run_after=None
[2022-05-08 00:42:00,148] {logging_mixin.py:115} INFO - [2022-05-08 00:42:00,148] {dag.py:2919} INFO - Setting next_dagrun for example_xcom_args_with_operators to None, run_after=None
[2022-05-08 00:42:00,173] {processor.py:161} INFO - Processing /home/airflow/.local/lib/python3.7/site-packages/airflow/example_dags/example_xcomargs.py took 0.256 seconds
