[2022-05-08 00:28:34,803] {processor.py:153} INFO - Started process (PID=272) to work on /home/airflow/.local/lib/python3.7/site-packages/airflow/example_dags/example_trigger_target_dag.py
[2022-05-08 00:28:34,807] {processor.py:641} INFO - Processing file /home/airflow/.local/lib/python3.7/site-packages/airflow/example_dags/example_trigger_target_dag.py for tasks to queue
[2022-05-08 00:28:34,809] {logging_mixin.py:115} INFO - [2022-05-08 00:28:34,809] {dagbag.py:507} INFO - Filling up the DagBag from /home/airflow/.local/lib/python3.7/site-packages/airflow/example_dags/example_trigger_target_dag.py
[2022-05-08 00:28:34,910] {processor.py:651} INFO - DAG(s) dict_keys(['example_trigger_target_dag']) retrieved from /home/airflow/.local/lib/python3.7/site-packages/airflow/example_dags/example_trigger_target_dag.py
[2022-05-08 00:28:34,997] {logging_mixin.py:115} INFO - [2022-05-08 00:28:34,997] {dag.py:2371} INFO - Sync 1 DAGs
[2022-05-08 00:28:35,112] {logging_mixin.py:115} INFO - [2022-05-08 00:28:35,112] {dag.py:2919} INFO - Setting next_dagrun for example_trigger_target_dag to None, run_after=None
[2022-05-08 00:28:35,182] {processor.py:161} INFO - Processing /home/airflow/.local/lib/python3.7/site-packages/airflow/example_dags/example_trigger_target_dag.py took 0.391 seconds
[2022-05-08 00:29:05,413] {processor.py:153} INFO - Started process (PID=442) to work on /home/airflow/.local/lib/python3.7/site-packages/airflow/example_dags/example_trigger_target_dag.py
[2022-05-08 00:29:05,418] {processor.py:641} INFO - Processing file /home/airflow/.local/lib/python3.7/site-packages/airflow/example_dags/example_trigger_target_dag.py for tasks to queue
[2022-05-08 00:29:05,420] {logging_mixin.py:115} INFO - [2022-05-08 00:29:05,420] {dagbag.py:507} INFO - Filling up the DagBag from /home/airflow/.local/lib/python3.7/site-packages/airflow/example_dags/example_trigger_target_dag.py
[2022-05-08 00:29:05,502] {processor.py:651} INFO - DAG(s) dict_keys(['example_trigger_target_dag']) retrieved from /home/airflow/.local/lib/python3.7/site-packages/airflow/example_dags/example_trigger_target_dag.py
[2022-05-08 00:29:05,570] {logging_mixin.py:115} INFO - [2022-05-08 00:29:05,570] {dag.py:2371} INFO - Sync 1 DAGs
[2022-05-08 00:29:05,656] {logging_mixin.py:115} INFO - [2022-05-08 00:29:05,656] {dag.py:2919} INFO - Setting next_dagrun for example_trigger_target_dag to None, run_after=None
[2022-05-08 00:29:05,692] {processor.py:161} INFO - Processing /home/airflow/.local/lib/python3.7/site-packages/airflow/example_dags/example_trigger_target_dag.py took 0.284 seconds
[2022-05-08 00:29:35,960] {processor.py:153} INFO - Started process (PID=612) to work on /home/airflow/.local/lib/python3.7/site-packages/airflow/example_dags/example_trigger_target_dag.py
[2022-05-08 00:29:35,970] {processor.py:641} INFO - Processing file /home/airflow/.local/lib/python3.7/site-packages/airflow/example_dags/example_trigger_target_dag.py for tasks to queue
[2022-05-08 00:29:35,974] {logging_mixin.py:115} INFO - [2022-05-08 00:29:35,973] {dagbag.py:507} INFO - Filling up the DagBag from /home/airflow/.local/lib/python3.7/site-packages/airflow/example_dags/example_trigger_target_dag.py
[2022-05-08 00:29:36,015] {processor.py:651} INFO - DAG(s) dict_keys(['example_trigger_target_dag']) retrieved from /home/airflow/.local/lib/python3.7/site-packages/airflow/example_dags/example_trigger_target_dag.py
[2022-05-08 00:29:36,079] {logging_mixin.py:115} INFO - [2022-05-08 00:29:36,078] {dag.py:2371} INFO - Sync 1 DAGs
[2022-05-08 00:29:36,126] {logging_mixin.py:115} INFO - [2022-05-08 00:29:36,126] {dag.py:2919} INFO - Setting next_dagrun for example_trigger_target_dag to None, run_after=None
[2022-05-08 00:29:36,146] {processor.py:161} INFO - Processing /home/airflow/.local/lib/python3.7/site-packages/airflow/example_dags/example_trigger_target_dag.py took 0.192 seconds
[2022-05-08 00:30:06,290] {processor.py:153} INFO - Started process (PID=782) to work on /home/airflow/.local/lib/python3.7/site-packages/airflow/example_dags/example_trigger_target_dag.py
[2022-05-08 00:30:06,296] {processor.py:641} INFO - Processing file /home/airflow/.local/lib/python3.7/site-packages/airflow/example_dags/example_trigger_target_dag.py for tasks to queue
[2022-05-08 00:30:06,302] {logging_mixin.py:115} INFO - [2022-05-08 00:30:06,302] {dagbag.py:507} INFO - Filling up the DagBag from /home/airflow/.local/lib/python3.7/site-packages/airflow/example_dags/example_trigger_target_dag.py
[2022-05-08 00:30:06,346] {processor.py:651} INFO - DAG(s) dict_keys(['example_trigger_target_dag']) retrieved from /home/airflow/.local/lib/python3.7/site-packages/airflow/example_dags/example_trigger_target_dag.py
[2022-05-08 00:30:06,406] {logging_mixin.py:115} INFO - [2022-05-08 00:30:06,406] {dag.py:2371} INFO - Sync 1 DAGs
[2022-05-08 00:30:06,458] {logging_mixin.py:115} INFO - [2022-05-08 00:30:06,458] {dag.py:2919} INFO - Setting next_dagrun for example_trigger_target_dag to None, run_after=None
[2022-05-08 00:30:06,475] {processor.py:161} INFO - Processing /home/airflow/.local/lib/python3.7/site-packages/airflow/example_dags/example_trigger_target_dag.py took 0.194 seconds
[2022-05-08 00:30:36,642] {processor.py:153} INFO - Started process (PID=954) to work on /home/airflow/.local/lib/python3.7/site-packages/airflow/example_dags/example_trigger_target_dag.py
[2022-05-08 00:30:36,644] {processor.py:641} INFO - Processing file /home/airflow/.local/lib/python3.7/site-packages/airflow/example_dags/example_trigger_target_dag.py for tasks to queue
[2022-05-08 00:30:36,646] {logging_mixin.py:115} INFO - [2022-05-08 00:30:36,645] {dagbag.py:507} INFO - Filling up the DagBag from /home/airflow/.local/lib/python3.7/site-packages/airflow/example_dags/example_trigger_target_dag.py
[2022-05-08 00:30:36,671] {processor.py:651} INFO - DAG(s) dict_keys(['example_trigger_target_dag']) retrieved from /home/airflow/.local/lib/python3.7/site-packages/airflow/example_dags/example_trigger_target_dag.py
[2022-05-08 00:30:36,703] {logging_mixin.py:115} INFO - [2022-05-08 00:30:36,703] {dag.py:2371} INFO - Sync 1 DAGs
[2022-05-08 00:30:36,728] {logging_mixin.py:115} INFO - [2022-05-08 00:30:36,728] {dag.py:2919} INFO - Setting next_dagrun for example_trigger_target_dag to None, run_after=None
[2022-05-08 00:30:36,745] {processor.py:161} INFO - Processing /home/airflow/.local/lib/python3.7/site-packages/airflow/example_dags/example_trigger_target_dag.py took 0.109 seconds
[2022-05-08 00:31:07,442] {processor.py:153} INFO - Started process (PID=1122) to work on /home/airflow/.local/lib/python3.7/site-packages/airflow/example_dags/example_trigger_target_dag.py
[2022-05-08 00:31:07,443] {processor.py:641} INFO - Processing file /home/airflow/.local/lib/python3.7/site-packages/airflow/example_dags/example_trigger_target_dag.py for tasks to queue
[2022-05-08 00:31:07,445] {logging_mixin.py:115} INFO - [2022-05-08 00:31:07,445] {dagbag.py:507} INFO - Filling up the DagBag from /home/airflow/.local/lib/python3.7/site-packages/airflow/example_dags/example_trigger_target_dag.py
[2022-05-08 00:31:07,470] {processor.py:651} INFO - DAG(s) dict_keys(['example_trigger_target_dag']) retrieved from /home/airflow/.local/lib/python3.7/site-packages/airflow/example_dags/example_trigger_target_dag.py
[2022-05-08 00:31:07,497] {logging_mixin.py:115} INFO - [2022-05-08 00:31:07,497] {dag.py:2371} INFO - Sync 1 DAGs
[2022-05-08 00:31:07,523] {logging_mixin.py:115} INFO - [2022-05-08 00:31:07,522] {dag.py:2919} INFO - Setting next_dagrun for example_trigger_target_dag to None, run_after=None
[2022-05-08 00:31:07,539] {processor.py:161} INFO - Processing /home/airflow/.local/lib/python3.7/site-packages/airflow/example_dags/example_trigger_target_dag.py took 0.101 seconds
[2022-05-08 00:31:38,498] {processor.py:153} INFO - Started process (PID=1292) to work on /home/airflow/.local/lib/python3.7/site-packages/airflow/example_dags/example_trigger_target_dag.py
[2022-05-08 00:31:38,500] {processor.py:641} INFO - Processing file /home/airflow/.local/lib/python3.7/site-packages/airflow/example_dags/example_trigger_target_dag.py for tasks to queue
[2022-05-08 00:31:38,501] {logging_mixin.py:115} INFO - [2022-05-08 00:31:38,501] {dagbag.py:507} INFO - Filling up the DagBag from /home/airflow/.local/lib/python3.7/site-packages/airflow/example_dags/example_trigger_target_dag.py
[2022-05-08 00:31:38,538] {processor.py:651} INFO - DAG(s) dict_keys(['example_trigger_target_dag']) retrieved from /home/airflow/.local/lib/python3.7/site-packages/airflow/example_dags/example_trigger_target_dag.py
[2022-05-08 00:31:38,582] {logging_mixin.py:115} INFO - [2022-05-08 00:31:38,581] {dag.py:2371} INFO - Sync 1 DAGs
[2022-05-08 00:31:38,622] {logging_mixin.py:115} INFO - [2022-05-08 00:31:38,622] {dag.py:2919} INFO - Setting next_dagrun for example_trigger_target_dag to None, run_after=None
[2022-05-08 00:31:38,649] {processor.py:161} INFO - Processing /home/airflow/.local/lib/python3.7/site-packages/airflow/example_dags/example_trigger_target_dag.py took 0.155 seconds
[2022-05-08 00:32:09,829] {processor.py:153} INFO - Started process (PID=1462) to work on /home/airflow/.local/lib/python3.7/site-packages/airflow/example_dags/example_trigger_target_dag.py
[2022-05-08 00:32:09,831] {processor.py:641} INFO - Processing file /home/airflow/.local/lib/python3.7/site-packages/airflow/example_dags/example_trigger_target_dag.py for tasks to queue
[2022-05-08 00:32:09,834] {logging_mixin.py:115} INFO - [2022-05-08 00:32:09,834] {dagbag.py:507} INFO - Filling up the DagBag from /home/airflow/.local/lib/python3.7/site-packages/airflow/example_dags/example_trigger_target_dag.py
[2022-05-08 00:32:09,871] {processor.py:651} INFO - DAG(s) dict_keys(['example_trigger_target_dag']) retrieved from /home/airflow/.local/lib/python3.7/site-packages/airflow/example_dags/example_trigger_target_dag.py
[2022-05-08 00:32:09,916] {logging_mixin.py:115} INFO - [2022-05-08 00:32:09,916] {dag.py:2371} INFO - Sync 1 DAGs
[2022-05-08 00:32:09,964] {logging_mixin.py:115} INFO - [2022-05-08 00:32:09,964] {dag.py:2919} INFO - Setting next_dagrun for example_trigger_target_dag to None, run_after=None
[2022-05-08 00:32:09,985] {processor.py:161} INFO - Processing /home/airflow/.local/lib/python3.7/site-packages/airflow/example_dags/example_trigger_target_dag.py took 0.159 seconds
[2022-05-08 00:32:40,620] {processor.py:153} INFO - Started process (PID=1632) to work on /home/airflow/.local/lib/python3.7/site-packages/airflow/example_dags/example_trigger_target_dag.py
[2022-05-08 00:32:40,621] {processor.py:641} INFO - Processing file /home/airflow/.local/lib/python3.7/site-packages/airflow/example_dags/example_trigger_target_dag.py for tasks to queue
[2022-05-08 00:32:40,623] {logging_mixin.py:115} INFO - [2022-05-08 00:32:40,623] {dagbag.py:507} INFO - Filling up the DagBag from /home/airflow/.local/lib/python3.7/site-packages/airflow/example_dags/example_trigger_target_dag.py
[2022-05-08 00:32:40,645] {processor.py:651} INFO - DAG(s) dict_keys(['example_trigger_target_dag']) retrieved from /home/airflow/.local/lib/python3.7/site-packages/airflow/example_dags/example_trigger_target_dag.py
[2022-05-08 00:32:40,674] {logging_mixin.py:115} INFO - [2022-05-08 00:32:40,674] {dag.py:2371} INFO - Sync 1 DAGs
[2022-05-08 00:32:40,704] {logging_mixin.py:115} INFO - [2022-05-08 00:32:40,704] {dag.py:2919} INFO - Setting next_dagrun for example_trigger_target_dag to None, run_after=None
[2022-05-08 00:32:40,721] {processor.py:161} INFO - Processing /home/airflow/.local/lib/python3.7/site-packages/airflow/example_dags/example_trigger_target_dag.py took 0.106 seconds
[2022-05-08 00:33:11,837] {processor.py:153} INFO - Started process (PID=1802) to work on /home/airflow/.local/lib/python3.7/site-packages/airflow/example_dags/example_trigger_target_dag.py
[2022-05-08 00:33:11,840] {processor.py:641} INFO - Processing file /home/airflow/.local/lib/python3.7/site-packages/airflow/example_dags/example_trigger_target_dag.py for tasks to queue
[2022-05-08 00:33:11,842] {logging_mixin.py:115} INFO - [2022-05-08 00:33:11,842] {dagbag.py:507} INFO - Filling up the DagBag from /home/airflow/.local/lib/python3.7/site-packages/airflow/example_dags/example_trigger_target_dag.py
[2022-05-08 00:33:11,879] {processor.py:651} INFO - DAG(s) dict_keys(['example_trigger_target_dag']) retrieved from /home/airflow/.local/lib/python3.7/site-packages/airflow/example_dags/example_trigger_target_dag.py
[2022-05-08 00:33:11,927] {logging_mixin.py:115} INFO - [2022-05-08 00:33:11,927] {dag.py:2371} INFO - Sync 1 DAGs
[2022-05-08 00:33:11,961] {logging_mixin.py:115} INFO - [2022-05-08 00:33:11,961] {dag.py:2919} INFO - Setting next_dagrun for example_trigger_target_dag to None, run_after=None
[2022-05-08 00:33:11,977] {processor.py:161} INFO - Processing /home/airflow/.local/lib/python3.7/site-packages/airflow/example_dags/example_trigger_target_dag.py took 0.146 seconds
[2022-05-08 00:33:42,188] {processor.py:153} INFO - Started process (PID=1972) to work on /home/airflow/.local/lib/python3.7/site-packages/airflow/example_dags/example_trigger_target_dag.py
[2022-05-08 00:33:42,189] {processor.py:641} INFO - Processing file /home/airflow/.local/lib/python3.7/site-packages/airflow/example_dags/example_trigger_target_dag.py for tasks to queue
[2022-05-08 00:33:42,190] {logging_mixin.py:115} INFO - [2022-05-08 00:33:42,190] {dagbag.py:507} INFO - Filling up the DagBag from /home/airflow/.local/lib/python3.7/site-packages/airflow/example_dags/example_trigger_target_dag.py
[2022-05-08 00:33:42,226] {processor.py:651} INFO - DAG(s) dict_keys(['example_trigger_target_dag']) retrieved from /home/airflow/.local/lib/python3.7/site-packages/airflow/example_dags/example_trigger_target_dag.py
[2022-05-08 00:33:42,296] {logging_mixin.py:115} INFO - [2022-05-08 00:33:42,296] {dag.py:2371} INFO - Sync 1 DAGs
[2022-05-08 00:33:42,373] {logging_mixin.py:115} INFO - [2022-05-08 00:33:42,373] {dag.py:2919} INFO - Setting next_dagrun for example_trigger_target_dag to None, run_after=None
[2022-05-08 00:33:42,424] {processor.py:161} INFO - Processing /home/airflow/.local/lib/python3.7/site-packages/airflow/example_dags/example_trigger_target_dag.py took 0.239 seconds
[2022-05-08 00:34:12,603] {processor.py:153} INFO - Started process (PID=2142) to work on /home/airflow/.local/lib/python3.7/site-packages/airflow/example_dags/example_trigger_target_dag.py
[2022-05-08 00:34:12,605] {processor.py:641} INFO - Processing file /home/airflow/.local/lib/python3.7/site-packages/airflow/example_dags/example_trigger_target_dag.py for tasks to queue
[2022-05-08 00:34:12,606] {logging_mixin.py:115} INFO - [2022-05-08 00:34:12,606] {dagbag.py:507} INFO - Filling up the DagBag from /home/airflow/.local/lib/python3.7/site-packages/airflow/example_dags/example_trigger_target_dag.py
[2022-05-08 00:34:12,636] {processor.py:651} INFO - DAG(s) dict_keys(['example_trigger_target_dag']) retrieved from /home/airflow/.local/lib/python3.7/site-packages/airflow/example_dags/example_trigger_target_dag.py
[2022-05-08 00:34:12,676] {logging_mixin.py:115} INFO - [2022-05-08 00:34:12,676] {dag.py:2371} INFO - Sync 1 DAGs
[2022-05-08 00:34:12,723] {logging_mixin.py:115} INFO - [2022-05-08 00:34:12,723] {dag.py:2919} INFO - Setting next_dagrun for example_trigger_target_dag to None, run_after=None
[2022-05-08 00:34:12,739] {processor.py:161} INFO - Processing /home/airflow/.local/lib/python3.7/site-packages/airflow/example_dags/example_trigger_target_dag.py took 0.141 seconds
[2022-05-08 00:34:43,939] {processor.py:153} INFO - Started process (PID=2312) to work on /home/airflow/.local/lib/python3.7/site-packages/airflow/example_dags/example_trigger_target_dag.py
[2022-05-08 00:34:43,941] {processor.py:641} INFO - Processing file /home/airflow/.local/lib/python3.7/site-packages/airflow/example_dags/example_trigger_target_dag.py for tasks to queue
[2022-05-08 00:34:43,944] {logging_mixin.py:115} INFO - [2022-05-08 00:34:43,943] {dagbag.py:507} INFO - Filling up the DagBag from /home/airflow/.local/lib/python3.7/site-packages/airflow/example_dags/example_trigger_target_dag.py
[2022-05-08 00:34:43,997] {processor.py:651} INFO - DAG(s) dict_keys(['example_trigger_target_dag']) retrieved from /home/airflow/.local/lib/python3.7/site-packages/airflow/example_dags/example_trigger_target_dag.py
[2022-05-08 00:34:44,059] {logging_mixin.py:115} INFO - [2022-05-08 00:34:44,059] {dag.py:2371} INFO - Sync 1 DAGs
[2022-05-08 00:34:44,175] {logging_mixin.py:115} INFO - [2022-05-08 00:34:44,175] {dag.py:2919} INFO - Setting next_dagrun for example_trigger_target_dag to None, run_after=None
[2022-05-08 00:34:44,207] {processor.py:161} INFO - Processing /home/airflow/.local/lib/python3.7/site-packages/airflow/example_dags/example_trigger_target_dag.py took 0.280 seconds
[2022-05-08 00:35:14,593] {processor.py:153} INFO - Started process (PID=2482) to work on /home/airflow/.local/lib/python3.7/site-packages/airflow/example_dags/example_trigger_target_dag.py
[2022-05-08 00:35:14,595] {processor.py:641} INFO - Processing file /home/airflow/.local/lib/python3.7/site-packages/airflow/example_dags/example_trigger_target_dag.py for tasks to queue
[2022-05-08 00:35:14,596] {logging_mixin.py:115} INFO - [2022-05-08 00:35:14,596] {dagbag.py:507} INFO - Filling up the DagBag from /home/airflow/.local/lib/python3.7/site-packages/airflow/example_dags/example_trigger_target_dag.py
[2022-05-08 00:35:14,635] {processor.py:651} INFO - DAG(s) dict_keys(['example_trigger_target_dag']) retrieved from /home/airflow/.local/lib/python3.7/site-packages/airflow/example_dags/example_trigger_target_dag.py
[2022-05-08 00:35:14,776] {logging_mixin.py:115} INFO - [2022-05-08 00:35:14,776] {dag.py:2371} INFO - Sync 1 DAGs
[2022-05-08 00:35:14,849] {logging_mixin.py:115} INFO - [2022-05-08 00:35:14,849] {dag.py:2919} INFO - Setting next_dagrun for example_trigger_target_dag to None, run_after=None
[2022-05-08 00:35:14,928] {processor.py:161} INFO - Processing /home/airflow/.local/lib/python3.7/site-packages/airflow/example_dags/example_trigger_target_dag.py took 0.339 seconds
[2022-05-08 00:35:45,612] {processor.py:153} INFO - Started process (PID=2652) to work on /home/airflow/.local/lib/python3.7/site-packages/airflow/example_dags/example_trigger_target_dag.py
[2022-05-08 00:35:45,614] {processor.py:641} INFO - Processing file /home/airflow/.local/lib/python3.7/site-packages/airflow/example_dags/example_trigger_target_dag.py for tasks to queue
[2022-05-08 00:35:45,616] {logging_mixin.py:115} INFO - [2022-05-08 00:35:45,616] {dagbag.py:507} INFO - Filling up the DagBag from /home/airflow/.local/lib/python3.7/site-packages/airflow/example_dags/example_trigger_target_dag.py
[2022-05-08 00:35:45,645] {processor.py:651} INFO - DAG(s) dict_keys(['example_trigger_target_dag']) retrieved from /home/airflow/.local/lib/python3.7/site-packages/airflow/example_dags/example_trigger_target_dag.py
[2022-05-08 00:35:45,692] {logging_mixin.py:115} INFO - [2022-05-08 00:35:45,692] {dag.py:2371} INFO - Sync 1 DAGs
[2022-05-08 00:35:45,719] {logging_mixin.py:115} INFO - [2022-05-08 00:35:45,719] {dag.py:2919} INFO - Setting next_dagrun for example_trigger_target_dag to None, run_after=None
[2022-05-08 00:35:45,738] {processor.py:161} INFO - Processing /home/airflow/.local/lib/python3.7/site-packages/airflow/example_dags/example_trigger_target_dag.py took 0.131 seconds
[2022-05-08 00:38:56,477] {processor.py:153} INFO - Started process (PID=273) to work on /home/airflow/.local/lib/python3.7/site-packages/airflow/example_dags/example_trigger_target_dag.py
[2022-05-08 00:38:56,482] {processor.py:641} INFO - Processing file /home/airflow/.local/lib/python3.7/site-packages/airflow/example_dags/example_trigger_target_dag.py for tasks to queue
[2022-05-08 00:38:56,486] {logging_mixin.py:115} INFO - [2022-05-08 00:38:56,486] {dagbag.py:507} INFO - Filling up the DagBag from /home/airflow/.local/lib/python3.7/site-packages/airflow/example_dags/example_trigger_target_dag.py
[2022-05-08 00:38:56,635] {processor.py:651} INFO - DAG(s) dict_keys(['example_trigger_target_dag']) retrieved from /home/airflow/.local/lib/python3.7/site-packages/airflow/example_dags/example_trigger_target_dag.py
[2022-05-08 00:38:56,996] {logging_mixin.py:115} INFO - [2022-05-08 00:38:56,996] {manager.py:508} INFO - Created Permission View: can delete on DAG:example_trigger_target_dag
[2022-05-08 00:38:57,039] {logging_mixin.py:115} INFO - [2022-05-08 00:38:57,039] {manager.py:508} INFO - Created Permission View: can edit on DAG:example_trigger_target_dag
[2022-05-08 00:38:57,075] {logging_mixin.py:115} INFO - [2022-05-08 00:38:57,075] {manager.py:508} INFO - Created Permission View: can read on DAG:example_trigger_target_dag
[2022-05-08 00:38:57,077] {logging_mixin.py:115} INFO - [2022-05-08 00:38:57,077] {dag.py:2371} INFO - Sync 1 DAGs
[2022-05-08 00:38:57,107] {logging_mixin.py:115} INFO - [2022-05-08 00:38:57,107] {dag.py:2390} INFO - Creating ORM DAG for example_trigger_target_dag
[2022-05-08 00:38:57,162] {logging_mixin.py:115} INFO - [2022-05-08 00:38:57,161] {dag.py:2919} INFO - Setting next_dagrun for example_trigger_target_dag to None, run_after=None
[2022-05-08 00:38:57,206] {processor.py:161} INFO - Processing /home/airflow/.local/lib/python3.7/site-packages/airflow/example_dags/example_trigger_target_dag.py took 0.758 seconds
[2022-05-08 00:39:27,693] {processor.py:153} INFO - Started process (PID=443) to work on /home/airflow/.local/lib/python3.7/site-packages/airflow/example_dags/example_trigger_target_dag.py
[2022-05-08 00:39:27,695] {processor.py:641} INFO - Processing file /home/airflow/.local/lib/python3.7/site-packages/airflow/example_dags/example_trigger_target_dag.py for tasks to queue
[2022-05-08 00:39:27,696] {logging_mixin.py:115} INFO - [2022-05-08 00:39:27,696] {dagbag.py:507} INFO - Filling up the DagBag from /home/airflow/.local/lib/python3.7/site-packages/airflow/example_dags/example_trigger_target_dag.py
[2022-05-08 00:39:27,721] {processor.py:651} INFO - DAG(s) dict_keys(['example_trigger_target_dag']) retrieved from /home/airflow/.local/lib/python3.7/site-packages/airflow/example_dags/example_trigger_target_dag.py
[2022-05-08 00:39:27,748] {logging_mixin.py:115} INFO - [2022-05-08 00:39:27,748] {dag.py:2371} INFO - Sync 1 DAGs
[2022-05-08 00:39:27,773] {logging_mixin.py:115} INFO - [2022-05-08 00:39:27,773] {dag.py:2919} INFO - Setting next_dagrun for example_trigger_target_dag to None, run_after=None
[2022-05-08 00:39:27,787] {processor.py:161} INFO - Processing /home/airflow/.local/lib/python3.7/site-packages/airflow/example_dags/example_trigger_target_dag.py took 0.099 seconds
[2022-05-08 00:39:57,935] {processor.py:153} INFO - Started process (PID=613) to work on /home/airflow/.local/lib/python3.7/site-packages/airflow/example_dags/example_trigger_target_dag.py
[2022-05-08 00:39:57,937] {processor.py:641} INFO - Processing file /home/airflow/.local/lib/python3.7/site-packages/airflow/example_dags/example_trigger_target_dag.py for tasks to queue
[2022-05-08 00:39:57,938] {logging_mixin.py:115} INFO - [2022-05-08 00:39:57,938] {dagbag.py:507} INFO - Filling up the DagBag from /home/airflow/.local/lib/python3.7/site-packages/airflow/example_dags/example_trigger_target_dag.py
[2022-05-08 00:39:57,959] {processor.py:651} INFO - DAG(s) dict_keys(['example_trigger_target_dag']) retrieved from /home/airflow/.local/lib/python3.7/site-packages/airflow/example_dags/example_trigger_target_dag.py
[2022-05-08 00:39:57,992] {logging_mixin.py:115} INFO - [2022-05-08 00:39:57,992] {dag.py:2371} INFO - Sync 1 DAGs
[2022-05-08 00:39:58,017] {logging_mixin.py:115} INFO - [2022-05-08 00:39:58,017] {dag.py:2919} INFO - Setting next_dagrun for example_trigger_target_dag to None, run_after=None
[2022-05-08 00:39:58,032] {processor.py:161} INFO - Processing /home/airflow/.local/lib/python3.7/site-packages/airflow/example_dags/example_trigger_target_dag.py took 0.101 seconds
[2022-05-08 00:40:28,581] {processor.py:153} INFO - Started process (PID=783) to work on /home/airflow/.local/lib/python3.7/site-packages/airflow/example_dags/example_trigger_target_dag.py
[2022-05-08 00:40:28,583] {processor.py:641} INFO - Processing file /home/airflow/.local/lib/python3.7/site-packages/airflow/example_dags/example_trigger_target_dag.py for tasks to queue
[2022-05-08 00:40:28,584] {logging_mixin.py:115} INFO - [2022-05-08 00:40:28,584] {dagbag.py:507} INFO - Filling up the DagBag from /home/airflow/.local/lib/python3.7/site-packages/airflow/example_dags/example_trigger_target_dag.py
[2022-05-08 00:40:28,631] {processor.py:651} INFO - DAG(s) dict_keys(['example_trigger_target_dag']) retrieved from /home/airflow/.local/lib/python3.7/site-packages/airflow/example_dags/example_trigger_target_dag.py
[2022-05-08 00:40:28,732] {logging_mixin.py:115} INFO - [2022-05-08 00:40:28,731] {dag.py:2371} INFO - Sync 1 DAGs
[2022-05-08 00:40:28,784] {logging_mixin.py:115} INFO - [2022-05-08 00:40:28,783] {dag.py:2919} INFO - Setting next_dagrun for example_trigger_target_dag to None, run_after=None
[2022-05-08 00:40:28,802] {processor.py:161} INFO - Processing /home/airflow/.local/lib/python3.7/site-packages/airflow/example_dags/example_trigger_target_dag.py took 0.225 seconds
[2022-05-08 00:40:59,200] {processor.py:153} INFO - Started process (PID=955) to work on /home/airflow/.local/lib/python3.7/site-packages/airflow/example_dags/example_trigger_target_dag.py
[2022-05-08 00:40:59,202] {processor.py:641} INFO - Processing file /home/airflow/.local/lib/python3.7/site-packages/airflow/example_dags/example_trigger_target_dag.py for tasks to queue
[2022-05-08 00:40:59,205] {logging_mixin.py:115} INFO - [2022-05-08 00:40:59,204] {dagbag.py:507} INFO - Filling up the DagBag from /home/airflow/.local/lib/python3.7/site-packages/airflow/example_dags/example_trigger_target_dag.py
[2022-05-08 00:40:59,234] {processor.py:651} INFO - DAG(s) dict_keys(['example_trigger_target_dag']) retrieved from /home/airflow/.local/lib/python3.7/site-packages/airflow/example_dags/example_trigger_target_dag.py
[2022-05-08 00:40:59,271] {logging_mixin.py:115} INFO - [2022-05-08 00:40:59,271] {dag.py:2371} INFO - Sync 1 DAGs
[2022-05-08 00:40:59,304] {logging_mixin.py:115} INFO - [2022-05-08 00:40:59,304] {dag.py:2919} INFO - Setting next_dagrun for example_trigger_target_dag to None, run_after=None
[2022-05-08 00:40:59,325] {processor.py:161} INFO - Processing /home/airflow/.local/lib/python3.7/site-packages/airflow/example_dags/example_trigger_target_dag.py took 0.131 seconds
[2022-05-08 00:41:29,707] {processor.py:153} INFO - Started process (PID=1123) to work on /home/airflow/.local/lib/python3.7/site-packages/airflow/example_dags/example_trigger_target_dag.py
[2022-05-08 00:41:29,709] {processor.py:641} INFO - Processing file /home/airflow/.local/lib/python3.7/site-packages/airflow/example_dags/example_trigger_target_dag.py for tasks to queue
[2022-05-08 00:41:29,712] {logging_mixin.py:115} INFO - [2022-05-08 00:41:29,712] {dagbag.py:507} INFO - Filling up the DagBag from /home/airflow/.local/lib/python3.7/site-packages/airflow/example_dags/example_trigger_target_dag.py
[2022-05-08 00:41:29,750] {processor.py:651} INFO - DAG(s) dict_keys(['example_trigger_target_dag']) retrieved from /home/airflow/.local/lib/python3.7/site-packages/airflow/example_dags/example_trigger_target_dag.py
[2022-05-08 00:41:29,785] {logging_mixin.py:115} INFO - [2022-05-08 00:41:29,785] {dag.py:2371} INFO - Sync 1 DAGs
[2022-05-08 00:41:29,822] {logging_mixin.py:115} INFO - [2022-05-08 00:41:29,822] {dag.py:2919} INFO - Setting next_dagrun for example_trigger_target_dag to None, run_after=None
[2022-05-08 00:41:29,842] {processor.py:161} INFO - Processing /home/airflow/.local/lib/python3.7/site-packages/airflow/example_dags/example_trigger_target_dag.py took 0.139 seconds
[2022-05-08 00:42:00,254] {processor.py:153} INFO - Started process (PID=1293) to work on /home/airflow/.local/lib/python3.7/site-packages/airflow/example_dags/example_trigger_target_dag.py
[2022-05-08 00:42:00,256] {processor.py:641} INFO - Processing file /home/airflow/.local/lib/python3.7/site-packages/airflow/example_dags/example_trigger_target_dag.py for tasks to queue
[2022-05-08 00:42:00,258] {logging_mixin.py:115} INFO - [2022-05-08 00:42:00,258] {dagbag.py:507} INFO - Filling up the DagBag from /home/airflow/.local/lib/python3.7/site-packages/airflow/example_dags/example_trigger_target_dag.py
[2022-05-08 00:42:00,285] {processor.py:651} INFO - DAG(s) dict_keys(['example_trigger_target_dag']) retrieved from /home/airflow/.local/lib/python3.7/site-packages/airflow/example_dags/example_trigger_target_dag.py
[2022-05-08 00:42:00,322] {logging_mixin.py:115} INFO - [2022-05-08 00:42:00,322] {dag.py:2371} INFO - Sync 1 DAGs
[2022-05-08 00:42:00,372] {logging_mixin.py:115} INFO - [2022-05-08 00:42:00,372] {dag.py:2919} INFO - Setting next_dagrun for example_trigger_target_dag to None, run_after=None
[2022-05-08 00:42:00,390] {processor.py:161} INFO - Processing /home/airflow/.local/lib/python3.7/site-packages/airflow/example_dags/example_trigger_target_dag.py took 0.143 seconds
