[2022-05-08 00:28:31,966] {processor.py:153} INFO - Started process (PID=227) to work on /home/airflow/.local/lib/python3.7/site-packages/airflow/example_dags/example_sla_dag.py
[2022-05-08 00:28:31,974] {processor.py:641} INFO - Processing file /home/airflow/.local/lib/python3.7/site-packages/airflow/example_dags/example_sla_dag.py for tasks to queue
[2022-05-08 00:28:31,978] {logging_mixin.py:115} INFO - [2022-05-08 00:28:31,978] {dagbag.py:507} INFO - Filling up the DagBag from /home/airflow/.local/lib/python3.7/site-packages/airflow/example_dags/example_sla_dag.py
[2022-05-08 00:28:32,211] {processor.py:651} INFO - DAG(s) dict_keys(['example_sla_dag']) retrieved from /home/airflow/.local/lib/python3.7/site-packages/airflow/example_dags/example_sla_dag.py
[2022-05-08 00:28:32,303] {logging_mixin.py:115} INFO - [2022-05-08 00:28:32,302] {dag.py:2371} INFO - Sync 1 DAGs
[2022-05-08 00:28:32,496] {logging_mixin.py:115} INFO - [2022-05-08 00:28:32,490] {dag.py:2919} INFO - Setting next_dagrun for example_sla_dag to 2022-05-08T00:26:00+00:00, run_after=2022-05-08T00:28:00+00:00
[2022-05-08 00:28:32,557] {processor.py:161} INFO - Processing /home/airflow/.local/lib/python3.7/site-packages/airflow/example_dags/example_sla_dag.py took 0.621 seconds
[2022-05-08 00:29:02,937] {processor.py:153} INFO - Started process (PID=397) to work on /home/airflow/.local/lib/python3.7/site-packages/airflow/example_dags/example_sla_dag.py
[2022-05-08 00:29:02,946] {processor.py:641} INFO - Processing file /home/airflow/.local/lib/python3.7/site-packages/airflow/example_dags/example_sla_dag.py for tasks to queue
[2022-05-08 00:29:02,950] {logging_mixin.py:115} INFO - [2022-05-08 00:29:02,950] {dagbag.py:507} INFO - Filling up the DagBag from /home/airflow/.local/lib/python3.7/site-packages/airflow/example_dags/example_sla_dag.py
[2022-05-08 00:29:03,068] {processor.py:651} INFO - DAG(s) dict_keys(['example_sla_dag']) retrieved from /home/airflow/.local/lib/python3.7/site-packages/airflow/example_dags/example_sla_dag.py
[2022-05-08 00:29:03,179] {logging_mixin.py:115} INFO - [2022-05-08 00:29:03,179] {dag.py:2371} INFO - Sync 1 DAGs
[2022-05-08 00:29:03,270] {logging_mixin.py:115} INFO - [2022-05-08 00:29:03,258] {dag.py:2919} INFO - Setting next_dagrun for example_sla_dag to 2022-05-08T00:26:00+00:00, run_after=2022-05-08T00:28:00+00:00
[2022-05-08 00:29:03,311] {processor.py:161} INFO - Processing /home/airflow/.local/lib/python3.7/site-packages/airflow/example_dags/example_sla_dag.py took 0.388 seconds
[2022-05-08 00:29:33,573] {processor.py:153} INFO - Started process (PID=569) to work on /home/airflow/.local/lib/python3.7/site-packages/airflow/example_dags/example_sla_dag.py
[2022-05-08 00:29:33,576] {processor.py:641} INFO - Processing file /home/airflow/.local/lib/python3.7/site-packages/airflow/example_dags/example_sla_dag.py for tasks to queue
[2022-05-08 00:29:33,578] {logging_mixin.py:115} INFO - [2022-05-08 00:29:33,578] {dagbag.py:507} INFO - Filling up the DagBag from /home/airflow/.local/lib/python3.7/site-packages/airflow/example_dags/example_sla_dag.py
[2022-05-08 00:29:33,618] {processor.py:651} INFO - DAG(s) dict_keys(['example_sla_dag']) retrieved from /home/airflow/.local/lib/python3.7/site-packages/airflow/example_dags/example_sla_dag.py
[2022-05-08 00:29:33,666] {logging_mixin.py:115} INFO - [2022-05-08 00:29:33,665] {dag.py:2371} INFO - Sync 1 DAGs
[2022-05-08 00:29:33,712] {logging_mixin.py:115} INFO - [2022-05-08 00:29:33,712] {dag.py:2919} INFO - Setting next_dagrun for example_sla_dag to 2022-05-08T00:26:00+00:00, run_after=2022-05-08T00:28:00+00:00
[2022-05-08 00:29:33,737] {processor.py:161} INFO - Processing /home/airflow/.local/lib/python3.7/site-packages/airflow/example_dags/example_sla_dag.py took 0.169 seconds
[2022-05-08 00:30:04,385] {processor.py:153} INFO - Started process (PID=739) to work on /home/airflow/.local/lib/python3.7/site-packages/airflow/example_dags/example_sla_dag.py
[2022-05-08 00:30:04,387] {processor.py:641} INFO - Processing file /home/airflow/.local/lib/python3.7/site-packages/airflow/example_dags/example_sla_dag.py for tasks to queue
[2022-05-08 00:30:04,389] {logging_mixin.py:115} INFO - [2022-05-08 00:30:04,389] {dagbag.py:507} INFO - Filling up the DagBag from /home/airflow/.local/lib/python3.7/site-packages/airflow/example_dags/example_sla_dag.py
[2022-05-08 00:30:04,413] {processor.py:651} INFO - DAG(s) dict_keys(['example_sla_dag']) retrieved from /home/airflow/.local/lib/python3.7/site-packages/airflow/example_dags/example_sla_dag.py
[2022-05-08 00:30:04,439] {logging_mixin.py:115} INFO - [2022-05-08 00:30:04,439] {dag.py:2371} INFO - Sync 1 DAGs
[2022-05-08 00:30:04,467] {logging_mixin.py:115} INFO - [2022-05-08 00:30:04,467] {dag.py:2919} INFO - Setting next_dagrun for example_sla_dag to 2022-05-08T00:28:00+00:00, run_after=2022-05-08T00:30:00+00:00
[2022-05-08 00:30:04,482] {processor.py:161} INFO - Processing /home/airflow/.local/lib/python3.7/site-packages/airflow/example_dags/example_sla_dag.py took 0.102 seconds
[2022-05-08 00:30:34,629] {processor.py:153} INFO - Started process (PID=909) to work on /home/airflow/.local/lib/python3.7/site-packages/airflow/example_dags/example_sla_dag.py
[2022-05-08 00:30:34,630] {processor.py:641} INFO - Processing file /home/airflow/.local/lib/python3.7/site-packages/airflow/example_dags/example_sla_dag.py for tasks to queue
[2022-05-08 00:30:34,632] {logging_mixin.py:115} INFO - [2022-05-08 00:30:34,631] {dagbag.py:507} INFO - Filling up the DagBag from /home/airflow/.local/lib/python3.7/site-packages/airflow/example_dags/example_sla_dag.py
[2022-05-08 00:30:34,660] {processor.py:651} INFO - DAG(s) dict_keys(['example_sla_dag']) retrieved from /home/airflow/.local/lib/python3.7/site-packages/airflow/example_dags/example_sla_dag.py
[2022-05-08 00:30:34,691] {logging_mixin.py:115} INFO - [2022-05-08 00:30:34,691] {dag.py:2371} INFO - Sync 1 DAGs
[2022-05-08 00:30:34,721] {logging_mixin.py:115} INFO - [2022-05-08 00:30:34,721] {dag.py:2919} INFO - Setting next_dagrun for example_sla_dag to 2022-05-08T00:28:00+00:00, run_after=2022-05-08T00:30:00+00:00
[2022-05-08 00:30:34,735] {processor.py:161} INFO - Processing /home/airflow/.local/lib/python3.7/site-packages/airflow/example_dags/example_sla_dag.py took 0.110 seconds
[2022-05-08 00:31:05,608] {processor.py:153} INFO - Started process (PID=1077) to work on /home/airflow/.local/lib/python3.7/site-packages/airflow/example_dags/example_sla_dag.py
[2022-05-08 00:31:05,609] {processor.py:641} INFO - Processing file /home/airflow/.local/lib/python3.7/site-packages/airflow/example_dags/example_sla_dag.py for tasks to queue
[2022-05-08 00:31:05,611] {logging_mixin.py:115} INFO - [2022-05-08 00:31:05,611] {dagbag.py:507} INFO - Filling up the DagBag from /home/airflow/.local/lib/python3.7/site-packages/airflow/example_dags/example_sla_dag.py
[2022-05-08 00:31:05,643] {processor.py:651} INFO - DAG(s) dict_keys(['example_sla_dag']) retrieved from /home/airflow/.local/lib/python3.7/site-packages/airflow/example_dags/example_sla_dag.py
[2022-05-08 00:31:05,673] {logging_mixin.py:115} INFO - [2022-05-08 00:31:05,673] {dag.py:2371} INFO - Sync 1 DAGs
[2022-05-08 00:31:05,720] {logging_mixin.py:115} INFO - [2022-05-08 00:31:05,719] {dag.py:2919} INFO - Setting next_dagrun for example_sla_dag to 2022-05-08T00:28:00+00:00, run_after=2022-05-08T00:30:00+00:00
[2022-05-08 00:31:05,738] {processor.py:161} INFO - Processing /home/airflow/.local/lib/python3.7/site-packages/airflow/example_dags/example_sla_dag.py took 0.137 seconds
[2022-05-08 00:31:36,712] {processor.py:153} INFO - Started process (PID=1247) to work on /home/airflow/.local/lib/python3.7/site-packages/airflow/example_dags/example_sla_dag.py
[2022-05-08 00:31:36,713] {processor.py:641} INFO - Processing file /home/airflow/.local/lib/python3.7/site-packages/airflow/example_dags/example_sla_dag.py for tasks to queue
[2022-05-08 00:31:36,714] {logging_mixin.py:115} INFO - [2022-05-08 00:31:36,714] {dagbag.py:507} INFO - Filling up the DagBag from /home/airflow/.local/lib/python3.7/site-packages/airflow/example_dags/example_sla_dag.py
[2022-05-08 00:31:36,742] {processor.py:651} INFO - DAG(s) dict_keys(['example_sla_dag']) retrieved from /home/airflow/.local/lib/python3.7/site-packages/airflow/example_dags/example_sla_dag.py
[2022-05-08 00:31:36,780] {logging_mixin.py:115} INFO - [2022-05-08 00:31:36,780] {dag.py:2371} INFO - Sync 1 DAGs
[2022-05-08 00:31:36,808] {logging_mixin.py:115} INFO - [2022-05-08 00:31:36,808] {dag.py:2919} INFO - Setting next_dagrun for example_sla_dag to 2022-05-08T00:28:00+00:00, run_after=2022-05-08T00:30:00+00:00
[2022-05-08 00:31:36,821] {processor.py:161} INFO - Processing /home/airflow/.local/lib/python3.7/site-packages/airflow/example_dags/example_sla_dag.py took 0.112 seconds
[2022-05-08 00:32:07,737] {processor.py:153} INFO - Started process (PID=1417) to work on /home/airflow/.local/lib/python3.7/site-packages/airflow/example_dags/example_sla_dag.py
[2022-05-08 00:32:07,739] {processor.py:641} INFO - Processing file /home/airflow/.local/lib/python3.7/site-packages/airflow/example_dags/example_sla_dag.py for tasks to queue
[2022-05-08 00:32:07,741] {logging_mixin.py:115} INFO - [2022-05-08 00:32:07,741] {dagbag.py:507} INFO - Filling up the DagBag from /home/airflow/.local/lib/python3.7/site-packages/airflow/example_dags/example_sla_dag.py
[2022-05-08 00:32:07,770] {processor.py:651} INFO - DAG(s) dict_keys(['example_sla_dag']) retrieved from /home/airflow/.local/lib/python3.7/site-packages/airflow/example_dags/example_sla_dag.py
[2022-05-08 00:32:07,816] {logging_mixin.py:115} INFO - [2022-05-08 00:32:07,814] {dag.py:2371} INFO - Sync 1 DAGs
[2022-05-08 00:32:07,846] {logging_mixin.py:115} INFO - [2022-05-08 00:32:07,846] {dag.py:2919} INFO - Setting next_dagrun for example_sla_dag to 2022-05-08T00:30:00+00:00, run_after=2022-05-08T00:32:00+00:00
[2022-05-08 00:32:07,860] {processor.py:161} INFO - Processing /home/airflow/.local/lib/python3.7/site-packages/airflow/example_dags/example_sla_dag.py took 0.126 seconds
[2022-05-08 00:32:38,738] {processor.py:153} INFO - Started process (PID=1587) to work on /home/airflow/.local/lib/python3.7/site-packages/airflow/example_dags/example_sla_dag.py
[2022-05-08 00:32:38,740] {processor.py:641} INFO - Processing file /home/airflow/.local/lib/python3.7/site-packages/airflow/example_dags/example_sla_dag.py for tasks to queue
[2022-05-08 00:32:38,742] {logging_mixin.py:115} INFO - [2022-05-08 00:32:38,741] {dagbag.py:507} INFO - Filling up the DagBag from /home/airflow/.local/lib/python3.7/site-packages/airflow/example_dags/example_sla_dag.py
[2022-05-08 00:32:38,772] {processor.py:651} INFO - DAG(s) dict_keys(['example_sla_dag']) retrieved from /home/airflow/.local/lib/python3.7/site-packages/airflow/example_dags/example_sla_dag.py
[2022-05-08 00:32:38,803] {logging_mixin.py:115} INFO - [2022-05-08 00:32:38,803] {dag.py:2371} INFO - Sync 1 DAGs
[2022-05-08 00:32:38,844] {logging_mixin.py:115} INFO - [2022-05-08 00:32:38,844] {dag.py:2919} INFO - Setting next_dagrun for example_sla_dag to 2022-05-08T00:30:00+00:00, run_after=2022-05-08T00:32:00+00:00
[2022-05-08 00:32:38,862] {processor.py:161} INFO - Processing /home/airflow/.local/lib/python3.7/site-packages/airflow/example_dags/example_sla_dag.py took 0.132 seconds
[2022-05-08 00:33:09,830] {processor.py:153} INFO - Started process (PID=1757) to work on /home/airflow/.local/lib/python3.7/site-packages/airflow/example_dags/example_sla_dag.py
[2022-05-08 00:33:09,833] {processor.py:641} INFO - Processing file /home/airflow/.local/lib/python3.7/site-packages/airflow/example_dags/example_sla_dag.py for tasks to queue
[2022-05-08 00:33:09,837] {logging_mixin.py:115} INFO - [2022-05-08 00:33:09,836] {dagbag.py:507} INFO - Filling up the DagBag from /home/airflow/.local/lib/python3.7/site-packages/airflow/example_dags/example_sla_dag.py
[2022-05-08 00:33:09,861] {processor.py:651} INFO - DAG(s) dict_keys(['example_sla_dag']) retrieved from /home/airflow/.local/lib/python3.7/site-packages/airflow/example_dags/example_sla_dag.py
[2022-05-08 00:33:09,888] {logging_mixin.py:115} INFO - [2022-05-08 00:33:09,888] {dag.py:2371} INFO - Sync 1 DAGs
[2022-05-08 00:33:09,917] {logging_mixin.py:115} INFO - [2022-05-08 00:33:09,916] {dag.py:2919} INFO - Setting next_dagrun for example_sla_dag to 2022-05-08T00:30:00+00:00, run_after=2022-05-08T00:32:00+00:00
[2022-05-08 00:33:09,931] {processor.py:161} INFO - Processing /home/airflow/.local/lib/python3.7/site-packages/airflow/example_dags/example_sla_dag.py took 0.113 seconds
[2022-05-08 00:33:40,277] {processor.py:153} INFO - Started process (PID=1927) to work on /home/airflow/.local/lib/python3.7/site-packages/airflow/example_dags/example_sla_dag.py
[2022-05-08 00:33:40,280] {processor.py:641} INFO - Processing file /home/airflow/.local/lib/python3.7/site-packages/airflow/example_dags/example_sla_dag.py for tasks to queue
[2022-05-08 00:33:40,283] {logging_mixin.py:115} INFO - [2022-05-08 00:33:40,283] {dagbag.py:507} INFO - Filling up the DagBag from /home/airflow/.local/lib/python3.7/site-packages/airflow/example_dags/example_sla_dag.py
[2022-05-08 00:33:40,317] {processor.py:651} INFO - DAG(s) dict_keys(['example_sla_dag']) retrieved from /home/airflow/.local/lib/python3.7/site-packages/airflow/example_dags/example_sla_dag.py
[2022-05-08 00:33:40,350] {logging_mixin.py:115} INFO - [2022-05-08 00:33:40,350] {dag.py:2371} INFO - Sync 1 DAGs
[2022-05-08 00:33:40,396] {logging_mixin.py:115} INFO - [2022-05-08 00:33:40,395] {dag.py:2919} INFO - Setting next_dagrun for example_sla_dag to 2022-05-08T00:30:00+00:00, run_after=2022-05-08T00:32:00+00:00
[2022-05-08 00:33:40,414] {processor.py:161} INFO - Processing /home/airflow/.local/lib/python3.7/site-packages/airflow/example_dags/example_sla_dag.py took 0.144 seconds
[2022-05-08 00:34:10,610] {processor.py:153} INFO - Started process (PID=2097) to work on /home/airflow/.local/lib/python3.7/site-packages/airflow/example_dags/example_sla_dag.py
[2022-05-08 00:34:10,612] {processor.py:641} INFO - Processing file /home/airflow/.local/lib/python3.7/site-packages/airflow/example_dags/example_sla_dag.py for tasks to queue
[2022-05-08 00:34:10,614] {logging_mixin.py:115} INFO - [2022-05-08 00:34:10,613] {dagbag.py:507} INFO - Filling up the DagBag from /home/airflow/.local/lib/python3.7/site-packages/airflow/example_dags/example_sla_dag.py
[2022-05-08 00:34:10,655] {processor.py:651} INFO - DAG(s) dict_keys(['example_sla_dag']) retrieved from /home/airflow/.local/lib/python3.7/site-packages/airflow/example_dags/example_sla_dag.py
[2022-05-08 00:34:10,698] {logging_mixin.py:115} INFO - [2022-05-08 00:34:10,698] {dag.py:2371} INFO - Sync 1 DAGs
[2022-05-08 00:34:10,733] {logging_mixin.py:115} INFO - [2022-05-08 00:34:10,733] {dag.py:2919} INFO - Setting next_dagrun for example_sla_dag to 2022-05-08T00:32:00+00:00, run_after=2022-05-08T00:34:00+00:00
[2022-05-08 00:34:10,745] {processor.py:161} INFO - Processing /home/airflow/.local/lib/python3.7/site-packages/airflow/example_dags/example_sla_dag.py took 0.143 seconds
[2022-05-08 00:34:41,895] {processor.py:153} INFO - Started process (PID=2267) to work on /home/airflow/.local/lib/python3.7/site-packages/airflow/example_dags/example_sla_dag.py
[2022-05-08 00:34:41,899] {processor.py:641} INFO - Processing file /home/airflow/.local/lib/python3.7/site-packages/airflow/example_dags/example_sla_dag.py for tasks to queue
[2022-05-08 00:34:41,902] {logging_mixin.py:115} INFO - [2022-05-08 00:34:41,902] {dagbag.py:507} INFO - Filling up the DagBag from /home/airflow/.local/lib/python3.7/site-packages/airflow/example_dags/example_sla_dag.py
[2022-05-08 00:34:41,975] {processor.py:651} INFO - DAG(s) dict_keys(['example_sla_dag']) retrieved from /home/airflow/.local/lib/python3.7/site-packages/airflow/example_dags/example_sla_dag.py
[2022-05-08 00:34:42,056] {logging_mixin.py:115} INFO - [2022-05-08 00:34:42,056] {dag.py:2371} INFO - Sync 1 DAGs
[2022-05-08 00:34:42,141] {logging_mixin.py:115} INFO - [2022-05-08 00:34:42,141] {dag.py:2919} INFO - Setting next_dagrun for example_sla_dag to 2022-05-08T00:32:00+00:00, run_after=2022-05-08T00:34:00+00:00
[2022-05-08 00:34:42,180] {processor.py:161} INFO - Processing /home/airflow/.local/lib/python3.7/site-packages/airflow/example_dags/example_sla_dag.py took 0.292 seconds
[2022-05-08 00:35:12,985] {processor.py:153} INFO - Started process (PID=2437) to work on /home/airflow/.local/lib/python3.7/site-packages/airflow/example_dags/example_sla_dag.py
[2022-05-08 00:35:12,993] {processor.py:641} INFO - Processing file /home/airflow/.local/lib/python3.7/site-packages/airflow/example_dags/example_sla_dag.py for tasks to queue
[2022-05-08 00:35:12,995] {logging_mixin.py:115} INFO - [2022-05-08 00:35:12,995] {dagbag.py:507} INFO - Filling up the DagBag from /home/airflow/.local/lib/python3.7/site-packages/airflow/example_dags/example_sla_dag.py
[2022-05-08 00:35:13,044] {processor.py:651} INFO - DAG(s) dict_keys(['example_sla_dag']) retrieved from /home/airflow/.local/lib/python3.7/site-packages/airflow/example_dags/example_sla_dag.py
[2022-05-08 00:35:13,098] {logging_mixin.py:115} INFO - [2022-05-08 00:35:13,098] {dag.py:2371} INFO - Sync 1 DAGs
[2022-05-08 00:35:13,167] {logging_mixin.py:115} INFO - [2022-05-08 00:35:13,167] {dag.py:2919} INFO - Setting next_dagrun for example_sla_dag to 2022-05-08T00:32:00+00:00, run_after=2022-05-08T00:34:00+00:00
[2022-05-08 00:35:13,188] {processor.py:161} INFO - Processing /home/airflow/.local/lib/python3.7/site-packages/airflow/example_dags/example_sla_dag.py took 0.213 seconds
[2022-05-08 00:35:43,710] {processor.py:153} INFO - Started process (PID=2607) to work on /home/airflow/.local/lib/python3.7/site-packages/airflow/example_dags/example_sla_dag.py
[2022-05-08 00:35:43,711] {processor.py:641} INFO - Processing file /home/airflow/.local/lib/python3.7/site-packages/airflow/example_dags/example_sla_dag.py for tasks to queue
[2022-05-08 00:35:43,712] {logging_mixin.py:115} INFO - [2022-05-08 00:35:43,712] {dagbag.py:507} INFO - Filling up the DagBag from /home/airflow/.local/lib/python3.7/site-packages/airflow/example_dags/example_sla_dag.py
[2022-05-08 00:35:43,737] {processor.py:651} INFO - DAG(s) dict_keys(['example_sla_dag']) retrieved from /home/airflow/.local/lib/python3.7/site-packages/airflow/example_dags/example_sla_dag.py
[2022-05-08 00:35:43,778] {logging_mixin.py:115} INFO - [2022-05-08 00:35:43,778] {dag.py:2371} INFO - Sync 1 DAGs
[2022-05-08 00:35:43,816] {logging_mixin.py:115} INFO - [2022-05-08 00:35:43,816] {dag.py:2919} INFO - Setting next_dagrun for example_sla_dag to 2022-05-08T00:32:00+00:00, run_after=2022-05-08T00:34:00+00:00
[2022-05-08 00:35:43,830] {processor.py:161} INFO - Processing /home/airflow/.local/lib/python3.7/site-packages/airflow/example_dags/example_sla_dag.py took 0.127 seconds
[2022-05-08 00:38:51,906] {processor.py:153} INFO - Started process (PID=228) to work on /home/airflow/.local/lib/python3.7/site-packages/airflow/example_dags/example_sla_dag.py
[2022-05-08 00:38:51,907] {processor.py:641} INFO - Processing file /home/airflow/.local/lib/python3.7/site-packages/airflow/example_dags/example_sla_dag.py for tasks to queue
[2022-05-08 00:38:51,909] {logging_mixin.py:115} INFO - [2022-05-08 00:38:51,908] {dagbag.py:507} INFO - Filling up the DagBag from /home/airflow/.local/lib/python3.7/site-packages/airflow/example_dags/example_sla_dag.py
[2022-05-08 00:38:51,995] {processor.py:651} INFO - DAG(s) dict_keys(['example_sla_dag']) retrieved from /home/airflow/.local/lib/python3.7/site-packages/airflow/example_dags/example_sla_dag.py
[2022-05-08 00:38:52,252] {logging_mixin.py:115} INFO - [2022-05-08 00:38:52,251] {manager.py:508} INFO - Created Permission View: can delete on DAG:example_sla_dag
[2022-05-08 00:38:52,299] {logging_mixin.py:115} INFO - [2022-05-08 00:38:52,299] {manager.py:508} INFO - Created Permission View: can edit on DAG:example_sla_dag
[2022-05-08 00:38:52,433] {logging_mixin.py:115} INFO - [2022-05-08 00:38:52,432] {manager.py:508} INFO - Created Permission View: can read on DAG:example_sla_dag
[2022-05-08 00:38:52,436] {logging_mixin.py:115} INFO - [2022-05-08 00:38:52,435] {dag.py:2371} INFO - Sync 1 DAGs
[2022-05-08 00:38:52,465] {logging_mixin.py:115} INFO - [2022-05-08 00:38:52,465] {dag.py:2390} INFO - Creating ORM DAG for example_sla_dag
[2022-05-08 00:38:52,534] {logging_mixin.py:115} INFO - [2022-05-08 00:38:52,532] {dag.py:2919} INFO - Setting next_dagrun for example_sla_dag to 2022-05-08T00:36:00+00:00, run_after=2022-05-08T00:38:00+00:00
[2022-05-08 00:38:52,603] {processor.py:161} INFO - Processing /home/airflow/.local/lib/python3.7/site-packages/airflow/example_dags/example_sla_dag.py took 0.706 seconds
[2022-05-08 00:39:22,677] {processor.py:153} INFO - Started process (PID=400) to work on /home/airflow/.local/lib/python3.7/site-packages/airflow/example_dags/example_sla_dag.py
[2022-05-08 00:39:22,684] {processor.py:641} INFO - Processing file /home/airflow/.local/lib/python3.7/site-packages/airflow/example_dags/example_sla_dag.py for tasks to queue
[2022-05-08 00:39:22,685] {logging_mixin.py:115} INFO - [2022-05-08 00:39:22,685] {dagbag.py:507} INFO - Filling up the DagBag from /home/airflow/.local/lib/python3.7/site-packages/airflow/example_dags/example_sla_dag.py
[2022-05-08 00:39:22,735] {processor.py:651} INFO - DAG(s) dict_keys(['example_sla_dag']) retrieved from /home/airflow/.local/lib/python3.7/site-packages/airflow/example_dags/example_sla_dag.py
[2022-05-08 00:39:22,775] {logging_mixin.py:115} INFO - [2022-05-08 00:39:22,774] {dag.py:2371} INFO - Sync 1 DAGs
[2022-05-08 00:39:22,817] {logging_mixin.py:115} INFO - [2022-05-08 00:39:22,817] {dag.py:2919} INFO - Setting next_dagrun for example_sla_dag to 2022-05-08T00:36:00+00:00, run_after=2022-05-08T00:38:00+00:00
[2022-05-08 00:39:22,833] {processor.py:161} INFO - Processing /home/airflow/.local/lib/python3.7/site-packages/airflow/example_dags/example_sla_dag.py took 0.160 seconds
[2022-05-08 00:39:53,273] {processor.py:153} INFO - Started process (PID=568) to work on /home/airflow/.local/lib/python3.7/site-packages/airflow/example_dags/example_sla_dag.py
[2022-05-08 00:39:53,274] {processor.py:641} INFO - Processing file /home/airflow/.local/lib/python3.7/site-packages/airflow/example_dags/example_sla_dag.py for tasks to queue
[2022-05-08 00:39:53,276] {logging_mixin.py:115} INFO - [2022-05-08 00:39:53,276] {dagbag.py:507} INFO - Filling up the DagBag from /home/airflow/.local/lib/python3.7/site-packages/airflow/example_dags/example_sla_dag.py
[2022-05-08 00:39:53,311] {processor.py:651} INFO - DAG(s) dict_keys(['example_sla_dag']) retrieved from /home/airflow/.local/lib/python3.7/site-packages/airflow/example_dags/example_sla_dag.py
[2022-05-08 00:39:53,346] {logging_mixin.py:115} INFO - [2022-05-08 00:39:53,346] {dag.py:2371} INFO - Sync 1 DAGs
[2022-05-08 00:39:53,375] {logging_mixin.py:115} INFO - [2022-05-08 00:39:53,375] {dag.py:2919} INFO - Setting next_dagrun for example_sla_dag to 2022-05-08T00:36:00+00:00, run_after=2022-05-08T00:38:00+00:00
[2022-05-08 00:39:53,394] {processor.py:161} INFO - Processing /home/airflow/.local/lib/python3.7/site-packages/airflow/example_dags/example_sla_dag.py took 0.125 seconds
[2022-05-08 00:40:24,101] {processor.py:153} INFO - Started process (PID=738) to work on /home/airflow/.local/lib/python3.7/site-packages/airflow/example_dags/example_sla_dag.py
[2022-05-08 00:40:24,103] {processor.py:641} INFO - Processing file /home/airflow/.local/lib/python3.7/site-packages/airflow/example_dags/example_sla_dag.py for tasks to queue
[2022-05-08 00:40:24,104] {logging_mixin.py:115} INFO - [2022-05-08 00:40:24,104] {dagbag.py:507} INFO - Filling up the DagBag from /home/airflow/.local/lib/python3.7/site-packages/airflow/example_dags/example_sla_dag.py
[2022-05-08 00:40:24,166] {processor.py:651} INFO - DAG(s) dict_keys(['example_sla_dag']) retrieved from /home/airflow/.local/lib/python3.7/site-packages/airflow/example_dags/example_sla_dag.py
[2022-05-08 00:40:24,216] {logging_mixin.py:115} INFO - [2022-05-08 00:40:24,215] {dag.py:2371} INFO - Sync 1 DAGs
[2022-05-08 00:40:24,274] {logging_mixin.py:115} INFO - [2022-05-08 00:40:24,273] {dag.py:2919} INFO - Setting next_dagrun for example_sla_dag to 2022-05-08T00:38:00+00:00, run_after=2022-05-08T00:40:00+00:00
[2022-05-08 00:40:24,291] {processor.py:161} INFO - Processing /home/airflow/.local/lib/python3.7/site-packages/airflow/example_dags/example_sla_dag.py took 0.198 seconds
[2022-05-08 00:40:55,002] {processor.py:153} INFO - Started process (PID=908) to work on /home/airflow/.local/lib/python3.7/site-packages/airflow/example_dags/example_sla_dag.py
[2022-05-08 00:40:55,005] {processor.py:641} INFO - Processing file /home/airflow/.local/lib/python3.7/site-packages/airflow/example_dags/example_sla_dag.py for tasks to queue
[2022-05-08 00:40:55,008] {logging_mixin.py:115} INFO - [2022-05-08 00:40:55,008] {dagbag.py:507} INFO - Filling up the DagBag from /home/airflow/.local/lib/python3.7/site-packages/airflow/example_dags/example_sla_dag.py
[2022-05-08 00:40:55,075] {processor.py:651} INFO - DAG(s) dict_keys(['example_sla_dag']) retrieved from /home/airflow/.local/lib/python3.7/site-packages/airflow/example_dags/example_sla_dag.py
[2022-05-08 00:40:55,121] {logging_mixin.py:115} INFO - [2022-05-08 00:40:55,121] {dag.py:2371} INFO - Sync 1 DAGs
[2022-05-08 00:40:55,163] {logging_mixin.py:115} INFO - [2022-05-08 00:40:55,163] {dag.py:2919} INFO - Setting next_dagrun for example_sla_dag to 2022-05-08T00:38:00+00:00, run_after=2022-05-08T00:40:00+00:00
[2022-05-08 00:40:55,186] {processor.py:161} INFO - Processing /home/airflow/.local/lib/python3.7/site-packages/airflow/example_dags/example_sla_dag.py took 0.190 seconds
[2022-05-08 00:41:25,604] {processor.py:153} INFO - Started process (PID=1078) to work on /home/airflow/.local/lib/python3.7/site-packages/airflow/example_dags/example_sla_dag.py
[2022-05-08 00:41:25,605] {processor.py:641} INFO - Processing file /home/airflow/.local/lib/python3.7/site-packages/airflow/example_dags/example_sla_dag.py for tasks to queue
[2022-05-08 00:41:25,607] {logging_mixin.py:115} INFO - [2022-05-08 00:41:25,607] {dagbag.py:507} INFO - Filling up the DagBag from /home/airflow/.local/lib/python3.7/site-packages/airflow/example_dags/example_sla_dag.py
[2022-05-08 00:41:25,635] {processor.py:651} INFO - DAG(s) dict_keys(['example_sla_dag']) retrieved from /home/airflow/.local/lib/python3.7/site-packages/airflow/example_dags/example_sla_dag.py
[2022-05-08 00:41:25,676] {logging_mixin.py:115} INFO - [2022-05-08 00:41:25,675] {dag.py:2371} INFO - Sync 1 DAGs
[2022-05-08 00:41:25,724] {logging_mixin.py:115} INFO - [2022-05-08 00:41:25,724] {dag.py:2919} INFO - Setting next_dagrun for example_sla_dag to 2022-05-08T00:38:00+00:00, run_after=2022-05-08T00:40:00+00:00
[2022-05-08 00:41:25,738] {processor.py:161} INFO - Processing /home/airflow/.local/lib/python3.7/site-packages/airflow/example_dags/example_sla_dag.py took 0.142 seconds
[2022-05-08 00:41:56,289] {processor.py:153} INFO - Started process (PID=1248) to work on /home/airflow/.local/lib/python3.7/site-packages/airflow/example_dags/example_sla_dag.py
[2022-05-08 00:41:56,292] {processor.py:641} INFO - Processing file /home/airflow/.local/lib/python3.7/site-packages/airflow/example_dags/example_sla_dag.py for tasks to queue
[2022-05-08 00:41:56,294] {logging_mixin.py:115} INFO - [2022-05-08 00:41:56,294] {dagbag.py:507} INFO - Filling up the DagBag from /home/airflow/.local/lib/python3.7/site-packages/airflow/example_dags/example_sla_dag.py
[2022-05-08 00:41:56,333] {processor.py:651} INFO - DAG(s) dict_keys(['example_sla_dag']) retrieved from /home/airflow/.local/lib/python3.7/site-packages/airflow/example_dags/example_sla_dag.py
[2022-05-08 00:41:56,386] {logging_mixin.py:115} INFO - [2022-05-08 00:41:56,385] {dag.py:2371} INFO - Sync 1 DAGs
[2022-05-08 00:41:56,439] {logging_mixin.py:115} INFO - [2022-05-08 00:41:56,438] {dag.py:2919} INFO - Setting next_dagrun for example_sla_dag to 2022-05-08T00:38:00+00:00, run_after=2022-05-08T00:40:00+00:00
[2022-05-08 00:41:56,482] {processor.py:161} INFO - Processing /home/airflow/.local/lib/python3.7/site-packages/airflow/example_dags/example_sla_dag.py took 0.199 seconds
