[2022-05-08 00:28:29,096] {processor.py:153} INFO - Started process (PID=177) to work on /home/airflow/.local/lib/python3.7/site-packages/airflow/example_dags/example_skip_dag.py
[2022-05-08 00:28:29,105] {processor.py:641} INFO - Processing file /home/airflow/.local/lib/python3.7/site-packages/airflow/example_dags/example_skip_dag.py for tasks to queue
[2022-05-08 00:28:29,107] {logging_mixin.py:115} INFO - [2022-05-08 00:28:29,107] {dagbag.py:507} INFO - Filling up the DagBag from /home/airflow/.local/lib/python3.7/site-packages/airflow/example_dags/example_skip_dag.py
[2022-05-08 00:28:29,141] {processor.py:651} INFO - DAG(s) dict_keys(['example_skip_dag']) retrieved from /home/airflow/.local/lib/python3.7/site-packages/airflow/example_dags/example_skip_dag.py
[2022-05-08 00:28:29,332] {logging_mixin.py:115} INFO - [2022-05-08 00:28:29,331] {dag.py:2371} INFO - Sync 1 DAGs
[2022-05-08 00:28:29,406] {logging_mixin.py:115} INFO - [2022-05-08 00:28:29,405] {dag.py:2919} INFO - Setting next_dagrun for example_skip_dag to 2022-05-07T00:28:29.404485+00:00, run_after=2022-05-08T00:28:29.404485+00:00
[2022-05-08 00:28:29,443] {processor.py:161} INFO - Processing /home/airflow/.local/lib/python3.7/site-packages/airflow/example_dags/example_skip_dag.py took 0.350 seconds
[2022-05-08 00:28:59,777] {processor.py:153} INFO - Started process (PID=349) to work on /home/airflow/.local/lib/python3.7/site-packages/airflow/example_dags/example_skip_dag.py
[2022-05-08 00:28:59,780] {processor.py:641} INFO - Processing file /home/airflow/.local/lib/python3.7/site-packages/airflow/example_dags/example_skip_dag.py for tasks to queue
[2022-05-08 00:28:59,786] {logging_mixin.py:115} INFO - [2022-05-08 00:28:59,786] {dagbag.py:507} INFO - Filling up the DagBag from /home/airflow/.local/lib/python3.7/site-packages/airflow/example_dags/example_skip_dag.py
[2022-05-08 00:28:59,813] {processor.py:651} INFO - DAG(s) dict_keys(['example_skip_dag']) retrieved from /home/airflow/.local/lib/python3.7/site-packages/airflow/example_dags/example_skip_dag.py
[2022-05-08 00:28:59,921] {logging_mixin.py:115} INFO - [2022-05-08 00:28:59,921] {dag.py:2371} INFO - Sync 1 DAGs
[2022-05-08 00:29:00,022] {logging_mixin.py:115} INFO - [2022-05-08 00:29:00,021] {dag.py:2919} INFO - Setting next_dagrun for example_skip_dag to 2022-05-07T00:29:00.021261+00:00, run_after=2022-05-08T00:29:00.021261+00:00
[2022-05-08 00:29:00,241] {processor.py:161} INFO - Processing /home/airflow/.local/lib/python3.7/site-packages/airflow/example_dags/example_skip_dag.py took 0.487 seconds
[2022-05-08 00:29:30,529] {processor.py:153} INFO - Started process (PID=517) to work on /home/airflow/.local/lib/python3.7/site-packages/airflow/example_dags/example_skip_dag.py
[2022-05-08 00:29:30,531] {processor.py:641} INFO - Processing file /home/airflow/.local/lib/python3.7/site-packages/airflow/example_dags/example_skip_dag.py for tasks to queue
[2022-05-08 00:29:30,533] {logging_mixin.py:115} INFO - [2022-05-08 00:29:30,533] {dagbag.py:507} INFO - Filling up the DagBag from /home/airflow/.local/lib/python3.7/site-packages/airflow/example_dags/example_skip_dag.py
[2022-05-08 00:29:30,544] {processor.py:651} INFO - DAG(s) dict_keys(['example_skip_dag']) retrieved from /home/airflow/.local/lib/python3.7/site-packages/airflow/example_dags/example_skip_dag.py
[2022-05-08 00:29:30,587] {logging_mixin.py:115} INFO - [2022-05-08 00:29:30,587] {dag.py:2371} INFO - Sync 1 DAGs
[2022-05-08 00:29:30,624] {logging_mixin.py:115} INFO - [2022-05-08 00:29:30,624] {dag.py:2919} INFO - Setting next_dagrun for example_skip_dag to 2022-05-07T00:29:30.623460+00:00, run_after=2022-05-08T00:29:30.623460+00:00
[2022-05-08 00:29:30,645] {processor.py:161} INFO - Processing /home/airflow/.local/lib/python3.7/site-packages/airflow/example_dags/example_skip_dag.py took 0.119 seconds
[2022-05-08 00:30:01,001] {processor.py:153} INFO - Started process (PID=687) to work on /home/airflow/.local/lib/python3.7/site-packages/airflow/example_dags/example_skip_dag.py
[2022-05-08 00:30:01,003] {processor.py:641} INFO - Processing file /home/airflow/.local/lib/python3.7/site-packages/airflow/example_dags/example_skip_dag.py for tasks to queue
[2022-05-08 00:30:01,005] {logging_mixin.py:115} INFO - [2022-05-08 00:30:01,005] {dagbag.py:507} INFO - Filling up the DagBag from /home/airflow/.local/lib/python3.7/site-packages/airflow/example_dags/example_skip_dag.py
[2022-05-08 00:30:01,016] {processor.py:651} INFO - DAG(s) dict_keys(['example_skip_dag']) retrieved from /home/airflow/.local/lib/python3.7/site-packages/airflow/example_dags/example_skip_dag.py
[2022-05-08 00:30:01,060] {logging_mixin.py:115} INFO - [2022-05-08 00:30:01,060] {dag.py:2371} INFO - Sync 1 DAGs
[2022-05-08 00:30:01,138] {logging_mixin.py:115} INFO - [2022-05-08 00:30:01,138] {dag.py:2919} INFO - Setting next_dagrun for example_skip_dag to 2022-05-07T00:30:01.138271+00:00, run_after=2022-05-08T00:30:01.138271+00:00
[2022-05-08 00:30:01,163] {processor.py:161} INFO - Processing /home/airflow/.local/lib/python3.7/site-packages/airflow/example_dags/example_skip_dag.py took 0.169 seconds
[2022-05-08 00:30:31,705] {processor.py:153} INFO - Started process (PID=856) to work on /home/airflow/.local/lib/python3.7/site-packages/airflow/example_dags/example_skip_dag.py
[2022-05-08 00:30:31,709] {processor.py:641} INFO - Processing file /home/airflow/.local/lib/python3.7/site-packages/airflow/example_dags/example_skip_dag.py for tasks to queue
[2022-05-08 00:30:31,723] {logging_mixin.py:115} INFO - [2022-05-08 00:30:31,723] {dagbag.py:507} INFO - Filling up the DagBag from /home/airflow/.local/lib/python3.7/site-packages/airflow/example_dags/example_skip_dag.py
[2022-05-08 00:30:31,746] {processor.py:651} INFO - DAG(s) dict_keys(['example_skip_dag']) retrieved from /home/airflow/.local/lib/python3.7/site-packages/airflow/example_dags/example_skip_dag.py
[2022-05-08 00:30:31,850] {logging_mixin.py:115} INFO - [2022-05-08 00:30:31,850] {dag.py:2371} INFO - Sync 1 DAGs
[2022-05-08 00:30:31,895] {logging_mixin.py:115} INFO - [2022-05-08 00:30:31,895] {dag.py:2919} INFO - Setting next_dagrun for example_skip_dag to 2022-05-07T00:30:31.894859+00:00, run_after=2022-05-08T00:30:31.894859+00:00
[2022-05-08 00:30:31,927] {processor.py:161} INFO - Processing /home/airflow/.local/lib/python3.7/site-packages/airflow/example_dags/example_skip_dag.py took 0.227 seconds
[2022-05-08 00:31:02,726] {processor.py:153} INFO - Started process (PID=1027) to work on /home/airflow/.local/lib/python3.7/site-packages/airflow/example_dags/example_skip_dag.py
[2022-05-08 00:31:02,727] {processor.py:641} INFO - Processing file /home/airflow/.local/lib/python3.7/site-packages/airflow/example_dags/example_skip_dag.py for tasks to queue
[2022-05-08 00:31:02,729] {logging_mixin.py:115} INFO - [2022-05-08 00:31:02,728] {dagbag.py:507} INFO - Filling up the DagBag from /home/airflow/.local/lib/python3.7/site-packages/airflow/example_dags/example_skip_dag.py
[2022-05-08 00:31:02,736] {processor.py:651} INFO - DAG(s) dict_keys(['example_skip_dag']) retrieved from /home/airflow/.local/lib/python3.7/site-packages/airflow/example_dags/example_skip_dag.py
[2022-05-08 00:31:02,784] {logging_mixin.py:115} INFO - [2022-05-08 00:31:02,784] {dag.py:2371} INFO - Sync 1 DAGs
[2022-05-08 00:31:02,850] {logging_mixin.py:115} INFO - [2022-05-08 00:31:02,850] {dag.py:2919} INFO - Setting next_dagrun for example_skip_dag to 2022-05-07T00:31:02.850043+00:00, run_after=2022-05-08T00:31:02.850043+00:00
[2022-05-08 00:31:02,878] {processor.py:161} INFO - Processing /home/airflow/.local/lib/python3.7/site-packages/airflow/example_dags/example_skip_dag.py took 0.156 seconds
[2022-05-08 00:31:33,700] {processor.py:153} INFO - Started process (PID=1197) to work on /home/airflow/.local/lib/python3.7/site-packages/airflow/example_dags/example_skip_dag.py
[2022-05-08 00:31:33,701] {processor.py:641} INFO - Processing file /home/airflow/.local/lib/python3.7/site-packages/airflow/example_dags/example_skip_dag.py for tasks to queue
[2022-05-08 00:31:33,702] {logging_mixin.py:115} INFO - [2022-05-08 00:31:33,702] {dagbag.py:507} INFO - Filling up the DagBag from /home/airflow/.local/lib/python3.7/site-packages/airflow/example_dags/example_skip_dag.py
[2022-05-08 00:31:33,710] {processor.py:651} INFO - DAG(s) dict_keys(['example_skip_dag']) retrieved from /home/airflow/.local/lib/python3.7/site-packages/airflow/example_dags/example_skip_dag.py
[2022-05-08 00:31:33,741] {logging_mixin.py:115} INFO - [2022-05-08 00:31:33,741] {dag.py:2371} INFO - Sync 1 DAGs
[2022-05-08 00:31:33,770] {logging_mixin.py:115} INFO - [2022-05-08 00:31:33,770] {dag.py:2919} INFO - Setting next_dagrun for example_skip_dag to 2022-05-07T00:31:33.770447+00:00, run_after=2022-05-08T00:31:33.770447+00:00
[2022-05-08 00:31:33,789] {processor.py:161} INFO - Processing /home/airflow/.local/lib/python3.7/site-packages/airflow/example_dags/example_skip_dag.py took 0.094 seconds
[2022-05-08 00:32:03,833] {processor.py:153} INFO - Started process (PID=1364) to work on /home/airflow/.local/lib/python3.7/site-packages/airflow/example_dags/example_skip_dag.py
[2022-05-08 00:32:03,834] {processor.py:641} INFO - Processing file /home/airflow/.local/lib/python3.7/site-packages/airflow/example_dags/example_skip_dag.py for tasks to queue
[2022-05-08 00:32:03,836] {logging_mixin.py:115} INFO - [2022-05-08 00:32:03,836] {dagbag.py:507} INFO - Filling up the DagBag from /home/airflow/.local/lib/python3.7/site-packages/airflow/example_dags/example_skip_dag.py
[2022-05-08 00:32:03,845] {processor.py:651} INFO - DAG(s) dict_keys(['example_skip_dag']) retrieved from /home/airflow/.local/lib/python3.7/site-packages/airflow/example_dags/example_skip_dag.py
[2022-05-08 00:32:03,880] {logging_mixin.py:115} INFO - [2022-05-08 00:32:03,880] {dag.py:2371} INFO - Sync 1 DAGs
[2022-05-08 00:32:03,905] {logging_mixin.py:115} INFO - [2022-05-08 00:32:03,905] {dag.py:2919} INFO - Setting next_dagrun for example_skip_dag to 2022-05-07T00:32:03.904877+00:00, run_after=2022-05-08T00:32:03.904877+00:00
[2022-05-08 00:32:03,918] {processor.py:161} INFO - Processing /home/airflow/.local/lib/python3.7/site-packages/airflow/example_dags/example_skip_dag.py took 0.091 seconds
[2022-05-08 00:32:33,986] {processor.py:153} INFO - Started process (PID=1534) to work on /home/airflow/.local/lib/python3.7/site-packages/airflow/example_dags/example_skip_dag.py
[2022-05-08 00:32:33,987] {processor.py:641} INFO - Processing file /home/airflow/.local/lib/python3.7/site-packages/airflow/example_dags/example_skip_dag.py for tasks to queue
[2022-05-08 00:32:33,989] {logging_mixin.py:115} INFO - [2022-05-08 00:32:33,989] {dagbag.py:507} INFO - Filling up the DagBag from /home/airflow/.local/lib/python3.7/site-packages/airflow/example_dags/example_skip_dag.py
[2022-05-08 00:32:33,998] {processor.py:651} INFO - DAG(s) dict_keys(['example_skip_dag']) retrieved from /home/airflow/.local/lib/python3.7/site-packages/airflow/example_dags/example_skip_dag.py
[2022-05-08 00:32:34,032] {logging_mixin.py:115} INFO - [2022-05-08 00:32:34,032] {dag.py:2371} INFO - Sync 1 DAGs
[2022-05-08 00:32:34,062] {logging_mixin.py:115} INFO - [2022-05-08 00:32:34,062] {dag.py:2919} INFO - Setting next_dagrun for example_skip_dag to 2022-05-07T00:32:34.062522+00:00, run_after=2022-05-08T00:32:34.062522+00:00
[2022-05-08 00:32:34,079] {processor.py:161} INFO - Processing /home/airflow/.local/lib/python3.7/site-packages/airflow/example_dags/example_skip_dag.py took 0.099 seconds
[2022-05-08 00:33:04,712] {processor.py:153} INFO - Started process (PID=1705) to work on /home/airflow/.local/lib/python3.7/site-packages/airflow/example_dags/example_skip_dag.py
[2022-05-08 00:33:04,726] {processor.py:641} INFO - Processing file /home/airflow/.local/lib/python3.7/site-packages/airflow/example_dags/example_skip_dag.py for tasks to queue
[2022-05-08 00:33:04,728] {logging_mixin.py:115} INFO - [2022-05-08 00:33:04,728] {dagbag.py:507} INFO - Filling up the DagBag from /home/airflow/.local/lib/python3.7/site-packages/airflow/example_dags/example_skip_dag.py
[2022-05-08 00:33:04,767] {processor.py:651} INFO - DAG(s) dict_keys(['example_skip_dag']) retrieved from /home/airflow/.local/lib/python3.7/site-packages/airflow/example_dags/example_skip_dag.py
[2022-05-08 00:33:04,826] {logging_mixin.py:115} INFO - [2022-05-08 00:33:04,826] {dag.py:2371} INFO - Sync 1 DAGs
[2022-05-08 00:33:04,875] {logging_mixin.py:115} INFO - [2022-05-08 00:33:04,875] {dag.py:2919} INFO - Setting next_dagrun for example_skip_dag to 2022-05-07T00:33:04.875165+00:00, run_after=2022-05-08T00:33:04.875165+00:00
[2022-05-08 00:33:04,896] {processor.py:161} INFO - Processing /home/airflow/.local/lib/python3.7/site-packages/airflow/example_dags/example_skip_dag.py took 0.192 seconds
[2022-05-08 00:33:35,407] {processor.py:153} INFO - Started process (PID=1877) to work on /home/airflow/.local/lib/python3.7/site-packages/airflow/example_dags/example_skip_dag.py
[2022-05-08 00:33:35,411] {processor.py:641} INFO - Processing file /home/airflow/.local/lib/python3.7/site-packages/airflow/example_dags/example_skip_dag.py for tasks to queue
[2022-05-08 00:33:35,417] {logging_mixin.py:115} INFO - [2022-05-08 00:33:35,416] {dagbag.py:507} INFO - Filling up the DagBag from /home/airflow/.local/lib/python3.7/site-packages/airflow/example_dags/example_skip_dag.py
[2022-05-08 00:33:35,436] {processor.py:651} INFO - DAG(s) dict_keys(['example_skip_dag']) retrieved from /home/airflow/.local/lib/python3.7/site-packages/airflow/example_dags/example_skip_dag.py
[2022-05-08 00:33:35,487] {logging_mixin.py:115} INFO - [2022-05-08 00:33:35,487] {dag.py:2371} INFO - Sync 1 DAGs
[2022-05-08 00:33:35,520] {logging_mixin.py:115} INFO - [2022-05-08 00:33:35,520] {dag.py:2919} INFO - Setting next_dagrun for example_skip_dag to 2022-05-07T00:33:35.519872+00:00, run_after=2022-05-08T00:33:35.519872+00:00
[2022-05-08 00:33:35,534] {processor.py:161} INFO - Processing /home/airflow/.local/lib/python3.7/site-packages/airflow/example_dags/example_skip_dag.py took 0.131 seconds
[2022-05-08 00:34:05,674] {processor.py:153} INFO - Started process (PID=2045) to work on /home/airflow/.local/lib/python3.7/site-packages/airflow/example_dags/example_skip_dag.py
[2022-05-08 00:34:05,676] {processor.py:641} INFO - Processing file /home/airflow/.local/lib/python3.7/site-packages/airflow/example_dags/example_skip_dag.py for tasks to queue
[2022-05-08 00:34:05,682] {logging_mixin.py:115} INFO - [2022-05-08 00:34:05,682] {dagbag.py:507} INFO - Filling up the DagBag from /home/airflow/.local/lib/python3.7/site-packages/airflow/example_dags/example_skip_dag.py
[2022-05-08 00:34:05,688] {processor.py:651} INFO - DAG(s) dict_keys(['example_skip_dag']) retrieved from /home/airflow/.local/lib/python3.7/site-packages/airflow/example_dags/example_skip_dag.py
[2022-05-08 00:34:05,756] {logging_mixin.py:115} INFO - [2022-05-08 00:34:05,756] {dag.py:2371} INFO - Sync 1 DAGs
[2022-05-08 00:34:05,824] {logging_mixin.py:115} INFO - [2022-05-08 00:34:05,824] {dag.py:2919} INFO - Setting next_dagrun for example_skip_dag to 2022-05-07T00:34:05.824380+00:00, run_after=2022-05-08T00:34:05.824380+00:00
[2022-05-08 00:34:05,844] {processor.py:161} INFO - Processing /home/airflow/.local/lib/python3.7/site-packages/airflow/example_dags/example_skip_dag.py took 0.174 seconds
[2022-05-08 00:34:36,085] {processor.py:153} INFO - Started process (PID=2216) to work on /home/airflow/.local/lib/python3.7/site-packages/airflow/example_dags/example_skip_dag.py
[2022-05-08 00:34:36,086] {processor.py:641} INFO - Processing file /home/airflow/.local/lib/python3.7/site-packages/airflow/example_dags/example_skip_dag.py for tasks to queue
[2022-05-08 00:34:36,088] {logging_mixin.py:115} INFO - [2022-05-08 00:34:36,088] {dagbag.py:507} INFO - Filling up the DagBag from /home/airflow/.local/lib/python3.7/site-packages/airflow/example_dags/example_skip_dag.py
[2022-05-08 00:34:36,101] {processor.py:651} INFO - DAG(s) dict_keys(['example_skip_dag']) retrieved from /home/airflow/.local/lib/python3.7/site-packages/airflow/example_dags/example_skip_dag.py
[2022-05-08 00:34:36,168] {logging_mixin.py:115} INFO - [2022-05-08 00:34:36,167] {dag.py:2371} INFO - Sync 1 DAGs
[2022-05-08 00:34:36,200] {logging_mixin.py:115} INFO - [2022-05-08 00:34:36,200] {dag.py:2919} INFO - Setting next_dagrun for example_skip_dag to 2022-05-07T00:34:36.200272+00:00, run_after=2022-05-08T00:34:36.200272+00:00
[2022-05-08 00:34:36,219] {processor.py:161} INFO - Processing /home/airflow/.local/lib/python3.7/site-packages/airflow/example_dags/example_skip_dag.py took 0.142 seconds
[2022-05-08 00:35:06,821] {processor.py:153} INFO - Started process (PID=2385) to work on /home/airflow/.local/lib/python3.7/site-packages/airflow/example_dags/example_skip_dag.py
[2022-05-08 00:35:06,826] {processor.py:641} INFO - Processing file /home/airflow/.local/lib/python3.7/site-packages/airflow/example_dags/example_skip_dag.py for tasks to queue
[2022-05-08 00:35:06,833] {logging_mixin.py:115} INFO - [2022-05-08 00:35:06,833] {dagbag.py:507} INFO - Filling up the DagBag from /home/airflow/.local/lib/python3.7/site-packages/airflow/example_dags/example_skip_dag.py
[2022-05-08 00:35:06,856] {processor.py:651} INFO - DAG(s) dict_keys(['example_skip_dag']) retrieved from /home/airflow/.local/lib/python3.7/site-packages/airflow/example_dags/example_skip_dag.py
[2022-05-08 00:35:06,925] {logging_mixin.py:115} INFO - [2022-05-08 00:35:06,925] {dag.py:2371} INFO - Sync 1 DAGs
[2022-05-08 00:35:06,996] {logging_mixin.py:115} INFO - [2022-05-08 00:35:06,996] {dag.py:2919} INFO - Setting next_dagrun for example_skip_dag to 2022-05-07T00:35:06.996535+00:00, run_after=2022-05-08T00:35:06.996535+00:00
[2022-05-08 00:35:07,034] {processor.py:161} INFO - Processing /home/airflow/.local/lib/python3.7/site-packages/airflow/example_dags/example_skip_dag.py took 0.227 seconds
[2022-05-08 00:35:37,716] {processor.py:153} INFO - Started process (PID=2557) to work on /home/airflow/.local/lib/python3.7/site-packages/airflow/example_dags/example_skip_dag.py
[2022-05-08 00:35:37,718] {processor.py:641} INFO - Processing file /home/airflow/.local/lib/python3.7/site-packages/airflow/example_dags/example_skip_dag.py for tasks to queue
[2022-05-08 00:35:37,720] {logging_mixin.py:115} INFO - [2022-05-08 00:35:37,720] {dagbag.py:507} INFO - Filling up the DagBag from /home/airflow/.local/lib/python3.7/site-packages/airflow/example_dags/example_skip_dag.py
[2022-05-08 00:35:37,728] {processor.py:651} INFO - DAG(s) dict_keys(['example_skip_dag']) retrieved from /home/airflow/.local/lib/python3.7/site-packages/airflow/example_dags/example_skip_dag.py
[2022-05-08 00:35:37,785] {logging_mixin.py:115} INFO - [2022-05-08 00:35:37,785] {dag.py:2371} INFO - Sync 1 DAGs
[2022-05-08 00:35:37,823] {logging_mixin.py:115} INFO - [2022-05-08 00:35:37,823] {dag.py:2919} INFO - Setting next_dagrun for example_skip_dag to 2022-05-07T00:35:37.822598+00:00, run_after=2022-05-08T00:35:37.822598+00:00
[2022-05-08 00:35:37,861] {processor.py:161} INFO - Processing /home/airflow/.local/lib/python3.7/site-packages/airflow/example_dags/example_skip_dag.py took 0.150 seconds
[2022-05-08 00:36:08,041] {processor.py:153} INFO - Started process (PID=2727) to work on /home/airflow/.local/lib/python3.7/site-packages/airflow/example_dags/example_skip_dag.py
[2022-05-08 00:36:08,042] {processor.py:641} INFO - Processing file /home/airflow/.local/lib/python3.7/site-packages/airflow/example_dags/example_skip_dag.py for tasks to queue
[2022-05-08 00:36:08,044] {logging_mixin.py:115} INFO - [2022-05-08 00:36:08,044] {dagbag.py:507} INFO - Filling up the DagBag from /home/airflow/.local/lib/python3.7/site-packages/airflow/example_dags/example_skip_dag.py
[2022-05-08 00:36:08,050] {processor.py:651} INFO - DAG(s) dict_keys(['example_skip_dag']) retrieved from /home/airflow/.local/lib/python3.7/site-packages/airflow/example_dags/example_skip_dag.py
[2022-05-08 00:36:08,093] {logging_mixin.py:115} INFO - [2022-05-08 00:36:08,093] {dag.py:2371} INFO - Sync 1 DAGs
[2022-05-08 00:36:08,138] {logging_mixin.py:115} INFO - [2022-05-08 00:36:08,137] {dag.py:2919} INFO - Setting next_dagrun for example_skip_dag to 2022-05-07T00:36:08.137642+00:00, run_after=2022-05-08T00:36:08.137642+00:00
[2022-05-08 00:36:08,153] {processor.py:161} INFO - Processing /home/airflow/.local/lib/python3.7/site-packages/airflow/example_dags/example_skip_dag.py took 0.116 seconds
[2022-05-08 00:38:49,299] {processor.py:153} INFO - Started process (PID=178) to work on /home/airflow/.local/lib/python3.7/site-packages/airflow/example_dags/example_skip_dag.py
[2022-05-08 00:38:49,307] {processor.py:641} INFO - Processing file /home/airflow/.local/lib/python3.7/site-packages/airflow/example_dags/example_skip_dag.py for tasks to queue
[2022-05-08 00:38:49,316] {logging_mixin.py:115} INFO - [2022-05-08 00:38:49,315] {dagbag.py:507} INFO - Filling up the DagBag from /home/airflow/.local/lib/python3.7/site-packages/airflow/example_dags/example_skip_dag.py
[2022-05-08 00:38:49,346] {processor.py:651} INFO - DAG(s) dict_keys(['example_skip_dag']) retrieved from /home/airflow/.local/lib/python3.7/site-packages/airflow/example_dags/example_skip_dag.py
[2022-05-08 00:38:49,576] {logging_mixin.py:115} INFO - [2022-05-08 00:38:49,576] {manager.py:508} INFO - Created Permission View: can delete on DAG:example_skip_dag
[2022-05-08 00:38:49,599] {logging_mixin.py:115} INFO - [2022-05-08 00:38:49,599] {manager.py:508} INFO - Created Permission View: can edit on DAG:example_skip_dag
[2022-05-08 00:38:49,621] {logging_mixin.py:115} INFO - [2022-05-08 00:38:49,621] {manager.py:508} INFO - Created Permission View: can read on DAG:example_skip_dag
[2022-05-08 00:38:49,624] {logging_mixin.py:115} INFO - [2022-05-08 00:38:49,623] {dag.py:2371} INFO - Sync 1 DAGs
[2022-05-08 00:38:49,636] {logging_mixin.py:115} INFO - [2022-05-08 00:38:49,636] {dag.py:2390} INFO - Creating ORM DAG for example_skip_dag
[2022-05-08 00:38:49,661] {logging_mixin.py:115} INFO - [2022-05-08 00:38:49,661] {dag.py:2919} INFO - Setting next_dagrun for example_skip_dag to 2022-05-07T00:38:49.661024+00:00, run_after=2022-05-08T00:38:49.661024+00:00
[2022-05-08 00:38:49,699] {processor.py:161} INFO - Processing /home/airflow/.local/lib/python3.7/site-packages/airflow/example_dags/example_skip_dag.py took 0.404 seconds
[2022-05-08 00:39:19,995] {processor.py:153} INFO - Started process (PID=348) to work on /home/airflow/.local/lib/python3.7/site-packages/airflow/example_dags/example_skip_dag.py
[2022-05-08 00:39:19,997] {processor.py:641} INFO - Processing file /home/airflow/.local/lib/python3.7/site-packages/airflow/example_dags/example_skip_dag.py for tasks to queue
[2022-05-08 00:39:19,998] {logging_mixin.py:115} INFO - [2022-05-08 00:39:19,998] {dagbag.py:507} INFO - Filling up the DagBag from /home/airflow/.local/lib/python3.7/site-packages/airflow/example_dags/example_skip_dag.py
[2022-05-08 00:39:20,021] {processor.py:651} INFO - DAG(s) dict_keys(['example_skip_dag']) retrieved from /home/airflow/.local/lib/python3.7/site-packages/airflow/example_dags/example_skip_dag.py
[2022-05-08 00:39:20,117] {logging_mixin.py:115} INFO - [2022-05-08 00:39:20,117] {dag.py:2371} INFO - Sync 1 DAGs
[2022-05-08 00:39:20,178] {logging_mixin.py:115} INFO - [2022-05-08 00:39:20,177] {dag.py:2919} INFO - Setting next_dagrun for example_skip_dag to 2022-05-07T00:39:20.177544+00:00, run_after=2022-05-08T00:39:20.177544+00:00
[2022-05-08 00:39:20,231] {processor.py:161} INFO - Processing /home/airflow/.local/lib/python3.7/site-packages/airflow/example_dags/example_skip_dag.py took 0.240 seconds
[2022-05-08 00:39:51,067] {processor.py:153} INFO - Started process (PID=518) to work on /home/airflow/.local/lib/python3.7/site-packages/airflow/example_dags/example_skip_dag.py
[2022-05-08 00:39:51,068] {processor.py:641} INFO - Processing file /home/airflow/.local/lib/python3.7/site-packages/airflow/example_dags/example_skip_dag.py for tasks to queue
[2022-05-08 00:39:51,069] {logging_mixin.py:115} INFO - [2022-05-08 00:39:51,069] {dagbag.py:507} INFO - Filling up the DagBag from /home/airflow/.local/lib/python3.7/site-packages/airflow/example_dags/example_skip_dag.py
[2022-05-08 00:39:51,075] {processor.py:651} INFO - DAG(s) dict_keys(['example_skip_dag']) retrieved from /home/airflow/.local/lib/python3.7/site-packages/airflow/example_dags/example_skip_dag.py
[2022-05-08 00:39:51,112] {logging_mixin.py:115} INFO - [2022-05-08 00:39:51,112] {dag.py:2371} INFO - Sync 1 DAGs
[2022-05-08 00:39:51,152] {logging_mixin.py:115} INFO - [2022-05-08 00:39:51,152] {dag.py:2919} INFO - Setting next_dagrun for example_skip_dag to 2022-05-07T00:39:51.151642+00:00, run_after=2022-05-08T00:39:51.151642+00:00
[2022-05-08 00:39:51,188] {processor.py:161} INFO - Processing /home/airflow/.local/lib/python3.7/site-packages/airflow/example_dags/example_skip_dag.py took 0.125 seconds
[2022-05-08 00:40:22,110] {processor.py:153} INFO - Started process (PID=686) to work on /home/airflow/.local/lib/python3.7/site-packages/airflow/example_dags/example_skip_dag.py
[2022-05-08 00:40:22,113] {processor.py:641} INFO - Processing file /home/airflow/.local/lib/python3.7/site-packages/airflow/example_dags/example_skip_dag.py for tasks to queue
[2022-05-08 00:40:22,117] {logging_mixin.py:115} INFO - [2022-05-08 00:40:22,116] {dagbag.py:507} INFO - Filling up the DagBag from /home/airflow/.local/lib/python3.7/site-packages/airflow/example_dags/example_skip_dag.py
[2022-05-08 00:40:22,134] {processor.py:651} INFO - DAG(s) dict_keys(['example_skip_dag']) retrieved from /home/airflow/.local/lib/python3.7/site-packages/airflow/example_dags/example_skip_dag.py
[2022-05-08 00:40:22,208] {logging_mixin.py:115} INFO - [2022-05-08 00:40:22,208] {dag.py:2371} INFO - Sync 1 DAGs
[2022-05-08 00:40:22,245] {logging_mixin.py:115} INFO - [2022-05-08 00:40:22,245] {dag.py:2919} INFO - Setting next_dagrun for example_skip_dag to 2022-05-07T00:40:22.245099+00:00, run_after=2022-05-08T00:40:22.245099+00:00
[2022-05-08 00:40:22,264] {processor.py:161} INFO - Processing /home/airflow/.local/lib/python3.7/site-packages/airflow/example_dags/example_skip_dag.py took 0.173 seconds
[2022-05-08 00:40:52,521] {processor.py:153} INFO - Started process (PID=856) to work on /home/airflow/.local/lib/python3.7/site-packages/airflow/example_dags/example_skip_dag.py
[2022-05-08 00:40:52,526] {processor.py:641} INFO - Processing file /home/airflow/.local/lib/python3.7/site-packages/airflow/example_dags/example_skip_dag.py for tasks to queue
[2022-05-08 00:40:52,529] {logging_mixin.py:115} INFO - [2022-05-08 00:40:52,529] {dagbag.py:507} INFO - Filling up the DagBag from /home/airflow/.local/lib/python3.7/site-packages/airflow/example_dags/example_skip_dag.py
[2022-05-08 00:40:52,541] {processor.py:651} INFO - DAG(s) dict_keys(['example_skip_dag']) retrieved from /home/airflow/.local/lib/python3.7/site-packages/airflow/example_dags/example_skip_dag.py
[2022-05-08 00:40:52,664] {logging_mixin.py:115} INFO - [2022-05-08 00:40:52,664] {dag.py:2371} INFO - Sync 1 DAGs
[2022-05-08 00:40:52,750] {logging_mixin.py:115} INFO - [2022-05-08 00:40:52,750] {dag.py:2919} INFO - Setting next_dagrun for example_skip_dag to 2022-05-07T00:40:52.749845+00:00, run_after=2022-05-08T00:40:52.749845+00:00
[2022-05-08 00:40:52,780] {processor.py:161} INFO - Processing /home/airflow/.local/lib/python3.7/site-packages/airflow/example_dags/example_skip_dag.py took 0.274 seconds
[2022-05-08 00:41:23,760] {processor.py:153} INFO - Started process (PID=1028) to work on /home/airflow/.local/lib/python3.7/site-packages/airflow/example_dags/example_skip_dag.py
[2022-05-08 00:41:23,761] {processor.py:641} INFO - Processing file /home/airflow/.local/lib/python3.7/site-packages/airflow/example_dags/example_skip_dag.py for tasks to queue
[2022-05-08 00:41:23,763] {logging_mixin.py:115} INFO - [2022-05-08 00:41:23,763] {dagbag.py:507} INFO - Filling up the DagBag from /home/airflow/.local/lib/python3.7/site-packages/airflow/example_dags/example_skip_dag.py
[2022-05-08 00:41:23,769] {processor.py:651} INFO - DAG(s) dict_keys(['example_skip_dag']) retrieved from /home/airflow/.local/lib/python3.7/site-packages/airflow/example_dags/example_skip_dag.py
[2022-05-08 00:41:23,804] {logging_mixin.py:115} INFO - [2022-05-08 00:41:23,804] {dag.py:2371} INFO - Sync 1 DAGs
[2022-05-08 00:41:23,831] {logging_mixin.py:115} INFO - [2022-05-08 00:41:23,831] {dag.py:2919} INFO - Setting next_dagrun for example_skip_dag to 2022-05-07T00:41:23.830984+00:00, run_after=2022-05-08T00:41:23.830984+00:00
[2022-05-08 00:41:23,845] {processor.py:161} INFO - Processing /home/airflow/.local/lib/python3.7/site-packages/airflow/example_dags/example_skip_dag.py took 0.090 seconds
[2022-05-08 00:41:54,121] {processor.py:153} INFO - Started process (PID=1197) to work on /home/airflow/.local/lib/python3.7/site-packages/airflow/example_dags/example_skip_dag.py
[2022-05-08 00:41:54,125] {processor.py:641} INFO - Processing file /home/airflow/.local/lib/python3.7/site-packages/airflow/example_dags/example_skip_dag.py for tasks to queue
[2022-05-08 00:41:54,127] {logging_mixin.py:115} INFO - [2022-05-08 00:41:54,127] {dagbag.py:507} INFO - Filling up the DagBag from /home/airflow/.local/lib/python3.7/site-packages/airflow/example_dags/example_skip_dag.py
[2022-05-08 00:41:54,140] {processor.py:651} INFO - DAG(s) dict_keys(['example_skip_dag']) retrieved from /home/airflow/.local/lib/python3.7/site-packages/airflow/example_dags/example_skip_dag.py
[2022-05-08 00:41:54,205] {logging_mixin.py:115} INFO - [2022-05-08 00:41:54,205] {dag.py:2371} INFO - Sync 1 DAGs
[2022-05-08 00:41:54,242] {logging_mixin.py:115} INFO - [2022-05-08 00:41:54,242] {dag.py:2919} INFO - Setting next_dagrun for example_skip_dag to 2022-05-07T00:41:54.242345+00:00, run_after=2022-05-08T00:41:54.242345+00:00
[2022-05-08 00:41:54,265] {processor.py:161} INFO - Processing /home/airflow/.local/lib/python3.7/site-packages/airflow/example_dags/example_skip_dag.py took 0.150 seconds
[2022-05-08 00:42:24,638] {processor.py:153} INFO - Started process (PID=1366) to work on /home/airflow/.local/lib/python3.7/site-packages/airflow/example_dags/example_skip_dag.py
[2022-05-08 00:42:24,642] {processor.py:641} INFO - Processing file /home/airflow/.local/lib/python3.7/site-packages/airflow/example_dags/example_skip_dag.py for tasks to queue
[2022-05-08 00:42:24,647] {logging_mixin.py:115} INFO - [2022-05-08 00:42:24,646] {dagbag.py:507} INFO - Filling up the DagBag from /home/airflow/.local/lib/python3.7/site-packages/airflow/example_dags/example_skip_dag.py
[2022-05-08 00:42:24,668] {processor.py:651} INFO - DAG(s) dict_keys(['example_skip_dag']) retrieved from /home/airflow/.local/lib/python3.7/site-packages/airflow/example_dags/example_skip_dag.py
[2022-05-08 00:42:24,738] {logging_mixin.py:115} INFO - [2022-05-08 00:42:24,738] {dag.py:2371} INFO - Sync 1 DAGs
[2022-05-08 00:42:24,796] {logging_mixin.py:115} INFO - [2022-05-08 00:42:24,795] {dag.py:2919} INFO - Setting next_dagrun for example_skip_dag to 2022-05-07T00:42:24.795735+00:00, run_after=2022-05-08T00:42:24.795735+00:00
[2022-05-08 00:42:24,822] {processor.py:161} INFO - Processing /home/airflow/.local/lib/python3.7/site-packages/airflow/example_dags/example_skip_dag.py took 0.203 seconds
