[2022-05-08 00:28:36,381] {processor.py:153} INFO - Started process (PID=287) to work on /home/airflow/.local/lib/python3.7/site-packages/airflow/example_dags/example_branch_operator_decorator.py
[2022-05-08 00:28:36,387] {processor.py:641} INFO - Processing file /home/airflow/.local/lib/python3.7/site-packages/airflow/example_dags/example_branch_operator_decorator.py for tasks to queue
[2022-05-08 00:28:36,390] {logging_mixin.py:115} INFO - [2022-05-08 00:28:36,390] {dagbag.py:507} INFO - Filling up the DagBag from /home/airflow/.local/lib/python3.7/site-packages/airflow/example_dags/example_branch_operator_decorator.py
[2022-05-08 00:28:36,547] {processor.py:651} INFO - DAG(s) dict_keys(['example_branch_python_operator_decorator']) retrieved from /home/airflow/.local/lib/python3.7/site-packages/airflow/example_dags/example_branch_operator_decorator.py
[2022-05-08 00:28:36,773] {logging_mixin.py:115} INFO - [2022-05-08 00:28:36,773] {dag.py:2371} INFO - Sync 1 DAGs
[2022-05-08 00:28:36,913] {logging_mixin.py:115} INFO - [2022-05-08 00:28:36,913] {dag.py:2919} INFO - Setting next_dagrun for example_branch_python_operator_decorator to 2022-05-07T00:00:00+00:00, run_after=2022-05-08T00:00:00+00:00
[2022-05-08 00:28:36,969] {processor.py:161} INFO - Processing /home/airflow/.local/lib/python3.7/site-packages/airflow/example_dags/example_branch_operator_decorator.py took 0.592 seconds
[2022-05-08 00:29:07,994] {processor.py:153} INFO - Started process (PID=459) to work on /home/airflow/.local/lib/python3.7/site-packages/airflow/example_dags/example_branch_operator_decorator.py
[2022-05-08 00:29:07,996] {processor.py:641} INFO - Processing file /home/airflow/.local/lib/python3.7/site-packages/airflow/example_dags/example_branch_operator_decorator.py for tasks to queue
[2022-05-08 00:29:07,999] {logging_mixin.py:115} INFO - [2022-05-08 00:29:07,998] {dagbag.py:507} INFO - Filling up the DagBag from /home/airflow/.local/lib/python3.7/site-packages/airflow/example_dags/example_branch_operator_decorator.py
[2022-05-08 00:29:08,067] {processor.py:651} INFO - DAG(s) dict_keys(['example_branch_python_operator_decorator']) retrieved from /home/airflow/.local/lib/python3.7/site-packages/airflow/example_dags/example_branch_operator_decorator.py
[2022-05-08 00:29:08,131] {logging_mixin.py:115} INFO - [2022-05-08 00:29:08,131] {dag.py:2371} INFO - Sync 1 DAGs
[2022-05-08 00:29:08,180] {logging_mixin.py:115} INFO - [2022-05-08 00:29:08,180] {dag.py:2919} INFO - Setting next_dagrun for example_branch_python_operator_decorator to 2022-05-07T00:00:00+00:00, run_after=2022-05-08T00:00:00+00:00
[2022-05-08 00:29:08,204] {processor.py:161} INFO - Processing /home/airflow/.local/lib/python3.7/site-packages/airflow/example_dags/example_branch_operator_decorator.py took 0.225 seconds
[2022-05-08 00:29:38,429] {processor.py:153} INFO - Started process (PID=629) to work on /home/airflow/.local/lib/python3.7/site-packages/airflow/example_dags/example_branch_operator_decorator.py
[2022-05-08 00:29:38,435] {processor.py:641} INFO - Processing file /home/airflow/.local/lib/python3.7/site-packages/airflow/example_dags/example_branch_operator_decorator.py for tasks to queue
[2022-05-08 00:29:38,443] {logging_mixin.py:115} INFO - [2022-05-08 00:29:38,443] {dagbag.py:507} INFO - Filling up the DagBag from /home/airflow/.local/lib/python3.7/site-packages/airflow/example_dags/example_branch_operator_decorator.py
[2022-05-08 00:29:38,516] {processor.py:651} INFO - DAG(s) dict_keys(['example_branch_python_operator_decorator']) retrieved from /home/airflow/.local/lib/python3.7/site-packages/airflow/example_dags/example_branch_operator_decorator.py
[2022-05-08 00:29:38,618] {logging_mixin.py:115} INFO - [2022-05-08 00:29:38,618] {dag.py:2371} INFO - Sync 1 DAGs
[2022-05-08 00:29:38,709] {logging_mixin.py:115} INFO - [2022-05-08 00:29:38,709] {dag.py:2919} INFO - Setting next_dagrun for example_branch_python_operator_decorator to 2022-05-07T00:00:00+00:00, run_after=2022-05-08T00:00:00+00:00
[2022-05-08 00:29:38,743] {processor.py:161} INFO - Processing /home/airflow/.local/lib/python3.7/site-packages/airflow/example_dags/example_branch_operator_decorator.py took 0.322 seconds
[2022-05-08 00:30:09,653] {processor.py:153} INFO - Started process (PID=799) to work on /home/airflow/.local/lib/python3.7/site-packages/airflow/example_dags/example_branch_operator_decorator.py
[2022-05-08 00:30:09,655] {processor.py:641} INFO - Processing file /home/airflow/.local/lib/python3.7/site-packages/airflow/example_dags/example_branch_operator_decorator.py for tasks to queue
[2022-05-08 00:30:09,657] {logging_mixin.py:115} INFO - [2022-05-08 00:30:09,657] {dagbag.py:507} INFO - Filling up the DagBag from /home/airflow/.local/lib/python3.7/site-packages/airflow/example_dags/example_branch_operator_decorator.py
[2022-05-08 00:30:09,684] {processor.py:651} INFO - DAG(s) dict_keys(['example_branch_python_operator_decorator']) retrieved from /home/airflow/.local/lib/python3.7/site-packages/airflow/example_dags/example_branch_operator_decorator.py
[2022-05-08 00:30:09,722] {logging_mixin.py:115} INFO - [2022-05-08 00:30:09,722] {dag.py:2371} INFO - Sync 1 DAGs
[2022-05-08 00:30:09,765] {logging_mixin.py:115} INFO - [2022-05-08 00:30:09,765] {dag.py:2919} INFO - Setting next_dagrun for example_branch_python_operator_decorator to 2022-05-07T00:00:00+00:00, run_after=2022-05-08T00:00:00+00:00
[2022-05-08 00:30:09,778] {processor.py:161} INFO - Processing /home/airflow/.local/lib/python3.7/site-packages/airflow/example_dags/example_branch_operator_decorator.py took 0.129 seconds
[2022-05-08 00:30:40,807] {processor.py:153} INFO - Started process (PID=969) to work on /home/airflow/.local/lib/python3.7/site-packages/airflow/example_dags/example_branch_operator_decorator.py
[2022-05-08 00:30:40,809] {processor.py:641} INFO - Processing file /home/airflow/.local/lib/python3.7/site-packages/airflow/example_dags/example_branch_operator_decorator.py for tasks to queue
[2022-05-08 00:30:40,810] {logging_mixin.py:115} INFO - [2022-05-08 00:30:40,810] {dagbag.py:507} INFO - Filling up the DagBag from /home/airflow/.local/lib/python3.7/site-packages/airflow/example_dags/example_branch_operator_decorator.py
[2022-05-08 00:30:40,841] {processor.py:651} INFO - DAG(s) dict_keys(['example_branch_python_operator_decorator']) retrieved from /home/airflow/.local/lib/python3.7/site-packages/airflow/example_dags/example_branch_operator_decorator.py
[2022-05-08 00:30:40,885] {logging_mixin.py:115} INFO - [2022-05-08 00:30:40,885] {dag.py:2371} INFO - Sync 1 DAGs
[2022-05-08 00:30:40,920] {logging_mixin.py:115} INFO - [2022-05-08 00:30:40,920] {dag.py:2919} INFO - Setting next_dagrun for example_branch_python_operator_decorator to 2022-05-07T00:00:00+00:00, run_after=2022-05-08T00:00:00+00:00
[2022-05-08 00:30:40,936] {processor.py:161} INFO - Processing /home/airflow/.local/lib/python3.7/site-packages/airflow/example_dags/example_branch_operator_decorator.py took 0.137 seconds
[2022-05-08 00:31:11,707] {processor.py:153} INFO - Started process (PID=1139) to work on /home/airflow/.local/lib/python3.7/site-packages/airflow/example_dags/example_branch_operator_decorator.py
[2022-05-08 00:31:11,709] {processor.py:641} INFO - Processing file /home/airflow/.local/lib/python3.7/site-packages/airflow/example_dags/example_branch_operator_decorator.py for tasks to queue
[2022-05-08 00:31:11,711] {logging_mixin.py:115} INFO - [2022-05-08 00:31:11,711] {dagbag.py:507} INFO - Filling up the DagBag from /home/airflow/.local/lib/python3.7/site-packages/airflow/example_dags/example_branch_operator_decorator.py
[2022-05-08 00:31:11,744] {processor.py:651} INFO - DAG(s) dict_keys(['example_branch_python_operator_decorator']) retrieved from /home/airflow/.local/lib/python3.7/site-packages/airflow/example_dags/example_branch_operator_decorator.py
[2022-05-08 00:31:11,780] {logging_mixin.py:115} INFO - [2022-05-08 00:31:11,780] {dag.py:2371} INFO - Sync 1 DAGs
[2022-05-08 00:31:11,813] {logging_mixin.py:115} INFO - [2022-05-08 00:31:11,813] {dag.py:2919} INFO - Setting next_dagrun for example_branch_python_operator_decorator to 2022-05-07T00:00:00+00:00, run_after=2022-05-08T00:00:00+00:00
[2022-05-08 00:31:11,830] {processor.py:161} INFO - Processing /home/airflow/.local/lib/python3.7/site-packages/airflow/example_dags/example_branch_operator_decorator.py took 0.132 seconds
[2022-05-08 00:31:41,920] {processor.py:153} INFO - Started process (PID=1309) to work on /home/airflow/.local/lib/python3.7/site-packages/airflow/example_dags/example_branch_operator_decorator.py
[2022-05-08 00:31:41,921] {processor.py:641} INFO - Processing file /home/airflow/.local/lib/python3.7/site-packages/airflow/example_dags/example_branch_operator_decorator.py for tasks to queue
[2022-05-08 00:31:41,923] {logging_mixin.py:115} INFO - [2022-05-08 00:31:41,923] {dagbag.py:507} INFO - Filling up the DagBag from /home/airflow/.local/lib/python3.7/site-packages/airflow/example_dags/example_branch_operator_decorator.py
[2022-05-08 00:31:41,951] {processor.py:651} INFO - DAG(s) dict_keys(['example_branch_python_operator_decorator']) retrieved from /home/airflow/.local/lib/python3.7/site-packages/airflow/example_dags/example_branch_operator_decorator.py
[2022-05-08 00:31:41,991] {logging_mixin.py:115} INFO - [2022-05-08 00:31:41,991] {dag.py:2371} INFO - Sync 1 DAGs
[2022-05-08 00:31:42,018] {logging_mixin.py:115} INFO - [2022-05-08 00:31:42,017] {dag.py:2919} INFO - Setting next_dagrun for example_branch_python_operator_decorator to 2022-05-07T00:00:00+00:00, run_after=2022-05-08T00:00:00+00:00
[2022-05-08 00:31:42,034] {processor.py:161} INFO - Processing /home/airflow/.local/lib/python3.7/site-packages/airflow/example_dags/example_branch_operator_decorator.py took 0.117 seconds
[2022-05-08 00:32:12,136] {processor.py:153} INFO - Started process (PID=1479) to work on /home/airflow/.local/lib/python3.7/site-packages/airflow/example_dags/example_branch_operator_decorator.py
[2022-05-08 00:32:12,137] {processor.py:641} INFO - Processing file /home/airflow/.local/lib/python3.7/site-packages/airflow/example_dags/example_branch_operator_decorator.py for tasks to queue
[2022-05-08 00:32:12,141] {logging_mixin.py:115} INFO - [2022-05-08 00:32:12,141] {dagbag.py:507} INFO - Filling up the DagBag from /home/airflow/.local/lib/python3.7/site-packages/airflow/example_dags/example_branch_operator_decorator.py
[2022-05-08 00:32:12,173] {processor.py:651} INFO - DAG(s) dict_keys(['example_branch_python_operator_decorator']) retrieved from /home/airflow/.local/lib/python3.7/site-packages/airflow/example_dags/example_branch_operator_decorator.py
[2022-05-08 00:32:12,210] {logging_mixin.py:115} INFO - [2022-05-08 00:32:12,210] {dag.py:2371} INFO - Sync 1 DAGs
[2022-05-08 00:32:12,238] {logging_mixin.py:115} INFO - [2022-05-08 00:32:12,238] {dag.py:2919} INFO - Setting next_dagrun for example_branch_python_operator_decorator to 2022-05-07T00:00:00+00:00, run_after=2022-05-08T00:00:00+00:00
[2022-05-08 00:32:12,262] {processor.py:161} INFO - Processing /home/airflow/.local/lib/python3.7/site-packages/airflow/example_dags/example_branch_operator_decorator.py took 0.131 seconds
[2022-05-08 00:32:42,872] {processor.py:153} INFO - Started process (PID=1649) to work on /home/airflow/.local/lib/python3.7/site-packages/airflow/example_dags/example_branch_operator_decorator.py
[2022-05-08 00:32:42,874] {processor.py:641} INFO - Processing file /home/airflow/.local/lib/python3.7/site-packages/airflow/example_dags/example_branch_operator_decorator.py for tasks to queue
[2022-05-08 00:32:42,879] {logging_mixin.py:115} INFO - [2022-05-08 00:32:42,879] {dagbag.py:507} INFO - Filling up the DagBag from /home/airflow/.local/lib/python3.7/site-packages/airflow/example_dags/example_branch_operator_decorator.py
[2022-05-08 00:32:42,904] {processor.py:651} INFO - DAG(s) dict_keys(['example_branch_python_operator_decorator']) retrieved from /home/airflow/.local/lib/python3.7/site-packages/airflow/example_dags/example_branch_operator_decorator.py
[2022-05-08 00:32:42,932] {logging_mixin.py:115} INFO - [2022-05-08 00:32:42,932] {dag.py:2371} INFO - Sync 1 DAGs
[2022-05-08 00:32:42,961] {logging_mixin.py:115} INFO - [2022-05-08 00:32:42,960] {dag.py:2919} INFO - Setting next_dagrun for example_branch_python_operator_decorator to 2022-05-07T00:00:00+00:00, run_after=2022-05-08T00:00:00+00:00
[2022-05-08 00:32:42,981] {processor.py:161} INFO - Processing /home/airflow/.local/lib/python3.7/site-packages/airflow/example_dags/example_branch_operator_decorator.py took 0.114 seconds
[2022-05-08 00:33:13,158] {processor.py:153} INFO - Started process (PID=1819) to work on /home/airflow/.local/lib/python3.7/site-packages/airflow/example_dags/example_branch_operator_decorator.py
[2022-05-08 00:33:13,160] {processor.py:641} INFO - Processing file /home/airflow/.local/lib/python3.7/site-packages/airflow/example_dags/example_branch_operator_decorator.py for tasks to queue
[2022-05-08 00:33:13,162] {logging_mixin.py:115} INFO - [2022-05-08 00:33:13,162] {dagbag.py:507} INFO - Filling up the DagBag from /home/airflow/.local/lib/python3.7/site-packages/airflow/example_dags/example_branch_operator_decorator.py
[2022-05-08 00:33:13,197] {processor.py:651} INFO - DAG(s) dict_keys(['example_branch_python_operator_decorator']) retrieved from /home/airflow/.local/lib/python3.7/site-packages/airflow/example_dags/example_branch_operator_decorator.py
[2022-05-08 00:33:13,230] {logging_mixin.py:115} INFO - [2022-05-08 00:33:13,229] {dag.py:2371} INFO - Sync 1 DAGs
[2022-05-08 00:33:13,262] {logging_mixin.py:115} INFO - [2022-05-08 00:33:13,262] {dag.py:2919} INFO - Setting next_dagrun for example_branch_python_operator_decorator to 2022-05-07T00:00:00+00:00, run_after=2022-05-08T00:00:00+00:00
[2022-05-08 00:33:13,278] {processor.py:161} INFO - Processing /home/airflow/.local/lib/python3.7/site-packages/airflow/example_dags/example_branch_operator_decorator.py took 0.125 seconds
[2022-05-08 00:33:43,654] {processor.py:153} INFO - Started process (PID=1989) to work on /home/airflow/.local/lib/python3.7/site-packages/airflow/example_dags/example_branch_operator_decorator.py
[2022-05-08 00:33:43,658] {processor.py:641} INFO - Processing file /home/airflow/.local/lib/python3.7/site-packages/airflow/example_dags/example_branch_operator_decorator.py for tasks to queue
[2022-05-08 00:33:43,660] {logging_mixin.py:115} INFO - [2022-05-08 00:33:43,660] {dagbag.py:507} INFO - Filling up the DagBag from /home/airflow/.local/lib/python3.7/site-packages/airflow/example_dags/example_branch_operator_decorator.py
[2022-05-08 00:33:43,735] {processor.py:651} INFO - DAG(s) dict_keys(['example_branch_python_operator_decorator']) retrieved from /home/airflow/.local/lib/python3.7/site-packages/airflow/example_dags/example_branch_operator_decorator.py
[2022-05-08 00:33:43,820] {logging_mixin.py:115} INFO - [2022-05-08 00:33:43,819] {dag.py:2371} INFO - Sync 1 DAGs
[2022-05-08 00:33:43,874] {logging_mixin.py:115} INFO - [2022-05-08 00:33:43,873] {dag.py:2919} INFO - Setting next_dagrun for example_branch_python_operator_decorator to 2022-05-07T00:00:00+00:00, run_after=2022-05-08T00:00:00+00:00
[2022-05-08 00:33:43,902] {processor.py:161} INFO - Processing /home/airflow/.local/lib/python3.7/site-packages/airflow/example_dags/example_branch_operator_decorator.py took 0.261 seconds
[2022-05-08 00:34:14,049] {processor.py:153} INFO - Started process (PID=2164) to work on /home/airflow/.local/lib/python3.7/site-packages/airflow/example_dags/example_branch_operator_decorator.py
[2022-05-08 00:34:14,050] {processor.py:641} INFO - Processing file /home/airflow/.local/lib/python3.7/site-packages/airflow/example_dags/example_branch_operator_decorator.py for tasks to queue
[2022-05-08 00:34:14,052] {logging_mixin.py:115} INFO - [2022-05-08 00:34:14,052] {dagbag.py:507} INFO - Filling up the DagBag from /home/airflow/.local/lib/python3.7/site-packages/airflow/example_dags/example_branch_operator_decorator.py
[2022-05-08 00:34:14,077] {processor.py:651} INFO - DAG(s) dict_keys(['example_branch_python_operator_decorator']) retrieved from /home/airflow/.local/lib/python3.7/site-packages/airflow/example_dags/example_branch_operator_decorator.py
[2022-05-08 00:34:14,108] {logging_mixin.py:115} INFO - [2022-05-08 00:34:14,107] {dag.py:2371} INFO - Sync 1 DAGs
[2022-05-08 00:34:14,140] {logging_mixin.py:115} INFO - [2022-05-08 00:34:14,140] {dag.py:2919} INFO - Setting next_dagrun for example_branch_python_operator_decorator to 2022-05-07T00:00:00+00:00, run_after=2022-05-08T00:00:00+00:00
[2022-05-08 00:34:14,157] {processor.py:161} INFO - Processing /home/airflow/.local/lib/python3.7/site-packages/airflow/example_dags/example_branch_operator_decorator.py took 0.114 seconds
[2022-05-08 00:34:44,418] {processor.py:153} INFO - Started process (PID=2328) to work on /home/airflow/.local/lib/python3.7/site-packages/airflow/example_dags/example_branch_operator_decorator.py
[2022-05-08 00:34:44,420] {processor.py:641} INFO - Processing file /home/airflow/.local/lib/python3.7/site-packages/airflow/example_dags/example_branch_operator_decorator.py for tasks to queue
[2022-05-08 00:34:44,422] {logging_mixin.py:115} INFO - [2022-05-08 00:34:44,422] {dagbag.py:507} INFO - Filling up the DagBag from /home/airflow/.local/lib/python3.7/site-packages/airflow/example_dags/example_branch_operator_decorator.py
[2022-05-08 00:34:44,471] {processor.py:651} INFO - DAG(s) dict_keys(['example_branch_python_operator_decorator']) retrieved from /home/airflow/.local/lib/python3.7/site-packages/airflow/example_dags/example_branch_operator_decorator.py
[2022-05-08 00:34:44,521] {logging_mixin.py:115} INFO - [2022-05-08 00:34:44,521] {dag.py:2371} INFO - Sync 1 DAGs
[2022-05-08 00:34:44,578] {logging_mixin.py:115} INFO - [2022-05-08 00:34:44,578] {dag.py:2919} INFO - Setting next_dagrun for example_branch_python_operator_decorator to 2022-05-07T00:00:00+00:00, run_after=2022-05-08T00:00:00+00:00
[2022-05-08 00:34:44,601] {processor.py:161} INFO - Processing /home/airflow/.local/lib/python3.7/site-packages/airflow/example_dags/example_branch_operator_decorator.py took 0.190 seconds
[2022-05-08 00:35:15,258] {processor.py:153} INFO - Started process (PID=2499) to work on /home/airflow/.local/lib/python3.7/site-packages/airflow/example_dags/example_branch_operator_decorator.py
[2022-05-08 00:35:15,259] {processor.py:641} INFO - Processing file /home/airflow/.local/lib/python3.7/site-packages/airflow/example_dags/example_branch_operator_decorator.py for tasks to queue
[2022-05-08 00:35:15,261] {logging_mixin.py:115} INFO - [2022-05-08 00:35:15,261] {dagbag.py:507} INFO - Filling up the DagBag from /home/airflow/.local/lib/python3.7/site-packages/airflow/example_dags/example_branch_operator_decorator.py
[2022-05-08 00:35:15,295] {processor.py:651} INFO - DAG(s) dict_keys(['example_branch_python_operator_decorator']) retrieved from /home/airflow/.local/lib/python3.7/site-packages/airflow/example_dags/example_branch_operator_decorator.py
[2022-05-08 00:35:15,346] {logging_mixin.py:115} INFO - [2022-05-08 00:35:15,346] {dag.py:2371} INFO - Sync 1 DAGs
[2022-05-08 00:35:15,403] {logging_mixin.py:115} INFO - [2022-05-08 00:35:15,402] {dag.py:2919} INFO - Setting next_dagrun for example_branch_python_operator_decorator to 2022-05-07T00:00:00+00:00, run_after=2022-05-08T00:00:00+00:00
[2022-05-08 00:35:15,431] {processor.py:161} INFO - Processing /home/airflow/.local/lib/python3.7/site-packages/airflow/example_dags/example_branch_operator_decorator.py took 0.181 seconds
[2022-05-08 00:35:45,838] {processor.py:153} INFO - Started process (PID=2667) to work on /home/airflow/.local/lib/python3.7/site-packages/airflow/example_dags/example_branch_operator_decorator.py
[2022-05-08 00:35:45,840] {processor.py:641} INFO - Processing file /home/airflow/.local/lib/python3.7/site-packages/airflow/example_dags/example_branch_operator_decorator.py for tasks to queue
[2022-05-08 00:35:45,842] {logging_mixin.py:115} INFO - [2022-05-08 00:35:45,841] {dagbag.py:507} INFO - Filling up the DagBag from /home/airflow/.local/lib/python3.7/site-packages/airflow/example_dags/example_branch_operator_decorator.py
[2022-05-08 00:35:45,871] {processor.py:651} INFO - DAG(s) dict_keys(['example_branch_python_operator_decorator']) retrieved from /home/airflow/.local/lib/python3.7/site-packages/airflow/example_dags/example_branch_operator_decorator.py
[2022-05-08 00:35:45,911] {logging_mixin.py:115} INFO - [2022-05-08 00:35:45,911] {dag.py:2371} INFO - Sync 1 DAGs
[2022-05-08 00:35:45,953] {logging_mixin.py:115} INFO - [2022-05-08 00:35:45,952] {dag.py:2919} INFO - Setting next_dagrun for example_branch_python_operator_decorator to 2022-05-07T00:00:00+00:00, run_after=2022-05-08T00:00:00+00:00
[2022-05-08 00:35:45,978] {processor.py:161} INFO - Processing /home/airflow/.local/lib/python3.7/site-packages/airflow/example_dags/example_branch_operator_decorator.py took 0.146 seconds
[2022-05-08 00:38:58,140] {processor.py:153} INFO - Started process (PID=288) to work on /home/airflow/.local/lib/python3.7/site-packages/airflow/example_dags/example_branch_operator_decorator.py
[2022-05-08 00:38:58,151] {processor.py:641} INFO - Processing file /home/airflow/.local/lib/python3.7/site-packages/airflow/example_dags/example_branch_operator_decorator.py for tasks to queue
[2022-05-08 00:38:58,156] {logging_mixin.py:115} INFO - [2022-05-08 00:38:58,154] {dagbag.py:507} INFO - Filling up the DagBag from /home/airflow/.local/lib/python3.7/site-packages/airflow/example_dags/example_branch_operator_decorator.py
[2022-05-08 00:38:58,268] {processor.py:651} INFO - DAG(s) dict_keys(['example_branch_python_operator_decorator']) retrieved from /home/airflow/.local/lib/python3.7/site-packages/airflow/example_dags/example_branch_operator_decorator.py
[2022-05-08 00:38:58,651] {logging_mixin.py:115} INFO - [2022-05-08 00:38:58,651] {manager.py:508} INFO - Created Permission View: can delete on DAG:example_branch_python_operator_decorator
[2022-05-08 00:38:58,681] {logging_mixin.py:115} INFO - [2022-05-08 00:38:58,681] {manager.py:508} INFO - Created Permission View: can edit on DAG:example_branch_python_operator_decorator
[2022-05-08 00:38:58,707] {logging_mixin.py:115} INFO - [2022-05-08 00:38:58,707] {manager.py:508} INFO - Created Permission View: can read on DAG:example_branch_python_operator_decorator
[2022-05-08 00:38:58,709] {logging_mixin.py:115} INFO - [2022-05-08 00:38:58,708] {dag.py:2371} INFO - Sync 1 DAGs
[2022-05-08 00:38:58,752] {logging_mixin.py:115} INFO - [2022-05-08 00:38:58,752] {dag.py:2390} INFO - Creating ORM DAG for example_branch_python_operator_decorator
[2022-05-08 00:38:58,810] {logging_mixin.py:115} INFO - [2022-05-08 00:38:58,809] {dag.py:2919} INFO - Setting next_dagrun for example_branch_python_operator_decorator to 2022-05-07T00:00:00+00:00, run_after=2022-05-08T00:00:00+00:00
[2022-05-08 00:38:58,900] {processor.py:161} INFO - Processing /home/airflow/.local/lib/python3.7/site-packages/airflow/example_dags/example_branch_operator_decorator.py took 0.764 seconds
[2022-05-08 00:39:29,038] {processor.py:153} INFO - Started process (PID=458) to work on /home/airflow/.local/lib/python3.7/site-packages/airflow/example_dags/example_branch_operator_decorator.py
[2022-05-08 00:39:29,040] {processor.py:641} INFO - Processing file /home/airflow/.local/lib/python3.7/site-packages/airflow/example_dags/example_branch_operator_decorator.py for tasks to queue
[2022-05-08 00:39:29,041] {logging_mixin.py:115} INFO - [2022-05-08 00:39:29,041] {dagbag.py:507} INFO - Filling up the DagBag from /home/airflow/.local/lib/python3.7/site-packages/airflow/example_dags/example_branch_operator_decorator.py
[2022-05-08 00:39:29,083] {processor.py:651} INFO - DAG(s) dict_keys(['example_branch_python_operator_decorator']) retrieved from /home/airflow/.local/lib/python3.7/site-packages/airflow/example_dags/example_branch_operator_decorator.py
[2022-05-08 00:39:29,116] {logging_mixin.py:115} INFO - [2022-05-08 00:39:29,116] {dag.py:2371} INFO - Sync 1 DAGs
[2022-05-08 00:39:29,156] {logging_mixin.py:115} INFO - [2022-05-08 00:39:29,156] {dag.py:2919} INFO - Setting next_dagrun for example_branch_python_operator_decorator to 2022-05-07T00:00:00+00:00, run_after=2022-05-08T00:00:00+00:00
[2022-05-08 00:39:29,175] {processor.py:161} INFO - Processing /home/airflow/.local/lib/python3.7/site-packages/airflow/example_dags/example_branch_operator_decorator.py took 0.141 seconds
[2022-05-08 00:39:59,214] {processor.py:153} INFO - Started process (PID=630) to work on /home/airflow/.local/lib/python3.7/site-packages/airflow/example_dags/example_branch_operator_decorator.py
[2022-05-08 00:39:59,216] {processor.py:641} INFO - Processing file /home/airflow/.local/lib/python3.7/site-packages/airflow/example_dags/example_branch_operator_decorator.py for tasks to queue
[2022-05-08 00:39:59,217] {logging_mixin.py:115} INFO - [2022-05-08 00:39:59,217] {dagbag.py:507} INFO - Filling up the DagBag from /home/airflow/.local/lib/python3.7/site-packages/airflow/example_dags/example_branch_operator_decorator.py
[2022-05-08 00:39:59,243] {processor.py:651} INFO - DAG(s) dict_keys(['example_branch_python_operator_decorator']) retrieved from /home/airflow/.local/lib/python3.7/site-packages/airflow/example_dags/example_branch_operator_decorator.py
[2022-05-08 00:39:59,276] {logging_mixin.py:115} INFO - [2022-05-08 00:39:59,276] {dag.py:2371} INFO - Sync 1 DAGs
[2022-05-08 00:39:59,302] {logging_mixin.py:115} INFO - [2022-05-08 00:39:59,302] {dag.py:2919} INFO - Setting next_dagrun for example_branch_python_operator_decorator to 2022-05-07T00:00:00+00:00, run_after=2022-05-08T00:00:00+00:00
[2022-05-08 00:39:59,318] {processor.py:161} INFO - Processing /home/airflow/.local/lib/python3.7/site-packages/airflow/example_dags/example_branch_operator_decorator.py took 0.109 seconds
[2022-05-08 00:40:30,157] {processor.py:153} INFO - Started process (PID=798) to work on /home/airflow/.local/lib/python3.7/site-packages/airflow/example_dags/example_branch_operator_decorator.py
[2022-05-08 00:40:30,167] {processor.py:641} INFO - Processing file /home/airflow/.local/lib/python3.7/site-packages/airflow/example_dags/example_branch_operator_decorator.py for tasks to queue
[2022-05-08 00:40:30,180] {logging_mixin.py:115} INFO - [2022-05-08 00:40:30,179] {dagbag.py:507} INFO - Filling up the DagBag from /home/airflow/.local/lib/python3.7/site-packages/airflow/example_dags/example_branch_operator_decorator.py
[2022-05-08 00:40:30,335] {processor.py:651} INFO - DAG(s) dict_keys(['example_branch_python_operator_decorator']) retrieved from /home/airflow/.local/lib/python3.7/site-packages/airflow/example_dags/example_branch_operator_decorator.py
[2022-05-08 00:40:30,447] {logging_mixin.py:115} INFO - [2022-05-08 00:40:30,447] {dag.py:2371} INFO - Sync 1 DAGs
[2022-05-08 00:40:30,547] {logging_mixin.py:115} INFO - [2022-05-08 00:40:30,547] {dag.py:2919} INFO - Setting next_dagrun for example_branch_python_operator_decorator to 2022-05-07T00:00:00+00:00, run_after=2022-05-08T00:00:00+00:00
[2022-05-08 00:40:30,572] {processor.py:161} INFO - Processing /home/airflow/.local/lib/python3.7/site-packages/airflow/example_dags/example_branch_operator_decorator.py took 0.440 seconds
[2022-05-08 00:41:01,429] {processor.py:153} INFO - Started process (PID=970) to work on /home/airflow/.local/lib/python3.7/site-packages/airflow/example_dags/example_branch_operator_decorator.py
[2022-05-08 00:41:01,432] {processor.py:641} INFO - Processing file /home/airflow/.local/lib/python3.7/site-packages/airflow/example_dags/example_branch_operator_decorator.py for tasks to queue
[2022-05-08 00:41:01,434] {logging_mixin.py:115} INFO - [2022-05-08 00:41:01,434] {dagbag.py:507} INFO - Filling up the DagBag from /home/airflow/.local/lib/python3.7/site-packages/airflow/example_dags/example_branch_operator_decorator.py
[2022-05-08 00:41:01,477] {processor.py:651} INFO - DAG(s) dict_keys(['example_branch_python_operator_decorator']) retrieved from /home/airflow/.local/lib/python3.7/site-packages/airflow/example_dags/example_branch_operator_decorator.py
[2022-05-08 00:41:01,521] {logging_mixin.py:115} INFO - [2022-05-08 00:41:01,521] {dag.py:2371} INFO - Sync 1 DAGs
[2022-05-08 00:41:01,562] {logging_mixin.py:115} INFO - [2022-05-08 00:41:01,562] {dag.py:2919} INFO - Setting next_dagrun for example_branch_python_operator_decorator to 2022-05-07T00:00:00+00:00, run_after=2022-05-08T00:00:00+00:00
[2022-05-08 00:41:01,584] {processor.py:161} INFO - Processing /home/airflow/.local/lib/python3.7/site-packages/airflow/example_dags/example_branch_operator_decorator.py took 0.163 seconds
[2022-05-08 00:41:31,933] {processor.py:153} INFO - Started process (PID=1140) to work on /home/airflow/.local/lib/python3.7/site-packages/airflow/example_dags/example_branch_operator_decorator.py
[2022-05-08 00:41:31,935] {processor.py:641} INFO - Processing file /home/airflow/.local/lib/python3.7/site-packages/airflow/example_dags/example_branch_operator_decorator.py for tasks to queue
[2022-05-08 00:41:31,937] {logging_mixin.py:115} INFO - [2022-05-08 00:41:31,937] {dagbag.py:507} INFO - Filling up the DagBag from /home/airflow/.local/lib/python3.7/site-packages/airflow/example_dags/example_branch_operator_decorator.py
[2022-05-08 00:41:31,987] {processor.py:651} INFO - DAG(s) dict_keys(['example_branch_python_operator_decorator']) retrieved from /home/airflow/.local/lib/python3.7/site-packages/airflow/example_dags/example_branch_operator_decorator.py
[2022-05-08 00:41:32,051] {logging_mixin.py:115} INFO - [2022-05-08 00:41:32,051] {dag.py:2371} INFO - Sync 1 DAGs
[2022-05-08 00:41:32,090] {logging_mixin.py:115} INFO - [2022-05-08 00:41:32,090] {dag.py:2919} INFO - Setting next_dagrun for example_branch_python_operator_decorator to 2022-05-07T00:00:00+00:00, run_after=2022-05-08T00:00:00+00:00
[2022-05-08 00:41:32,113] {processor.py:161} INFO - Processing /home/airflow/.local/lib/python3.7/site-packages/airflow/example_dags/example_branch_operator_decorator.py took 0.188 seconds
[2022-05-08 00:42:02,592] {processor.py:153} INFO - Started process (PID=1310) to work on /home/airflow/.local/lib/python3.7/site-packages/airflow/example_dags/example_branch_operator_decorator.py
[2022-05-08 00:42:02,597] {processor.py:641} INFO - Processing file /home/airflow/.local/lib/python3.7/site-packages/airflow/example_dags/example_branch_operator_decorator.py for tasks to queue
[2022-05-08 00:42:02,600] {logging_mixin.py:115} INFO - [2022-05-08 00:42:02,599] {dagbag.py:507} INFO - Filling up the DagBag from /home/airflow/.local/lib/python3.7/site-packages/airflow/example_dags/example_branch_operator_decorator.py
[2022-05-08 00:42:02,672] {processor.py:651} INFO - DAG(s) dict_keys(['example_branch_python_operator_decorator']) retrieved from /home/airflow/.local/lib/python3.7/site-packages/airflow/example_dags/example_branch_operator_decorator.py
[2022-05-08 00:42:02,748] {logging_mixin.py:115} INFO - [2022-05-08 00:42:02,748] {dag.py:2371} INFO - Sync 1 DAGs
[2022-05-08 00:42:02,801] {logging_mixin.py:115} INFO - [2022-05-08 00:42:02,801] {dag.py:2919} INFO - Setting next_dagrun for example_branch_python_operator_decorator to 2022-05-07T00:00:00+00:00, run_after=2022-05-08T00:00:00+00:00
[2022-05-08 00:42:02,832] {processor.py:161} INFO - Processing /home/airflow/.local/lib/python3.7/site-packages/airflow/example_dags/example_branch_operator_decorator.py took 0.246 seconds
