[2022-05-08 00:28:35,372] {processor.py:153} INFO - Started process (PID=281) to work on /home/airflow/.local/lib/python3.7/site-packages/airflow/example_dags/example_latest_only.py
[2022-05-08 00:28:35,376] {processor.py:641} INFO - Processing file /home/airflow/.local/lib/python3.7/site-packages/airflow/example_dags/example_latest_only.py for tasks to queue
[2022-05-08 00:28:35,380] {logging_mixin.py:115} INFO - [2022-05-08 00:28:35,380] {dagbag.py:507} INFO - Filling up the DagBag from /home/airflow/.local/lib/python3.7/site-packages/airflow/example_dags/example_latest_only.py
[2022-05-08 00:28:35,396] {processor.py:651} INFO - DAG(s) dict_keys(['latest_only']) retrieved from /home/airflow/.local/lib/python3.7/site-packages/airflow/example_dags/example_latest_only.py
[2022-05-08 00:28:35,449] {logging_mixin.py:115} INFO - [2022-05-08 00:28:35,449] {dag.py:2371} INFO - Sync 1 DAGs
[2022-05-08 00:28:35,624] {logging_mixin.py:115} INFO - [2022-05-08 00:28:35,623] {dag.py:2919} INFO - Setting next_dagrun for latest_only to 2022-05-07T20:28:35.623037+00:00, run_after=2022-05-08T00:28:35.623037+00:00
[2022-05-08 00:28:36,016] {processor.py:161} INFO - Processing /home/airflow/.local/lib/python3.7/site-packages/airflow/example_dags/example_latest_only.py took 0.653 seconds
[2022-05-08 00:29:06,711] {processor.py:153} INFO - Started process (PID=452) to work on /home/airflow/.local/lib/python3.7/site-packages/airflow/example_dags/example_latest_only.py
[2022-05-08 00:29:06,716] {processor.py:641} INFO - Processing file /home/airflow/.local/lib/python3.7/site-packages/airflow/example_dags/example_latest_only.py for tasks to queue
[2022-05-08 00:29:06,717] {logging_mixin.py:115} INFO - [2022-05-08 00:29:06,717] {dagbag.py:507} INFO - Filling up the DagBag from /home/airflow/.local/lib/python3.7/site-packages/airflow/example_dags/example_latest_only.py
[2022-05-08 00:29:06,731] {processor.py:651} INFO - DAG(s) dict_keys(['latest_only']) retrieved from /home/airflow/.local/lib/python3.7/site-packages/airflow/example_dags/example_latest_only.py
[2022-05-08 00:29:06,806] {logging_mixin.py:115} INFO - [2022-05-08 00:29:06,805] {dag.py:2371} INFO - Sync 1 DAGs
[2022-05-08 00:29:06,863] {logging_mixin.py:115} INFO - [2022-05-08 00:29:06,863] {dag.py:2919} INFO - Setting next_dagrun for latest_only to 2022-05-07T20:29:06.863032+00:00, run_after=2022-05-08T00:29:06.863032+00:00
[2022-05-08 00:29:06,891] {processor.py:161} INFO - Processing /home/airflow/.local/lib/python3.7/site-packages/airflow/example_dags/example_latest_only.py took 0.184 seconds
[2022-05-08 00:29:37,176] {processor.py:153} INFO - Started process (PID=622) to work on /home/airflow/.local/lib/python3.7/site-packages/airflow/example_dags/example_latest_only.py
[2022-05-08 00:29:37,178] {processor.py:641} INFO - Processing file /home/airflow/.local/lib/python3.7/site-packages/airflow/example_dags/example_latest_only.py for tasks to queue
[2022-05-08 00:29:37,180] {logging_mixin.py:115} INFO - [2022-05-08 00:29:37,180] {dagbag.py:507} INFO - Filling up the DagBag from /home/airflow/.local/lib/python3.7/site-packages/airflow/example_dags/example_latest_only.py
[2022-05-08 00:29:37,192] {processor.py:651} INFO - DAG(s) dict_keys(['latest_only']) retrieved from /home/airflow/.local/lib/python3.7/site-packages/airflow/example_dags/example_latest_only.py
[2022-05-08 00:29:37,277] {logging_mixin.py:115} INFO - [2022-05-08 00:29:37,277] {dag.py:2371} INFO - Sync 1 DAGs
[2022-05-08 00:29:37,349] {logging_mixin.py:115} INFO - [2022-05-08 00:29:37,349] {dag.py:2919} INFO - Setting next_dagrun for latest_only to 2022-05-07T20:29:37.348891+00:00, run_after=2022-05-08T00:29:37.348891+00:00
[2022-05-08 00:29:37,372] {processor.py:161} INFO - Processing /home/airflow/.local/lib/python3.7/site-packages/airflow/example_dags/example_latest_only.py took 0.203 seconds
[2022-05-08 00:30:07,501] {processor.py:153} INFO - Started process (PID=792) to work on /home/airflow/.local/lib/python3.7/site-packages/airflow/example_dags/example_latest_only.py
[2022-05-08 00:30:07,502] {processor.py:641} INFO - Processing file /home/airflow/.local/lib/python3.7/site-packages/airflow/example_dags/example_latest_only.py for tasks to queue
[2022-05-08 00:30:07,506] {logging_mixin.py:115} INFO - [2022-05-08 00:30:07,506] {dagbag.py:507} INFO - Filling up the DagBag from /home/airflow/.local/lib/python3.7/site-packages/airflow/example_dags/example_latest_only.py
[2022-05-08 00:30:07,514] {processor.py:651} INFO - DAG(s) dict_keys(['latest_only']) retrieved from /home/airflow/.local/lib/python3.7/site-packages/airflow/example_dags/example_latest_only.py
[2022-05-08 00:30:07,550] {logging_mixin.py:115} INFO - [2022-05-08 00:30:07,550] {dag.py:2371} INFO - Sync 1 DAGs
[2022-05-08 00:30:07,583] {logging_mixin.py:115} INFO - [2022-05-08 00:30:07,583] {dag.py:2919} INFO - Setting next_dagrun for latest_only to 2022-05-07T20:30:07.583084+00:00, run_after=2022-05-08T00:30:07.583084+00:00
[2022-05-08 00:30:07,601] {processor.py:161} INFO - Processing /home/airflow/.local/lib/python3.7/site-packages/airflow/example_dags/example_latest_only.py took 0.103 seconds
[2022-05-08 00:30:37,665] {processor.py:153} INFO - Started process (PID=962) to work on /home/airflow/.local/lib/python3.7/site-packages/airflow/example_dags/example_latest_only.py
[2022-05-08 00:30:37,666] {processor.py:641} INFO - Processing file /home/airflow/.local/lib/python3.7/site-packages/airflow/example_dags/example_latest_only.py for tasks to queue
[2022-05-08 00:30:37,668] {logging_mixin.py:115} INFO - [2022-05-08 00:30:37,668] {dagbag.py:507} INFO - Filling up the DagBag from /home/airflow/.local/lib/python3.7/site-packages/airflow/example_dags/example_latest_only.py
[2022-05-08 00:30:37,675] {processor.py:651} INFO - DAG(s) dict_keys(['latest_only']) retrieved from /home/airflow/.local/lib/python3.7/site-packages/airflow/example_dags/example_latest_only.py
[2022-05-08 00:30:37,706] {logging_mixin.py:115} INFO - [2022-05-08 00:30:37,706] {dag.py:2371} INFO - Sync 1 DAGs
[2022-05-08 00:30:37,733] {logging_mixin.py:115} INFO - [2022-05-08 00:30:37,733] {dag.py:2919} INFO - Setting next_dagrun for latest_only to 2022-05-07T20:30:37.733285+00:00, run_after=2022-05-08T00:30:37.733285+00:00
[2022-05-08 00:30:37,751] {processor.py:161} INFO - Processing /home/airflow/.local/lib/python3.7/site-packages/airflow/example_dags/example_latest_only.py took 0.091 seconds
[2022-05-08 00:31:08,567] {processor.py:153} INFO - Started process (PID=1132) to work on /home/airflow/.local/lib/python3.7/site-packages/airflow/example_dags/example_latest_only.py
[2022-05-08 00:31:08,568] {processor.py:641} INFO - Processing file /home/airflow/.local/lib/python3.7/site-packages/airflow/example_dags/example_latest_only.py for tasks to queue
[2022-05-08 00:31:08,569] {logging_mixin.py:115} INFO - [2022-05-08 00:31:08,569] {dagbag.py:507} INFO - Filling up the DagBag from /home/airflow/.local/lib/python3.7/site-packages/airflow/example_dags/example_latest_only.py
[2022-05-08 00:31:08,576] {processor.py:651} INFO - DAG(s) dict_keys(['latest_only']) retrieved from /home/airflow/.local/lib/python3.7/site-packages/airflow/example_dags/example_latest_only.py
[2022-05-08 00:31:08,609] {logging_mixin.py:115} INFO - [2022-05-08 00:31:08,609] {dag.py:2371} INFO - Sync 1 DAGs
[2022-05-08 00:31:08,633] {logging_mixin.py:115} INFO - [2022-05-08 00:31:08,633] {dag.py:2919} INFO - Setting next_dagrun for latest_only to 2022-05-07T20:31:08.633361+00:00, run_after=2022-05-08T00:31:08.633361+00:00
[2022-05-08 00:31:08,647] {processor.py:161} INFO - Processing /home/airflow/.local/lib/python3.7/site-packages/airflow/example_dags/example_latest_only.py took 0.084 seconds
[2022-05-08 00:31:38,684] {processor.py:153} INFO - Started process (PID=1299) to work on /home/airflow/.local/lib/python3.7/site-packages/airflow/example_dags/example_latest_only.py
[2022-05-08 00:31:38,685] {processor.py:641} INFO - Processing file /home/airflow/.local/lib/python3.7/site-packages/airflow/example_dags/example_latest_only.py for tasks to queue
[2022-05-08 00:31:38,687] {logging_mixin.py:115} INFO - [2022-05-08 00:31:38,687] {dagbag.py:507} INFO - Filling up the DagBag from /home/airflow/.local/lib/python3.7/site-packages/airflow/example_dags/example_latest_only.py
[2022-05-08 00:31:38,693] {processor.py:651} INFO - DAG(s) dict_keys(['latest_only']) retrieved from /home/airflow/.local/lib/python3.7/site-packages/airflow/example_dags/example_latest_only.py
[2022-05-08 00:31:38,724] {logging_mixin.py:115} INFO - [2022-05-08 00:31:38,724] {dag.py:2371} INFO - Sync 1 DAGs
[2022-05-08 00:31:38,748] {logging_mixin.py:115} INFO - [2022-05-08 00:31:38,748] {dag.py:2919} INFO - Setting next_dagrun for latest_only to 2022-05-07T20:31:38.747837+00:00, run_after=2022-05-08T00:31:38.747837+00:00
[2022-05-08 00:31:38,763] {processor.py:161} INFO - Processing /home/airflow/.local/lib/python3.7/site-packages/airflow/example_dags/example_latest_only.py took 0.083 seconds
[2022-05-08 00:32:09,946] {processor.py:153} INFO - Started process (PID=1467) to work on /home/airflow/.local/lib/python3.7/site-packages/airflow/example_dags/example_latest_only.py
[2022-05-08 00:32:09,947] {processor.py:641} INFO - Processing file /home/airflow/.local/lib/python3.7/site-packages/airflow/example_dags/example_latest_only.py for tasks to queue
[2022-05-08 00:32:09,948] {logging_mixin.py:115} INFO - [2022-05-08 00:32:09,948] {dagbag.py:507} INFO - Filling up the DagBag from /home/airflow/.local/lib/python3.7/site-packages/airflow/example_dags/example_latest_only.py
[2022-05-08 00:32:09,961] {processor.py:651} INFO - DAG(s) dict_keys(['latest_only']) retrieved from /home/airflow/.local/lib/python3.7/site-packages/airflow/example_dags/example_latest_only.py
[2022-05-08 00:32:10,017] {logging_mixin.py:115} INFO - [2022-05-08 00:32:10,017] {dag.py:2371} INFO - Sync 1 DAGs
[2022-05-08 00:32:10,045] {logging_mixin.py:115} INFO - [2022-05-08 00:32:10,045] {dag.py:2919} INFO - Setting next_dagrun for latest_only to 2022-05-07T20:32:10.045513+00:00, run_after=2022-05-08T00:32:10.045513+00:00
[2022-05-08 00:32:10,081] {processor.py:161} INFO - Processing /home/airflow/.local/lib/python3.7/site-packages/airflow/example_dags/example_latest_only.py took 0.139 seconds
[2022-05-08 00:32:40,755] {processor.py:153} INFO - Started process (PID=1642) to work on /home/airflow/.local/lib/python3.7/site-packages/airflow/example_dags/example_latest_only.py
[2022-05-08 00:32:40,757] {processor.py:641} INFO - Processing file /home/airflow/.local/lib/python3.7/site-packages/airflow/example_dags/example_latest_only.py for tasks to queue
[2022-05-08 00:32:40,758] {logging_mixin.py:115} INFO - [2022-05-08 00:32:40,758] {dagbag.py:507} INFO - Filling up the DagBag from /home/airflow/.local/lib/python3.7/site-packages/airflow/example_dags/example_latest_only.py
[2022-05-08 00:32:40,765] {processor.py:651} INFO - DAG(s) dict_keys(['latest_only']) retrieved from /home/airflow/.local/lib/python3.7/site-packages/airflow/example_dags/example_latest_only.py
[2022-05-08 00:32:40,798] {logging_mixin.py:115} INFO - [2022-05-08 00:32:40,798] {dag.py:2371} INFO - Sync 1 DAGs
[2022-05-08 00:32:40,830] {logging_mixin.py:115} INFO - [2022-05-08 00:32:40,830] {dag.py:2919} INFO - Setting next_dagrun for latest_only to 2022-05-07T20:32:40.830284+00:00, run_after=2022-05-08T00:32:40.830284+00:00
[2022-05-08 00:32:40,848] {processor.py:161} INFO - Processing /home/airflow/.local/lib/python3.7/site-packages/airflow/example_dags/example_latest_only.py took 0.096 seconds
[2022-05-08 00:33:12,021] {processor.py:153} INFO - Started process (PID=1812) to work on /home/airflow/.local/lib/python3.7/site-packages/airflow/example_dags/example_latest_only.py
[2022-05-08 00:33:12,024] {processor.py:641} INFO - Processing file /home/airflow/.local/lib/python3.7/site-packages/airflow/example_dags/example_latest_only.py for tasks to queue
[2022-05-08 00:33:12,025] {logging_mixin.py:115} INFO - [2022-05-08 00:33:12,025] {dagbag.py:507} INFO - Filling up the DagBag from /home/airflow/.local/lib/python3.7/site-packages/airflow/example_dags/example_latest_only.py
[2022-05-08 00:33:12,034] {processor.py:651} INFO - DAG(s) dict_keys(['latest_only']) retrieved from /home/airflow/.local/lib/python3.7/site-packages/airflow/example_dags/example_latest_only.py
[2022-05-08 00:33:12,093] {logging_mixin.py:115} INFO - [2022-05-08 00:33:12,093] {dag.py:2371} INFO - Sync 1 DAGs
[2022-05-08 00:33:12,133] {logging_mixin.py:115} INFO - [2022-05-08 00:33:12,133] {dag.py:2919} INFO - Setting next_dagrun for latest_only to 2022-05-07T20:33:12.133442+00:00, run_after=2022-05-08T00:33:12.133442+00:00
[2022-05-08 00:33:12,149] {processor.py:161} INFO - Processing /home/airflow/.local/lib/python3.7/site-packages/airflow/example_dags/example_latest_only.py took 0.135 seconds
[2022-05-08 00:33:42,499] {processor.py:153} INFO - Started process (PID=1982) to work on /home/airflow/.local/lib/python3.7/site-packages/airflow/example_dags/example_latest_only.py
[2022-05-08 00:33:42,501] {processor.py:641} INFO - Processing file /home/airflow/.local/lib/python3.7/site-packages/airflow/example_dags/example_latest_only.py for tasks to queue
[2022-05-08 00:33:42,503] {logging_mixin.py:115} INFO - [2022-05-08 00:33:42,503] {dagbag.py:507} INFO - Filling up the DagBag from /home/airflow/.local/lib/python3.7/site-packages/airflow/example_dags/example_latest_only.py
[2022-05-08 00:33:42,510] {processor.py:651} INFO - DAG(s) dict_keys(['latest_only']) retrieved from /home/airflow/.local/lib/python3.7/site-packages/airflow/example_dags/example_latest_only.py
[2022-05-08 00:33:42,579] {logging_mixin.py:115} INFO - [2022-05-08 00:33:42,579] {dag.py:2371} INFO - Sync 1 DAGs
[2022-05-08 00:33:42,633] {logging_mixin.py:115} INFO - [2022-05-08 00:33:42,633] {dag.py:2919} INFO - Setting next_dagrun for latest_only to 2022-05-07T20:33:42.633630+00:00, run_after=2022-05-08T00:33:42.633630+00:00
[2022-05-08 00:33:42,648] {processor.py:161} INFO - Processing /home/airflow/.local/lib/python3.7/site-packages/airflow/example_dags/example_latest_only.py took 0.154 seconds
[2022-05-08 00:34:12,789] {processor.py:153} INFO - Started process (PID=2152) to work on /home/airflow/.local/lib/python3.7/site-packages/airflow/example_dags/example_latest_only.py
[2022-05-08 00:34:12,790] {processor.py:641} INFO - Processing file /home/airflow/.local/lib/python3.7/site-packages/airflow/example_dags/example_latest_only.py for tasks to queue
[2022-05-08 00:34:12,792] {logging_mixin.py:115} INFO - [2022-05-08 00:34:12,792] {dagbag.py:507} INFO - Filling up the DagBag from /home/airflow/.local/lib/python3.7/site-packages/airflow/example_dags/example_latest_only.py
[2022-05-08 00:34:12,802] {processor.py:651} INFO - DAG(s) dict_keys(['latest_only']) retrieved from /home/airflow/.local/lib/python3.7/site-packages/airflow/example_dags/example_latest_only.py
[2022-05-08 00:34:12,834] {logging_mixin.py:115} INFO - [2022-05-08 00:34:12,834] {dag.py:2371} INFO - Sync 1 DAGs
[2022-05-08 00:34:12,862] {logging_mixin.py:115} INFO - [2022-05-08 00:34:12,862] {dag.py:2919} INFO - Setting next_dagrun for latest_only to 2022-05-07T20:34:12.862373+00:00, run_after=2022-05-08T00:34:12.862373+00:00
[2022-05-08 00:34:12,880] {processor.py:161} INFO - Processing /home/airflow/.local/lib/python3.7/site-packages/airflow/example_dags/example_latest_only.py took 0.098 seconds
[2022-05-08 00:34:44,263] {processor.py:153} INFO - Started process (PID=2322) to work on /home/airflow/.local/lib/python3.7/site-packages/airflow/example_dags/example_latest_only.py
[2022-05-08 00:34:44,266] {processor.py:641} INFO - Processing file /home/airflow/.local/lib/python3.7/site-packages/airflow/example_dags/example_latest_only.py for tasks to queue
[2022-05-08 00:34:44,268] {logging_mixin.py:115} INFO - [2022-05-08 00:34:44,268] {dagbag.py:507} INFO - Filling up the DagBag from /home/airflow/.local/lib/python3.7/site-packages/airflow/example_dags/example_latest_only.py
[2022-05-08 00:34:44,281] {processor.py:651} INFO - DAG(s) dict_keys(['latest_only']) retrieved from /home/airflow/.local/lib/python3.7/site-packages/airflow/example_dags/example_latest_only.py
[2022-05-08 00:34:44,329] {logging_mixin.py:115} INFO - [2022-05-08 00:34:44,329] {dag.py:2371} INFO - Sync 1 DAGs
[2022-05-08 00:34:44,369] {logging_mixin.py:115} INFO - [2022-05-08 00:34:44,369] {dag.py:2919} INFO - Setting next_dagrun for latest_only to 2022-05-07T20:34:44.368933+00:00, run_after=2022-05-08T00:34:44.368933+00:00
[2022-05-08 00:34:44,391] {processor.py:161} INFO - Processing /home/airflow/.local/lib/python3.7/site-packages/airflow/example_dags/example_latest_only.py took 0.135 seconds
[2022-05-08 00:35:14,988] {processor.py:153} INFO - Started process (PID=2492) to work on /home/airflow/.local/lib/python3.7/site-packages/airflow/example_dags/example_latest_only.py
[2022-05-08 00:35:14,993] {processor.py:641} INFO - Processing file /home/airflow/.local/lib/python3.7/site-packages/airflow/example_dags/example_latest_only.py for tasks to queue
[2022-05-08 00:35:14,999] {logging_mixin.py:115} INFO - [2022-05-08 00:35:14,999] {dagbag.py:507} INFO - Filling up the DagBag from /home/airflow/.local/lib/python3.7/site-packages/airflow/example_dags/example_latest_only.py
[2022-05-08 00:35:15,033] {processor.py:651} INFO - DAG(s) dict_keys(['latest_only']) retrieved from /home/airflow/.local/lib/python3.7/site-packages/airflow/example_dags/example_latest_only.py
[2022-05-08 00:35:15,126] {logging_mixin.py:115} INFO - [2022-05-08 00:35:15,126] {dag.py:2371} INFO - Sync 1 DAGs
[2022-05-08 00:35:15,176] {logging_mixin.py:115} INFO - [2022-05-08 00:35:15,176] {dag.py:2919} INFO - Setting next_dagrun for latest_only to 2022-05-07T20:35:15.176265+00:00, run_after=2022-05-08T00:35:15.176265+00:00
[2022-05-08 00:35:15,205] {processor.py:161} INFO - Processing /home/airflow/.local/lib/python3.7/site-packages/airflow/example_dags/example_latest_only.py took 0.227 seconds
[2022-05-08 00:35:45,778] {processor.py:153} INFO - Started process (PID=2662) to work on /home/airflow/.local/lib/python3.7/site-packages/airflow/example_dags/example_latest_only.py
[2022-05-08 00:35:45,781] {processor.py:641} INFO - Processing file /home/airflow/.local/lib/python3.7/site-packages/airflow/example_dags/example_latest_only.py for tasks to queue
[2022-05-08 00:35:45,783] {logging_mixin.py:115} INFO - [2022-05-08 00:35:45,783] {dagbag.py:507} INFO - Filling up the DagBag from /home/airflow/.local/lib/python3.7/site-packages/airflow/example_dags/example_latest_only.py
[2022-05-08 00:35:45,790] {processor.py:651} INFO - DAG(s) dict_keys(['latest_only']) retrieved from /home/airflow/.local/lib/python3.7/site-packages/airflow/example_dags/example_latest_only.py
[2022-05-08 00:35:45,834] {logging_mixin.py:115} INFO - [2022-05-08 00:35:45,834] {dag.py:2371} INFO - Sync 1 DAGs
[2022-05-08 00:35:45,864] {logging_mixin.py:115} INFO - [2022-05-08 00:35:45,864] {dag.py:2919} INFO - Setting next_dagrun for latest_only to 2022-05-07T20:35:45.863629+00:00, run_after=2022-05-08T00:35:45.863629+00:00
[2022-05-08 00:35:45,882] {processor.py:161} INFO - Processing /home/airflow/.local/lib/python3.7/site-packages/airflow/example_dags/example_latest_only.py took 0.109 seconds
[2022-05-08 00:38:57,393] {processor.py:153} INFO - Started process (PID=283) to work on /home/airflow/.local/lib/python3.7/site-packages/airflow/example_dags/example_latest_only.py
[2022-05-08 00:38:57,400] {processor.py:641} INFO - Processing file /home/airflow/.local/lib/python3.7/site-packages/airflow/example_dags/example_latest_only.py for tasks to queue
[2022-05-08 00:38:57,407] {logging_mixin.py:115} INFO - [2022-05-08 00:38:57,407] {dagbag.py:507} INFO - Filling up the DagBag from /home/airflow/.local/lib/python3.7/site-packages/airflow/example_dags/example_latest_only.py
[2022-05-08 00:38:57,428] {processor.py:651} INFO - DAG(s) dict_keys(['latest_only']) retrieved from /home/airflow/.local/lib/python3.7/site-packages/airflow/example_dags/example_latest_only.py
[2022-05-08 00:38:57,817] {logging_mixin.py:115} INFO - [2022-05-08 00:38:57,817] {manager.py:508} INFO - Created Permission View: can delete on DAG:latest_only
[2022-05-08 00:38:57,864] {logging_mixin.py:115} INFO - [2022-05-08 00:38:57,863] {manager.py:508} INFO - Created Permission View: can edit on DAG:latest_only
[2022-05-08 00:38:57,904] {logging_mixin.py:115} INFO - [2022-05-08 00:38:57,904] {manager.py:508} INFO - Created Permission View: can read on DAG:latest_only
[2022-05-08 00:38:57,909] {logging_mixin.py:115} INFO - [2022-05-08 00:38:57,909] {dag.py:2371} INFO - Sync 1 DAGs
[2022-05-08 00:38:57,957] {logging_mixin.py:115} INFO - [2022-05-08 00:38:57,957] {dag.py:2390} INFO - Creating ORM DAG for latest_only
[2022-05-08 00:38:58,035] {logging_mixin.py:115} INFO - [2022-05-08 00:38:58,031] {dag.py:2919} INFO - Setting next_dagrun for latest_only to 2022-05-07T20:38:58.029994+00:00, run_after=2022-05-08T00:38:58.029994+00:00
[2022-05-08 00:38:58,152] {processor.py:161} INFO - Processing /home/airflow/.local/lib/python3.7/site-packages/airflow/example_dags/example_latest_only.py took 0.762 seconds
[2022-05-08 00:39:28,861] {processor.py:153} INFO - Started process (PID=452) to work on /home/airflow/.local/lib/python3.7/site-packages/airflow/example_dags/example_latest_only.py
[2022-05-08 00:39:28,867] {processor.py:641} INFO - Processing file /home/airflow/.local/lib/python3.7/site-packages/airflow/example_dags/example_latest_only.py for tasks to queue
[2022-05-08 00:39:28,870] {logging_mixin.py:115} INFO - [2022-05-08 00:39:28,870] {dagbag.py:507} INFO - Filling up the DagBag from /home/airflow/.local/lib/python3.7/site-packages/airflow/example_dags/example_latest_only.py
[2022-05-08 00:39:28,890] {processor.py:651} INFO - DAG(s) dict_keys(['latest_only']) retrieved from /home/airflow/.local/lib/python3.7/site-packages/airflow/example_dags/example_latest_only.py
[2022-05-08 00:39:28,965] {logging_mixin.py:115} INFO - [2022-05-08 00:39:28,965] {dag.py:2371} INFO - Sync 1 DAGs
[2022-05-08 00:39:29,016] {logging_mixin.py:115} INFO - [2022-05-08 00:39:29,015] {dag.py:2919} INFO - Setting next_dagrun for latest_only to 2022-05-07T20:39:29.015457+00:00, run_after=2022-05-08T00:39:29.015457+00:00
[2022-05-08 00:39:29,043] {processor.py:161} INFO - Processing /home/airflow/.local/lib/python3.7/site-packages/airflow/example_dags/example_latest_only.py took 0.193 seconds
[2022-05-08 00:39:59,091] {processor.py:153} INFO - Started process (PID=623) to work on /home/airflow/.local/lib/python3.7/site-packages/airflow/example_dags/example_latest_only.py
[2022-05-08 00:39:59,092] {processor.py:641} INFO - Processing file /home/airflow/.local/lib/python3.7/site-packages/airflow/example_dags/example_latest_only.py for tasks to queue
[2022-05-08 00:39:59,093] {logging_mixin.py:115} INFO - [2022-05-08 00:39:59,093] {dagbag.py:507} INFO - Filling up the DagBag from /home/airflow/.local/lib/python3.7/site-packages/airflow/example_dags/example_latest_only.py
[2022-05-08 00:39:59,099] {processor.py:651} INFO - DAG(s) dict_keys(['latest_only']) retrieved from /home/airflow/.local/lib/python3.7/site-packages/airflow/example_dags/example_latest_only.py
[2022-05-08 00:39:59,130] {logging_mixin.py:115} INFO - [2022-05-08 00:39:59,130] {dag.py:2371} INFO - Sync 1 DAGs
[2022-05-08 00:39:59,155] {logging_mixin.py:115} INFO - [2022-05-08 00:39:59,155] {dag.py:2919} INFO - Setting next_dagrun for latest_only to 2022-05-07T20:39:59.154693+00:00, run_after=2022-05-08T00:39:59.154693+00:00
[2022-05-08 00:39:59,169] {processor.py:161} INFO - Processing /home/airflow/.local/lib/python3.7/site-packages/airflow/example_dags/example_latest_only.py took 0.082 seconds
[2022-05-08 00:40:29,769] {processor.py:153} INFO - Started process (PID=791) to work on /home/airflow/.local/lib/python3.7/site-packages/airflow/example_dags/example_latest_only.py
[2022-05-08 00:40:29,774] {processor.py:641} INFO - Processing file /home/airflow/.local/lib/python3.7/site-packages/airflow/example_dags/example_latest_only.py for tasks to queue
[2022-05-08 00:40:29,777] {logging_mixin.py:115} INFO - [2022-05-08 00:40:29,776] {dagbag.py:507} INFO - Filling up the DagBag from /home/airflow/.local/lib/python3.7/site-packages/airflow/example_dags/example_latest_only.py
[2022-05-08 00:40:29,792] {processor.py:651} INFO - DAG(s) dict_keys(['latest_only']) retrieved from /home/airflow/.local/lib/python3.7/site-packages/airflow/example_dags/example_latest_only.py
[2022-05-08 00:40:29,866] {logging_mixin.py:115} INFO - [2022-05-08 00:40:29,866] {dag.py:2371} INFO - Sync 1 DAGs
[2022-05-08 00:40:29,936] {logging_mixin.py:115} INFO - [2022-05-08 00:40:29,936] {dag.py:2919} INFO - Setting next_dagrun for latest_only to 2022-05-07T20:40:29.933119+00:00, run_after=2022-05-08T00:40:29.933119+00:00
[2022-05-08 00:40:29,980] {processor.py:161} INFO - Processing /home/airflow/.local/lib/python3.7/site-packages/airflow/example_dags/example_latest_only.py took 0.223 seconds
[2022-05-08 00:41:00,227] {processor.py:153} INFO - Started process (PID=962) to work on /home/airflow/.local/lib/python3.7/site-packages/airflow/example_dags/example_latest_only.py
[2022-05-08 00:41:00,229] {processor.py:641} INFO - Processing file /home/airflow/.local/lib/python3.7/site-packages/airflow/example_dags/example_latest_only.py for tasks to queue
[2022-05-08 00:41:00,236] {logging_mixin.py:115} INFO - [2022-05-08 00:41:00,235] {dagbag.py:507} INFO - Filling up the DagBag from /home/airflow/.local/lib/python3.7/site-packages/airflow/example_dags/example_latest_only.py
[2022-05-08 00:41:00,251] {processor.py:651} INFO - DAG(s) dict_keys(['latest_only']) retrieved from /home/airflow/.local/lib/python3.7/site-packages/airflow/example_dags/example_latest_only.py
[2022-05-08 00:41:00,320] {logging_mixin.py:115} INFO - [2022-05-08 00:41:00,320] {dag.py:2371} INFO - Sync 1 DAGs
[2022-05-08 00:41:00,355] {logging_mixin.py:115} INFO - [2022-05-08 00:41:00,355] {dag.py:2919} INFO - Setting next_dagrun for latest_only to 2022-05-07T20:41:00.354677+00:00, run_after=2022-05-08T00:41:00.354677+00:00
[2022-05-08 00:41:00,378] {processor.py:161} INFO - Processing /home/airflow/.local/lib/python3.7/site-packages/airflow/example_dags/example_latest_only.py took 0.157 seconds
[2022-05-08 00:41:30,792] {processor.py:153} INFO - Started process (PID=1133) to work on /home/airflow/.local/lib/python3.7/site-packages/airflow/example_dags/example_latest_only.py
[2022-05-08 00:41:30,794] {processor.py:641} INFO - Processing file /home/airflow/.local/lib/python3.7/site-packages/airflow/example_dags/example_latest_only.py for tasks to queue
[2022-05-08 00:41:30,796] {logging_mixin.py:115} INFO - [2022-05-08 00:41:30,796] {dagbag.py:507} INFO - Filling up the DagBag from /home/airflow/.local/lib/python3.7/site-packages/airflow/example_dags/example_latest_only.py
[2022-05-08 00:41:30,807] {processor.py:651} INFO - DAG(s) dict_keys(['latest_only']) retrieved from /home/airflow/.local/lib/python3.7/site-packages/airflow/example_dags/example_latest_only.py
[2022-05-08 00:41:30,850] {logging_mixin.py:115} INFO - [2022-05-08 00:41:30,850] {dag.py:2371} INFO - Sync 1 DAGs
[2022-05-08 00:41:30,893] {logging_mixin.py:115} INFO - [2022-05-08 00:41:30,893] {dag.py:2919} INFO - Setting next_dagrun for latest_only to 2022-05-07T20:41:30.892724+00:00, run_after=2022-05-08T00:41:30.892724+00:00
[2022-05-08 00:41:30,915] {processor.py:161} INFO - Processing /home/airflow/.local/lib/python3.7/site-packages/airflow/example_dags/example_latest_only.py took 0.131 seconds
[2022-05-08 00:42:01,408] {processor.py:153} INFO - Started process (PID=1303) to work on /home/airflow/.local/lib/python3.7/site-packages/airflow/example_dags/example_latest_only.py
[2022-05-08 00:42:01,410] {processor.py:641} INFO - Processing file /home/airflow/.local/lib/python3.7/site-packages/airflow/example_dags/example_latest_only.py for tasks to queue
[2022-05-08 00:42:01,411] {logging_mixin.py:115} INFO - [2022-05-08 00:42:01,411] {dagbag.py:507} INFO - Filling up the DagBag from /home/airflow/.local/lib/python3.7/site-packages/airflow/example_dags/example_latest_only.py
[2022-05-08 00:42:01,426] {processor.py:651} INFO - DAG(s) dict_keys(['latest_only']) retrieved from /home/airflow/.local/lib/python3.7/site-packages/airflow/example_dags/example_latest_only.py
[2022-05-08 00:42:01,462] {logging_mixin.py:115} INFO - [2022-05-08 00:42:01,462] {dag.py:2371} INFO - Sync 1 DAGs
[2022-05-08 00:42:01,486] {logging_mixin.py:115} INFO - [2022-05-08 00:42:01,486] {dag.py:2919} INFO - Setting next_dagrun for latest_only to 2022-05-07T20:42:01.485825+00:00, run_after=2022-05-08T00:42:01.485825+00:00
[2022-05-08 00:42:01,526] {processor.py:161} INFO - Processing /home/airflow/.local/lib/python3.7/site-packages/airflow/example_dags/example_latest_only.py took 0.121 seconds
