[2022-05-08 00:28:30,168] {processor.py:153} INFO - Started process (PID=197) to work on /home/airflow/.local/lib/python3.7/site-packages/airflow/example_dags/example_xcom.py
[2022-05-08 00:28:30,172] {processor.py:641} INFO - Processing file /home/airflow/.local/lib/python3.7/site-packages/airflow/example_dags/example_xcom.py for tasks to queue
[2022-05-08 00:28:30,177] {logging_mixin.py:115} INFO - [2022-05-08 00:28:30,177] {dagbag.py:507} INFO - Filling up the DagBag from /home/airflow/.local/lib/python3.7/site-packages/airflow/example_dags/example_xcom.py
[2022-05-08 00:28:30,367] {processor.py:651} INFO - DAG(s) dict_keys(['example_xcom']) retrieved from /home/airflow/.local/lib/python3.7/site-packages/airflow/example_dags/example_xcom.py
[2022-05-08 00:28:30,691] {logging_mixin.py:115} INFO - [2022-05-08 00:28:30,690] {dag.py:2371} INFO - Sync 1 DAGs
[2022-05-08 00:28:30,853] {logging_mixin.py:115} INFO - [2022-05-08 00:28:30,853] {dag.py:2919} INFO - Setting next_dagrun for example_xcom to 2021-01-01T00:00:00+00:00, run_after=2021-01-01T00:00:00+00:00
[2022-05-08 00:28:30,906] {processor.py:161} INFO - Processing /home/airflow/.local/lib/python3.7/site-packages/airflow/example_dags/example_xcom.py took 0.775 seconds
[2022-05-08 00:29:01,474] {processor.py:153} INFO - Started process (PID=367) to work on /home/airflow/.local/lib/python3.7/site-packages/airflow/example_dags/example_xcom.py
[2022-05-08 00:29:01,476] {processor.py:641} INFO - Processing file /home/airflow/.local/lib/python3.7/site-packages/airflow/example_dags/example_xcom.py for tasks to queue
[2022-05-08 00:29:01,479] {logging_mixin.py:115} INFO - [2022-05-08 00:29:01,478] {dagbag.py:507} INFO - Filling up the DagBag from /home/airflow/.local/lib/python3.7/site-packages/airflow/example_dags/example_xcom.py
[2022-05-08 00:29:01,635] {processor.py:651} INFO - DAG(s) dict_keys(['example_xcom']) retrieved from /home/airflow/.local/lib/python3.7/site-packages/airflow/example_dags/example_xcom.py
[2022-05-08 00:29:01,960] {logging_mixin.py:115} INFO - [2022-05-08 00:29:01,960] {dag.py:2371} INFO - Sync 1 DAGs
[2022-05-08 00:29:02,039] {logging_mixin.py:115} INFO - [2022-05-08 00:29:02,038] {dag.py:2919} INFO - Setting next_dagrun for example_xcom to 2021-01-01T00:00:00+00:00, run_after=2021-01-01T00:00:00+00:00
[2022-05-08 00:29:02,096] {processor.py:161} INFO - Processing /home/airflow/.local/lib/python3.7/site-packages/airflow/example_dags/example_xcom.py took 0.639 seconds
[2022-05-08 00:29:32,894] {processor.py:153} INFO - Started process (PID=539) to work on /home/airflow/.local/lib/python3.7/site-packages/airflow/example_dags/example_xcom.py
[2022-05-08 00:29:32,895] {processor.py:641} INFO - Processing file /home/airflow/.local/lib/python3.7/site-packages/airflow/example_dags/example_xcom.py for tasks to queue
[2022-05-08 00:29:32,897] {logging_mixin.py:115} INFO - [2022-05-08 00:29:32,897] {dagbag.py:507} INFO - Filling up the DagBag from /home/airflow/.local/lib/python3.7/site-packages/airflow/example_dags/example_xcom.py
[2022-05-08 00:29:32,930] {processor.py:651} INFO - DAG(s) dict_keys(['example_xcom']) retrieved from /home/airflow/.local/lib/python3.7/site-packages/airflow/example_dags/example_xcom.py
[2022-05-08 00:29:33,020] {logging_mixin.py:115} INFO - [2022-05-08 00:29:33,020] {dag.py:2371} INFO - Sync 1 DAGs
[2022-05-08 00:29:33,050] {logging_mixin.py:115} INFO - [2022-05-08 00:29:33,050] {dag.py:2919} INFO - Setting next_dagrun for example_xcom to 2021-01-01T00:00:00+00:00, run_after=2021-01-01T00:00:00+00:00
[2022-05-08 00:29:33,075] {processor.py:161} INFO - Processing /home/airflow/.local/lib/python3.7/site-packages/airflow/example_dags/example_xcom.py took 0.189 seconds
[2022-05-08 00:30:03,696] {processor.py:153} INFO - Started process (PID=709) to work on /home/airflow/.local/lib/python3.7/site-packages/airflow/example_dags/example_xcom.py
[2022-05-08 00:30:03,698] {processor.py:641} INFO - Processing file /home/airflow/.local/lib/python3.7/site-packages/airflow/example_dags/example_xcom.py for tasks to queue
[2022-05-08 00:30:03,700] {logging_mixin.py:115} INFO - [2022-05-08 00:30:03,699] {dagbag.py:507} INFO - Filling up the DagBag from /home/airflow/.local/lib/python3.7/site-packages/airflow/example_dags/example_xcom.py
[2022-05-08 00:30:03,736] {processor.py:651} INFO - DAG(s) dict_keys(['example_xcom']) retrieved from /home/airflow/.local/lib/python3.7/site-packages/airflow/example_dags/example_xcom.py
[2022-05-08 00:30:03,824] {logging_mixin.py:115} INFO - [2022-05-08 00:30:03,824] {dag.py:2371} INFO - Sync 1 DAGs
[2022-05-08 00:30:03,855] {logging_mixin.py:115} INFO - [2022-05-08 00:30:03,855] {dag.py:2919} INFO - Setting next_dagrun for example_xcom to 2021-01-01T00:00:00+00:00, run_after=2021-01-01T00:00:00+00:00
[2022-05-08 00:30:03,874] {processor.py:161} INFO - Processing /home/airflow/.local/lib/python3.7/site-packages/airflow/example_dags/example_xcom.py took 0.182 seconds
[2022-05-08 00:30:34,005] {processor.py:153} INFO - Started process (PID=879) to work on /home/airflow/.local/lib/python3.7/site-packages/airflow/example_dags/example_xcom.py
[2022-05-08 00:30:34,007] {processor.py:641} INFO - Processing file /home/airflow/.local/lib/python3.7/site-packages/airflow/example_dags/example_xcom.py for tasks to queue
[2022-05-08 00:30:34,008] {logging_mixin.py:115} INFO - [2022-05-08 00:30:34,008] {dagbag.py:507} INFO - Filling up the DagBag from /home/airflow/.local/lib/python3.7/site-packages/airflow/example_dags/example_xcom.py
[2022-05-08 00:30:34,039] {processor.py:651} INFO - DAG(s) dict_keys(['example_xcom']) retrieved from /home/airflow/.local/lib/python3.7/site-packages/airflow/example_dags/example_xcom.py
[2022-05-08 00:30:34,075] {logging_mixin.py:115} INFO - [2022-05-08 00:30:34,075] {dag.py:2371} INFO - Sync 1 DAGs
[2022-05-08 00:30:34,108] {logging_mixin.py:115} INFO - [2022-05-08 00:30:34,108] {dag.py:2919} INFO - Setting next_dagrun for example_xcom to 2021-01-01T00:00:00+00:00, run_after=2021-01-01T00:00:00+00:00
[2022-05-08 00:30:34,124] {processor.py:161} INFO - Processing /home/airflow/.local/lib/python3.7/site-packages/airflow/example_dags/example_xcom.py took 0.125 seconds
[2022-05-08 00:31:05,108] {processor.py:153} INFO - Started process (PID=1049) to work on /home/airflow/.local/lib/python3.7/site-packages/airflow/example_dags/example_xcom.py
[2022-05-08 00:31:05,109] {processor.py:641} INFO - Processing file /home/airflow/.local/lib/python3.7/site-packages/airflow/example_dags/example_xcom.py for tasks to queue
[2022-05-08 00:31:05,110] {logging_mixin.py:115} INFO - [2022-05-08 00:31:05,110] {dagbag.py:507} INFO - Filling up the DagBag from /home/airflow/.local/lib/python3.7/site-packages/airflow/example_dags/example_xcom.py
[2022-05-08 00:31:05,136] {processor.py:651} INFO - DAG(s) dict_keys(['example_xcom']) retrieved from /home/airflow/.local/lib/python3.7/site-packages/airflow/example_dags/example_xcom.py
[2022-05-08 00:31:05,218] {logging_mixin.py:115} INFO - [2022-05-08 00:31:05,218] {dag.py:2371} INFO - Sync 1 DAGs
[2022-05-08 00:31:05,246] {logging_mixin.py:115} INFO - [2022-05-08 00:31:05,246] {dag.py:2919} INFO - Setting next_dagrun for example_xcom to 2021-01-01T00:00:00+00:00, run_after=2021-01-01T00:00:00+00:00
[2022-05-08 00:31:05,271] {processor.py:161} INFO - Processing /home/airflow/.local/lib/python3.7/site-packages/airflow/example_dags/example_xcom.py took 0.167 seconds
[2022-05-08 00:31:36,105] {processor.py:153} INFO - Started process (PID=1219) to work on /home/airflow/.local/lib/python3.7/site-packages/airflow/example_dags/example_xcom.py
[2022-05-08 00:31:36,109] {processor.py:641} INFO - Processing file /home/airflow/.local/lib/python3.7/site-packages/airflow/example_dags/example_xcom.py for tasks to queue
[2022-05-08 00:31:36,111] {logging_mixin.py:115} INFO - [2022-05-08 00:31:36,111] {dagbag.py:507} INFO - Filling up the DagBag from /home/airflow/.local/lib/python3.7/site-packages/airflow/example_dags/example_xcom.py
[2022-05-08 00:31:36,156] {processor.py:651} INFO - DAG(s) dict_keys(['example_xcom']) retrieved from /home/airflow/.local/lib/python3.7/site-packages/airflow/example_dags/example_xcom.py
[2022-05-08 00:31:36,291] {logging_mixin.py:115} INFO - [2022-05-08 00:31:36,291] {dag.py:2371} INFO - Sync 1 DAGs
[2022-05-08 00:31:36,336] {logging_mixin.py:115} INFO - [2022-05-08 00:31:36,333] {dag.py:2919} INFO - Setting next_dagrun for example_xcom to 2021-01-01T00:00:00+00:00, run_after=2021-01-01T00:00:00+00:00
[2022-05-08 00:31:36,390] {processor.py:161} INFO - Processing /home/airflow/.local/lib/python3.7/site-packages/airflow/example_dags/example_xcom.py took 0.288 seconds
[2022-05-08 00:32:07,269] {processor.py:153} INFO - Started process (PID=1389) to work on /home/airflow/.local/lib/python3.7/site-packages/airflow/example_dags/example_xcom.py
[2022-05-08 00:32:07,272] {processor.py:641} INFO - Processing file /home/airflow/.local/lib/python3.7/site-packages/airflow/example_dags/example_xcom.py for tasks to queue
[2022-05-08 00:32:07,275] {logging_mixin.py:115} INFO - [2022-05-08 00:32:07,274] {dagbag.py:507} INFO - Filling up the DagBag from /home/airflow/.local/lib/python3.7/site-packages/airflow/example_dags/example_xcom.py
[2022-05-08 00:32:07,306] {processor.py:651} INFO - DAG(s) dict_keys(['example_xcom']) retrieved from /home/airflow/.local/lib/python3.7/site-packages/airflow/example_dags/example_xcom.py
[2022-05-08 00:32:07,392] {logging_mixin.py:115} INFO - [2022-05-08 00:32:07,392] {dag.py:2371} INFO - Sync 1 DAGs
[2022-05-08 00:32:07,432] {logging_mixin.py:115} INFO - [2022-05-08 00:32:07,432] {dag.py:2919} INFO - Setting next_dagrun for example_xcom to 2021-01-01T00:00:00+00:00, run_after=2021-01-01T00:00:00+00:00
[2022-05-08 00:32:07,451] {processor.py:161} INFO - Processing /home/airflow/.local/lib/python3.7/site-packages/airflow/example_dags/example_xcom.py took 0.187 seconds
[2022-05-08 00:32:38,273] {processor.py:153} INFO - Started process (PID=1559) to work on /home/airflow/.local/lib/python3.7/site-packages/airflow/example_dags/example_xcom.py
[2022-05-08 00:32:38,275] {processor.py:641} INFO - Processing file /home/airflow/.local/lib/python3.7/site-packages/airflow/example_dags/example_xcom.py for tasks to queue
[2022-05-08 00:32:38,277] {logging_mixin.py:115} INFO - [2022-05-08 00:32:38,277] {dagbag.py:507} INFO - Filling up the DagBag from /home/airflow/.local/lib/python3.7/site-packages/airflow/example_dags/example_xcom.py
[2022-05-08 00:32:38,304] {processor.py:651} INFO - DAG(s) dict_keys(['example_xcom']) retrieved from /home/airflow/.local/lib/python3.7/site-packages/airflow/example_dags/example_xcom.py
[2022-05-08 00:32:38,378] {logging_mixin.py:115} INFO - [2022-05-08 00:32:38,378] {dag.py:2371} INFO - Sync 1 DAGs
[2022-05-08 00:32:38,402] {logging_mixin.py:115} INFO - [2022-05-08 00:32:38,402] {dag.py:2919} INFO - Setting next_dagrun for example_xcom to 2021-01-01T00:00:00+00:00, run_after=2021-01-01T00:00:00+00:00
[2022-05-08 00:32:38,420] {processor.py:161} INFO - Processing /home/airflow/.local/lib/python3.7/site-packages/airflow/example_dags/example_xcom.py took 0.150 seconds
[2022-05-08 00:33:09,297] {processor.py:153} INFO - Started process (PID=1729) to work on /home/airflow/.local/lib/python3.7/site-packages/airflow/example_dags/example_xcom.py
[2022-05-08 00:33:09,299] {processor.py:641} INFO - Processing file /home/airflow/.local/lib/python3.7/site-packages/airflow/example_dags/example_xcom.py for tasks to queue
[2022-05-08 00:33:09,300] {logging_mixin.py:115} INFO - [2022-05-08 00:33:09,300] {dagbag.py:507} INFO - Filling up the DagBag from /home/airflow/.local/lib/python3.7/site-packages/airflow/example_dags/example_xcom.py
[2022-05-08 00:33:09,329] {processor.py:651} INFO - DAG(s) dict_keys(['example_xcom']) retrieved from /home/airflow/.local/lib/python3.7/site-packages/airflow/example_dags/example_xcom.py
[2022-05-08 00:33:09,416] {logging_mixin.py:115} INFO - [2022-05-08 00:33:09,416] {dag.py:2371} INFO - Sync 1 DAGs
[2022-05-08 00:33:09,444] {logging_mixin.py:115} INFO - [2022-05-08 00:33:09,444] {dag.py:2919} INFO - Setting next_dagrun for example_xcom to 2021-01-01T00:00:00+00:00, run_after=2021-01-01T00:00:00+00:00
[2022-05-08 00:33:09,463] {processor.py:161} INFO - Processing /home/airflow/.local/lib/python3.7/site-packages/airflow/example_dags/example_xcom.py took 0.169 seconds
[2022-05-08 00:33:39,758] {processor.py:153} INFO - Started process (PID=1899) to work on /home/airflow/.local/lib/python3.7/site-packages/airflow/example_dags/example_xcom.py
[2022-05-08 00:33:39,761] {processor.py:641} INFO - Processing file /home/airflow/.local/lib/python3.7/site-packages/airflow/example_dags/example_xcom.py for tasks to queue
[2022-05-08 00:33:39,762] {logging_mixin.py:115} INFO - [2022-05-08 00:33:39,762] {dagbag.py:507} INFO - Filling up the DagBag from /home/airflow/.local/lib/python3.7/site-packages/airflow/example_dags/example_xcom.py
[2022-05-08 00:33:39,796] {processor.py:651} INFO - DAG(s) dict_keys(['example_xcom']) retrieved from /home/airflow/.local/lib/python3.7/site-packages/airflow/example_dags/example_xcom.py
[2022-05-08 00:33:39,876] {logging_mixin.py:115} INFO - [2022-05-08 00:33:39,876] {dag.py:2371} INFO - Sync 1 DAGs
[2022-05-08 00:33:39,905] {logging_mixin.py:115} INFO - [2022-05-08 00:33:39,904] {dag.py:2919} INFO - Setting next_dagrun for example_xcom to 2021-01-01T00:00:00+00:00, run_after=2021-01-01T00:00:00+00:00
[2022-05-08 00:33:39,924] {processor.py:161} INFO - Processing /home/airflow/.local/lib/python3.7/site-packages/airflow/example_dags/example_xcom.py took 0.173 seconds
[2022-05-08 00:34:10,076] {processor.py:153} INFO - Started process (PID=2069) to work on /home/airflow/.local/lib/python3.7/site-packages/airflow/example_dags/example_xcom.py
[2022-05-08 00:34:10,078] {processor.py:641} INFO - Processing file /home/airflow/.local/lib/python3.7/site-packages/airflow/example_dags/example_xcom.py for tasks to queue
[2022-05-08 00:34:10,079] {logging_mixin.py:115} INFO - [2022-05-08 00:34:10,079] {dagbag.py:507} INFO - Filling up the DagBag from /home/airflow/.local/lib/python3.7/site-packages/airflow/example_dags/example_xcom.py
[2022-05-08 00:34:10,105] {processor.py:651} INFO - DAG(s) dict_keys(['example_xcom']) retrieved from /home/airflow/.local/lib/python3.7/site-packages/airflow/example_dags/example_xcom.py
[2022-05-08 00:34:10,193] {logging_mixin.py:115} INFO - [2022-05-08 00:34:10,193] {dag.py:2371} INFO - Sync 1 DAGs
[2022-05-08 00:34:10,223] {logging_mixin.py:115} INFO - [2022-05-08 00:34:10,223] {dag.py:2919} INFO - Setting next_dagrun for example_xcom to 2021-01-01T00:00:00+00:00, run_after=2021-01-01T00:00:00+00:00
[2022-05-08 00:34:10,253] {processor.py:161} INFO - Processing /home/airflow/.local/lib/python3.7/site-packages/airflow/example_dags/example_xcom.py took 0.181 seconds
[2022-05-08 00:34:40,671] {processor.py:153} INFO - Started process (PID=2239) to work on /home/airflow/.local/lib/python3.7/site-packages/airflow/example_dags/example_xcom.py
[2022-05-08 00:34:40,672] {processor.py:641} INFO - Processing file /home/airflow/.local/lib/python3.7/site-packages/airflow/example_dags/example_xcom.py for tasks to queue
[2022-05-08 00:34:40,674] {logging_mixin.py:115} INFO - [2022-05-08 00:34:40,673] {dagbag.py:507} INFO - Filling up the DagBag from /home/airflow/.local/lib/python3.7/site-packages/airflow/example_dags/example_xcom.py
[2022-05-08 00:34:40,741] {processor.py:651} INFO - DAG(s) dict_keys(['example_xcom']) retrieved from /home/airflow/.local/lib/python3.7/site-packages/airflow/example_dags/example_xcom.py
[2022-05-08 00:34:40,937] {logging_mixin.py:115} INFO - [2022-05-08 00:34:40,936] {dag.py:2371} INFO - Sync 1 DAGs
[2022-05-08 00:34:41,009] {logging_mixin.py:115} INFO - [2022-05-08 00:34:41,009] {dag.py:2919} INFO - Setting next_dagrun for example_xcom to 2021-01-01T00:00:00+00:00, run_after=2021-01-01T00:00:00+00:00
[2022-05-08 00:34:41,050] {processor.py:161} INFO - Processing /home/airflow/.local/lib/python3.7/site-packages/airflow/example_dags/example_xcom.py took 0.383 seconds
[2022-05-08 00:35:11,311] {processor.py:153} INFO - Started process (PID=2409) to work on /home/airflow/.local/lib/python3.7/site-packages/airflow/example_dags/example_xcom.py
[2022-05-08 00:35:11,314] {processor.py:641} INFO - Processing file /home/airflow/.local/lib/python3.7/site-packages/airflow/example_dags/example_xcom.py for tasks to queue
[2022-05-08 00:35:11,315] {logging_mixin.py:115} INFO - [2022-05-08 00:35:11,315] {dagbag.py:507} INFO - Filling up the DagBag from /home/airflow/.local/lib/python3.7/site-packages/airflow/example_dags/example_xcom.py
[2022-05-08 00:35:11,346] {processor.py:651} INFO - DAG(s) dict_keys(['example_xcom']) retrieved from /home/airflow/.local/lib/python3.7/site-packages/airflow/example_dags/example_xcom.py
[2022-05-08 00:35:11,468] {logging_mixin.py:115} INFO - [2022-05-08 00:35:11,468] {dag.py:2371} INFO - Sync 1 DAGs
[2022-05-08 00:35:11,503] {logging_mixin.py:115} INFO - [2022-05-08 00:35:11,503] {dag.py:2919} INFO - Setting next_dagrun for example_xcom to 2021-01-01T00:00:00+00:00, run_after=2021-01-01T00:00:00+00:00
[2022-05-08 00:35:11,531] {processor.py:161} INFO - Processing /home/airflow/.local/lib/python3.7/site-packages/airflow/example_dags/example_xcom.py took 0.225 seconds
[2022-05-08 00:35:42,131] {processor.py:153} INFO - Started process (PID=2579) to work on /home/airflow/.local/lib/python3.7/site-packages/airflow/example_dags/example_xcom.py
[2022-05-08 00:35:42,135] {processor.py:641} INFO - Processing file /home/airflow/.local/lib/python3.7/site-packages/airflow/example_dags/example_xcom.py for tasks to queue
[2022-05-08 00:35:42,137] {logging_mixin.py:115} INFO - [2022-05-08 00:35:42,136] {dagbag.py:507} INFO - Filling up the DagBag from /home/airflow/.local/lib/python3.7/site-packages/airflow/example_dags/example_xcom.py
[2022-05-08 00:35:42,192] {processor.py:651} INFO - DAG(s) dict_keys(['example_xcom']) retrieved from /home/airflow/.local/lib/python3.7/site-packages/airflow/example_dags/example_xcom.py
[2022-05-08 00:35:42,250] {logging_mixin.py:115} INFO - [2022-05-08 00:35:42,250] {dag.py:2371} INFO - Sync 1 DAGs
[2022-05-08 00:35:42,310] {logging_mixin.py:115} INFO - [2022-05-08 00:35:42,310] {dag.py:2919} INFO - Setting next_dagrun for example_xcom to 2021-01-01T00:00:00+00:00, run_after=2021-01-01T00:00:00+00:00
[2022-05-08 00:35:42,345] {processor.py:161} INFO - Processing /home/airflow/.local/lib/python3.7/site-packages/airflow/example_dags/example_xcom.py took 0.225 seconds
[2022-05-08 00:36:13,405] {processor.py:153} INFO - Started process (PID=2749) to work on /home/airflow/.local/lib/python3.7/site-packages/airflow/example_dags/example_xcom.py
[2022-05-08 00:36:13,407] {processor.py:641} INFO - Processing file /home/airflow/.local/lib/python3.7/site-packages/airflow/example_dags/example_xcom.py for tasks to queue
[2022-05-08 00:36:13,409] {logging_mixin.py:115} INFO - [2022-05-08 00:36:13,409] {dagbag.py:507} INFO - Filling up the DagBag from /home/airflow/.local/lib/python3.7/site-packages/airflow/example_dags/example_xcom.py
[2022-05-08 00:36:13,444] {processor.py:651} INFO - DAG(s) dict_keys(['example_xcom']) retrieved from /home/airflow/.local/lib/python3.7/site-packages/airflow/example_dags/example_xcom.py
[2022-05-08 00:36:14,051] {logging_mixin.py:115} INFO - [2022-05-08 00:36:14,051] {dag.py:2371} INFO - Sync 1 DAGs
[2022-05-08 00:36:14,105] {logging_mixin.py:115} INFO - [2022-05-08 00:36:14,104] {dag.py:2919} INFO - Setting next_dagrun for example_xcom to 2021-01-01T00:00:00+00:00, run_after=2021-01-01T00:00:00+00:00
[2022-05-08 00:36:14,147] {processor.py:161} INFO - Processing /home/airflow/.local/lib/python3.7/site-packages/airflow/example_dags/example_xcom.py took 0.748 seconds
[2022-05-08 00:38:50,312] {processor.py:153} INFO - Started process (PID=198) to work on /home/airflow/.local/lib/python3.7/site-packages/airflow/example_dags/example_xcom.py
[2022-05-08 00:38:50,317] {processor.py:641} INFO - Processing file /home/airflow/.local/lib/python3.7/site-packages/airflow/example_dags/example_xcom.py for tasks to queue
[2022-05-08 00:38:50,319] {logging_mixin.py:115} INFO - [2022-05-08 00:38:50,319] {dagbag.py:507} INFO - Filling up the DagBag from /home/airflow/.local/lib/python3.7/site-packages/airflow/example_dags/example_xcom.py
[2022-05-08 00:38:50,413] {processor.py:651} INFO - DAG(s) dict_keys(['example_xcom']) retrieved from /home/airflow/.local/lib/python3.7/site-packages/airflow/example_dags/example_xcom.py
[2022-05-08 00:38:50,637] {logging_mixin.py:115} INFO - [2022-05-08 00:38:50,637] {manager.py:508} INFO - Created Permission View: can delete on DAG:example_xcom
[2022-05-08 00:38:50,652] {logging_mixin.py:115} INFO - [2022-05-08 00:38:50,652] {manager.py:508} INFO - Created Permission View: can edit on DAG:example_xcom
[2022-05-08 00:38:50,672] {logging_mixin.py:115} INFO - [2022-05-08 00:38:50,672] {manager.py:508} INFO - Created Permission View: can read on DAG:example_xcom
[2022-05-08 00:38:50,674] {logging_mixin.py:115} INFO - [2022-05-08 00:38:50,674] {dag.py:2371} INFO - Sync 1 DAGs
[2022-05-08 00:38:50,745] {logging_mixin.py:115} INFO - [2022-05-08 00:38:50,745] {dag.py:2390} INFO - Creating ORM DAG for example_xcom
[2022-05-08 00:38:50,782] {logging_mixin.py:115} INFO - [2022-05-08 00:38:50,781] {dag.py:2919} INFO - Setting next_dagrun for example_xcom to 2021-01-01T00:00:00+00:00, run_after=2021-01-01T00:00:00+00:00
[2022-05-08 00:38:50,856] {processor.py:161} INFO - Processing /home/airflow/.local/lib/python3.7/site-packages/airflow/example_dags/example_xcom.py took 0.549 seconds
[2022-05-08 00:39:21,607] {processor.py:153} INFO - Started process (PID=370) to work on /home/airflow/.local/lib/python3.7/site-packages/airflow/example_dags/example_xcom.py
[2022-05-08 00:39:21,614] {processor.py:641} INFO - Processing file /home/airflow/.local/lib/python3.7/site-packages/airflow/example_dags/example_xcom.py for tasks to queue
[2022-05-08 00:39:21,619] {logging_mixin.py:115} INFO - [2022-05-08 00:39:21,619] {dagbag.py:507} INFO - Filling up the DagBag from /home/airflow/.local/lib/python3.7/site-packages/airflow/example_dags/example_xcom.py
[2022-05-08 00:39:21,674] {processor.py:651} INFO - DAG(s) dict_keys(['example_xcom']) retrieved from /home/airflow/.local/lib/python3.7/site-packages/airflow/example_dags/example_xcom.py
[2022-05-08 00:39:21,818] {logging_mixin.py:115} INFO - [2022-05-08 00:39:21,818] {dag.py:2371} INFO - Sync 1 DAGs
[2022-05-08 00:39:21,861] {logging_mixin.py:115} INFO - [2022-05-08 00:39:21,861] {dag.py:2919} INFO - Setting next_dagrun for example_xcom to 2021-01-01T00:00:00+00:00, run_after=2021-01-01T00:00:00+00:00
[2022-05-08 00:39:21,908] {processor.py:161} INFO - Processing /home/airflow/.local/lib/python3.7/site-packages/airflow/example_dags/example_xcom.py took 0.329 seconds
[2022-05-08 00:39:52,618] {processor.py:153} INFO - Started process (PID=540) to work on /home/airflow/.local/lib/python3.7/site-packages/airflow/example_dags/example_xcom.py
[2022-05-08 00:39:52,620] {processor.py:641} INFO - Processing file /home/airflow/.local/lib/python3.7/site-packages/airflow/example_dags/example_xcom.py for tasks to queue
[2022-05-08 00:39:52,622] {logging_mixin.py:115} INFO - [2022-05-08 00:39:52,622] {dagbag.py:507} INFO - Filling up the DagBag from /home/airflow/.local/lib/python3.7/site-packages/airflow/example_dags/example_xcom.py
[2022-05-08 00:39:52,713] {processor.py:651} INFO - DAG(s) dict_keys(['example_xcom']) retrieved from /home/airflow/.local/lib/python3.7/site-packages/airflow/example_dags/example_xcom.py
[2022-05-08 00:39:52,819] {logging_mixin.py:115} INFO - [2022-05-08 00:39:52,819] {dag.py:2371} INFO - Sync 1 DAGs
[2022-05-08 00:39:52,848] {logging_mixin.py:115} INFO - [2022-05-08 00:39:52,847] {dag.py:2919} INFO - Setting next_dagrun for example_xcom to 2021-01-01T00:00:00+00:00, run_after=2021-01-01T00:00:00+00:00
[2022-05-08 00:39:52,867] {processor.py:161} INFO - Processing /home/airflow/.local/lib/python3.7/site-packages/airflow/example_dags/example_xcom.py took 0.254 seconds
[2022-05-08 00:40:23,571] {processor.py:153} INFO - Started process (PID=710) to work on /home/airflow/.local/lib/python3.7/site-packages/airflow/example_dags/example_xcom.py
[2022-05-08 00:40:23,573] {processor.py:641} INFO - Processing file /home/airflow/.local/lib/python3.7/site-packages/airflow/example_dags/example_xcom.py for tasks to queue
[2022-05-08 00:40:23,575] {logging_mixin.py:115} INFO - [2022-05-08 00:40:23,575] {dagbag.py:507} INFO - Filling up the DagBag from /home/airflow/.local/lib/python3.7/site-packages/airflow/example_dags/example_xcom.py
[2022-05-08 00:40:23,609] {processor.py:651} INFO - DAG(s) dict_keys(['example_xcom']) retrieved from /home/airflow/.local/lib/python3.7/site-packages/airflow/example_dags/example_xcom.py
[2022-05-08 00:40:23,679] {logging_mixin.py:115} INFO - [2022-05-08 00:40:23,679] {dag.py:2371} INFO - Sync 1 DAGs
[2022-05-08 00:40:23,706] {logging_mixin.py:115} INFO - [2022-05-08 00:40:23,706] {dag.py:2919} INFO - Setting next_dagrun for example_xcom to 2021-01-01T00:00:00+00:00, run_after=2021-01-01T00:00:00+00:00
[2022-05-08 00:40:23,726] {processor.py:161} INFO - Processing /home/airflow/.local/lib/python3.7/site-packages/airflow/example_dags/example_xcom.py took 0.162 seconds
[2022-05-08 00:40:54,241] {processor.py:153} INFO - Started process (PID=880) to work on /home/airflow/.local/lib/python3.7/site-packages/airflow/example_dags/example_xcom.py
[2022-05-08 00:40:54,245] {processor.py:641} INFO - Processing file /home/airflow/.local/lib/python3.7/site-packages/airflow/example_dags/example_xcom.py for tasks to queue
[2022-05-08 00:40:54,249] {logging_mixin.py:115} INFO - [2022-05-08 00:40:54,249] {dagbag.py:507} INFO - Filling up the DagBag from /home/airflow/.local/lib/python3.7/site-packages/airflow/example_dags/example_xcom.py
[2022-05-08 00:40:54,283] {processor.py:651} INFO - DAG(s) dict_keys(['example_xcom']) retrieved from /home/airflow/.local/lib/python3.7/site-packages/airflow/example_dags/example_xcom.py
[2022-05-08 00:40:54,460] {logging_mixin.py:115} INFO - [2022-05-08 00:40:54,460] {dag.py:2371} INFO - Sync 1 DAGs
[2022-05-08 00:40:54,498] {logging_mixin.py:115} INFO - [2022-05-08 00:40:54,498] {dag.py:2919} INFO - Setting next_dagrun for example_xcom to 2021-01-01T00:00:00+00:00, run_after=2021-01-01T00:00:00+00:00
[2022-05-08 00:40:54,523] {processor.py:161} INFO - Processing /home/airflow/.local/lib/python3.7/site-packages/airflow/example_dags/example_xcom.py took 0.293 seconds
[2022-05-08 00:41:25,097] {processor.py:153} INFO - Started process (PID=1050) to work on /home/airflow/.local/lib/python3.7/site-packages/airflow/example_dags/example_xcom.py
[2022-05-08 00:41:25,098] {processor.py:641} INFO - Processing file /home/airflow/.local/lib/python3.7/site-packages/airflow/example_dags/example_xcom.py for tasks to queue
[2022-05-08 00:41:25,100] {logging_mixin.py:115} INFO - [2022-05-08 00:41:25,100] {dagbag.py:507} INFO - Filling up the DagBag from /home/airflow/.local/lib/python3.7/site-packages/airflow/example_dags/example_xcom.py
[2022-05-08 00:41:25,129] {processor.py:651} INFO - DAG(s) dict_keys(['example_xcom']) retrieved from /home/airflow/.local/lib/python3.7/site-packages/airflow/example_dags/example_xcom.py
[2022-05-08 00:41:25,209] {logging_mixin.py:115} INFO - [2022-05-08 00:41:25,209] {dag.py:2371} INFO - Sync 1 DAGs
[2022-05-08 00:41:25,234] {logging_mixin.py:115} INFO - [2022-05-08 00:41:25,234] {dag.py:2919} INFO - Setting next_dagrun for example_xcom to 2021-01-01T00:00:00+00:00, run_after=2021-01-01T00:00:00+00:00
[2022-05-08 00:41:25,259] {processor.py:161} INFO - Processing /home/airflow/.local/lib/python3.7/site-packages/airflow/example_dags/example_xcom.py took 0.169 seconds
[2022-05-08 00:41:55,593] {processor.py:153} INFO - Started process (PID=1220) to work on /home/airflow/.local/lib/python3.7/site-packages/airflow/example_dags/example_xcom.py
[2022-05-08 00:41:55,595] {processor.py:641} INFO - Processing file /home/airflow/.local/lib/python3.7/site-packages/airflow/example_dags/example_xcom.py for tasks to queue
[2022-05-08 00:41:55,597] {logging_mixin.py:115} INFO - [2022-05-08 00:41:55,597] {dagbag.py:507} INFO - Filling up the DagBag from /home/airflow/.local/lib/python3.7/site-packages/airflow/example_dags/example_xcom.py
[2022-05-08 00:41:55,650] {processor.py:651} INFO - DAG(s) dict_keys(['example_xcom']) retrieved from /home/airflow/.local/lib/python3.7/site-packages/airflow/example_dags/example_xcom.py
[2022-05-08 00:41:55,769] {logging_mixin.py:115} INFO - [2022-05-08 00:41:55,769] {dag.py:2371} INFO - Sync 1 DAGs
[2022-05-08 00:41:55,812] {logging_mixin.py:115} INFO - [2022-05-08 00:41:55,812] {dag.py:2919} INFO - Setting next_dagrun for example_xcom to 2021-01-01T00:00:00+00:00, run_after=2021-01-01T00:00:00+00:00
[2022-05-08 00:41:55,833] {processor.py:161} INFO - Processing /home/airflow/.local/lib/python3.7/site-packages/airflow/example_dags/example_xcom.py took 0.246 seconds
[2022-05-08 00:42:26,335] {processor.py:153} INFO - Started process (PID=1390) to work on /home/airflow/.local/lib/python3.7/site-packages/airflow/example_dags/example_xcom.py
[2022-05-08 00:42:26,339] {processor.py:641} INFO - Processing file /home/airflow/.local/lib/python3.7/site-packages/airflow/example_dags/example_xcom.py for tasks to queue
[2022-05-08 00:42:26,346] {logging_mixin.py:115} INFO - [2022-05-08 00:42:26,345] {dagbag.py:507} INFO - Filling up the DagBag from /home/airflow/.local/lib/python3.7/site-packages/airflow/example_dags/example_xcom.py
[2022-05-08 00:42:26,468] {processor.py:651} INFO - DAG(s) dict_keys(['example_xcom']) retrieved from /home/airflow/.local/lib/python3.7/site-packages/airflow/example_dags/example_xcom.py
[2022-05-08 00:42:26,722] {logging_mixin.py:115} INFO - [2022-05-08 00:42:26,722] {dag.py:2371} INFO - Sync 1 DAGs
[2022-05-08 00:42:26,832] {logging_mixin.py:115} INFO - [2022-05-08 00:42:26,832] {dag.py:2919} INFO - Setting next_dagrun for example_xcom to 2021-01-01T00:00:00+00:00, run_after=2021-01-01T00:00:00+00:00
[2022-05-08 00:42:26,904] {processor.py:161} INFO - Processing /home/airflow/.local/lib/python3.7/site-packages/airflow/example_dags/example_xcom.py took 0.587 seconds
