[2022-05-08 00:28:29,473] {processor.py:153} INFO - Started process (PID=182) to work on /home/airflow/.local/lib/python3.7/site-packages/airflow/example_dags/example_short_circuit_operator.py
[2022-05-08 00:28:29,475] {processor.py:641} INFO - Processing file /home/airflow/.local/lib/python3.7/site-packages/airflow/example_dags/example_short_circuit_operator.py for tasks to queue
[2022-05-08 00:28:29,479] {logging_mixin.py:115} INFO - [2022-05-08 00:28:29,479] {dagbag.py:507} INFO - Filling up the DagBag from /home/airflow/.local/lib/python3.7/site-packages/airflow/example_dags/example_short_circuit_operator.py
[2022-05-08 00:28:29,505] {processor.py:651} INFO - DAG(s) dict_keys(['example_short_circuit_operator']) retrieved from /home/airflow/.local/lib/python3.7/site-packages/airflow/example_dags/example_short_circuit_operator.py
[2022-05-08 00:28:29,574] {logging_mixin.py:115} INFO - [2022-05-08 00:28:29,574] {dag.py:2371} INFO - Sync 1 DAGs
[2022-05-08 00:28:29,623] {logging_mixin.py:115} INFO - [2022-05-08 00:28:29,623] {dag.py:2919} INFO - Setting next_dagrun for example_short_circuit_operator to 2022-05-07T00:28:29.623236+00:00, run_after=2022-05-08T00:28:29.623236+00:00
[2022-05-08 00:28:29,665] {processor.py:161} INFO - Processing /home/airflow/.local/lib/python3.7/site-packages/airflow/example_dags/example_short_circuit_operator.py took 0.197 seconds
[2022-05-08 00:28:59,781] {processor.py:153} INFO - Started process (PID=351) to work on /home/airflow/.local/lib/python3.7/site-packages/airflow/example_dags/example_short_circuit_operator.py
[2022-05-08 00:28:59,785] {processor.py:641} INFO - Processing file /home/airflow/.local/lib/python3.7/site-packages/airflow/example_dags/example_short_circuit_operator.py for tasks to queue
[2022-05-08 00:28:59,791] {logging_mixin.py:115} INFO - [2022-05-08 00:28:59,791] {dagbag.py:507} INFO - Filling up the DagBag from /home/airflow/.local/lib/python3.7/site-packages/airflow/example_dags/example_short_circuit_operator.py
[2022-05-08 00:28:59,848] {processor.py:651} INFO - DAG(s) dict_keys(['example_short_circuit_operator']) retrieved from /home/airflow/.local/lib/python3.7/site-packages/airflow/example_dags/example_short_circuit_operator.py
[2022-05-08 00:28:59,952] {logging_mixin.py:115} INFO - [2022-05-08 00:28:59,951] {dag.py:2371} INFO - Sync 1 DAGs
[2022-05-08 00:29:00,071] {logging_mixin.py:115} INFO - [2022-05-08 00:29:00,071] {dag.py:2919} INFO - Setting next_dagrun for example_short_circuit_operator to 2022-05-07T00:29:00.071391+00:00, run_after=2022-05-08T00:29:00.071391+00:00
[2022-05-08 00:29:00,345] {processor.py:161} INFO - Processing /home/airflow/.local/lib/python3.7/site-packages/airflow/example_dags/example_short_circuit_operator.py took 0.579 seconds
[2022-05-08 00:29:30,685] {processor.py:153} INFO - Started process (PID=524) to work on /home/airflow/.local/lib/python3.7/site-packages/airflow/example_dags/example_short_circuit_operator.py
[2022-05-08 00:29:30,687] {processor.py:641} INFO - Processing file /home/airflow/.local/lib/python3.7/site-packages/airflow/example_dags/example_short_circuit_operator.py for tasks to queue
[2022-05-08 00:29:30,689] {logging_mixin.py:115} INFO - [2022-05-08 00:29:30,689] {dagbag.py:507} INFO - Filling up the DagBag from /home/airflow/.local/lib/python3.7/site-packages/airflow/example_dags/example_short_circuit_operator.py
[2022-05-08 00:29:30,707] {processor.py:651} INFO - DAG(s) dict_keys(['example_short_circuit_operator']) retrieved from /home/airflow/.local/lib/python3.7/site-packages/airflow/example_dags/example_short_circuit_operator.py
[2022-05-08 00:29:30,744] {logging_mixin.py:115} INFO - [2022-05-08 00:29:30,744] {dag.py:2371} INFO - Sync 1 DAGs
[2022-05-08 00:29:30,777] {logging_mixin.py:115} INFO - [2022-05-08 00:29:30,777] {dag.py:2919} INFO - Setting next_dagrun for example_short_circuit_operator to 2022-05-07T00:29:30.777265+00:00, run_after=2022-05-08T00:29:30.777265+00:00
[2022-05-08 00:29:30,795] {processor.py:161} INFO - Processing /home/airflow/.local/lib/python3.7/site-packages/airflow/example_dags/example_short_circuit_operator.py took 0.115 seconds
[2022-05-08 00:30:01,233] {processor.py:153} INFO - Started process (PID=692) to work on /home/airflow/.local/lib/python3.7/site-packages/airflow/example_dags/example_short_circuit_operator.py
[2022-05-08 00:30:01,235] {processor.py:641} INFO - Processing file /home/airflow/.local/lib/python3.7/site-packages/airflow/example_dags/example_short_circuit_operator.py for tasks to queue
[2022-05-08 00:30:01,236] {logging_mixin.py:115} INFO - [2022-05-08 00:30:01,236] {dagbag.py:507} INFO - Filling up the DagBag from /home/airflow/.local/lib/python3.7/site-packages/airflow/example_dags/example_short_circuit_operator.py
[2022-05-08 00:30:01,261] {processor.py:651} INFO - DAG(s) dict_keys(['example_short_circuit_operator']) retrieved from /home/airflow/.local/lib/python3.7/site-packages/airflow/example_dags/example_short_circuit_operator.py
[2022-05-08 00:30:01,320] {logging_mixin.py:115} INFO - [2022-05-08 00:30:01,320] {dag.py:2371} INFO - Sync 1 DAGs
[2022-05-08 00:30:01,358] {logging_mixin.py:115} INFO - [2022-05-08 00:30:01,357] {dag.py:2919} INFO - Setting next_dagrun for example_short_circuit_operator to 2022-05-07T00:30:01.357665+00:00, run_after=2022-05-08T00:30:01.357665+00:00
[2022-05-08 00:30:01,376] {processor.py:161} INFO - Processing /home/airflow/.local/lib/python3.7/site-packages/airflow/example_dags/example_short_circuit_operator.py took 0.150 seconds
[2022-05-08 00:30:31,984] {processor.py:153} INFO - Started process (PID=864) to work on /home/airflow/.local/lib/python3.7/site-packages/airflow/example_dags/example_short_circuit_operator.py
[2022-05-08 00:30:31,986] {processor.py:641} INFO - Processing file /home/airflow/.local/lib/python3.7/site-packages/airflow/example_dags/example_short_circuit_operator.py for tasks to queue
[2022-05-08 00:30:31,988] {logging_mixin.py:115} INFO - [2022-05-08 00:30:31,988] {dagbag.py:507} INFO - Filling up the DagBag from /home/airflow/.local/lib/python3.7/site-packages/airflow/example_dags/example_short_circuit_operator.py
[2022-05-08 00:30:32,019] {processor.py:651} INFO - DAG(s) dict_keys(['example_short_circuit_operator']) retrieved from /home/airflow/.local/lib/python3.7/site-packages/airflow/example_dags/example_short_circuit_operator.py
[2022-05-08 00:30:32,077] {logging_mixin.py:115} INFO - [2022-05-08 00:30:32,077] {dag.py:2371} INFO - Sync 1 DAGs
[2022-05-08 00:30:32,154] {logging_mixin.py:115} INFO - [2022-05-08 00:30:32,154] {dag.py:2919} INFO - Setting next_dagrun for example_short_circuit_operator to 2022-05-07T00:30:32.154183+00:00, run_after=2022-05-08T00:30:32.154183+00:00
[2022-05-08 00:30:32,180] {processor.py:161} INFO - Processing /home/airflow/.local/lib/python3.7/site-packages/airflow/example_dags/example_short_circuit_operator.py took 0.204 seconds
[2022-05-08 00:31:02,937] {processor.py:153} INFO - Started process (PID=1032) to work on /home/airflow/.local/lib/python3.7/site-packages/airflow/example_dags/example_short_circuit_operator.py
[2022-05-08 00:31:02,938] {processor.py:641} INFO - Processing file /home/airflow/.local/lib/python3.7/site-packages/airflow/example_dags/example_short_circuit_operator.py for tasks to queue
[2022-05-08 00:31:02,939] {logging_mixin.py:115} INFO - [2022-05-08 00:31:02,939] {dagbag.py:507} INFO - Filling up the DagBag from /home/airflow/.local/lib/python3.7/site-packages/airflow/example_dags/example_short_circuit_operator.py
[2022-05-08 00:31:02,953] {processor.py:651} INFO - DAG(s) dict_keys(['example_short_circuit_operator']) retrieved from /home/airflow/.local/lib/python3.7/site-packages/airflow/example_dags/example_short_circuit_operator.py
[2022-05-08 00:31:02,982] {logging_mixin.py:115} INFO - [2022-05-08 00:31:02,982] {dag.py:2371} INFO - Sync 1 DAGs
[2022-05-08 00:31:03,005] {logging_mixin.py:115} INFO - [2022-05-08 00:31:03,005] {dag.py:2919} INFO - Setting next_dagrun for example_short_circuit_operator to 2022-05-07T00:31:03.005665+00:00, run_after=2022-05-08T00:31:03.005665+00:00
[2022-05-08 00:31:03,020] {processor.py:161} INFO - Processing /home/airflow/.local/lib/python3.7/site-packages/airflow/example_dags/example_short_circuit_operator.py took 0.087 seconds
[2022-05-08 00:31:33,833] {processor.py:153} INFO - Started process (PID=1202) to work on /home/airflow/.local/lib/python3.7/site-packages/airflow/example_dags/example_short_circuit_operator.py
[2022-05-08 00:31:33,835] {processor.py:641} INFO - Processing file /home/airflow/.local/lib/python3.7/site-packages/airflow/example_dags/example_short_circuit_operator.py for tasks to queue
[2022-05-08 00:31:33,837] {logging_mixin.py:115} INFO - [2022-05-08 00:31:33,837] {dagbag.py:507} INFO - Filling up the DagBag from /home/airflow/.local/lib/python3.7/site-packages/airflow/example_dags/example_short_circuit_operator.py
[2022-05-08 00:31:33,854] {processor.py:651} INFO - DAG(s) dict_keys(['example_short_circuit_operator']) retrieved from /home/airflow/.local/lib/python3.7/site-packages/airflow/example_dags/example_short_circuit_operator.py
[2022-05-08 00:31:33,893] {logging_mixin.py:115} INFO - [2022-05-08 00:31:33,893] {dag.py:2371} INFO - Sync 1 DAGs
[2022-05-08 00:31:33,936] {logging_mixin.py:115} INFO - [2022-05-08 00:31:33,936] {dag.py:2919} INFO - Setting next_dagrun for example_short_circuit_operator to 2022-05-07T00:31:33.935655+00:00, run_after=2022-05-08T00:31:33.935655+00:00
[2022-05-08 00:31:33,957] {processor.py:161} INFO - Processing /home/airflow/.local/lib/python3.7/site-packages/airflow/example_dags/example_short_circuit_operator.py took 0.129 seconds
[2022-05-08 00:32:04,125] {processor.py:153} INFO - Started process (PID=1374) to work on /home/airflow/.local/lib/python3.7/site-packages/airflow/example_dags/example_short_circuit_operator.py
[2022-05-08 00:32:04,126] {processor.py:641} INFO - Processing file /home/airflow/.local/lib/python3.7/site-packages/airflow/example_dags/example_short_circuit_operator.py for tasks to queue
[2022-05-08 00:32:04,128] {logging_mixin.py:115} INFO - [2022-05-08 00:32:04,128] {dagbag.py:507} INFO - Filling up the DagBag from /home/airflow/.local/lib/python3.7/site-packages/airflow/example_dags/example_short_circuit_operator.py
[2022-05-08 00:32:04,156] {processor.py:651} INFO - DAG(s) dict_keys(['example_short_circuit_operator']) retrieved from /home/airflow/.local/lib/python3.7/site-packages/airflow/example_dags/example_short_circuit_operator.py
[2022-05-08 00:32:04,208] {logging_mixin.py:115} INFO - [2022-05-08 00:32:04,208] {dag.py:2371} INFO - Sync 1 DAGs
[2022-05-08 00:32:04,232] {logging_mixin.py:115} INFO - [2022-05-08 00:32:04,232] {dag.py:2919} INFO - Setting next_dagrun for example_short_circuit_operator to 2022-05-07T00:32:04.232303+00:00, run_after=2022-05-08T00:32:04.232303+00:00
[2022-05-08 00:32:04,244] {processor.py:161} INFO - Processing /home/airflow/.local/lib/python3.7/site-packages/airflow/example_dags/example_short_circuit_operator.py took 0.128 seconds
[2022-05-08 00:32:35,121] {processor.py:153} INFO - Started process (PID=1544) to work on /home/airflow/.local/lib/python3.7/site-packages/airflow/example_dags/example_short_circuit_operator.py
[2022-05-08 00:32:35,122] {processor.py:641} INFO - Processing file /home/airflow/.local/lib/python3.7/site-packages/airflow/example_dags/example_short_circuit_operator.py for tasks to queue
[2022-05-08 00:32:35,124] {logging_mixin.py:115} INFO - [2022-05-08 00:32:35,123] {dagbag.py:507} INFO - Filling up the DagBag from /home/airflow/.local/lib/python3.7/site-packages/airflow/example_dags/example_short_circuit_operator.py
[2022-05-08 00:32:35,139] {processor.py:651} INFO - DAG(s) dict_keys(['example_short_circuit_operator']) retrieved from /home/airflow/.local/lib/python3.7/site-packages/airflow/example_dags/example_short_circuit_operator.py
[2022-05-08 00:32:35,168] {logging_mixin.py:115} INFO - [2022-05-08 00:32:35,168] {dag.py:2371} INFO - Sync 1 DAGs
[2022-05-08 00:32:35,192] {logging_mixin.py:115} INFO - [2022-05-08 00:32:35,192] {dag.py:2919} INFO - Setting next_dagrun for example_short_circuit_operator to 2022-05-07T00:32:35.191826+00:00, run_after=2022-05-08T00:32:35.191826+00:00
[2022-05-08 00:32:35,207] {processor.py:161} INFO - Processing /home/airflow/.local/lib/python3.7/site-packages/airflow/example_dags/example_short_circuit_operator.py took 0.092 seconds
[2022-05-08 00:33:05,945] {processor.py:153} INFO - Started process (PID=1714) to work on /home/airflow/.local/lib/python3.7/site-packages/airflow/example_dags/example_short_circuit_operator.py
[2022-05-08 00:33:05,948] {processor.py:641} INFO - Processing file /home/airflow/.local/lib/python3.7/site-packages/airflow/example_dags/example_short_circuit_operator.py for tasks to queue
[2022-05-08 00:33:05,950] {logging_mixin.py:115} INFO - [2022-05-08 00:33:05,950] {dagbag.py:507} INFO - Filling up the DagBag from /home/airflow/.local/lib/python3.7/site-packages/airflow/example_dags/example_short_circuit_operator.py
[2022-05-08 00:33:05,970] {processor.py:651} INFO - DAG(s) dict_keys(['example_short_circuit_operator']) retrieved from /home/airflow/.local/lib/python3.7/site-packages/airflow/example_dags/example_short_circuit_operator.py
[2022-05-08 00:33:06,004] {logging_mixin.py:115} INFO - [2022-05-08 00:33:06,004] {dag.py:2371} INFO - Sync 1 DAGs
[2022-05-08 00:33:06,032] {logging_mixin.py:115} INFO - [2022-05-08 00:33:06,032] {dag.py:2919} INFO - Setting next_dagrun for example_short_circuit_operator to 2022-05-07T00:33:06.032316+00:00, run_after=2022-05-08T00:33:06.032316+00:00
[2022-05-08 00:33:06,050] {processor.py:161} INFO - Processing /home/airflow/.local/lib/python3.7/site-packages/airflow/example_dags/example_short_circuit_operator.py took 0.111 seconds
[2022-05-08 00:33:36,576] {processor.py:153} INFO - Started process (PID=1884) to work on /home/airflow/.local/lib/python3.7/site-packages/airflow/example_dags/example_short_circuit_operator.py
[2022-05-08 00:33:36,579] {processor.py:641} INFO - Processing file /home/airflow/.local/lib/python3.7/site-packages/airflow/example_dags/example_short_circuit_operator.py for tasks to queue
[2022-05-08 00:33:36,580] {logging_mixin.py:115} INFO - [2022-05-08 00:33:36,580] {dagbag.py:507} INFO - Filling up the DagBag from /home/airflow/.local/lib/python3.7/site-packages/airflow/example_dags/example_short_circuit_operator.py
[2022-05-08 00:33:36,592] {processor.py:651} INFO - DAG(s) dict_keys(['example_short_circuit_operator']) retrieved from /home/airflow/.local/lib/python3.7/site-packages/airflow/example_dags/example_short_circuit_operator.py
[2022-05-08 00:33:36,624] {logging_mixin.py:115} INFO - [2022-05-08 00:33:36,624] {dag.py:2371} INFO - Sync 1 DAGs
[2022-05-08 00:33:36,650] {logging_mixin.py:115} INFO - [2022-05-08 00:33:36,650] {dag.py:2919} INFO - Setting next_dagrun for example_short_circuit_operator to 2022-05-07T00:33:36.650168+00:00, run_after=2022-05-08T00:33:36.650168+00:00
[2022-05-08 00:33:36,665] {processor.py:161} INFO - Processing /home/airflow/.local/lib/python3.7/site-packages/airflow/example_dags/example_short_circuit_operator.py took 0.093 seconds
[2022-05-08 00:34:06,901] {processor.py:153} INFO - Started process (PID=2054) to work on /home/airflow/.local/lib/python3.7/site-packages/airflow/example_dags/example_short_circuit_operator.py
[2022-05-08 00:34:06,903] {processor.py:641} INFO - Processing file /home/airflow/.local/lib/python3.7/site-packages/airflow/example_dags/example_short_circuit_operator.py for tasks to queue
[2022-05-08 00:34:06,905] {logging_mixin.py:115} INFO - [2022-05-08 00:34:06,905] {dagbag.py:507} INFO - Filling up the DagBag from /home/airflow/.local/lib/python3.7/site-packages/airflow/example_dags/example_short_circuit_operator.py
[2022-05-08 00:34:06,940] {processor.py:651} INFO - DAG(s) dict_keys(['example_short_circuit_operator']) retrieved from /home/airflow/.local/lib/python3.7/site-packages/airflow/example_dags/example_short_circuit_operator.py
[2022-05-08 00:34:07,002] {logging_mixin.py:115} INFO - [2022-05-08 00:34:07,002] {dag.py:2371} INFO - Sync 1 DAGs
[2022-05-08 00:34:07,028] {logging_mixin.py:115} INFO - [2022-05-08 00:34:07,028] {dag.py:2919} INFO - Setting next_dagrun for example_short_circuit_operator to 2022-05-07T00:34:07.027846+00:00, run_after=2022-05-08T00:34:07.027846+00:00
[2022-05-08 00:34:07,043] {processor.py:161} INFO - Processing /home/airflow/.local/lib/python3.7/site-packages/airflow/example_dags/example_short_circuit_operator.py took 0.153 seconds
[2022-05-08 00:34:37,276] {processor.py:153} INFO - Started process (PID=2224) to work on /home/airflow/.local/lib/python3.7/site-packages/airflow/example_dags/example_short_circuit_operator.py
[2022-05-08 00:34:37,278] {processor.py:641} INFO - Processing file /home/airflow/.local/lib/python3.7/site-packages/airflow/example_dags/example_short_circuit_operator.py for tasks to queue
[2022-05-08 00:34:37,280] {logging_mixin.py:115} INFO - [2022-05-08 00:34:37,280] {dagbag.py:507} INFO - Filling up the DagBag from /home/airflow/.local/lib/python3.7/site-packages/airflow/example_dags/example_short_circuit_operator.py
[2022-05-08 00:34:37,297] {processor.py:651} INFO - DAG(s) dict_keys(['example_short_circuit_operator']) retrieved from /home/airflow/.local/lib/python3.7/site-packages/airflow/example_dags/example_short_circuit_operator.py
[2022-05-08 00:34:37,337] {logging_mixin.py:115} INFO - [2022-05-08 00:34:37,337] {dag.py:2371} INFO - Sync 1 DAGs
[2022-05-08 00:34:37,368] {logging_mixin.py:115} INFO - [2022-05-08 00:34:37,368] {dag.py:2919} INFO - Setting next_dagrun for example_short_circuit_operator to 2022-05-07T00:34:37.368314+00:00, run_after=2022-05-08T00:34:37.368314+00:00
[2022-05-08 00:34:37,388] {processor.py:161} INFO - Processing /home/airflow/.local/lib/python3.7/site-packages/airflow/example_dags/example_short_circuit_operator.py took 0.119 seconds
[2022-05-08 00:35:08,096] {processor.py:153} INFO - Started process (PID=2394) to work on /home/airflow/.local/lib/python3.7/site-packages/airflow/example_dags/example_short_circuit_operator.py
[2022-05-08 00:35:08,097] {processor.py:641} INFO - Processing file /home/airflow/.local/lib/python3.7/site-packages/airflow/example_dags/example_short_circuit_operator.py for tasks to queue
[2022-05-08 00:35:08,098] {logging_mixin.py:115} INFO - [2022-05-08 00:35:08,098] {dagbag.py:507} INFO - Filling up the DagBag from /home/airflow/.local/lib/python3.7/site-packages/airflow/example_dags/example_short_circuit_operator.py
[2022-05-08 00:35:08,112] {processor.py:651} INFO - DAG(s) dict_keys(['example_short_circuit_operator']) retrieved from /home/airflow/.local/lib/python3.7/site-packages/airflow/example_dags/example_short_circuit_operator.py
[2022-05-08 00:35:08,151] {logging_mixin.py:115} INFO - [2022-05-08 00:35:08,151] {dag.py:2371} INFO - Sync 1 DAGs
[2022-05-08 00:35:08,181] {logging_mixin.py:115} INFO - [2022-05-08 00:35:08,180] {dag.py:2919} INFO - Setting next_dagrun for example_short_circuit_operator to 2022-05-07T00:35:08.180682+00:00, run_after=2022-05-08T00:35:08.180682+00:00
[2022-05-08 00:35:08,200] {processor.py:161} INFO - Processing /home/airflow/.local/lib/python3.7/site-packages/airflow/example_dags/example_short_circuit_operator.py took 0.108 seconds
[2022-05-08 00:35:38,867] {processor.py:153} INFO - Started process (PID=2564) to work on /home/airflow/.local/lib/python3.7/site-packages/airflow/example_dags/example_short_circuit_operator.py
[2022-05-08 00:35:38,870] {processor.py:641} INFO - Processing file /home/airflow/.local/lib/python3.7/site-packages/airflow/example_dags/example_short_circuit_operator.py for tasks to queue
[2022-05-08 00:35:38,873] {logging_mixin.py:115} INFO - [2022-05-08 00:35:38,873] {dagbag.py:507} INFO - Filling up the DagBag from /home/airflow/.local/lib/python3.7/site-packages/airflow/example_dags/example_short_circuit_operator.py
[2022-05-08 00:35:38,886] {processor.py:651} INFO - DAG(s) dict_keys(['example_short_circuit_operator']) retrieved from /home/airflow/.local/lib/python3.7/site-packages/airflow/example_dags/example_short_circuit_operator.py
[2022-05-08 00:35:38,923] {logging_mixin.py:115} INFO - [2022-05-08 00:35:38,923] {dag.py:2371} INFO - Sync 1 DAGs
[2022-05-08 00:35:38,950] {logging_mixin.py:115} INFO - [2022-05-08 00:35:38,950] {dag.py:2919} INFO - Setting next_dagrun for example_short_circuit_operator to 2022-05-07T00:35:38.950535+00:00, run_after=2022-05-08T00:35:38.950535+00:00
[2022-05-08 00:35:38,966] {processor.py:161} INFO - Processing /home/airflow/.local/lib/python3.7/site-packages/airflow/example_dags/example_short_circuit_operator.py took 0.105 seconds
[2022-05-08 00:36:09,191] {processor.py:153} INFO - Started process (PID=2734) to work on /home/airflow/.local/lib/python3.7/site-packages/airflow/example_dags/example_short_circuit_operator.py
[2022-05-08 00:36:09,193] {processor.py:641} INFO - Processing file /home/airflow/.local/lib/python3.7/site-packages/airflow/example_dags/example_short_circuit_operator.py for tasks to queue
[2022-05-08 00:36:09,195] {logging_mixin.py:115} INFO - [2022-05-08 00:36:09,195] {dagbag.py:507} INFO - Filling up the DagBag from /home/airflow/.local/lib/python3.7/site-packages/airflow/example_dags/example_short_circuit_operator.py
[2022-05-08 00:36:09,211] {processor.py:651} INFO - DAG(s) dict_keys(['example_short_circuit_operator']) retrieved from /home/airflow/.local/lib/python3.7/site-packages/airflow/example_dags/example_short_circuit_operator.py
[2022-05-08 00:36:09,246] {logging_mixin.py:115} INFO - [2022-05-08 00:36:09,246] {dag.py:2371} INFO - Sync 1 DAGs
[2022-05-08 00:36:09,276] {logging_mixin.py:115} INFO - [2022-05-08 00:36:09,276] {dag.py:2919} INFO - Setting next_dagrun for example_short_circuit_operator to 2022-05-07T00:36:09.276287+00:00, run_after=2022-05-08T00:36:09.276287+00:00
[2022-05-08 00:36:09,291] {processor.py:161} INFO - Processing /home/airflow/.local/lib/python3.7/site-packages/airflow/example_dags/example_short_circuit_operator.py took 0.105 seconds
[2022-05-08 00:38:49,659] {processor.py:153} INFO - Started process (PID=183) to work on /home/airflow/.local/lib/python3.7/site-packages/airflow/example_dags/example_short_circuit_operator.py
[2022-05-08 00:38:49,662] {processor.py:641} INFO - Processing file /home/airflow/.local/lib/python3.7/site-packages/airflow/example_dags/example_short_circuit_operator.py for tasks to queue
[2022-05-08 00:38:49,665] {logging_mixin.py:115} INFO - [2022-05-08 00:38:49,665] {dagbag.py:507} INFO - Filling up the DagBag from /home/airflow/.local/lib/python3.7/site-packages/airflow/example_dags/example_short_circuit_operator.py
[2022-05-08 00:38:49,688] {processor.py:651} INFO - DAG(s) dict_keys(['example_short_circuit_operator']) retrieved from /home/airflow/.local/lib/python3.7/site-packages/airflow/example_dags/example_short_circuit_operator.py
[2022-05-08 00:38:49,986] {logging_mixin.py:115} INFO - [2022-05-08 00:38:49,986] {manager.py:508} INFO - Created Permission View: can delete on DAG:example_short_circuit_operator
[2022-05-08 00:38:50,028] {logging_mixin.py:115} INFO - [2022-05-08 00:38:50,028] {manager.py:508} INFO - Created Permission View: can edit on DAG:example_short_circuit_operator
[2022-05-08 00:38:50,044] {logging_mixin.py:115} INFO - [2022-05-08 00:38:50,044] {manager.py:508} INFO - Created Permission View: can read on DAG:example_short_circuit_operator
[2022-05-08 00:38:50,046] {logging_mixin.py:115} INFO - [2022-05-08 00:38:50,046] {dag.py:2371} INFO - Sync 1 DAGs
[2022-05-08 00:38:50,067] {logging_mixin.py:115} INFO - [2022-05-08 00:38:50,067] {dag.py:2390} INFO - Creating ORM DAG for example_short_circuit_operator
[2022-05-08 00:38:50,118] {logging_mixin.py:115} INFO - [2022-05-08 00:38:50,117] {dag.py:2919} INFO - Setting next_dagrun for example_short_circuit_operator to 2022-05-07T00:38:50.117650+00:00, run_after=2022-05-08T00:38:50.117650+00:00
[2022-05-08 00:38:50,162] {processor.py:161} INFO - Processing /home/airflow/.local/lib/python3.7/site-packages/airflow/example_dags/example_short_circuit_operator.py took 0.506 seconds
[2022-05-08 00:39:20,257] {processor.py:153} INFO - Started process (PID=353) to work on /home/airflow/.local/lib/python3.7/site-packages/airflow/example_dags/example_short_circuit_operator.py
[2022-05-08 00:39:20,267] {processor.py:641} INFO - Processing file /home/airflow/.local/lib/python3.7/site-packages/airflow/example_dags/example_short_circuit_operator.py for tasks to queue
[2022-05-08 00:39:20,268] {logging_mixin.py:115} INFO - [2022-05-08 00:39:20,268] {dagbag.py:507} INFO - Filling up the DagBag from /home/airflow/.local/lib/python3.7/site-packages/airflow/example_dags/example_short_circuit_operator.py
[2022-05-08 00:39:20,287] {processor.py:651} INFO - DAG(s) dict_keys(['example_short_circuit_operator']) retrieved from /home/airflow/.local/lib/python3.7/site-packages/airflow/example_dags/example_short_circuit_operator.py
[2022-05-08 00:39:20,328] {logging_mixin.py:115} INFO - [2022-05-08 00:39:20,328] {dag.py:2371} INFO - Sync 1 DAGs
[2022-05-08 00:39:20,360] {logging_mixin.py:115} INFO - [2022-05-08 00:39:20,360] {dag.py:2919} INFO - Setting next_dagrun for example_short_circuit_operator to 2022-05-07T00:39:20.360084+00:00, run_after=2022-05-08T00:39:20.360084+00:00
[2022-05-08 00:39:20,377] {processor.py:161} INFO - Processing /home/airflow/.local/lib/python3.7/site-packages/airflow/example_dags/example_short_circuit_operator.py took 0.123 seconds
[2022-05-08 00:39:51,250] {processor.py:153} INFO - Started process (PID=523) to work on /home/airflow/.local/lib/python3.7/site-packages/airflow/example_dags/example_short_circuit_operator.py
[2022-05-08 00:39:51,254] {processor.py:641} INFO - Processing file /home/airflow/.local/lib/python3.7/site-packages/airflow/example_dags/example_short_circuit_operator.py for tasks to queue
[2022-05-08 00:39:51,258] {logging_mixin.py:115} INFO - [2022-05-08 00:39:51,257] {dagbag.py:507} INFO - Filling up the DagBag from /home/airflow/.local/lib/python3.7/site-packages/airflow/example_dags/example_short_circuit_operator.py
[2022-05-08 00:39:51,285] {processor.py:651} INFO - DAG(s) dict_keys(['example_short_circuit_operator']) retrieved from /home/airflow/.local/lib/python3.7/site-packages/airflow/example_dags/example_short_circuit_operator.py
[2022-05-08 00:39:51,410] {logging_mixin.py:115} INFO - [2022-05-08 00:39:51,410] {dag.py:2371} INFO - Sync 1 DAGs
[2022-05-08 00:39:51,532] {logging_mixin.py:115} INFO - [2022-05-08 00:39:51,532] {dag.py:2919} INFO - Setting next_dagrun for example_short_circuit_operator to 2022-05-07T00:39:51.531763+00:00, run_after=2022-05-08T00:39:51.531763+00:00
[2022-05-08 00:39:51,566] {processor.py:161} INFO - Processing /home/airflow/.local/lib/python3.7/site-packages/airflow/example_dags/example_short_circuit_operator.py took 0.324 seconds
[2022-05-08 00:40:22,324] {processor.py:153} INFO - Started process (PID=693) to work on /home/airflow/.local/lib/python3.7/site-packages/airflow/example_dags/example_short_circuit_operator.py
[2022-05-08 00:40:22,326] {processor.py:641} INFO - Processing file /home/airflow/.local/lib/python3.7/site-packages/airflow/example_dags/example_short_circuit_operator.py for tasks to queue
[2022-05-08 00:40:22,327] {logging_mixin.py:115} INFO - [2022-05-08 00:40:22,327] {dagbag.py:507} INFO - Filling up the DagBag from /home/airflow/.local/lib/python3.7/site-packages/airflow/example_dags/example_short_circuit_operator.py
[2022-05-08 00:40:22,343] {processor.py:651} INFO - DAG(s) dict_keys(['example_short_circuit_operator']) retrieved from /home/airflow/.local/lib/python3.7/site-packages/airflow/example_dags/example_short_circuit_operator.py
[2022-05-08 00:40:22,384] {logging_mixin.py:115} INFO - [2022-05-08 00:40:22,384] {dag.py:2371} INFO - Sync 1 DAGs
[2022-05-08 00:40:22,427] {logging_mixin.py:115} INFO - [2022-05-08 00:40:22,426] {dag.py:2919} INFO - Setting next_dagrun for example_short_circuit_operator to 2022-05-07T00:40:22.426691+00:00, run_after=2022-05-08T00:40:22.426691+00:00
[2022-05-08 00:40:22,444] {processor.py:161} INFO - Processing /home/airflow/.local/lib/python3.7/site-packages/airflow/example_dags/example_short_circuit_operator.py took 0.127 seconds
[2022-05-08 00:40:52,861] {processor.py:153} INFO - Started process (PID=863) to work on /home/airflow/.local/lib/python3.7/site-packages/airflow/example_dags/example_short_circuit_operator.py
[2022-05-08 00:40:52,863] {processor.py:641} INFO - Processing file /home/airflow/.local/lib/python3.7/site-packages/airflow/example_dags/example_short_circuit_operator.py for tasks to queue
[2022-05-08 00:40:52,865] {logging_mixin.py:115} INFO - [2022-05-08 00:40:52,865] {dagbag.py:507} INFO - Filling up the DagBag from /home/airflow/.local/lib/python3.7/site-packages/airflow/example_dags/example_short_circuit_operator.py
[2022-05-08 00:40:52,930] {processor.py:651} INFO - DAG(s) dict_keys(['example_short_circuit_operator']) retrieved from /home/airflow/.local/lib/python3.7/site-packages/airflow/example_dags/example_short_circuit_operator.py
[2022-05-08 00:40:53,044] {logging_mixin.py:115} INFO - [2022-05-08 00:40:53,044] {dag.py:2371} INFO - Sync 1 DAGs
[2022-05-08 00:40:53,109] {logging_mixin.py:115} INFO - [2022-05-08 00:40:53,109] {dag.py:2919} INFO - Setting next_dagrun for example_short_circuit_operator to 2022-05-07T00:40:53.108802+00:00, run_after=2022-05-08T00:40:53.108802+00:00
[2022-05-08 00:40:53,146] {processor.py:161} INFO - Processing /home/airflow/.local/lib/python3.7/site-packages/airflow/example_dags/example_short_circuit_operator.py took 0.309 seconds
[2022-05-08 00:41:23,884] {processor.py:153} INFO - Started process (PID=1033) to work on /home/airflow/.local/lib/python3.7/site-packages/airflow/example_dags/example_short_circuit_operator.py
[2022-05-08 00:41:23,886] {processor.py:641} INFO - Processing file /home/airflow/.local/lib/python3.7/site-packages/airflow/example_dags/example_short_circuit_operator.py for tasks to queue
[2022-05-08 00:41:23,888] {logging_mixin.py:115} INFO - [2022-05-08 00:41:23,887] {dagbag.py:507} INFO - Filling up the DagBag from /home/airflow/.local/lib/python3.7/site-packages/airflow/example_dags/example_short_circuit_operator.py
[2022-05-08 00:41:23,912] {processor.py:651} INFO - DAG(s) dict_keys(['example_short_circuit_operator']) retrieved from /home/airflow/.local/lib/python3.7/site-packages/airflow/example_dags/example_short_circuit_operator.py
[2022-05-08 00:41:23,944] {logging_mixin.py:115} INFO - [2022-05-08 00:41:23,944] {dag.py:2371} INFO - Sync 1 DAGs
[2022-05-08 00:41:23,994] {logging_mixin.py:115} INFO - [2022-05-08 00:41:23,994] {dag.py:2919} INFO - Setting next_dagrun for example_short_circuit_operator to 2022-05-07T00:41:23.994356+00:00, run_after=2022-05-08T00:41:23.994356+00:00
[2022-05-08 00:41:24,008] {processor.py:161} INFO - Processing /home/airflow/.local/lib/python3.7/site-packages/airflow/example_dags/example_short_circuit_operator.py took 0.127 seconds
[2022-05-08 00:41:54,346] {processor.py:153} INFO - Started process (PID=1203) to work on /home/airflow/.local/lib/python3.7/site-packages/airflow/example_dags/example_short_circuit_operator.py
[2022-05-08 00:41:54,350] {processor.py:641} INFO - Processing file /home/airflow/.local/lib/python3.7/site-packages/airflow/example_dags/example_short_circuit_operator.py for tasks to queue
[2022-05-08 00:41:54,352] {logging_mixin.py:115} INFO - [2022-05-08 00:41:54,352] {dagbag.py:507} INFO - Filling up the DagBag from /home/airflow/.local/lib/python3.7/site-packages/airflow/example_dags/example_short_circuit_operator.py
[2022-05-08 00:41:54,376] {processor.py:651} INFO - DAG(s) dict_keys(['example_short_circuit_operator']) retrieved from /home/airflow/.local/lib/python3.7/site-packages/airflow/example_dags/example_short_circuit_operator.py
[2022-05-08 00:41:54,413] {logging_mixin.py:115} INFO - [2022-05-08 00:41:54,413] {dag.py:2371} INFO - Sync 1 DAGs
[2022-05-08 00:41:54,450] {logging_mixin.py:115} INFO - [2022-05-08 00:41:54,450] {dag.py:2919} INFO - Setting next_dagrun for example_short_circuit_operator to 2022-05-07T00:41:54.450393+00:00, run_after=2022-05-08T00:41:54.450393+00:00
[2022-05-08 00:41:54,476] {processor.py:161} INFO - Processing /home/airflow/.local/lib/python3.7/site-packages/airflow/example_dags/example_short_circuit_operator.py took 0.135 seconds
[2022-05-08 00:42:24,886] {processor.py:153} INFO - Started process (PID=1373) to work on /home/airflow/.local/lib/python3.7/site-packages/airflow/example_dags/example_short_circuit_operator.py
[2022-05-08 00:42:24,897] {processor.py:641} INFO - Processing file /home/airflow/.local/lib/python3.7/site-packages/airflow/example_dags/example_short_circuit_operator.py for tasks to queue
[2022-05-08 00:42:24,906] {logging_mixin.py:115} INFO - [2022-05-08 00:42:24,904] {dagbag.py:507} INFO - Filling up the DagBag from /home/airflow/.local/lib/python3.7/site-packages/airflow/example_dags/example_short_circuit_operator.py
[2022-05-08 00:42:24,941] {processor.py:651} INFO - DAG(s) dict_keys(['example_short_circuit_operator']) retrieved from /home/airflow/.local/lib/python3.7/site-packages/airflow/example_dags/example_short_circuit_operator.py
[2022-05-08 00:42:25,027] {logging_mixin.py:115} INFO - [2022-05-08 00:42:25,027] {dag.py:2371} INFO - Sync 1 DAGs
[2022-05-08 00:42:25,087] {logging_mixin.py:115} INFO - [2022-05-08 00:42:25,087] {dag.py:2919} INFO - Setting next_dagrun for example_short_circuit_operator to 2022-05-07T00:42:25.086809+00:00, run_after=2022-05-08T00:42:25.086809+00:00
[2022-05-08 00:42:25,124] {processor.py:161} INFO - Processing /home/airflow/.local/lib/python3.7/site-packages/airflow/example_dags/example_short_circuit_operator.py took 0.242 seconds
