[2022-05-08 00:28:38,157] {processor.py:153} INFO - Started process (PID=317) to work on /home/airflow/.local/lib/python3.7/site-packages/airflow/example_dags/example_task_group.py
[2022-05-08 00:28:38,162] {processor.py:641} INFO - Processing file /home/airflow/.local/lib/python3.7/site-packages/airflow/example_dags/example_task_group.py for tasks to queue
[2022-05-08 00:28:38,165] {logging_mixin.py:115} INFO - [2022-05-08 00:28:38,165] {dagbag.py:507} INFO - Filling up the DagBag from /home/airflow/.local/lib/python3.7/site-packages/airflow/example_dags/example_task_group.py
[2022-05-08 00:28:38,207] {processor.py:651} INFO - DAG(s) dict_keys(['example_task_group']) retrieved from /home/airflow/.local/lib/python3.7/site-packages/airflow/example_dags/example_task_group.py
[2022-05-08 00:28:38,298] {logging_mixin.py:115} INFO - [2022-05-08 00:28:38,297] {dag.py:2371} INFO - Sync 1 DAGs
[2022-05-08 00:28:38,384] {logging_mixin.py:115} INFO - [2022-05-08 00:28:38,383] {dag.py:2919} INFO - Setting next_dagrun for example_task_group to 2022-05-07T00:28:38.383022+00:00, run_after=2022-05-08T00:28:38.383022+00:00
[2022-05-08 00:28:38,446] {processor.py:161} INFO - Processing /home/airflow/.local/lib/python3.7/site-packages/airflow/example_dags/example_task_group.py took 0.300 seconds
[2022-05-08 00:29:08,713] {processor.py:153} INFO - Started process (PID=482) to work on /home/airflow/.local/lib/python3.7/site-packages/airflow/example_dags/example_task_group.py
[2022-05-08 00:29:08,714] {processor.py:641} INFO - Processing file /home/airflow/.local/lib/python3.7/site-packages/airflow/example_dags/example_task_group.py for tasks to queue
[2022-05-08 00:29:08,716] {logging_mixin.py:115} INFO - [2022-05-08 00:29:08,716] {dagbag.py:507} INFO - Filling up the DagBag from /home/airflow/.local/lib/python3.7/site-packages/airflow/example_dags/example_task_group.py
[2022-05-08 00:29:08,746] {processor.py:651} INFO - DAG(s) dict_keys(['example_task_group']) retrieved from /home/airflow/.local/lib/python3.7/site-packages/airflow/example_dags/example_task_group.py
[2022-05-08 00:29:08,869] {logging_mixin.py:115} INFO - [2022-05-08 00:29:08,868] {dag.py:2371} INFO - Sync 1 DAGs
[2022-05-08 00:29:08,967] {logging_mixin.py:115} INFO - [2022-05-08 00:29:08,967] {dag.py:2919} INFO - Setting next_dagrun for example_task_group to 2022-05-07T00:29:08.967405+00:00, run_after=2022-05-08T00:29:08.967405+00:00
[2022-05-08 00:29:09,001] {processor.py:161} INFO - Processing /home/airflow/.local/lib/python3.7/site-packages/airflow/example_dags/example_task_group.py took 0.298 seconds
[2022-05-08 00:29:39,127] {processor.py:153} INFO - Started process (PID=651) to work on /home/airflow/.local/lib/python3.7/site-packages/airflow/example_dags/example_task_group.py
[2022-05-08 00:29:39,132] {processor.py:641} INFO - Processing file /home/airflow/.local/lib/python3.7/site-packages/airflow/example_dags/example_task_group.py for tasks to queue
[2022-05-08 00:29:39,134] {logging_mixin.py:115} INFO - [2022-05-08 00:29:39,134] {dagbag.py:507} INFO - Filling up the DagBag from /home/airflow/.local/lib/python3.7/site-packages/airflow/example_dags/example_task_group.py
[2022-05-08 00:29:39,164] {processor.py:651} INFO - DAG(s) dict_keys(['example_task_group']) retrieved from /home/airflow/.local/lib/python3.7/site-packages/airflow/example_dags/example_task_group.py
[2022-05-08 00:29:39,206] {logging_mixin.py:115} INFO - [2022-05-08 00:29:39,206] {dag.py:2371} INFO - Sync 1 DAGs
[2022-05-08 00:29:39,243] {logging_mixin.py:115} INFO - [2022-05-08 00:29:39,243] {dag.py:2919} INFO - Setting next_dagrun for example_task_group to 2022-05-07T00:29:39.243146+00:00, run_after=2022-05-08T00:29:39.243146+00:00
[2022-05-08 00:29:39,288] {processor.py:161} INFO - Processing /home/airflow/.local/lib/python3.7/site-packages/airflow/example_dags/example_task_group.py took 0.168 seconds
[2022-05-08 00:30:10,020] {processor.py:153} INFO - Started process (PID=822) to work on /home/airflow/.local/lib/python3.7/site-packages/airflow/example_dags/example_task_group.py
[2022-05-08 00:30:10,021] {processor.py:641} INFO - Processing file /home/airflow/.local/lib/python3.7/site-packages/airflow/example_dags/example_task_group.py for tasks to queue
[2022-05-08 00:30:10,025] {logging_mixin.py:115} INFO - [2022-05-08 00:30:10,025] {dagbag.py:507} INFO - Filling up the DagBag from /home/airflow/.local/lib/python3.7/site-packages/airflow/example_dags/example_task_group.py
[2022-05-08 00:30:10,039] {processor.py:651} INFO - DAG(s) dict_keys(['example_task_group']) retrieved from /home/airflow/.local/lib/python3.7/site-packages/airflow/example_dags/example_task_group.py
[2022-05-08 00:30:10,075] {logging_mixin.py:115} INFO - [2022-05-08 00:30:10,074] {dag.py:2371} INFO - Sync 1 DAGs
[2022-05-08 00:30:10,109] {logging_mixin.py:115} INFO - [2022-05-08 00:30:10,109] {dag.py:2919} INFO - Setting next_dagrun for example_task_group to 2022-05-07T00:30:10.108847+00:00, run_after=2022-05-08T00:30:10.108847+00:00
[2022-05-08 00:30:10,132] {processor.py:161} INFO - Processing /home/airflow/.local/lib/python3.7/site-packages/airflow/example_dags/example_task_group.py took 0.116 seconds
[2022-05-08 00:30:41,211] {processor.py:153} INFO - Started process (PID=997) to work on /home/airflow/.local/lib/python3.7/site-packages/airflow/example_dags/example_task_group.py
[2022-05-08 00:30:41,212] {processor.py:641} INFO - Processing file /home/airflow/.local/lib/python3.7/site-packages/airflow/example_dags/example_task_group.py for tasks to queue
[2022-05-08 00:30:41,214] {logging_mixin.py:115} INFO - [2022-05-08 00:30:41,214] {dagbag.py:507} INFO - Filling up the DagBag from /home/airflow/.local/lib/python3.7/site-packages/airflow/example_dags/example_task_group.py
[2022-05-08 00:30:41,226] {processor.py:651} INFO - DAG(s) dict_keys(['example_task_group']) retrieved from /home/airflow/.local/lib/python3.7/site-packages/airflow/example_dags/example_task_group.py
[2022-05-08 00:30:41,253] {logging_mixin.py:115} INFO - [2022-05-08 00:30:41,253] {dag.py:2371} INFO - Sync 1 DAGs
[2022-05-08 00:30:41,277] {logging_mixin.py:115} INFO - [2022-05-08 00:30:41,277] {dag.py:2919} INFO - Setting next_dagrun for example_task_group to 2022-05-07T00:30:41.277616+00:00, run_after=2022-05-08T00:30:41.277616+00:00
[2022-05-08 00:30:41,291] {processor.py:161} INFO - Processing /home/airflow/.local/lib/python3.7/site-packages/airflow/example_dags/example_task_group.py took 0.084 seconds
[2022-05-08 00:31:12,170] {processor.py:153} INFO - Started process (PID=1167) to work on /home/airflow/.local/lib/python3.7/site-packages/airflow/example_dags/example_task_group.py
[2022-05-08 00:31:12,171] {processor.py:641} INFO - Processing file /home/airflow/.local/lib/python3.7/site-packages/airflow/example_dags/example_task_group.py for tasks to queue
[2022-05-08 00:31:12,172] {logging_mixin.py:115} INFO - [2022-05-08 00:31:12,172] {dagbag.py:507} INFO - Filling up the DagBag from /home/airflow/.local/lib/python3.7/site-packages/airflow/example_dags/example_task_group.py
[2022-05-08 00:31:12,187] {processor.py:651} INFO - DAG(s) dict_keys(['example_task_group']) retrieved from /home/airflow/.local/lib/python3.7/site-packages/airflow/example_dags/example_task_group.py
[2022-05-08 00:31:12,232] {logging_mixin.py:115} INFO - [2022-05-08 00:31:12,231] {dag.py:2371} INFO - Sync 1 DAGs
[2022-05-08 00:31:12,269] {logging_mixin.py:115} INFO - [2022-05-08 00:31:12,269] {dag.py:2919} INFO - Setting next_dagrun for example_task_group to 2022-05-07T00:31:12.269114+00:00, run_after=2022-05-08T00:31:12.269114+00:00
[2022-05-08 00:31:12,303] {processor.py:161} INFO - Processing /home/airflow/.local/lib/python3.7/site-packages/airflow/example_dags/example_task_group.py took 0.140 seconds
[2022-05-08 00:31:42,352] {processor.py:153} INFO - Started process (PID=1334) to work on /home/airflow/.local/lib/python3.7/site-packages/airflow/example_dags/example_task_group.py
[2022-05-08 00:31:42,354] {processor.py:641} INFO - Processing file /home/airflow/.local/lib/python3.7/site-packages/airflow/example_dags/example_task_group.py for tasks to queue
[2022-05-08 00:31:42,355] {logging_mixin.py:115} INFO - [2022-05-08 00:31:42,355] {dagbag.py:507} INFO - Filling up the DagBag from /home/airflow/.local/lib/python3.7/site-packages/airflow/example_dags/example_task_group.py
[2022-05-08 00:31:42,371] {processor.py:651} INFO - DAG(s) dict_keys(['example_task_group']) retrieved from /home/airflow/.local/lib/python3.7/site-packages/airflow/example_dags/example_task_group.py
[2022-05-08 00:31:42,398] {logging_mixin.py:115} INFO - [2022-05-08 00:31:42,398] {dag.py:2371} INFO - Sync 1 DAGs
[2022-05-08 00:31:42,421] {logging_mixin.py:115} INFO - [2022-05-08 00:31:42,421] {dag.py:2919} INFO - Setting next_dagrun for example_task_group to 2022-05-07T00:31:42.421344+00:00, run_after=2022-05-08T00:31:42.421344+00:00
[2022-05-08 00:31:42,435] {processor.py:161} INFO - Processing /home/airflow/.local/lib/python3.7/site-packages/airflow/example_dags/example_task_group.py took 0.088 seconds
[2022-05-08 00:32:12,571] {processor.py:153} INFO - Started process (PID=1504) to work on /home/airflow/.local/lib/python3.7/site-packages/airflow/example_dags/example_task_group.py
[2022-05-08 00:32:12,573] {processor.py:641} INFO - Processing file /home/airflow/.local/lib/python3.7/site-packages/airflow/example_dags/example_task_group.py for tasks to queue
[2022-05-08 00:32:12,575] {logging_mixin.py:115} INFO - [2022-05-08 00:32:12,574] {dagbag.py:507} INFO - Filling up the DagBag from /home/airflow/.local/lib/python3.7/site-packages/airflow/example_dags/example_task_group.py
[2022-05-08 00:32:12,587] {processor.py:651} INFO - DAG(s) dict_keys(['example_task_group']) retrieved from /home/airflow/.local/lib/python3.7/site-packages/airflow/example_dags/example_task_group.py
[2022-05-08 00:32:12,627] {logging_mixin.py:115} INFO - [2022-05-08 00:32:12,627] {dag.py:2371} INFO - Sync 1 DAGs
[2022-05-08 00:32:12,665] {logging_mixin.py:115} INFO - [2022-05-08 00:32:12,664] {dag.py:2919} INFO - Setting next_dagrun for example_task_group to 2022-05-07T00:32:12.664137+00:00, run_after=2022-05-08T00:32:12.664137+00:00
[2022-05-08 00:32:12,692] {processor.py:161} INFO - Processing /home/airflow/.local/lib/python3.7/site-packages/airflow/example_dags/example_task_group.py took 0.124 seconds
[2022-05-08 00:32:43,198] {processor.py:153} INFO - Started process (PID=1672) to work on /home/airflow/.local/lib/python3.7/site-packages/airflow/example_dags/example_task_group.py
[2022-05-08 00:32:43,201] {processor.py:641} INFO - Processing file /home/airflow/.local/lib/python3.7/site-packages/airflow/example_dags/example_task_group.py for tasks to queue
[2022-05-08 00:32:43,202] {logging_mixin.py:115} INFO - [2022-05-08 00:32:43,202] {dagbag.py:507} INFO - Filling up the DagBag from /home/airflow/.local/lib/python3.7/site-packages/airflow/example_dags/example_task_group.py
[2022-05-08 00:32:43,220] {processor.py:651} INFO - DAG(s) dict_keys(['example_task_group']) retrieved from /home/airflow/.local/lib/python3.7/site-packages/airflow/example_dags/example_task_group.py
[2022-05-08 00:32:43,290] {logging_mixin.py:115} INFO - [2022-05-08 00:32:43,290] {dag.py:2371} INFO - Sync 1 DAGs
[2022-05-08 00:32:43,334] {logging_mixin.py:115} INFO - [2022-05-08 00:32:43,333] {dag.py:2919} INFO - Setting next_dagrun for example_task_group to 2022-05-07T00:32:43.333641+00:00, run_after=2022-05-08T00:32:43.333641+00:00
[2022-05-08 00:32:43,351] {processor.py:161} INFO - Processing /home/airflow/.local/lib/python3.7/site-packages/airflow/example_dags/example_task_group.py took 0.157 seconds
[2022-05-08 00:33:13,719] {processor.py:153} INFO - Started process (PID=1852) to work on /home/airflow/.local/lib/python3.7/site-packages/airflow/example_dags/example_task_group.py
[2022-05-08 00:33:13,721] {processor.py:641} INFO - Processing file /home/airflow/.local/lib/python3.7/site-packages/airflow/example_dags/example_task_group.py for tasks to queue
[2022-05-08 00:33:13,726] {logging_mixin.py:115} INFO - [2022-05-08 00:33:13,726] {dagbag.py:507} INFO - Filling up the DagBag from /home/airflow/.local/lib/python3.7/site-packages/airflow/example_dags/example_task_group.py
[2022-05-08 00:33:13,751] {processor.py:651} INFO - DAG(s) dict_keys(['example_task_group']) retrieved from /home/airflow/.local/lib/python3.7/site-packages/airflow/example_dags/example_task_group.py
[2022-05-08 00:33:13,817] {logging_mixin.py:115} INFO - [2022-05-08 00:33:13,817] {dag.py:2371} INFO - Sync 1 DAGs
[2022-05-08 00:33:13,897] {logging_mixin.py:115} INFO - [2022-05-08 00:33:13,897] {dag.py:2919} INFO - Setting next_dagrun for example_task_group to 2022-05-07T00:33:13.896929+00:00, run_after=2022-05-08T00:33:13.896929+00:00
[2022-05-08 00:33:13,927] {processor.py:161} INFO - Processing /home/airflow/.local/lib/python3.7/site-packages/airflow/example_dags/example_task_group.py took 0.214 seconds
[2022-05-08 00:33:44,148] {processor.py:153} INFO - Started process (PID=2012) to work on /home/airflow/.local/lib/python3.7/site-packages/airflow/example_dags/example_task_group.py
[2022-05-08 00:33:44,150] {processor.py:641} INFO - Processing file /home/airflow/.local/lib/python3.7/site-packages/airflow/example_dags/example_task_group.py for tasks to queue
[2022-05-08 00:33:44,152] {logging_mixin.py:115} INFO - [2022-05-08 00:33:44,152] {dagbag.py:507} INFO - Filling up the DagBag from /home/airflow/.local/lib/python3.7/site-packages/airflow/example_dags/example_task_group.py
[2022-05-08 00:33:44,166] {processor.py:651} INFO - DAG(s) dict_keys(['example_task_group']) retrieved from /home/airflow/.local/lib/python3.7/site-packages/airflow/example_dags/example_task_group.py
[2022-05-08 00:33:44,223] {logging_mixin.py:115} INFO - [2022-05-08 00:33:44,223] {dag.py:2371} INFO - Sync 1 DAGs
[2022-05-08 00:33:44,267] {logging_mixin.py:115} INFO - [2022-05-08 00:33:44,267] {dag.py:2919} INFO - Setting next_dagrun for example_task_group to 2022-05-07T00:33:44.266779+00:00, run_after=2022-05-08T00:33:44.266779+00:00
[2022-05-08 00:33:44,287] {processor.py:161} INFO - Processing /home/airflow/.local/lib/python3.7/site-packages/airflow/example_dags/example_task_group.py took 0.143 seconds
[2022-05-08 00:34:14,430] {processor.py:153} INFO - Started process (PID=2182) to work on /home/airflow/.local/lib/python3.7/site-packages/airflow/example_dags/example_task_group.py
[2022-05-08 00:34:14,433] {processor.py:641} INFO - Processing file /home/airflow/.local/lib/python3.7/site-packages/airflow/example_dags/example_task_group.py for tasks to queue
[2022-05-08 00:34:14,437] {logging_mixin.py:115} INFO - [2022-05-08 00:34:14,437] {dagbag.py:507} INFO - Filling up the DagBag from /home/airflow/.local/lib/python3.7/site-packages/airflow/example_dags/example_task_group.py
[2022-05-08 00:34:14,460] {processor.py:651} INFO - DAG(s) dict_keys(['example_task_group']) retrieved from /home/airflow/.local/lib/python3.7/site-packages/airflow/example_dags/example_task_group.py
[2022-05-08 00:34:14,501] {logging_mixin.py:115} INFO - [2022-05-08 00:34:14,501] {dag.py:2371} INFO - Sync 1 DAGs
[2022-05-08 00:34:14,538] {logging_mixin.py:115} INFO - [2022-05-08 00:34:14,538] {dag.py:2919} INFO - Setting next_dagrun for example_task_group to 2022-05-07T00:34:14.538038+00:00, run_after=2022-05-08T00:34:14.538038+00:00
[2022-05-08 00:34:14,555] {processor.py:161} INFO - Processing /home/airflow/.local/lib/python3.7/site-packages/airflow/example_dags/example_task_group.py took 0.142 seconds
[2022-05-08 00:34:45,169] {processor.py:153} INFO - Started process (PID=2357) to work on /home/airflow/.local/lib/python3.7/site-packages/airflow/example_dags/example_task_group.py
[2022-05-08 00:34:45,171] {processor.py:641} INFO - Processing file /home/airflow/.local/lib/python3.7/site-packages/airflow/example_dags/example_task_group.py for tasks to queue
[2022-05-08 00:34:45,173] {logging_mixin.py:115} INFO - [2022-05-08 00:34:45,173] {dagbag.py:507} INFO - Filling up the DagBag from /home/airflow/.local/lib/python3.7/site-packages/airflow/example_dags/example_task_group.py
[2022-05-08 00:34:45,188] {processor.py:651} INFO - DAG(s) dict_keys(['example_task_group']) retrieved from /home/airflow/.local/lib/python3.7/site-packages/airflow/example_dags/example_task_group.py
[2022-05-08 00:34:45,224] {logging_mixin.py:115} INFO - [2022-05-08 00:34:45,224] {dag.py:2371} INFO - Sync 1 DAGs
[2022-05-08 00:34:45,270] {logging_mixin.py:115} INFO - [2022-05-08 00:34:45,269] {dag.py:2919} INFO - Setting next_dagrun for example_task_group to 2022-05-07T00:34:45.269650+00:00, run_after=2022-05-08T00:34:45.269650+00:00
[2022-05-08 00:34:45,299] {processor.py:161} INFO - Processing /home/airflow/.local/lib/python3.7/site-packages/airflow/example_dags/example_task_group.py took 0.137 seconds
[2022-05-08 00:35:16,249] {processor.py:153} INFO - Started process (PID=2527) to work on /home/airflow/.local/lib/python3.7/site-packages/airflow/example_dags/example_task_group.py
[2022-05-08 00:35:16,251] {processor.py:641} INFO - Processing file /home/airflow/.local/lib/python3.7/site-packages/airflow/example_dags/example_task_group.py for tasks to queue
[2022-05-08 00:35:16,253] {logging_mixin.py:115} INFO - [2022-05-08 00:35:16,253] {dagbag.py:507} INFO - Filling up the DagBag from /home/airflow/.local/lib/python3.7/site-packages/airflow/example_dags/example_task_group.py
[2022-05-08 00:35:16,268] {processor.py:651} INFO - DAG(s) dict_keys(['example_task_group']) retrieved from /home/airflow/.local/lib/python3.7/site-packages/airflow/example_dags/example_task_group.py
[2022-05-08 00:35:16,330] {logging_mixin.py:115} INFO - [2022-05-08 00:35:16,329] {dag.py:2371} INFO - Sync 1 DAGs
[2022-05-08 00:35:16,382] {logging_mixin.py:115} INFO - [2022-05-08 00:35:16,381] {dag.py:2919} INFO - Setting next_dagrun for example_task_group to 2022-05-07T00:35:16.379184+00:00, run_after=2022-05-08T00:35:16.379184+00:00
[2022-05-08 00:35:16,412] {processor.py:161} INFO - Processing /home/airflow/.local/lib/python3.7/site-packages/airflow/example_dags/example_task_group.py took 0.173 seconds
[2022-05-08 00:35:46,476] {processor.py:153} INFO - Started process (PID=2694) to work on /home/airflow/.local/lib/python3.7/site-packages/airflow/example_dags/example_task_group.py
[2022-05-08 00:35:46,477] {processor.py:641} INFO - Processing file /home/airflow/.local/lib/python3.7/site-packages/airflow/example_dags/example_task_group.py for tasks to queue
[2022-05-08 00:35:46,478] {logging_mixin.py:115} INFO - [2022-05-08 00:35:46,478] {dagbag.py:507} INFO - Filling up the DagBag from /home/airflow/.local/lib/python3.7/site-packages/airflow/example_dags/example_task_group.py
[2022-05-08 00:35:46,490] {processor.py:651} INFO - DAG(s) dict_keys(['example_task_group']) retrieved from /home/airflow/.local/lib/python3.7/site-packages/airflow/example_dags/example_task_group.py
[2022-05-08 00:35:46,532] {logging_mixin.py:115} INFO - [2022-05-08 00:35:46,532] {dag.py:2371} INFO - Sync 1 DAGs
[2022-05-08 00:35:46,558] {logging_mixin.py:115} INFO - [2022-05-08 00:35:46,558] {dag.py:2919} INFO - Setting next_dagrun for example_task_group to 2022-05-07T00:35:46.557730+00:00, run_after=2022-05-08T00:35:46.557730+00:00
[2022-05-08 00:35:46,571] {processor.py:161} INFO - Processing /home/airflow/.local/lib/python3.7/site-packages/airflow/example_dags/example_task_group.py took 0.100 seconds
[2022-05-08 00:39:00,997] {processor.py:153} INFO - Started process (PID=318) to work on /home/airflow/.local/lib/python3.7/site-packages/airflow/example_dags/example_task_group.py
[2022-05-08 00:39:01,001] {processor.py:641} INFO - Processing file /home/airflow/.local/lib/python3.7/site-packages/airflow/example_dags/example_task_group.py for tasks to queue
[2022-05-08 00:39:01,002] {logging_mixin.py:115} INFO - [2022-05-08 00:39:01,002] {dagbag.py:507} INFO - Filling up the DagBag from /home/airflow/.local/lib/python3.7/site-packages/airflow/example_dags/example_task_group.py
[2022-05-08 00:39:01,039] {processor.py:651} INFO - DAG(s) dict_keys(['example_task_group']) retrieved from /home/airflow/.local/lib/python3.7/site-packages/airflow/example_dags/example_task_group.py
[2022-05-08 00:39:01,515] {logging_mixin.py:115} INFO - [2022-05-08 00:39:01,515] {manager.py:508} INFO - Created Permission View: can delete on DAG:example_task_group
[2022-05-08 00:39:01,549] {logging_mixin.py:115} INFO - [2022-05-08 00:39:01,548] {manager.py:508} INFO - Created Permission View: can edit on DAG:example_task_group
[2022-05-08 00:39:01,582] {logging_mixin.py:115} INFO - [2022-05-08 00:39:01,582] {manager.py:508} INFO - Created Permission View: can read on DAG:example_task_group
[2022-05-08 00:39:01,584] {logging_mixin.py:115} INFO - [2022-05-08 00:39:01,584] {dag.py:2371} INFO - Sync 1 DAGs
[2022-05-08 00:39:01,638] {logging_mixin.py:115} INFO - [2022-05-08 00:39:01,637] {dag.py:2390} INFO - Creating ORM DAG for example_task_group
[2022-05-08 00:39:01,679] {logging_mixin.py:115} INFO - [2022-05-08 00:39:01,679] {dag.py:2919} INFO - Setting next_dagrun for example_task_group to 2022-05-07T00:39:01.678825+00:00, run_after=2022-05-08T00:39:01.678825+00:00
[2022-05-08 00:39:01,722] {processor.py:161} INFO - Processing /home/airflow/.local/lib/python3.7/site-packages/airflow/example_dags/example_task_group.py took 0.735 seconds
[2022-05-08 00:39:32,734] {processor.py:153} INFO - Started process (PID=500) to work on /home/airflow/.local/lib/python3.7/site-packages/airflow/example_dags/example_task_group.py
[2022-05-08 00:39:32,735] {processor.py:641} INFO - Processing file /home/airflow/.local/lib/python3.7/site-packages/airflow/example_dags/example_task_group.py for tasks to queue
[2022-05-08 00:39:32,736] {logging_mixin.py:115} INFO - [2022-05-08 00:39:32,736] {dagbag.py:507} INFO - Filling up the DagBag from /home/airflow/.local/lib/python3.7/site-packages/airflow/example_dags/example_task_group.py
[2022-05-08 00:39:32,749] {processor.py:651} INFO - DAG(s) dict_keys(['example_task_group']) retrieved from /home/airflow/.local/lib/python3.7/site-packages/airflow/example_dags/example_task_group.py
[2022-05-08 00:39:32,778] {logging_mixin.py:115} INFO - [2022-05-08 00:39:32,778] {dag.py:2371} INFO - Sync 1 DAGs
[2022-05-08 00:39:32,802] {logging_mixin.py:115} INFO - [2022-05-08 00:39:32,802] {dag.py:2919} INFO - Setting next_dagrun for example_task_group to 2022-05-07T00:39:32.801966+00:00, run_after=2022-05-08T00:39:32.801966+00:00
[2022-05-08 00:39:32,816] {processor.py:161} INFO - Processing /home/airflow/.local/lib/python3.7/site-packages/airflow/example_dags/example_task_group.py took 0.085 seconds
[2022-05-08 00:40:03,746] {processor.py:153} INFO - Started process (PID=670) to work on /home/airflow/.local/lib/python3.7/site-packages/airflow/example_dags/example_task_group.py
[2022-05-08 00:40:03,748] {processor.py:641} INFO - Processing file /home/airflow/.local/lib/python3.7/site-packages/airflow/example_dags/example_task_group.py for tasks to queue
[2022-05-08 00:40:03,750] {logging_mixin.py:115} INFO - [2022-05-08 00:40:03,750] {dagbag.py:507} INFO - Filling up the DagBag from /home/airflow/.local/lib/python3.7/site-packages/airflow/example_dags/example_task_group.py
[2022-05-08 00:40:03,764] {processor.py:651} INFO - DAG(s) dict_keys(['example_task_group']) retrieved from /home/airflow/.local/lib/python3.7/site-packages/airflow/example_dags/example_task_group.py
[2022-05-08 00:40:03,794] {logging_mixin.py:115} INFO - [2022-05-08 00:40:03,794] {dag.py:2371} INFO - Sync 1 DAGs
[2022-05-08 00:40:03,823] {logging_mixin.py:115} INFO - [2022-05-08 00:40:03,823] {dag.py:2919} INFO - Setting next_dagrun for example_task_group to 2022-05-07T00:40:03.822981+00:00, run_after=2022-05-08T00:40:03.822981+00:00
[2022-05-08 00:40:03,839] {processor.py:161} INFO - Processing /home/airflow/.local/lib/python3.7/site-packages/airflow/example_dags/example_task_group.py took 0.096 seconds
[2022-05-08 00:40:35,067] {processor.py:153} INFO - Started process (PID=838) to work on /home/airflow/.local/lib/python3.7/site-packages/airflow/example_dags/example_task_group.py
[2022-05-08 00:40:35,083] {processor.py:641} INFO - Processing file /home/airflow/.local/lib/python3.7/site-packages/airflow/example_dags/example_task_group.py for tasks to queue
[2022-05-08 00:40:35,086] {logging_mixin.py:115} INFO - [2022-05-08 00:40:35,086] {dagbag.py:507} INFO - Filling up the DagBag from /home/airflow/.local/lib/python3.7/site-packages/airflow/example_dags/example_task_group.py
[2022-05-08 00:40:35,147] {processor.py:651} INFO - DAG(s) dict_keys(['example_task_group']) retrieved from /home/airflow/.local/lib/python3.7/site-packages/airflow/example_dags/example_task_group.py
[2022-05-08 00:40:35,229] {logging_mixin.py:115} INFO - [2022-05-08 00:40:35,228] {dag.py:2371} INFO - Sync 1 DAGs
[2022-05-08 00:40:35,320] {logging_mixin.py:115} INFO - [2022-05-08 00:40:35,320] {dag.py:2919} INFO - Setting next_dagrun for example_task_group to 2022-05-07T00:40:35.319780+00:00, run_after=2022-05-08T00:40:35.319780+00:00
[2022-05-08 00:40:35,352] {processor.py:161} INFO - Processing /home/airflow/.local/lib/python3.7/site-packages/airflow/example_dags/example_task_group.py took 0.335 seconds
[2022-05-08 00:41:05,495] {processor.py:153} INFO - Started process (PID=1010) to work on /home/airflow/.local/lib/python3.7/site-packages/airflow/example_dags/example_task_group.py
[2022-05-08 00:41:05,496] {processor.py:641} INFO - Processing file /home/airflow/.local/lib/python3.7/site-packages/airflow/example_dags/example_task_group.py for tasks to queue
[2022-05-08 00:41:05,498] {logging_mixin.py:115} INFO - [2022-05-08 00:41:05,497] {dagbag.py:507} INFO - Filling up the DagBag from /home/airflow/.local/lib/python3.7/site-packages/airflow/example_dags/example_task_group.py
[2022-05-08 00:41:05,511] {processor.py:651} INFO - DAG(s) dict_keys(['example_task_group']) retrieved from /home/airflow/.local/lib/python3.7/site-packages/airflow/example_dags/example_task_group.py
[2022-05-08 00:41:05,541] {logging_mixin.py:115} INFO - [2022-05-08 00:41:05,541] {dag.py:2371} INFO - Sync 1 DAGs
[2022-05-08 00:41:05,567] {logging_mixin.py:115} INFO - [2022-05-08 00:41:05,567] {dag.py:2919} INFO - Setting next_dagrun for example_task_group to 2022-05-07T00:41:05.567133+00:00, run_after=2022-05-08T00:41:05.567133+00:00
[2022-05-08 00:41:05,585] {processor.py:161} INFO - Processing /home/airflow/.local/lib/python3.7/site-packages/airflow/example_dags/example_task_group.py took 0.094 seconds
[2022-05-08 00:41:35,803] {processor.py:153} INFO - Started process (PID=1180) to work on /home/airflow/.local/lib/python3.7/site-packages/airflow/example_dags/example_task_group.py
[2022-05-08 00:41:35,805] {processor.py:641} INFO - Processing file /home/airflow/.local/lib/python3.7/site-packages/airflow/example_dags/example_task_group.py for tasks to queue
[2022-05-08 00:41:35,806] {logging_mixin.py:115} INFO - [2022-05-08 00:41:35,806] {dagbag.py:507} INFO - Filling up the DagBag from /home/airflow/.local/lib/python3.7/site-packages/airflow/example_dags/example_task_group.py
[2022-05-08 00:41:35,825] {processor.py:651} INFO - DAG(s) dict_keys(['example_task_group']) retrieved from /home/airflow/.local/lib/python3.7/site-packages/airflow/example_dags/example_task_group.py
[2022-05-08 00:41:35,857] {logging_mixin.py:115} INFO - [2022-05-08 00:41:35,857] {dag.py:2371} INFO - Sync 1 DAGs
[2022-05-08 00:41:35,885] {logging_mixin.py:115} INFO - [2022-05-08 00:41:35,885] {dag.py:2919} INFO - Setting next_dagrun for example_task_group to 2022-05-07T00:41:35.884949+00:00, run_after=2022-05-08T00:41:35.884949+00:00
[2022-05-08 00:41:35,899] {processor.py:161} INFO - Processing /home/airflow/.local/lib/python3.7/site-packages/airflow/example_dags/example_task_group.py took 0.101 seconds
[2022-05-08 00:42:06,170] {processor.py:153} INFO - Started process (PID=1348) to work on /home/airflow/.local/lib/python3.7/site-packages/airflow/example_dags/example_task_group.py
[2022-05-08 00:42:06,172] {processor.py:641} INFO - Processing file /home/airflow/.local/lib/python3.7/site-packages/airflow/example_dags/example_task_group.py for tasks to queue
[2022-05-08 00:42:06,173] {logging_mixin.py:115} INFO - [2022-05-08 00:42:06,173] {dagbag.py:507} INFO - Filling up the DagBag from /home/airflow/.local/lib/python3.7/site-packages/airflow/example_dags/example_task_group.py
[2022-05-08 00:42:06,189] {processor.py:651} INFO - DAG(s) dict_keys(['example_task_group']) retrieved from /home/airflow/.local/lib/python3.7/site-packages/airflow/example_dags/example_task_group.py
[2022-05-08 00:42:06,239] {logging_mixin.py:115} INFO - [2022-05-08 00:42:06,239] {dag.py:2371} INFO - Sync 1 DAGs
[2022-05-08 00:42:06,277] {logging_mixin.py:115} INFO - [2022-05-08 00:42:06,277] {dag.py:2919} INFO - Setting next_dagrun for example_task_group to 2022-05-07T00:42:06.276209+00:00, run_after=2022-05-08T00:42:06.276209+00:00
[2022-05-08 00:42:06,294] {processor.py:161} INFO - Processing /home/airflow/.local/lib/python3.7/site-packages/airflow/example_dags/example_task_group.py took 0.129 seconds
