[2022-05-08 00:28:31,812] {processor.py:153} INFO - Started process (PID=222) to work on /home/airflow/.local/lib/python3.7/site-packages/airflow/example_dags/example_subdag_operator.py
[2022-05-08 00:28:31,818] {processor.py:641} INFO - Processing file /home/airflow/.local/lib/python3.7/site-packages/airflow/example_dags/example_subdag_operator.py for tasks to queue
[2022-05-08 00:28:31,821] {logging_mixin.py:115} INFO - [2022-05-08 00:28:31,820] {dagbag.py:507} INFO - Filling up the DagBag from /home/airflow/.local/lib/python3.7/site-packages/airflow/example_dags/example_subdag_operator.py
[2022-05-08 00:28:31,972] {processor.py:651} INFO - DAG(s) dict_keys(['example_subdag_operator.section-1', 'example_subdag_operator.section-2', 'example_subdag_operator']) retrieved from /home/airflow/.local/lib/python3.7/site-packages/airflow/example_dags/example_subdag_operator.py
[2022-05-08 00:28:32,137] {logging_mixin.py:115} INFO - [2022-05-08 00:28:32,137] {dag.py:2371} INFO - Sync 3 DAGs
[2022-05-08 00:28:32,270] {logging_mixin.py:115} INFO - [2022-05-08 00:28:32,270] {dag.py:2919} INFO - Setting next_dagrun for example_subdag_operator to 2022-05-06T00:00:00+00:00, run_after=2022-05-06T00:00:00+00:00
[2022-05-08 00:28:32,271] {logging_mixin.py:115} INFO - [2022-05-08 00:28:32,271] {dag.py:2919} INFO - Setting next_dagrun for example_subdag_operator.section-1 to None, run_after=None
[2022-05-08 00:28:32,275] {logging_mixin.py:115} INFO - [2022-05-08 00:28:32,275] {dag.py:2919} INFO - Setting next_dagrun for example_subdag_operator.section-2 to None, run_after=None
[2022-05-08 00:28:32,327] {logging_mixin.py:115} INFO - [2022-05-08 00:28:32,326] {dag.py:2371} INFO - Sync 2 DAGs
[2022-05-08 00:28:32,363] {logging_mixin.py:115} INFO - [2022-05-08 00:28:32,363] {dag.py:2919} INFO - Setting next_dagrun for example_subdag_operator.section-1 to None, run_after=None
[2022-05-08 00:28:32,365] {logging_mixin.py:115} INFO - [2022-05-08 00:28:32,365] {dag.py:2919} INFO - Setting next_dagrun for example_subdag_operator.section-2 to None, run_after=None
[2022-05-08 00:28:32,391] {processor.py:161} INFO - Processing /home/airflow/.local/lib/python3.7/site-packages/airflow/example_dags/example_subdag_operator.py took 0.586 seconds
[2022-05-08 00:29:02,627] {processor.py:153} INFO - Started process (PID=392) to work on /home/airflow/.local/lib/python3.7/site-packages/airflow/example_dags/example_subdag_operator.py
[2022-05-08 00:29:02,630] {processor.py:641} INFO - Processing file /home/airflow/.local/lib/python3.7/site-packages/airflow/example_dags/example_subdag_operator.py for tasks to queue
[2022-05-08 00:29:02,636] {logging_mixin.py:115} INFO - [2022-05-08 00:29:02,636] {dagbag.py:507} INFO - Filling up the DagBag from /home/airflow/.local/lib/python3.7/site-packages/airflow/example_dags/example_subdag_operator.py
[2022-05-08 00:29:02,770] {processor.py:651} INFO - DAG(s) dict_keys(['example_subdag_operator.section-1', 'example_subdag_operator.section-2', 'example_subdag_operator']) retrieved from /home/airflow/.local/lib/python3.7/site-packages/airflow/example_dags/example_subdag_operator.py
[2022-05-08 00:29:03,006] {logging_mixin.py:115} INFO - [2022-05-08 00:29:03,006] {dag.py:2371} INFO - Sync 3 DAGs
[2022-05-08 00:29:03,104] {logging_mixin.py:115} INFO - [2022-05-08 00:29:03,103] {dag.py:2919} INFO - Setting next_dagrun for example_subdag_operator to 2022-05-06T00:00:00+00:00, run_after=2022-05-06T00:00:00+00:00
[2022-05-08 00:29:03,109] {logging_mixin.py:115} INFO - [2022-05-08 00:29:03,109] {dag.py:2919} INFO - Setting next_dagrun for example_subdag_operator.section-1 to None, run_after=None
[2022-05-08 00:29:03,111] {logging_mixin.py:115} INFO - [2022-05-08 00:29:03,111] {dag.py:2919} INFO - Setting next_dagrun for example_subdag_operator.section-2 to None, run_after=None
[2022-05-08 00:29:03,139] {logging_mixin.py:115} INFO - [2022-05-08 00:29:03,139] {dag.py:2371} INFO - Sync 2 DAGs
[2022-05-08 00:29:03,161] {logging_mixin.py:115} INFO - [2022-05-08 00:29:03,161] {dag.py:2919} INFO - Setting next_dagrun for example_subdag_operator.section-1 to None, run_after=None
[2022-05-08 00:29:03,163] {logging_mixin.py:115} INFO - [2022-05-08 00:29:03,163] {dag.py:2919} INFO - Setting next_dagrun for example_subdag_operator.section-2 to None, run_after=None
[2022-05-08 00:29:03,182] {processor.py:161} INFO - Processing /home/airflow/.local/lib/python3.7/site-packages/airflow/example_dags/example_subdag_operator.py took 0.566 seconds
[2022-05-08 00:29:33,328] {processor.py:153} INFO - Started process (PID=562) to work on /home/airflow/.local/lib/python3.7/site-packages/airflow/example_dags/example_subdag_operator.py
[2022-05-08 00:29:33,331] {processor.py:641} INFO - Processing file /home/airflow/.local/lib/python3.7/site-packages/airflow/example_dags/example_subdag_operator.py for tasks to queue
[2022-05-08 00:29:33,333] {logging_mixin.py:115} INFO - [2022-05-08 00:29:33,333] {dagbag.py:507} INFO - Filling up the DagBag from /home/airflow/.local/lib/python3.7/site-packages/airflow/example_dags/example_subdag_operator.py
[2022-05-08 00:29:33,384] {processor.py:651} INFO - DAG(s) dict_keys(['example_subdag_operator.section-1', 'example_subdag_operator.section-2', 'example_subdag_operator']) retrieved from /home/airflow/.local/lib/python3.7/site-packages/airflow/example_dags/example_subdag_operator.py
[2022-05-08 00:29:33,438] {logging_mixin.py:115} INFO - [2022-05-08 00:29:33,438] {dag.py:2371} INFO - Sync 3 DAGs
[2022-05-08 00:29:33,469] {logging_mixin.py:115} INFO - [2022-05-08 00:29:33,468] {dag.py:2919} INFO - Setting next_dagrun for example_subdag_operator to 2022-05-06T00:00:00+00:00, run_after=2022-05-06T00:00:00+00:00
[2022-05-08 00:29:33,472] {logging_mixin.py:115} INFO - [2022-05-08 00:29:33,472] {dag.py:2919} INFO - Setting next_dagrun for example_subdag_operator.section-1 to None, run_after=None
[2022-05-08 00:29:33,473] {logging_mixin.py:115} INFO - [2022-05-08 00:29:33,473] {dag.py:2919} INFO - Setting next_dagrun for example_subdag_operator.section-2 to None, run_after=None
[2022-05-08 00:29:33,488] {logging_mixin.py:115} INFO - [2022-05-08 00:29:33,488] {dag.py:2371} INFO - Sync 2 DAGs
[2022-05-08 00:29:33,497] {logging_mixin.py:115} INFO - [2022-05-08 00:29:33,497] {dag.py:2919} INFO - Setting next_dagrun for example_subdag_operator.section-1 to None, run_after=None
[2022-05-08 00:29:33,503] {logging_mixin.py:115} INFO - [2022-05-08 00:29:33,502] {dag.py:2919} INFO - Setting next_dagrun for example_subdag_operator.section-2 to None, run_after=None
[2022-05-08 00:29:33,520] {processor.py:161} INFO - Processing /home/airflow/.local/lib/python3.7/site-packages/airflow/example_dags/example_subdag_operator.py took 0.202 seconds
[2022-05-08 00:30:04,194] {processor.py:153} INFO - Started process (PID=734) to work on /home/airflow/.local/lib/python3.7/site-packages/airflow/example_dags/example_subdag_operator.py
[2022-05-08 00:30:04,195] {processor.py:641} INFO - Processing file /home/airflow/.local/lib/python3.7/site-packages/airflow/example_dags/example_subdag_operator.py for tasks to queue
[2022-05-08 00:30:04,199] {logging_mixin.py:115} INFO - [2022-05-08 00:30:04,199] {dagbag.py:507} INFO - Filling up the DagBag from /home/airflow/.local/lib/python3.7/site-packages/airflow/example_dags/example_subdag_operator.py
[2022-05-08 00:30:04,242] {processor.py:651} INFO - DAG(s) dict_keys(['example_subdag_operator.section-1', 'example_subdag_operator.section-2', 'example_subdag_operator']) retrieved from /home/airflow/.local/lib/python3.7/site-packages/airflow/example_dags/example_subdag_operator.py
[2022-05-08 00:30:04,300] {logging_mixin.py:115} INFO - [2022-05-08 00:30:04,300] {dag.py:2371} INFO - Sync 3 DAGs
[2022-05-08 00:30:04,326] {logging_mixin.py:115} INFO - [2022-05-08 00:30:04,326] {dag.py:2919} INFO - Setting next_dagrun for example_subdag_operator to 2022-05-06T00:00:00+00:00, run_after=2022-05-06T00:00:00+00:00
[2022-05-08 00:30:04,327] {logging_mixin.py:115} INFO - [2022-05-08 00:30:04,327] {dag.py:2919} INFO - Setting next_dagrun for example_subdag_operator.section-1 to None, run_after=None
[2022-05-08 00:30:04,328] {logging_mixin.py:115} INFO - [2022-05-08 00:30:04,328] {dag.py:2919} INFO - Setting next_dagrun for example_subdag_operator.section-2 to None, run_after=None
[2022-05-08 00:30:04,338] {logging_mixin.py:115} INFO - [2022-05-08 00:30:04,338] {dag.py:2371} INFO - Sync 2 DAGs
[2022-05-08 00:30:04,344] {logging_mixin.py:115} INFO - [2022-05-08 00:30:04,344] {dag.py:2919} INFO - Setting next_dagrun for example_subdag_operator.section-1 to None, run_after=None
[2022-05-08 00:30:04,345] {logging_mixin.py:115} INFO - [2022-05-08 00:30:04,345] {dag.py:2919} INFO - Setting next_dagrun for example_subdag_operator.section-2 to None, run_after=None
[2022-05-08 00:30:04,352] {processor.py:161} INFO - Processing /home/airflow/.local/lib/python3.7/site-packages/airflow/example_dags/example_subdag_operator.py took 0.165 seconds
[2022-05-08 00:30:34,453] {processor.py:153} INFO - Started process (PID=904) to work on /home/airflow/.local/lib/python3.7/site-packages/airflow/example_dags/example_subdag_operator.py
[2022-05-08 00:30:34,455] {processor.py:641} INFO - Processing file /home/airflow/.local/lib/python3.7/site-packages/airflow/example_dags/example_subdag_operator.py for tasks to queue
[2022-05-08 00:30:34,456] {logging_mixin.py:115} INFO - [2022-05-08 00:30:34,456] {dagbag.py:507} INFO - Filling up the DagBag from /home/airflow/.local/lib/python3.7/site-packages/airflow/example_dags/example_subdag_operator.py
[2022-05-08 00:30:34,489] {processor.py:651} INFO - DAG(s) dict_keys(['example_subdag_operator.section-1', 'example_subdag_operator.section-2', 'example_subdag_operator']) retrieved from /home/airflow/.local/lib/python3.7/site-packages/airflow/example_dags/example_subdag_operator.py
[2022-05-08 00:30:34,528] {logging_mixin.py:115} INFO - [2022-05-08 00:30:34,528] {dag.py:2371} INFO - Sync 3 DAGs
[2022-05-08 00:30:34,554] {logging_mixin.py:115} INFO - [2022-05-08 00:30:34,554] {dag.py:2919} INFO - Setting next_dagrun for example_subdag_operator to 2022-05-06T00:00:00+00:00, run_after=2022-05-06T00:00:00+00:00
[2022-05-08 00:30:34,556] {logging_mixin.py:115} INFO - [2022-05-08 00:30:34,556] {dag.py:2919} INFO - Setting next_dagrun for example_subdag_operator.section-1 to None, run_after=None
[2022-05-08 00:30:34,557] {logging_mixin.py:115} INFO - [2022-05-08 00:30:34,557] {dag.py:2919} INFO - Setting next_dagrun for example_subdag_operator.section-2 to None, run_after=None
[2022-05-08 00:30:34,568] {logging_mixin.py:115} INFO - [2022-05-08 00:30:34,568] {dag.py:2371} INFO - Sync 2 DAGs
[2022-05-08 00:30:34,577] {logging_mixin.py:115} INFO - [2022-05-08 00:30:34,576] {dag.py:2919} INFO - Setting next_dagrun for example_subdag_operator.section-1 to None, run_after=None
[2022-05-08 00:30:34,577] {logging_mixin.py:115} INFO - [2022-05-08 00:30:34,577] {dag.py:2919} INFO - Setting next_dagrun for example_subdag_operator.section-2 to None, run_after=None
[2022-05-08 00:30:34,590] {processor.py:161} INFO - Processing /home/airflow/.local/lib/python3.7/site-packages/airflow/example_dags/example_subdag_operator.py took 0.144 seconds
[2022-05-08 00:31:05,582] {processor.py:153} INFO - Started process (PID=1074) to work on /home/airflow/.local/lib/python3.7/site-packages/airflow/example_dags/example_subdag_operator.py
[2022-05-08 00:31:05,584] {processor.py:641} INFO - Processing file /home/airflow/.local/lib/python3.7/site-packages/airflow/example_dags/example_subdag_operator.py for tasks to queue
[2022-05-08 00:31:05,585] {logging_mixin.py:115} INFO - [2022-05-08 00:31:05,585] {dagbag.py:507} INFO - Filling up the DagBag from /home/airflow/.local/lib/python3.7/site-packages/airflow/example_dags/example_subdag_operator.py
[2022-05-08 00:31:05,618] {processor.py:651} INFO - DAG(s) dict_keys(['example_subdag_operator.section-1', 'example_subdag_operator.section-2', 'example_subdag_operator']) retrieved from /home/airflow/.local/lib/python3.7/site-packages/airflow/example_dags/example_subdag_operator.py
[2022-05-08 00:31:05,654] {logging_mixin.py:115} INFO - [2022-05-08 00:31:05,654] {dag.py:2371} INFO - Sync 3 DAGs
[2022-05-08 00:31:05,677] {logging_mixin.py:115} INFO - [2022-05-08 00:31:05,677] {dag.py:2919} INFO - Setting next_dagrun for example_subdag_operator to 2022-05-06T00:00:00+00:00, run_after=2022-05-06T00:00:00+00:00
[2022-05-08 00:31:05,679] {logging_mixin.py:115} INFO - [2022-05-08 00:31:05,679] {dag.py:2919} INFO - Setting next_dagrun for example_subdag_operator.section-1 to None, run_after=None
[2022-05-08 00:31:05,680] {logging_mixin.py:115} INFO - [2022-05-08 00:31:05,680] {dag.py:2919} INFO - Setting next_dagrun for example_subdag_operator.section-2 to None, run_after=None
[2022-05-08 00:31:05,687] {logging_mixin.py:115} INFO - [2022-05-08 00:31:05,687] {dag.py:2371} INFO - Sync 2 DAGs
[2022-05-08 00:31:05,693] {logging_mixin.py:115} INFO - [2022-05-08 00:31:05,693] {dag.py:2919} INFO - Setting next_dagrun for example_subdag_operator.section-1 to None, run_after=None
[2022-05-08 00:31:05,694] {logging_mixin.py:115} INFO - [2022-05-08 00:31:05,694] {dag.py:2919} INFO - Setting next_dagrun for example_subdag_operator.section-2 to None, run_after=None
[2022-05-08 00:31:05,702] {processor.py:161} INFO - Processing /home/airflow/.local/lib/python3.7/site-packages/airflow/example_dags/example_subdag_operator.py took 0.123 seconds
[2022-05-08 00:31:36,594] {processor.py:153} INFO - Started process (PID=1241) to work on /home/airflow/.local/lib/python3.7/site-packages/airflow/example_dags/example_subdag_operator.py
[2022-05-08 00:31:36,595] {processor.py:641} INFO - Processing file /home/airflow/.local/lib/python3.7/site-packages/airflow/example_dags/example_subdag_operator.py for tasks to queue
[2022-05-08 00:31:36,596] {logging_mixin.py:115} INFO - [2022-05-08 00:31:36,596] {dagbag.py:507} INFO - Filling up the DagBag from /home/airflow/.local/lib/python3.7/site-packages/airflow/example_dags/example_subdag_operator.py
[2022-05-08 00:31:36,635] {processor.py:651} INFO - DAG(s) dict_keys(['example_subdag_operator.section-1', 'example_subdag_operator.section-2', 'example_subdag_operator']) retrieved from /home/airflow/.local/lib/python3.7/site-packages/airflow/example_dags/example_subdag_operator.py
[2022-05-08 00:31:36,688] {logging_mixin.py:115} INFO - [2022-05-08 00:31:36,688] {dag.py:2371} INFO - Sync 3 DAGs
[2022-05-08 00:31:36,723] {logging_mixin.py:115} INFO - [2022-05-08 00:31:36,723] {dag.py:2919} INFO - Setting next_dagrun for example_subdag_operator to 2022-05-06T00:00:00+00:00, run_after=2022-05-06T00:00:00+00:00
[2022-05-08 00:31:36,724] {logging_mixin.py:115} INFO - [2022-05-08 00:31:36,724] {dag.py:2919} INFO - Setting next_dagrun for example_subdag_operator.section-1 to None, run_after=None
[2022-05-08 00:31:36,725] {logging_mixin.py:115} INFO - [2022-05-08 00:31:36,725] {dag.py:2919} INFO - Setting next_dagrun for example_subdag_operator.section-2 to None, run_after=None
[2022-05-08 00:31:36,735] {logging_mixin.py:115} INFO - [2022-05-08 00:31:36,735] {dag.py:2371} INFO - Sync 2 DAGs
[2022-05-08 00:31:36,746] {logging_mixin.py:115} INFO - [2022-05-08 00:31:36,746] {dag.py:2919} INFO - Setting next_dagrun for example_subdag_operator.section-1 to None, run_after=None
[2022-05-08 00:31:36,747] {logging_mixin.py:115} INFO - [2022-05-08 00:31:36,747] {dag.py:2919} INFO - Setting next_dagrun for example_subdag_operator.section-2 to None, run_after=None
[2022-05-08 00:31:36,763] {processor.py:161} INFO - Processing /home/airflow/.local/lib/python3.7/site-packages/airflow/example_dags/example_subdag_operator.py took 0.173 seconds
[2022-05-08 00:32:07,653] {processor.py:153} INFO - Started process (PID=1412) to work on /home/airflow/.local/lib/python3.7/site-packages/airflow/example_dags/example_subdag_operator.py
[2022-05-08 00:32:07,655] {processor.py:641} INFO - Processing file /home/airflow/.local/lib/python3.7/site-packages/airflow/example_dags/example_subdag_operator.py for tasks to queue
[2022-05-08 00:32:07,657] {logging_mixin.py:115} INFO - [2022-05-08 00:32:07,657] {dagbag.py:507} INFO - Filling up the DagBag from /home/airflow/.local/lib/python3.7/site-packages/airflow/example_dags/example_subdag_operator.py
[2022-05-08 00:32:07,687] {processor.py:651} INFO - DAG(s) dict_keys(['example_subdag_operator.section-1', 'example_subdag_operator.section-2', 'example_subdag_operator']) retrieved from /home/airflow/.local/lib/python3.7/site-packages/airflow/example_dags/example_subdag_operator.py
[2022-05-08 00:32:07,726] {logging_mixin.py:115} INFO - [2022-05-08 00:32:07,726] {dag.py:2371} INFO - Sync 3 DAGs
[2022-05-08 00:32:07,758] {logging_mixin.py:115} INFO - [2022-05-08 00:32:07,758] {dag.py:2919} INFO - Setting next_dagrun for example_subdag_operator to 2022-05-06T00:00:00+00:00, run_after=2022-05-06T00:00:00+00:00
[2022-05-08 00:32:07,759] {logging_mixin.py:115} INFO - [2022-05-08 00:32:07,759] {dag.py:2919} INFO - Setting next_dagrun for example_subdag_operator.section-1 to None, run_after=None
[2022-05-08 00:32:07,761] {logging_mixin.py:115} INFO - [2022-05-08 00:32:07,761] {dag.py:2919} INFO - Setting next_dagrun for example_subdag_operator.section-2 to None, run_after=None
[2022-05-08 00:32:07,774] {logging_mixin.py:115} INFO - [2022-05-08 00:32:07,774] {dag.py:2371} INFO - Sync 2 DAGs
[2022-05-08 00:32:07,784] {logging_mixin.py:115} INFO - [2022-05-08 00:32:07,784] {dag.py:2919} INFO - Setting next_dagrun for example_subdag_operator.section-1 to None, run_after=None
[2022-05-08 00:32:07,785] {logging_mixin.py:115} INFO - [2022-05-08 00:32:07,785] {dag.py:2919} INFO - Setting next_dagrun for example_subdag_operator.section-2 to None, run_after=None
[2022-05-08 00:32:07,798] {processor.py:161} INFO - Processing /home/airflow/.local/lib/python3.7/site-packages/airflow/example_dags/example_subdag_operator.py took 0.148 seconds
[2022-05-08 00:32:38,660] {processor.py:153} INFO - Started process (PID=1582) to work on /home/airflow/.local/lib/python3.7/site-packages/airflow/example_dags/example_subdag_operator.py
[2022-05-08 00:32:38,661] {processor.py:641} INFO - Processing file /home/airflow/.local/lib/python3.7/site-packages/airflow/example_dags/example_subdag_operator.py for tasks to queue
[2022-05-08 00:32:38,663] {logging_mixin.py:115} INFO - [2022-05-08 00:32:38,663] {dagbag.py:507} INFO - Filling up the DagBag from /home/airflow/.local/lib/python3.7/site-packages/airflow/example_dags/example_subdag_operator.py
[2022-05-08 00:32:38,701] {processor.py:651} INFO - DAG(s) dict_keys(['example_subdag_operator.section-1', 'example_subdag_operator.section-2', 'example_subdag_operator']) retrieved from /home/airflow/.local/lib/python3.7/site-packages/airflow/example_dags/example_subdag_operator.py
[2022-05-08 00:32:38,759] {logging_mixin.py:115} INFO - [2022-05-08 00:32:38,759] {dag.py:2371} INFO - Sync 3 DAGs
[2022-05-08 00:32:38,799] {logging_mixin.py:115} INFO - [2022-05-08 00:32:38,798] {dag.py:2919} INFO - Setting next_dagrun for example_subdag_operator to 2022-05-06T00:00:00+00:00, run_after=2022-05-06T00:00:00+00:00
[2022-05-08 00:32:38,800] {logging_mixin.py:115} INFO - [2022-05-08 00:32:38,800] {dag.py:2919} INFO - Setting next_dagrun for example_subdag_operator.section-1 to None, run_after=None
[2022-05-08 00:32:38,801] {logging_mixin.py:115} INFO - [2022-05-08 00:32:38,801] {dag.py:2919} INFO - Setting next_dagrun for example_subdag_operator.section-2 to None, run_after=None
[2022-05-08 00:32:38,813] {logging_mixin.py:115} INFO - [2022-05-08 00:32:38,813] {dag.py:2371} INFO - Sync 2 DAGs
[2022-05-08 00:32:38,826] {logging_mixin.py:115} INFO - [2022-05-08 00:32:38,826] {dag.py:2919} INFO - Setting next_dagrun for example_subdag_operator.section-1 to None, run_after=None
[2022-05-08 00:32:38,827] {logging_mixin.py:115} INFO - [2022-05-08 00:32:38,827] {dag.py:2919} INFO - Setting next_dagrun for example_subdag_operator.section-2 to None, run_after=None
[2022-05-08 00:32:38,839] {processor.py:161} INFO - Processing /home/airflow/.local/lib/python3.7/site-packages/airflow/example_dags/example_subdag_operator.py took 0.183 seconds
[2022-05-08 00:33:09,676] {processor.py:153} INFO - Started process (PID=1751) to work on /home/airflow/.local/lib/python3.7/site-packages/airflow/example_dags/example_subdag_operator.py
[2022-05-08 00:33:09,678] {processor.py:641} INFO - Processing file /home/airflow/.local/lib/python3.7/site-packages/airflow/example_dags/example_subdag_operator.py for tasks to queue
[2022-05-08 00:33:09,680] {logging_mixin.py:115} INFO - [2022-05-08 00:33:09,680] {dagbag.py:507} INFO - Filling up the DagBag from /home/airflow/.local/lib/python3.7/site-packages/airflow/example_dags/example_subdag_operator.py
[2022-05-08 00:33:09,712] {processor.py:651} INFO - DAG(s) dict_keys(['example_subdag_operator.section-1', 'example_subdag_operator.section-2', 'example_subdag_operator']) retrieved from /home/airflow/.local/lib/python3.7/site-packages/airflow/example_dags/example_subdag_operator.py
[2022-05-08 00:33:09,756] {logging_mixin.py:115} INFO - [2022-05-08 00:33:09,756] {dag.py:2371} INFO - Sync 3 DAGs
[2022-05-08 00:33:09,786] {logging_mixin.py:115} INFO - [2022-05-08 00:33:09,786] {dag.py:2919} INFO - Setting next_dagrun for example_subdag_operator to 2022-05-06T00:00:00+00:00, run_after=2022-05-06T00:00:00+00:00
[2022-05-08 00:33:09,787] {logging_mixin.py:115} INFO - [2022-05-08 00:33:09,787] {dag.py:2919} INFO - Setting next_dagrun for example_subdag_operator.section-1 to None, run_after=None
[2022-05-08 00:33:09,789] {logging_mixin.py:115} INFO - [2022-05-08 00:33:09,788] {dag.py:2919} INFO - Setting next_dagrun for example_subdag_operator.section-2 to None, run_after=None
[2022-05-08 00:33:09,800] {logging_mixin.py:115} INFO - [2022-05-08 00:33:09,800] {dag.py:2371} INFO - Sync 2 DAGs
[2022-05-08 00:33:09,809] {logging_mixin.py:115} INFO - [2022-05-08 00:33:09,809] {dag.py:2919} INFO - Setting next_dagrun for example_subdag_operator.section-1 to None, run_after=None
[2022-05-08 00:33:09,810] {logging_mixin.py:115} INFO - [2022-05-08 00:33:09,810] {dag.py:2919} INFO - Setting next_dagrun for example_subdag_operator.section-2 to None, run_after=None
[2022-05-08 00:33:09,823] {processor.py:161} INFO - Processing /home/airflow/.local/lib/python3.7/site-packages/airflow/example_dags/example_subdag_operator.py took 0.152 seconds
[2022-05-08 00:33:40,206] {processor.py:153} INFO - Started process (PID=1922) to work on /home/airflow/.local/lib/python3.7/site-packages/airflow/example_dags/example_subdag_operator.py
[2022-05-08 00:33:40,210] {processor.py:641} INFO - Processing file /home/airflow/.local/lib/python3.7/site-packages/airflow/example_dags/example_subdag_operator.py for tasks to queue
[2022-05-08 00:33:40,213] {logging_mixin.py:115} INFO - [2022-05-08 00:33:40,212] {dagbag.py:507} INFO - Filling up the DagBag from /home/airflow/.local/lib/python3.7/site-packages/airflow/example_dags/example_subdag_operator.py
[2022-05-08 00:33:40,289] {processor.py:651} INFO - DAG(s) dict_keys(['example_subdag_operator.section-1', 'example_subdag_operator.section-2', 'example_subdag_operator']) retrieved from /home/airflow/.local/lib/python3.7/site-packages/airflow/example_dags/example_subdag_operator.py
[2022-05-08 00:33:40,338] {logging_mixin.py:115} INFO - [2022-05-08 00:33:40,337] {dag.py:2371} INFO - Sync 3 DAGs
[2022-05-08 00:33:40,364] {logging_mixin.py:115} INFO - [2022-05-08 00:33:40,364] {dag.py:2919} INFO - Setting next_dagrun for example_subdag_operator to 2022-05-06T00:00:00+00:00, run_after=2022-05-06T00:00:00+00:00
[2022-05-08 00:33:40,366] {logging_mixin.py:115} INFO - [2022-05-08 00:33:40,366] {dag.py:2919} INFO - Setting next_dagrun for example_subdag_operator.section-1 to None, run_after=None
[2022-05-08 00:33:40,367] {logging_mixin.py:115} INFO - [2022-05-08 00:33:40,367] {dag.py:2919} INFO - Setting next_dagrun for example_subdag_operator.section-2 to None, run_after=None
[2022-05-08 00:33:40,383] {logging_mixin.py:115} INFO - [2022-05-08 00:33:40,383] {dag.py:2371} INFO - Sync 2 DAGs
[2022-05-08 00:33:40,389] {logging_mixin.py:115} INFO - [2022-05-08 00:33:40,389] {dag.py:2919} INFO - Setting next_dagrun for example_subdag_operator.section-1 to None, run_after=None
[2022-05-08 00:33:40,390] {logging_mixin.py:115} INFO - [2022-05-08 00:33:40,390] {dag.py:2919} INFO - Setting next_dagrun for example_subdag_operator.section-2 to None, run_after=None
[2022-05-08 00:33:40,401] {processor.py:161} INFO - Processing /home/airflow/.local/lib/python3.7/site-packages/airflow/example_dags/example_subdag_operator.py took 0.205 seconds
[2022-05-08 00:34:10,502] {processor.py:153} INFO - Started process (PID=2092) to work on /home/airflow/.local/lib/python3.7/site-packages/airflow/example_dags/example_subdag_operator.py
[2022-05-08 00:34:10,503] {processor.py:641} INFO - Processing file /home/airflow/.local/lib/python3.7/site-packages/airflow/example_dags/example_subdag_operator.py for tasks to queue
[2022-05-08 00:34:10,505] {logging_mixin.py:115} INFO - [2022-05-08 00:34:10,505] {dagbag.py:507} INFO - Filling up the DagBag from /home/airflow/.local/lib/python3.7/site-packages/airflow/example_dags/example_subdag_operator.py
[2022-05-08 00:34:10,541] {processor.py:651} INFO - DAG(s) dict_keys(['example_subdag_operator.section-1', 'example_subdag_operator.section-2', 'example_subdag_operator']) retrieved from /home/airflow/.local/lib/python3.7/site-packages/airflow/example_dags/example_subdag_operator.py
[2022-05-08 00:34:10,591] {logging_mixin.py:115} INFO - [2022-05-08 00:34:10,591] {dag.py:2371} INFO - Sync 3 DAGs
[2022-05-08 00:34:10,626] {logging_mixin.py:115} INFO - [2022-05-08 00:34:10,625] {dag.py:2919} INFO - Setting next_dagrun for example_subdag_operator to 2022-05-06T00:00:00+00:00, run_after=2022-05-06T00:00:00+00:00
[2022-05-08 00:34:10,627] {logging_mixin.py:115} INFO - [2022-05-08 00:34:10,627] {dag.py:2919} INFO - Setting next_dagrun for example_subdag_operator.section-1 to None, run_after=None
[2022-05-08 00:34:10,628] {logging_mixin.py:115} INFO - [2022-05-08 00:34:10,628] {dag.py:2919} INFO - Setting next_dagrun for example_subdag_operator.section-2 to None, run_after=None
[2022-05-08 00:34:10,637] {logging_mixin.py:115} INFO - [2022-05-08 00:34:10,637] {dag.py:2371} INFO - Sync 2 DAGs
[2022-05-08 00:34:10,644] {logging_mixin.py:115} INFO - [2022-05-08 00:34:10,644] {dag.py:2919} INFO - Setting next_dagrun for example_subdag_operator.section-1 to None, run_after=None
[2022-05-08 00:34:10,646] {logging_mixin.py:115} INFO - [2022-05-08 00:34:10,645] {dag.py:2919} INFO - Setting next_dagrun for example_subdag_operator.section-2 to None, run_after=None
[2022-05-08 00:34:10,662] {processor.py:161} INFO - Processing /home/airflow/.local/lib/python3.7/site-packages/airflow/example_dags/example_subdag_operator.py took 0.167 seconds
[2022-05-08 00:34:41,620] {processor.py:153} INFO - Started process (PID=2262) to work on /home/airflow/.local/lib/python3.7/site-packages/airflow/example_dags/example_subdag_operator.py
[2022-05-08 00:34:41,622] {processor.py:641} INFO - Processing file /home/airflow/.local/lib/python3.7/site-packages/airflow/example_dags/example_subdag_operator.py for tasks to queue
[2022-05-08 00:34:41,625] {logging_mixin.py:115} INFO - [2022-05-08 00:34:41,624] {dagbag.py:507} INFO - Filling up the DagBag from /home/airflow/.local/lib/python3.7/site-packages/airflow/example_dags/example_subdag_operator.py
[2022-05-08 00:34:41,832] {processor.py:651} INFO - DAG(s) dict_keys(['example_subdag_operator.section-1', 'example_subdag_operator.section-2', 'example_subdag_operator']) retrieved from /home/airflow/.local/lib/python3.7/site-packages/airflow/example_dags/example_subdag_operator.py
[2022-05-08 00:34:41,962] {logging_mixin.py:115} INFO - [2022-05-08 00:34:41,962] {dag.py:2371} INFO - Sync 3 DAGs
[2022-05-08 00:34:42,035] {logging_mixin.py:115} INFO - [2022-05-08 00:34:42,035] {dag.py:2919} INFO - Setting next_dagrun for example_subdag_operator to 2022-05-06T00:00:00+00:00, run_after=2022-05-06T00:00:00+00:00
[2022-05-08 00:34:42,037] {logging_mixin.py:115} INFO - [2022-05-08 00:34:42,037] {dag.py:2919} INFO - Setting next_dagrun for example_subdag_operator.section-1 to None, run_after=None
[2022-05-08 00:34:42,038] {logging_mixin.py:115} INFO - [2022-05-08 00:34:42,038] {dag.py:2919} INFO - Setting next_dagrun for example_subdag_operator.section-2 to None, run_after=None
[2022-05-08 00:34:42,055] {logging_mixin.py:115} INFO - [2022-05-08 00:34:42,055] {dag.py:2371} INFO - Sync 2 DAGs
[2022-05-08 00:34:42,070] {logging_mixin.py:115} INFO - [2022-05-08 00:34:42,070] {dag.py:2919} INFO - Setting next_dagrun for example_subdag_operator.section-1 to None, run_after=None
[2022-05-08 00:34:42,071] {logging_mixin.py:115} INFO - [2022-05-08 00:34:42,071] {dag.py:2919} INFO - Setting next_dagrun for example_subdag_operator.section-2 to None, run_after=None
[2022-05-08 00:34:42,093] {processor.py:161} INFO - Processing /home/airflow/.local/lib/python3.7/site-packages/airflow/example_dags/example_subdag_operator.py took 0.507 seconds
[2022-05-08 00:35:12,953] {processor.py:153} INFO - Started process (PID=2434) to work on /home/airflow/.local/lib/python3.7/site-packages/airflow/example_dags/example_subdag_operator.py
[2022-05-08 00:35:12,955] {processor.py:641} INFO - Processing file /home/airflow/.local/lib/python3.7/site-packages/airflow/example_dags/example_subdag_operator.py for tasks to queue
[2022-05-08 00:35:12,958] {logging_mixin.py:115} INFO - [2022-05-08 00:35:12,958] {dagbag.py:507} INFO - Filling up the DagBag from /home/airflow/.local/lib/python3.7/site-packages/airflow/example_dags/example_subdag_operator.py
[2022-05-08 00:35:13,019] {processor.py:651} INFO - DAG(s) dict_keys(['example_subdag_operator.section-1', 'example_subdag_operator.section-2', 'example_subdag_operator']) retrieved from /home/airflow/.local/lib/python3.7/site-packages/airflow/example_dags/example_subdag_operator.py
[2022-05-08 00:35:13,090] {logging_mixin.py:115} INFO - [2022-05-08 00:35:13,090] {dag.py:2371} INFO - Sync 3 DAGs
[2022-05-08 00:35:13,158] {logging_mixin.py:115} INFO - [2022-05-08 00:35:13,158] {dag.py:2919} INFO - Setting next_dagrun for example_subdag_operator to 2022-05-06T00:00:00+00:00, run_after=2022-05-06T00:00:00+00:00
[2022-05-08 00:35:13,160] {logging_mixin.py:115} INFO - [2022-05-08 00:35:13,160] {dag.py:2919} INFO - Setting next_dagrun for example_subdag_operator.section-1 to None, run_after=None
[2022-05-08 00:35:13,162] {logging_mixin.py:115} INFO - [2022-05-08 00:35:13,162] {dag.py:2919} INFO - Setting next_dagrun for example_subdag_operator.section-2 to None, run_after=None
[2022-05-08 00:35:13,182] {logging_mixin.py:115} INFO - [2022-05-08 00:35:13,182] {dag.py:2371} INFO - Sync 2 DAGs
[2022-05-08 00:35:13,197] {logging_mixin.py:115} INFO - [2022-05-08 00:35:13,197] {dag.py:2919} INFO - Setting next_dagrun for example_subdag_operator.section-1 to None, run_after=None
[2022-05-08 00:35:13,198] {logging_mixin.py:115} INFO - [2022-05-08 00:35:13,198] {dag.py:2919} INFO - Setting next_dagrun for example_subdag_operator.section-2 to None, run_after=None
[2022-05-08 00:35:13,215] {processor.py:161} INFO - Processing /home/airflow/.local/lib/python3.7/site-packages/airflow/example_dags/example_subdag_operator.py took 0.268 seconds
[2022-05-08 00:35:43,701] {processor.py:153} INFO - Started process (PID=2604) to work on /home/airflow/.local/lib/python3.7/site-packages/airflow/example_dags/example_subdag_operator.py
[2022-05-08 00:35:43,702] {processor.py:641} INFO - Processing file /home/airflow/.local/lib/python3.7/site-packages/airflow/example_dags/example_subdag_operator.py for tasks to queue
[2022-05-08 00:35:43,705] {logging_mixin.py:115} INFO - [2022-05-08 00:35:43,705] {dagbag.py:507} INFO - Filling up the DagBag from /home/airflow/.local/lib/python3.7/site-packages/airflow/example_dags/example_subdag_operator.py
[2022-05-08 00:35:43,772] {processor.py:651} INFO - DAG(s) dict_keys(['example_subdag_operator.section-1', 'example_subdag_operator.section-2', 'example_subdag_operator']) retrieved from /home/airflow/.local/lib/python3.7/site-packages/airflow/example_dags/example_subdag_operator.py
[2022-05-08 00:35:43,849] {logging_mixin.py:115} INFO - [2022-05-08 00:35:43,849] {dag.py:2371} INFO - Sync 3 DAGs
[2022-05-08 00:35:43,890] {logging_mixin.py:115} INFO - [2022-05-08 00:35:43,890] {dag.py:2919} INFO - Setting next_dagrun for example_subdag_operator to 2022-05-06T00:00:00+00:00, run_after=2022-05-06T00:00:00+00:00
[2022-05-08 00:35:43,892] {logging_mixin.py:115} INFO - [2022-05-08 00:35:43,892] {dag.py:2919} INFO - Setting next_dagrun for example_subdag_operator.section-1 to None, run_after=None
[2022-05-08 00:35:43,894] {logging_mixin.py:115} INFO - [2022-05-08 00:35:43,894] {dag.py:2919} INFO - Setting next_dagrun for example_subdag_operator.section-2 to None, run_after=None
[2022-05-08 00:35:43,907] {logging_mixin.py:115} INFO - [2022-05-08 00:35:43,907] {dag.py:2371} INFO - Sync 2 DAGs
[2022-05-08 00:35:43,919] {logging_mixin.py:115} INFO - [2022-05-08 00:35:43,919] {dag.py:2919} INFO - Setting next_dagrun for example_subdag_operator.section-1 to None, run_after=None
[2022-05-08 00:35:43,922] {logging_mixin.py:115} INFO - [2022-05-08 00:35:43,922] {dag.py:2919} INFO - Setting next_dagrun for example_subdag_operator.section-2 to None, run_after=None
[2022-05-08 00:35:43,940] {processor.py:161} INFO - Processing /home/airflow/.local/lib/python3.7/site-packages/airflow/example_dags/example_subdag_operator.py took 0.247 seconds
[2022-05-08 00:36:14,624] {processor.py:153} INFO - Started process (PID=2758) to work on /home/airflow/.local/lib/python3.7/site-packages/airflow/example_dags/example_subdag_operator.py
[2022-05-08 00:36:14,631] {processor.py:641} INFO - Processing file /home/airflow/.local/lib/python3.7/site-packages/airflow/example_dags/example_subdag_operator.py for tasks to queue
[2022-05-08 00:36:14,634] {logging_mixin.py:115} INFO - [2022-05-08 00:36:14,634] {dagbag.py:507} INFO - Filling up the DagBag from /home/airflow/.local/lib/python3.7/site-packages/airflow/example_dags/example_subdag_operator.py
[2022-05-08 00:36:16,903] {logging_mixin.py:115} INFO - [2022-05-08 00:36:16,903] {process_utils.py:240} INFO - Waiting up to 5 seconds for processes to exit...
[2022-05-08 00:38:51,493] {processor.py:153} INFO - Started process (PID=223) to work on /home/airflow/.local/lib/python3.7/site-packages/airflow/example_dags/example_subdag_operator.py
[2022-05-08 00:38:51,495] {processor.py:641} INFO - Processing file /home/airflow/.local/lib/python3.7/site-packages/airflow/example_dags/example_subdag_operator.py for tasks to queue
[2022-05-08 00:38:51,498] {logging_mixin.py:115} INFO - [2022-05-08 00:38:51,498] {dagbag.py:507} INFO - Filling up the DagBag from /home/airflow/.local/lib/python3.7/site-packages/airflow/example_dags/example_subdag_operator.py
[2022-05-08 00:38:51,576] {processor.py:651} INFO - DAG(s) dict_keys(['example_subdag_operator.section-1', 'example_subdag_operator.section-2', 'example_subdag_operator']) retrieved from /home/airflow/.local/lib/python3.7/site-packages/airflow/example_dags/example_subdag_operator.py
[2022-05-08 00:38:51,754] {logging_mixin.py:115} INFO - [2022-05-08 00:38:51,754] {manager.py:508} INFO - Created Permission View: can delete on DAG:example_subdag_operator
[2022-05-08 00:38:51,789] {logging_mixin.py:115} INFO - [2022-05-08 00:38:51,789] {manager.py:508} INFO - Created Permission View: can edit on DAG:example_subdag_operator
[2022-05-08 00:38:51,813] {logging_mixin.py:115} INFO - [2022-05-08 00:38:51,812] {manager.py:508} INFO - Created Permission View: can read on DAG:example_subdag_operator
[2022-05-08 00:38:51,814] {logging_mixin.py:115} INFO - [2022-05-08 00:38:51,814] {dag.py:2371} INFO - Sync 3 DAGs
[2022-05-08 00:38:51,840] {logging_mixin.py:115} INFO - [2022-05-08 00:38:51,839] {dag.py:2390} INFO - Creating ORM DAG for example_subdag_operator.section-1
[2022-05-08 00:38:51,842] {logging_mixin.py:115} INFO - [2022-05-08 00:38:51,842] {dag.py:2390} INFO - Creating ORM DAG for example_subdag_operator
[2022-05-08 00:38:51,843] {logging_mixin.py:115} INFO - [2022-05-08 00:38:51,843] {dag.py:2390} INFO - Creating ORM DAG for example_subdag_operator.section-2
[2022-05-08 00:38:51,870] {logging_mixin.py:115} INFO - [2022-05-08 00:38:51,870] {dag.py:2919} INFO - Setting next_dagrun for example_subdag_operator to 2022-05-06T00:00:00+00:00, run_after=2022-05-06T00:00:00+00:00
[2022-05-08 00:38:51,872] {logging_mixin.py:115} INFO - [2022-05-08 00:38:51,872] {dag.py:2919} INFO - Setting next_dagrun for example_subdag_operator.section-1 to None, run_after=None
[2022-05-08 00:38:51,875] {logging_mixin.py:115} INFO - [2022-05-08 00:38:51,875] {dag.py:2919} INFO - Setting next_dagrun for example_subdag_operator.section-2 to None, run_after=None
[2022-05-08 00:38:51,937] {logging_mixin.py:115} INFO - [2022-05-08 00:38:51,937] {dag.py:2371} INFO - Sync 2 DAGs
[2022-05-08 00:38:51,962] {logging_mixin.py:115} INFO - [2022-05-08 00:38:51,962] {dag.py:2919} INFO - Setting next_dagrun for example_subdag_operator.section-1 to None, run_after=None
[2022-05-08 00:38:51,965] {logging_mixin.py:115} INFO - [2022-05-08 00:38:51,965] {dag.py:2919} INFO - Setting next_dagrun for example_subdag_operator.section-2 to None, run_after=None
[2022-05-08 00:38:51,987] {processor.py:161} INFO - Processing /home/airflow/.local/lib/python3.7/site-packages/airflow/example_dags/example_subdag_operator.py took 0.520 seconds
[2022-05-08 00:39:22,356] {processor.py:153} INFO - Started process (PID=391) to work on /home/airflow/.local/lib/python3.7/site-packages/airflow/example_dags/example_subdag_operator.py
[2022-05-08 00:39:22,358] {processor.py:641} INFO - Processing file /home/airflow/.local/lib/python3.7/site-packages/airflow/example_dags/example_subdag_operator.py for tasks to queue
[2022-05-08 00:39:22,360] {logging_mixin.py:115} INFO - [2022-05-08 00:39:22,360] {dagbag.py:507} INFO - Filling up the DagBag from /home/airflow/.local/lib/python3.7/site-packages/airflow/example_dags/example_subdag_operator.py
[2022-05-08 00:39:22,444] {processor.py:651} INFO - DAG(s) dict_keys(['example_subdag_operator.section-1', 'example_subdag_operator.section-2', 'example_subdag_operator']) retrieved from /home/airflow/.local/lib/python3.7/site-packages/airflow/example_dags/example_subdag_operator.py
[2022-05-08 00:39:22,520] {logging_mixin.py:115} INFO - [2022-05-08 00:39:22,520] {dag.py:2371} INFO - Sync 3 DAGs
[2022-05-08 00:39:22,570] {logging_mixin.py:115} INFO - [2022-05-08 00:39:22,570] {dag.py:2919} INFO - Setting next_dagrun for example_subdag_operator to 2022-05-06T00:00:00+00:00, run_after=2022-05-06T00:00:00+00:00
[2022-05-08 00:39:22,571] {logging_mixin.py:115} INFO - [2022-05-08 00:39:22,571] {dag.py:2919} INFO - Setting next_dagrun for example_subdag_operator.section-1 to None, run_after=None
[2022-05-08 00:39:22,572] {logging_mixin.py:115} INFO - [2022-05-08 00:39:22,572] {dag.py:2919} INFO - Setting next_dagrun for example_subdag_operator.section-2 to None, run_after=None
[2022-05-08 00:39:22,585] {logging_mixin.py:115} INFO - [2022-05-08 00:39:22,585] {dag.py:2371} INFO - Sync 2 DAGs
[2022-05-08 00:39:22,594] {logging_mixin.py:115} INFO - [2022-05-08 00:39:22,594] {dag.py:2919} INFO - Setting next_dagrun for example_subdag_operator.section-1 to None, run_after=None
[2022-05-08 00:39:22,595] {logging_mixin.py:115} INFO - [2022-05-08 00:39:22,595] {dag.py:2919} INFO - Setting next_dagrun for example_subdag_operator.section-2 to None, run_after=None
[2022-05-08 00:39:22,614] {processor.py:161} INFO - Processing /home/airflow/.local/lib/python3.7/site-packages/airflow/example_dags/example_subdag_operator.py took 0.265 seconds
[2022-05-08 00:39:53,148] {processor.py:153} INFO - Started process (PID=561) to work on /home/airflow/.local/lib/python3.7/site-packages/airflow/example_dags/example_subdag_operator.py
[2022-05-08 00:39:53,150] {processor.py:641} INFO - Processing file /home/airflow/.local/lib/python3.7/site-packages/airflow/example_dags/example_subdag_operator.py for tasks to queue
[2022-05-08 00:39:53,152] {logging_mixin.py:115} INFO - [2022-05-08 00:39:53,152] {dagbag.py:507} INFO - Filling up the DagBag from /home/airflow/.local/lib/python3.7/site-packages/airflow/example_dags/example_subdag_operator.py
[2022-05-08 00:39:53,198] {processor.py:651} INFO - DAG(s) dict_keys(['example_subdag_operator.section-1', 'example_subdag_operator.section-2', 'example_subdag_operator']) retrieved from /home/airflow/.local/lib/python3.7/site-packages/airflow/example_dags/example_subdag_operator.py
[2022-05-08 00:39:53,242] {logging_mixin.py:115} INFO - [2022-05-08 00:39:53,242] {dag.py:2371} INFO - Sync 3 DAGs
[2022-05-08 00:39:53,274] {logging_mixin.py:115} INFO - [2022-05-08 00:39:53,274] {dag.py:2919} INFO - Setting next_dagrun for example_subdag_operator to 2022-05-06T00:00:00+00:00, run_after=2022-05-06T00:00:00+00:00
[2022-05-08 00:39:53,276] {logging_mixin.py:115} INFO - [2022-05-08 00:39:53,275] {dag.py:2919} INFO - Setting next_dagrun for example_subdag_operator.section-1 to None, run_after=None
[2022-05-08 00:39:53,277] {logging_mixin.py:115} INFO - [2022-05-08 00:39:53,277] {dag.py:2919} INFO - Setting next_dagrun for example_subdag_operator.section-2 to None, run_after=None
[2022-05-08 00:39:53,284] {logging_mixin.py:115} INFO - [2022-05-08 00:39:53,284] {dag.py:2371} INFO - Sync 2 DAGs
[2022-05-08 00:39:53,291] {logging_mixin.py:115} INFO - [2022-05-08 00:39:53,291] {dag.py:2919} INFO - Setting next_dagrun for example_subdag_operator.section-1 to None, run_after=None
[2022-05-08 00:39:53,292] {logging_mixin.py:115} INFO - [2022-05-08 00:39:53,292] {dag.py:2919} INFO - Setting next_dagrun for example_subdag_operator.section-2 to None, run_after=None
[2022-05-08 00:39:53,300] {processor.py:161} INFO - Processing /home/airflow/.local/lib/python3.7/site-packages/airflow/example_dags/example_subdag_operator.py took 0.156 seconds
[2022-05-08 00:40:23,987] {processor.py:153} INFO - Started process (PID=733) to work on /home/airflow/.local/lib/python3.7/site-packages/airflow/example_dags/example_subdag_operator.py
[2022-05-08 00:40:23,989] {processor.py:641} INFO - Processing file /home/airflow/.local/lib/python3.7/site-packages/airflow/example_dags/example_subdag_operator.py for tasks to queue
[2022-05-08 00:40:23,994] {logging_mixin.py:115} INFO - [2022-05-08 00:40:23,994] {dagbag.py:507} INFO - Filling up the DagBag from /home/airflow/.local/lib/python3.7/site-packages/airflow/example_dags/example_subdag_operator.py
[2022-05-08 00:40:24,055] {processor.py:651} INFO - DAG(s) dict_keys(['example_subdag_operator.section-1', 'example_subdag_operator.section-2', 'example_subdag_operator']) retrieved from /home/airflow/.local/lib/python3.7/site-packages/airflow/example_dags/example_subdag_operator.py
[2022-05-08 00:40:24,114] {logging_mixin.py:115} INFO - [2022-05-08 00:40:24,114] {dag.py:2371} INFO - Sync 3 DAGs
[2022-05-08 00:40:24,145] {logging_mixin.py:115} INFO - [2022-05-08 00:40:24,144] {dag.py:2919} INFO - Setting next_dagrun for example_subdag_operator to 2022-05-06T00:00:00+00:00, run_after=2022-05-06T00:00:00+00:00
[2022-05-08 00:40:24,146] {logging_mixin.py:115} INFO - [2022-05-08 00:40:24,146] {dag.py:2919} INFO - Setting next_dagrun for example_subdag_operator.section-1 to None, run_after=None
[2022-05-08 00:40:24,148] {logging_mixin.py:115} INFO - [2022-05-08 00:40:24,148] {dag.py:2919} INFO - Setting next_dagrun for example_subdag_operator.section-2 to None, run_after=None
[2022-05-08 00:40:24,161] {logging_mixin.py:115} INFO - [2022-05-08 00:40:24,160] {dag.py:2371} INFO - Sync 2 DAGs
[2022-05-08 00:40:24,174] {logging_mixin.py:115} INFO - [2022-05-08 00:40:24,174] {dag.py:2919} INFO - Setting next_dagrun for example_subdag_operator.section-1 to None, run_after=None
[2022-05-08 00:40:24,176] {logging_mixin.py:115} INFO - [2022-05-08 00:40:24,176] {dag.py:2919} INFO - Setting next_dagrun for example_subdag_operator.section-2 to None, run_after=None
[2022-05-08 00:40:24,190] {processor.py:161} INFO - Processing /home/airflow/.local/lib/python3.7/site-packages/airflow/example_dags/example_subdag_operator.py took 0.210 seconds
[2022-05-08 00:40:54,852] {processor.py:153} INFO - Started process (PID=903) to work on /home/airflow/.local/lib/python3.7/site-packages/airflow/example_dags/example_subdag_operator.py
[2022-05-08 00:40:54,855] {processor.py:641} INFO - Processing file /home/airflow/.local/lib/python3.7/site-packages/airflow/example_dags/example_subdag_operator.py for tasks to queue
[2022-05-08 00:40:54,857] {logging_mixin.py:115} INFO - [2022-05-08 00:40:54,857] {dagbag.py:507} INFO - Filling up the DagBag from /home/airflow/.local/lib/python3.7/site-packages/airflow/example_dags/example_subdag_operator.py
[2022-05-08 00:40:54,903] {processor.py:651} INFO - DAG(s) dict_keys(['example_subdag_operator.section-1', 'example_subdag_operator.section-2', 'example_subdag_operator']) retrieved from /home/airflow/.local/lib/python3.7/site-packages/airflow/example_dags/example_subdag_operator.py
[2022-05-08 00:40:54,974] {logging_mixin.py:115} INFO - [2022-05-08 00:40:54,974] {dag.py:2371} INFO - Sync 3 DAGs
[2022-05-08 00:40:55,024] {logging_mixin.py:115} INFO - [2022-05-08 00:40:55,024] {dag.py:2919} INFO - Setting next_dagrun for example_subdag_operator to 2022-05-06T00:00:00+00:00, run_after=2022-05-06T00:00:00+00:00
[2022-05-08 00:40:55,026] {logging_mixin.py:115} INFO - [2022-05-08 00:40:55,026] {dag.py:2919} INFO - Setting next_dagrun for example_subdag_operator.section-1 to None, run_after=None
[2022-05-08 00:40:55,029] {logging_mixin.py:115} INFO - [2022-05-08 00:40:55,029] {dag.py:2919} INFO - Setting next_dagrun for example_subdag_operator.section-2 to None, run_after=None
[2022-05-08 00:40:55,048] {logging_mixin.py:115} INFO - [2022-05-08 00:40:55,047] {dag.py:2371} INFO - Sync 2 DAGs
[2022-05-08 00:40:55,077] {logging_mixin.py:115} INFO - [2022-05-08 00:40:55,077] {dag.py:2919} INFO - Setting next_dagrun for example_subdag_operator.section-1 to None, run_after=None
[2022-05-08 00:40:55,078] {logging_mixin.py:115} INFO - [2022-05-08 00:40:55,078] {dag.py:2919} INFO - Setting next_dagrun for example_subdag_operator.section-2 to None, run_after=None
[2022-05-08 00:40:55,093] {processor.py:161} INFO - Processing /home/airflow/.local/lib/python3.7/site-packages/airflow/example_dags/example_subdag_operator.py took 0.249 seconds
[2022-05-08 00:41:25,510] {processor.py:153} INFO - Started process (PID=1073) to work on /home/airflow/.local/lib/python3.7/site-packages/airflow/example_dags/example_subdag_operator.py
[2022-05-08 00:41:25,512] {processor.py:641} INFO - Processing file /home/airflow/.local/lib/python3.7/site-packages/airflow/example_dags/example_subdag_operator.py for tasks to queue
[2022-05-08 00:41:25,513] {logging_mixin.py:115} INFO - [2022-05-08 00:41:25,513] {dagbag.py:507} INFO - Filling up the DagBag from /home/airflow/.local/lib/python3.7/site-packages/airflow/example_dags/example_subdag_operator.py
[2022-05-08 00:41:25,560] {processor.py:651} INFO - DAG(s) dict_keys(['example_subdag_operator.section-1', 'example_subdag_operator.section-2', 'example_subdag_operator']) retrieved from /home/airflow/.local/lib/python3.7/site-packages/airflow/example_dags/example_subdag_operator.py
[2022-05-08 00:41:25,608] {logging_mixin.py:115} INFO - [2022-05-08 00:41:25,607] {dag.py:2371} INFO - Sync 3 DAGs
[2022-05-08 00:41:25,634] {logging_mixin.py:115} INFO - [2022-05-08 00:41:25,634] {dag.py:2919} INFO - Setting next_dagrun for example_subdag_operator to 2022-05-06T00:00:00+00:00, run_after=2022-05-06T00:00:00+00:00
[2022-05-08 00:41:25,635] {logging_mixin.py:115} INFO - [2022-05-08 00:41:25,635] {dag.py:2919} INFO - Setting next_dagrun for example_subdag_operator.section-1 to None, run_after=None
[2022-05-08 00:41:25,636] {logging_mixin.py:115} INFO - [2022-05-08 00:41:25,636] {dag.py:2919} INFO - Setting next_dagrun for example_subdag_operator.section-2 to None, run_after=None
[2022-05-08 00:41:25,645] {logging_mixin.py:115} INFO - [2022-05-08 00:41:25,645] {dag.py:2371} INFO - Sync 2 DAGs
[2022-05-08 00:41:25,653] {logging_mixin.py:115} INFO - [2022-05-08 00:41:25,653] {dag.py:2919} INFO - Setting next_dagrun for example_subdag_operator.section-1 to None, run_after=None
[2022-05-08 00:41:25,655] {logging_mixin.py:115} INFO - [2022-05-08 00:41:25,655] {dag.py:2919} INFO - Setting next_dagrun for example_subdag_operator.section-2 to None, run_after=None
[2022-05-08 00:41:25,664] {processor.py:161} INFO - Processing /home/airflow/.local/lib/python3.7/site-packages/airflow/example_dags/example_subdag_operator.py took 0.158 seconds
[2022-05-08 00:41:56,165] {processor.py:153} INFO - Started process (PID=1243) to work on /home/airflow/.local/lib/python3.7/site-packages/airflow/example_dags/example_subdag_operator.py
[2022-05-08 00:41:56,167] {processor.py:641} INFO - Processing file /home/airflow/.local/lib/python3.7/site-packages/airflow/example_dags/example_subdag_operator.py for tasks to queue
[2022-05-08 00:41:56,169] {logging_mixin.py:115} INFO - [2022-05-08 00:41:56,169] {dagbag.py:507} INFO - Filling up the DagBag from /home/airflow/.local/lib/python3.7/site-packages/airflow/example_dags/example_subdag_operator.py
[2022-05-08 00:41:56,229] {processor.py:651} INFO - DAG(s) dict_keys(['example_subdag_operator.section-1', 'example_subdag_operator.section-2', 'example_subdag_operator']) retrieved from /home/airflow/.local/lib/python3.7/site-packages/airflow/example_dags/example_subdag_operator.py
[2022-05-08 00:41:56,306] {logging_mixin.py:115} INFO - [2022-05-08 00:41:56,306] {dag.py:2371} INFO - Sync 3 DAGs
[2022-05-08 00:41:56,344] {logging_mixin.py:115} INFO - [2022-05-08 00:41:56,344] {dag.py:2919} INFO - Setting next_dagrun for example_subdag_operator to 2022-05-06T00:00:00+00:00, run_after=2022-05-06T00:00:00+00:00
[2022-05-08 00:41:56,347] {logging_mixin.py:115} INFO - [2022-05-08 00:41:56,346] {dag.py:2919} INFO - Setting next_dagrun for example_subdag_operator.section-1 to None, run_after=None
[2022-05-08 00:41:56,349] {logging_mixin.py:115} INFO - [2022-05-08 00:41:56,349] {dag.py:2919} INFO - Setting next_dagrun for example_subdag_operator.section-2 to None, run_after=None
[2022-05-08 00:41:56,361] {logging_mixin.py:115} INFO - [2022-05-08 00:41:56,361] {dag.py:2371} INFO - Sync 2 DAGs
[2022-05-08 00:41:56,371] {logging_mixin.py:115} INFO - [2022-05-08 00:41:56,371] {dag.py:2919} INFO - Setting next_dagrun for example_subdag_operator.section-1 to None, run_after=None
[2022-05-08 00:41:56,373] {logging_mixin.py:115} INFO - [2022-05-08 00:41:56,373] {dag.py:2919} INFO - Setting next_dagrun for example_subdag_operator.section-2 to None, run_after=None
[2022-05-08 00:41:56,389] {processor.py:161} INFO - Processing /home/airflow/.local/lib/python3.7/site-packages/airflow/example_dags/example_subdag_operator.py took 0.231 seconds
