[2022-05-08 00:28:32,709] {processor.py:153} INFO - Started process (PID=237) to work on /home/airflow/.local/lib/python3.7/site-packages/airflow/example_dags/example_branch_python_dop_operator_3.py
[2022-05-08 00:28:32,711] {processor.py:641} INFO - Processing file /home/airflow/.local/lib/python3.7/site-packages/airflow/example_dags/example_branch_python_dop_operator_3.py for tasks to queue
[2022-05-08 00:28:32,714] {logging_mixin.py:115} INFO - [2022-05-08 00:28:32,713] {dagbag.py:507} INFO - Filling up the DagBag from /home/airflow/.local/lib/python3.7/site-packages/airflow/example_dags/example_branch_python_dop_operator_3.py
[2022-05-08 00:28:32,733] {processor.py:651} INFO - DAG(s) dict_keys(['example_branch_dop_operator_v3']) retrieved from /home/airflow/.local/lib/python3.7/site-packages/airflow/example_dags/example_branch_python_dop_operator_3.py
[2022-05-08 00:28:32,798] {logging_mixin.py:115} INFO - [2022-05-08 00:28:32,797] {dag.py:2371} INFO - Sync 1 DAGs
[2022-05-08 00:28:32,867] {logging_mixin.py:115} INFO - [2022-05-08 00:28:32,867] {dag.py:2919} INFO - Setting next_dagrun for example_branch_dop_operator_v3 to 2022-05-08T00:27:00+00:00, run_after=2022-05-08T00:28:00+00:00
[2022-05-08 00:28:32,906] {processor.py:161} INFO - Processing /home/airflow/.local/lib/python3.7/site-packages/airflow/example_dags/example_branch_python_dop_operator_3.py took 0.207 seconds
[2022-05-08 00:29:03,578] {processor.py:153} INFO - Started process (PID=407) to work on /home/airflow/.local/lib/python3.7/site-packages/airflow/example_dags/example_branch_python_dop_operator_3.py
[2022-05-08 00:29:03,587] {processor.py:641} INFO - Processing file /home/airflow/.local/lib/python3.7/site-packages/airflow/example_dags/example_branch_python_dop_operator_3.py for tasks to queue
[2022-05-08 00:29:03,593] {logging_mixin.py:115} INFO - [2022-05-08 00:29:03,590] {dagbag.py:507} INFO - Filling up the DagBag from /home/airflow/.local/lib/python3.7/site-packages/airflow/example_dags/example_branch_python_dop_operator_3.py
[2022-05-08 00:29:03,637] {processor.py:651} INFO - DAG(s) dict_keys(['example_branch_dop_operator_v3']) retrieved from /home/airflow/.local/lib/python3.7/site-packages/airflow/example_dags/example_branch_python_dop_operator_3.py
[2022-05-08 00:29:03,724] {logging_mixin.py:115} INFO - [2022-05-08 00:29:03,723] {dag.py:2371} INFO - Sync 1 DAGs
[2022-05-08 00:29:03,816] {logging_mixin.py:115} INFO - [2022-05-08 00:29:03,816] {dag.py:2919} INFO - Setting next_dagrun for example_branch_dop_operator_v3 to 2022-05-08T00:28:00+00:00, run_after=2022-05-08T00:29:00+00:00
[2022-05-08 00:29:03,900] {processor.py:161} INFO - Processing /home/airflow/.local/lib/python3.7/site-packages/airflow/example_dags/example_branch_python_dop_operator_3.py took 0.334 seconds
[2022-05-08 00:29:34,602] {processor.py:153} INFO - Started process (PID=576) to work on /home/airflow/.local/lib/python3.7/site-packages/airflow/example_dags/example_branch_python_dop_operator_3.py
[2022-05-08 00:29:34,605] {processor.py:641} INFO - Processing file /home/airflow/.local/lib/python3.7/site-packages/airflow/example_dags/example_branch_python_dop_operator_3.py for tasks to queue
[2022-05-08 00:29:34,606] {logging_mixin.py:115} INFO - [2022-05-08 00:29:34,606] {dagbag.py:507} INFO - Filling up the DagBag from /home/airflow/.local/lib/python3.7/site-packages/airflow/example_dags/example_branch_python_dop_operator_3.py
[2022-05-08 00:29:34,649] {processor.py:651} INFO - DAG(s) dict_keys(['example_branch_dop_operator_v3']) retrieved from /home/airflow/.local/lib/python3.7/site-packages/airflow/example_dags/example_branch_python_dop_operator_3.py
[2022-05-08 00:29:34,702] {logging_mixin.py:115} INFO - [2022-05-08 00:29:34,701] {dag.py:2371} INFO - Sync 1 DAGs
[2022-05-08 00:29:34,773] {logging_mixin.py:115} INFO - [2022-05-08 00:29:34,772] {dag.py:2919} INFO - Setting next_dagrun for example_branch_dop_operator_v3 to 2022-05-08T00:28:00+00:00, run_after=2022-05-08T00:29:00+00:00
[2022-05-08 00:29:34,810] {processor.py:161} INFO - Processing /home/airflow/.local/lib/python3.7/site-packages/airflow/example_dags/example_branch_python_dop_operator_3.py took 0.215 seconds
[2022-05-08 00:30:05,404] {processor.py:153} INFO - Started process (PID=747) to work on /home/airflow/.local/lib/python3.7/site-packages/airflow/example_dags/example_branch_python_dop_operator_3.py
[2022-05-08 00:30:05,406] {processor.py:641} INFO - Processing file /home/airflow/.local/lib/python3.7/site-packages/airflow/example_dags/example_branch_python_dop_operator_3.py for tasks to queue
[2022-05-08 00:30:05,408] {logging_mixin.py:115} INFO - [2022-05-08 00:30:05,408] {dagbag.py:507} INFO - Filling up the DagBag from /home/airflow/.local/lib/python3.7/site-packages/airflow/example_dags/example_branch_python_dop_operator_3.py
[2022-05-08 00:30:05,426] {processor.py:651} INFO - DAG(s) dict_keys(['example_branch_dop_operator_v3']) retrieved from /home/airflow/.local/lib/python3.7/site-packages/airflow/example_dags/example_branch_python_dop_operator_3.py
[2022-05-08 00:30:05,469] {logging_mixin.py:115} INFO - [2022-05-08 00:30:05,469] {dag.py:2371} INFO - Sync 1 DAGs
[2022-05-08 00:30:05,515] {logging_mixin.py:115} INFO - [2022-05-08 00:30:05,515] {dag.py:2919} INFO - Setting next_dagrun for example_branch_dop_operator_v3 to 2022-05-08T00:29:00+00:00, run_after=2022-05-08T00:30:00+00:00
[2022-05-08 00:30:05,531] {processor.py:161} INFO - Processing /home/airflow/.local/lib/python3.7/site-packages/airflow/example_dags/example_branch_python_dop_operator_3.py took 0.132 seconds
[2022-05-08 00:30:35,653] {processor.py:153} INFO - Started process (PID=917) to work on /home/airflow/.local/lib/python3.7/site-packages/airflow/example_dags/example_branch_python_dop_operator_3.py
[2022-05-08 00:30:35,654] {processor.py:641} INFO - Processing file /home/airflow/.local/lib/python3.7/site-packages/airflow/example_dags/example_branch_python_dop_operator_3.py for tasks to queue
[2022-05-08 00:30:35,656] {logging_mixin.py:115} INFO - [2022-05-08 00:30:35,656] {dagbag.py:507} INFO - Filling up the DagBag from /home/airflow/.local/lib/python3.7/site-packages/airflow/example_dags/example_branch_python_dop_operator_3.py
[2022-05-08 00:30:35,675] {processor.py:651} INFO - DAG(s) dict_keys(['example_branch_dop_operator_v3']) retrieved from /home/airflow/.local/lib/python3.7/site-packages/airflow/example_dags/example_branch_python_dop_operator_3.py
[2022-05-08 00:30:35,714] {logging_mixin.py:115} INFO - [2022-05-08 00:30:35,714] {dag.py:2371} INFO - Sync 1 DAGs
[2022-05-08 00:30:35,756] {logging_mixin.py:115} INFO - [2022-05-08 00:30:35,756] {dag.py:2919} INFO - Setting next_dagrun for example_branch_dop_operator_v3 to 2022-05-08T00:29:00+00:00, run_after=2022-05-08T00:30:00+00:00
[2022-05-08 00:30:35,787] {processor.py:161} INFO - Processing /home/airflow/.local/lib/python3.7/site-packages/airflow/example_dags/example_branch_python_dop_operator_3.py took 0.141 seconds
[2022-05-08 00:31:06,772] {processor.py:153} INFO - Started process (PID=1087) to work on /home/airflow/.local/lib/python3.7/site-packages/airflow/example_dags/example_branch_python_dop_operator_3.py
[2022-05-08 00:31:06,782] {processor.py:641} INFO - Processing file /home/airflow/.local/lib/python3.7/site-packages/airflow/example_dags/example_branch_python_dop_operator_3.py for tasks to queue
[2022-05-08 00:31:06,784] {logging_mixin.py:115} INFO - [2022-05-08 00:31:06,784] {dagbag.py:507} INFO - Filling up the DagBag from /home/airflow/.local/lib/python3.7/site-packages/airflow/example_dags/example_branch_python_dop_operator_3.py
[2022-05-08 00:31:06,821] {processor.py:651} INFO - DAG(s) dict_keys(['example_branch_dop_operator_v3']) retrieved from /home/airflow/.local/lib/python3.7/site-packages/airflow/example_dags/example_branch_python_dop_operator_3.py
[2022-05-08 00:31:06,854] {logging_mixin.py:115} INFO - [2022-05-08 00:31:06,853] {dag.py:2371} INFO - Sync 1 DAGs
[2022-05-08 00:31:06,894] {logging_mixin.py:115} INFO - [2022-05-08 00:31:06,894] {dag.py:2919} INFO - Setting next_dagrun for example_branch_dop_operator_v3 to 2022-05-08T00:30:00+00:00, run_after=2022-05-08T00:31:00+00:00
[2022-05-08 00:31:06,919] {processor.py:161} INFO - Processing /home/airflow/.local/lib/python3.7/site-packages/airflow/example_dags/example_branch_python_dop_operator_3.py took 0.152 seconds
[2022-05-08 00:31:37,812] {processor.py:153} INFO - Started process (PID=1257) to work on /home/airflow/.local/lib/python3.7/site-packages/airflow/example_dags/example_branch_python_dop_operator_3.py
[2022-05-08 00:31:37,813] {processor.py:641} INFO - Processing file /home/airflow/.local/lib/python3.7/site-packages/airflow/example_dags/example_branch_python_dop_operator_3.py for tasks to queue
[2022-05-08 00:31:37,814] {logging_mixin.py:115} INFO - [2022-05-08 00:31:37,814] {dagbag.py:507} INFO - Filling up the DagBag from /home/airflow/.local/lib/python3.7/site-packages/airflow/example_dags/example_branch_python_dop_operator_3.py
[2022-05-08 00:31:37,829] {processor.py:651} INFO - DAG(s) dict_keys(['example_branch_dop_operator_v3']) retrieved from /home/airflow/.local/lib/python3.7/site-packages/airflow/example_dags/example_branch_python_dop_operator_3.py
[2022-05-08 00:31:37,857] {logging_mixin.py:115} INFO - [2022-05-08 00:31:37,857] {dag.py:2371} INFO - Sync 1 DAGs
[2022-05-08 00:31:37,887] {logging_mixin.py:115} INFO - [2022-05-08 00:31:37,887] {dag.py:2919} INFO - Setting next_dagrun for example_branch_dop_operator_v3 to 2022-05-08T00:30:00+00:00, run_after=2022-05-08T00:31:00+00:00
[2022-05-08 00:31:37,900] {processor.py:161} INFO - Processing /home/airflow/.local/lib/python3.7/site-packages/airflow/example_dags/example_branch_python_dop_operator_3.py took 0.093 seconds
[2022-05-08 00:32:08,862] {processor.py:153} INFO - Started process (PID=1427) to work on /home/airflow/.local/lib/python3.7/site-packages/airflow/example_dags/example_branch_python_dop_operator_3.py
[2022-05-08 00:32:08,863] {processor.py:641} INFO - Processing file /home/airflow/.local/lib/python3.7/site-packages/airflow/example_dags/example_branch_python_dop_operator_3.py for tasks to queue
[2022-05-08 00:32:08,865] {logging_mixin.py:115} INFO - [2022-05-08 00:32:08,865] {dagbag.py:507} INFO - Filling up the DagBag from /home/airflow/.local/lib/python3.7/site-packages/airflow/example_dags/example_branch_python_dop_operator_3.py
[2022-05-08 00:32:08,886] {processor.py:651} INFO - DAG(s) dict_keys(['example_branch_dop_operator_v3']) retrieved from /home/airflow/.local/lib/python3.7/site-packages/airflow/example_dags/example_branch_python_dop_operator_3.py
[2022-05-08 00:32:08,918] {logging_mixin.py:115} INFO - [2022-05-08 00:32:08,918] {dag.py:2371} INFO - Sync 1 DAGs
[2022-05-08 00:32:08,954] {logging_mixin.py:115} INFO - [2022-05-08 00:32:08,954] {dag.py:2919} INFO - Setting next_dagrun for example_branch_dop_operator_v3 to 2022-05-08T00:31:00+00:00, run_after=2022-05-08T00:32:00+00:00
[2022-05-08 00:32:08,971] {processor.py:161} INFO - Processing /home/airflow/.local/lib/python3.7/site-packages/airflow/example_dags/example_branch_python_dop_operator_3.py took 0.115 seconds
[2022-05-08 00:32:39,912] {processor.py:153} INFO - Started process (PID=1595) to work on /home/airflow/.local/lib/python3.7/site-packages/airflow/example_dags/example_branch_python_dop_operator_3.py
[2022-05-08 00:32:39,917] {processor.py:641} INFO - Processing file /home/airflow/.local/lib/python3.7/site-packages/airflow/example_dags/example_branch_python_dop_operator_3.py for tasks to queue
[2022-05-08 00:32:39,920] {logging_mixin.py:115} INFO - [2022-05-08 00:32:39,920] {dagbag.py:507} INFO - Filling up the DagBag from /home/airflow/.local/lib/python3.7/site-packages/airflow/example_dags/example_branch_python_dop_operator_3.py
[2022-05-08 00:32:39,946] {processor.py:651} INFO - DAG(s) dict_keys(['example_branch_dop_operator_v3']) retrieved from /home/airflow/.local/lib/python3.7/site-packages/airflow/example_dags/example_branch_python_dop_operator_3.py
[2022-05-08 00:32:40,004] {logging_mixin.py:115} INFO - [2022-05-08 00:32:40,004] {dag.py:2371} INFO - Sync 1 DAGs
[2022-05-08 00:32:40,043] {logging_mixin.py:115} INFO - [2022-05-08 00:32:40,043] {dag.py:2919} INFO - Setting next_dagrun for example_branch_dop_operator_v3 to 2022-05-08T00:31:00+00:00, run_after=2022-05-08T00:32:00+00:00
[2022-05-08 00:32:40,062] {processor.py:161} INFO - Processing /home/airflow/.local/lib/python3.7/site-packages/airflow/example_dags/example_branch_python_dop_operator_3.py took 0.158 seconds
[2022-05-08 00:33:10,872] {processor.py:153} INFO - Started process (PID=1767) to work on /home/airflow/.local/lib/python3.7/site-packages/airflow/example_dags/example_branch_python_dop_operator_3.py
[2022-05-08 00:33:10,874] {processor.py:641} INFO - Processing file /home/airflow/.local/lib/python3.7/site-packages/airflow/example_dags/example_branch_python_dop_operator_3.py for tasks to queue
[2022-05-08 00:33:10,875] {logging_mixin.py:115} INFO - [2022-05-08 00:33:10,875] {dagbag.py:507} INFO - Filling up the DagBag from /home/airflow/.local/lib/python3.7/site-packages/airflow/example_dags/example_branch_python_dop_operator_3.py
[2022-05-08 00:33:10,891] {processor.py:651} INFO - DAG(s) dict_keys(['example_branch_dop_operator_v3']) retrieved from /home/airflow/.local/lib/python3.7/site-packages/airflow/example_dags/example_branch_python_dop_operator_3.py
[2022-05-08 00:33:10,921] {logging_mixin.py:115} INFO - [2022-05-08 00:33:10,921] {dag.py:2371} INFO - Sync 1 DAGs
[2022-05-08 00:33:10,953] {logging_mixin.py:115} INFO - [2022-05-08 00:33:10,953] {dag.py:2919} INFO - Setting next_dagrun for example_branch_dop_operator_v3 to 2022-05-08T00:32:00+00:00, run_after=2022-05-08T00:33:00+00:00
[2022-05-08 00:33:10,968] {processor.py:161} INFO - Processing /home/airflow/.local/lib/python3.7/site-packages/airflow/example_dags/example_branch_python_dop_operator_3.py took 0.101 seconds
[2022-05-08 00:33:41,455] {processor.py:153} INFO - Started process (PID=1937) to work on /home/airflow/.local/lib/python3.7/site-packages/airflow/example_dags/example_branch_python_dop_operator_3.py
[2022-05-08 00:33:41,456] {processor.py:641} INFO - Processing file /home/airflow/.local/lib/python3.7/site-packages/airflow/example_dags/example_branch_python_dop_operator_3.py for tasks to queue
[2022-05-08 00:33:41,457] {logging_mixin.py:115} INFO - [2022-05-08 00:33:41,457] {dagbag.py:507} INFO - Filling up the DagBag from /home/airflow/.local/lib/python3.7/site-packages/airflow/example_dags/example_branch_python_dop_operator_3.py
[2022-05-08 00:33:41,470] {processor.py:651} INFO - DAG(s) dict_keys(['example_branch_dop_operator_v3']) retrieved from /home/airflow/.local/lib/python3.7/site-packages/airflow/example_dags/example_branch_python_dop_operator_3.py
[2022-05-08 00:33:41,504] {logging_mixin.py:115} INFO - [2022-05-08 00:33:41,504] {dag.py:2371} INFO - Sync 1 DAGs
[2022-05-08 00:33:41,542] {logging_mixin.py:115} INFO - [2022-05-08 00:33:41,542] {dag.py:2919} INFO - Setting next_dagrun for example_branch_dop_operator_v3 to 2022-05-08T00:32:00+00:00, run_after=2022-05-08T00:33:00+00:00
[2022-05-08 00:33:41,572] {processor.py:161} INFO - Processing /home/airflow/.local/lib/python3.7/site-packages/airflow/example_dags/example_branch_python_dop_operator_3.py took 0.123 seconds
[2022-05-08 00:34:11,723] {processor.py:153} INFO - Started process (PID=2107) to work on /home/airflow/.local/lib/python3.7/site-packages/airflow/example_dags/example_branch_python_dop_operator_3.py
[2022-05-08 00:34:11,725] {processor.py:641} INFO - Processing file /home/airflow/.local/lib/python3.7/site-packages/airflow/example_dags/example_branch_python_dop_operator_3.py for tasks to queue
[2022-05-08 00:34:11,726] {logging_mixin.py:115} INFO - [2022-05-08 00:34:11,726] {dagbag.py:507} INFO - Filling up the DagBag from /home/airflow/.local/lib/python3.7/site-packages/airflow/example_dags/example_branch_python_dop_operator_3.py
[2022-05-08 00:34:11,739] {processor.py:651} INFO - DAG(s) dict_keys(['example_branch_dop_operator_v3']) retrieved from /home/airflow/.local/lib/python3.7/site-packages/airflow/example_dags/example_branch_python_dop_operator_3.py
[2022-05-08 00:34:11,779] {logging_mixin.py:115} INFO - [2022-05-08 00:34:11,776] {dag.py:2371} INFO - Sync 1 DAGs
[2022-05-08 00:34:11,818] {logging_mixin.py:115} INFO - [2022-05-08 00:34:11,818] {dag.py:2919} INFO - Setting next_dagrun for example_branch_dop_operator_v3 to 2022-05-08T00:33:00+00:00, run_after=2022-05-08T00:34:00+00:00
[2022-05-08 00:34:11,834] {processor.py:161} INFO - Processing /home/airflow/.local/lib/python3.7/site-packages/airflow/example_dags/example_branch_python_dop_operator_3.py took 0.116 seconds
[2022-05-08 00:34:42,275] {processor.py:153} INFO - Started process (PID=2277) to work on /home/airflow/.local/lib/python3.7/site-packages/airflow/example_dags/example_branch_python_dop_operator_3.py
[2022-05-08 00:34:42,278] {processor.py:641} INFO - Processing file /home/airflow/.local/lib/python3.7/site-packages/airflow/example_dags/example_branch_python_dop_operator_3.py for tasks to queue
[2022-05-08 00:34:42,279] {logging_mixin.py:115} INFO - [2022-05-08 00:34:42,279] {dagbag.py:507} INFO - Filling up the DagBag from /home/airflow/.local/lib/python3.7/site-packages/airflow/example_dags/example_branch_python_dop_operator_3.py
[2022-05-08 00:34:42,333] {processor.py:651} INFO - DAG(s) dict_keys(['example_branch_dop_operator_v3']) retrieved from /home/airflow/.local/lib/python3.7/site-packages/airflow/example_dags/example_branch_python_dop_operator_3.py
[2022-05-08 00:34:42,413] {logging_mixin.py:115} INFO - [2022-05-08 00:34:42,413] {dag.py:2371} INFO - Sync 1 DAGs
[2022-05-08 00:34:42,496] {logging_mixin.py:115} INFO - [2022-05-08 00:34:42,496] {dag.py:2919} INFO - Setting next_dagrun for example_branch_dop_operator_v3 to 2022-05-08T00:33:00+00:00, run_after=2022-05-08T00:34:00+00:00
[2022-05-08 00:34:42,531] {processor.py:161} INFO - Processing /home/airflow/.local/lib/python3.7/site-packages/airflow/example_dags/example_branch_python_dop_operator_3.py took 0.261 seconds
[2022-05-08 00:35:13,294] {processor.py:153} INFO - Started process (PID=2447) to work on /home/airflow/.local/lib/python3.7/site-packages/airflow/example_dags/example_branch_python_dop_operator_3.py
[2022-05-08 00:35:13,297] {processor.py:641} INFO - Processing file /home/airflow/.local/lib/python3.7/site-packages/airflow/example_dags/example_branch_python_dop_operator_3.py for tasks to queue
[2022-05-08 00:35:13,299] {logging_mixin.py:115} INFO - [2022-05-08 00:35:13,299] {dagbag.py:507} INFO - Filling up the DagBag from /home/airflow/.local/lib/python3.7/site-packages/airflow/example_dags/example_branch_python_dop_operator_3.py
[2022-05-08 00:35:13,317] {processor.py:651} INFO - DAG(s) dict_keys(['example_branch_dop_operator_v3']) retrieved from /home/airflow/.local/lib/python3.7/site-packages/airflow/example_dags/example_branch_python_dop_operator_3.py
[2022-05-08 00:35:13,394] {logging_mixin.py:115} INFO - [2022-05-08 00:35:13,394] {dag.py:2371} INFO - Sync 1 DAGs
[2022-05-08 00:35:13,479] {logging_mixin.py:115} INFO - [2022-05-08 00:35:13,479] {dag.py:2919} INFO - Setting next_dagrun for example_branch_dop_operator_v3 to 2022-05-08T00:34:00+00:00, run_after=2022-05-08T00:35:00+00:00
[2022-05-08 00:35:13,514] {processor.py:161} INFO - Processing /home/airflow/.local/lib/python3.7/site-packages/airflow/example_dags/example_branch_python_dop_operator_3.py took 0.228 seconds
[2022-05-08 00:35:43,996] {processor.py:153} INFO - Started process (PID=2617) to work on /home/airflow/.local/lib/python3.7/site-packages/airflow/example_dags/example_branch_python_dop_operator_3.py
[2022-05-08 00:35:44,005] {processor.py:641} INFO - Processing file /home/airflow/.local/lib/python3.7/site-packages/airflow/example_dags/example_branch_python_dop_operator_3.py for tasks to queue
[2022-05-08 00:35:44,007] {logging_mixin.py:115} INFO - [2022-05-08 00:35:44,007] {dagbag.py:507} INFO - Filling up the DagBag from /home/airflow/.local/lib/python3.7/site-packages/airflow/example_dags/example_branch_python_dop_operator_3.py
[2022-05-08 00:35:44,031] {processor.py:651} INFO - DAG(s) dict_keys(['example_branch_dop_operator_v3']) retrieved from /home/airflow/.local/lib/python3.7/site-packages/airflow/example_dags/example_branch_python_dop_operator_3.py
[2022-05-08 00:35:44,085] {logging_mixin.py:115} INFO - [2022-05-08 00:35:44,084] {dag.py:2371} INFO - Sync 1 DAGs
[2022-05-08 00:35:44,131] {logging_mixin.py:115} INFO - [2022-05-08 00:35:44,131] {dag.py:2919} INFO - Setting next_dagrun for example_branch_dop_operator_v3 to 2022-05-08T00:34:00+00:00, run_after=2022-05-08T00:35:00+00:00
[2022-05-08 00:35:44,147] {processor.py:161} INFO - Processing /home/airflow/.local/lib/python3.7/site-packages/airflow/example_dags/example_branch_python_dop_operator_3.py took 0.158 seconds
[2022-05-08 00:38:52,708] {processor.py:153} INFO - Started process (PID=238) to work on /home/airflow/.local/lib/python3.7/site-packages/airflow/example_dags/example_branch_python_dop_operator_3.py
[2022-05-08 00:38:52,716] {processor.py:641} INFO - Processing file /home/airflow/.local/lib/python3.7/site-packages/airflow/example_dags/example_branch_python_dop_operator_3.py for tasks to queue
[2022-05-08 00:38:52,720] {logging_mixin.py:115} INFO - [2022-05-08 00:38:52,720] {dagbag.py:507} INFO - Filling up the DagBag from /home/airflow/.local/lib/python3.7/site-packages/airflow/example_dags/example_branch_python_dop_operator_3.py
[2022-05-08 00:38:52,768] {processor.py:651} INFO - DAG(s) dict_keys(['example_branch_dop_operator_v3']) retrieved from /home/airflow/.local/lib/python3.7/site-packages/airflow/example_dags/example_branch_python_dop_operator_3.py
[2022-05-08 00:38:52,966] {logging_mixin.py:115} INFO - [2022-05-08 00:38:52,966] {manager.py:508} INFO - Created Permission View: can delete on DAG:example_branch_dop_operator_v3
[2022-05-08 00:38:53,001] {logging_mixin.py:115} INFO - [2022-05-08 00:38:53,001] {manager.py:508} INFO - Created Permission View: can edit on DAG:example_branch_dop_operator_v3
[2022-05-08 00:38:53,030] {logging_mixin.py:115} INFO - [2022-05-08 00:38:53,030] {manager.py:508} INFO - Created Permission View: can read on DAG:example_branch_dop_operator_v3
[2022-05-08 00:38:53,032] {logging_mixin.py:115} INFO - [2022-05-08 00:38:53,031] {dag.py:2371} INFO - Sync 1 DAGs
[2022-05-08 00:38:53,065] {logging_mixin.py:115} INFO - [2022-05-08 00:38:53,065] {dag.py:2390} INFO - Creating ORM DAG for example_branch_dop_operator_v3
[2022-05-08 00:38:53,120] {logging_mixin.py:115} INFO - [2022-05-08 00:38:53,120] {dag.py:2919} INFO - Setting next_dagrun for example_branch_dop_operator_v3 to 2022-05-08T00:37:00+00:00, run_after=2022-05-08T00:38:00+00:00
[2022-05-08 00:38:53,171] {processor.py:161} INFO - Processing /home/airflow/.local/lib/python3.7/site-packages/airflow/example_dags/example_branch_python_dop_operator_3.py took 0.476 seconds
[2022-05-08 00:39:23,892] {processor.py:153} INFO - Started process (PID=410) to work on /home/airflow/.local/lib/python3.7/site-packages/airflow/example_dags/example_branch_python_dop_operator_3.py
[2022-05-08 00:39:23,894] {processor.py:641} INFO - Processing file /home/airflow/.local/lib/python3.7/site-packages/airflow/example_dags/example_branch_python_dop_operator_3.py for tasks to queue
[2022-05-08 00:39:23,896] {logging_mixin.py:115} INFO - [2022-05-08 00:39:23,896] {dagbag.py:507} INFO - Filling up the DagBag from /home/airflow/.local/lib/python3.7/site-packages/airflow/example_dags/example_branch_python_dop_operator_3.py
[2022-05-08 00:39:23,928] {processor.py:651} INFO - DAG(s) dict_keys(['example_branch_dop_operator_v3']) retrieved from /home/airflow/.local/lib/python3.7/site-packages/airflow/example_dags/example_branch_python_dop_operator_3.py
[2022-05-08 00:39:23,967] {logging_mixin.py:115} INFO - [2022-05-08 00:39:23,967] {dag.py:2371} INFO - Sync 1 DAGs
[2022-05-08 00:39:24,024] {logging_mixin.py:115} INFO - [2022-05-08 00:39:24,023] {dag.py:2919} INFO - Setting next_dagrun for example_branch_dop_operator_v3 to 2022-05-08T00:38:00+00:00, run_after=2022-05-08T00:39:00+00:00
[2022-05-08 00:39:24,039] {processor.py:161} INFO - Processing /home/airflow/.local/lib/python3.7/site-packages/airflow/example_dags/example_branch_python_dop_operator_3.py took 0.155 seconds
[2022-05-08 00:39:54,439] {processor.py:153} INFO - Started process (PID=580) to work on /home/airflow/.local/lib/python3.7/site-packages/airflow/example_dags/example_branch_python_dop_operator_3.py
[2022-05-08 00:39:54,441] {processor.py:641} INFO - Processing file /home/airflow/.local/lib/python3.7/site-packages/airflow/example_dags/example_branch_python_dop_operator_3.py for tasks to queue
[2022-05-08 00:39:54,442] {logging_mixin.py:115} INFO - [2022-05-08 00:39:54,442] {dagbag.py:507} INFO - Filling up the DagBag from /home/airflow/.local/lib/python3.7/site-packages/airflow/example_dags/example_branch_python_dop_operator_3.py
[2022-05-08 00:39:54,456] {processor.py:651} INFO - DAG(s) dict_keys(['example_branch_dop_operator_v3']) retrieved from /home/airflow/.local/lib/python3.7/site-packages/airflow/example_dags/example_branch_python_dop_operator_3.py
[2022-05-08 00:39:54,482] {logging_mixin.py:115} INFO - [2022-05-08 00:39:54,482] {dag.py:2371} INFO - Sync 1 DAGs
[2022-05-08 00:39:54,514] {logging_mixin.py:115} INFO - [2022-05-08 00:39:54,514] {dag.py:2919} INFO - Setting next_dagrun for example_branch_dop_operator_v3 to 2022-05-08T00:38:00+00:00, run_after=2022-05-08T00:39:00+00:00
[2022-05-08 00:39:54,527] {processor.py:161} INFO - Processing /home/airflow/.local/lib/python3.7/site-packages/airflow/example_dags/example_branch_python_dop_operator_3.py took 0.092 seconds
[2022-05-08 00:40:25,331] {processor.py:153} INFO - Started process (PID=750) to work on /home/airflow/.local/lib/python3.7/site-packages/airflow/example_dags/example_branch_python_dop_operator_3.py
[2022-05-08 00:40:25,335] {processor.py:641} INFO - Processing file /home/airflow/.local/lib/python3.7/site-packages/airflow/example_dags/example_branch_python_dop_operator_3.py for tasks to queue
[2022-05-08 00:40:25,338] {logging_mixin.py:115} INFO - [2022-05-08 00:40:25,338] {dagbag.py:507} INFO - Filling up the DagBag from /home/airflow/.local/lib/python3.7/site-packages/airflow/example_dags/example_branch_python_dop_operator_3.py
[2022-05-08 00:40:25,368] {processor.py:651} INFO - DAG(s) dict_keys(['example_branch_dop_operator_v3']) retrieved from /home/airflow/.local/lib/python3.7/site-packages/airflow/example_dags/example_branch_python_dop_operator_3.py
[2022-05-08 00:40:25,397] {logging_mixin.py:115} INFO - [2022-05-08 00:40:25,397] {dag.py:2371} INFO - Sync 1 DAGs
[2022-05-08 00:40:25,428] {logging_mixin.py:115} INFO - [2022-05-08 00:40:25,428] {dag.py:2919} INFO - Setting next_dagrun for example_branch_dop_operator_v3 to 2022-05-08T00:39:00+00:00, run_after=2022-05-08T00:40:00+00:00
[2022-05-08 00:40:25,442] {processor.py:161} INFO - Processing /home/airflow/.local/lib/python3.7/site-packages/airflow/example_dags/example_branch_python_dop_operator_3.py took 0.114 seconds
[2022-05-08 00:40:56,232] {processor.py:153} INFO - Started process (PID=920) to work on /home/airflow/.local/lib/python3.7/site-packages/airflow/example_dags/example_branch_python_dop_operator_3.py
[2022-05-08 00:40:56,234] {processor.py:641} INFO - Processing file /home/airflow/.local/lib/python3.7/site-packages/airflow/example_dags/example_branch_python_dop_operator_3.py for tasks to queue
[2022-05-08 00:40:56,235] {logging_mixin.py:115} INFO - [2022-05-08 00:40:56,235] {dagbag.py:507} INFO - Filling up the DagBag from /home/airflow/.local/lib/python3.7/site-packages/airflow/example_dags/example_branch_python_dop_operator_3.py
[2022-05-08 00:40:56,252] {processor.py:651} INFO - DAG(s) dict_keys(['example_branch_dop_operator_v3']) retrieved from /home/airflow/.local/lib/python3.7/site-packages/airflow/example_dags/example_branch_python_dop_operator_3.py
[2022-05-08 00:40:56,283] {logging_mixin.py:115} INFO - [2022-05-08 00:40:56,283] {dag.py:2371} INFO - Sync 1 DAGs
[2022-05-08 00:40:56,316] {logging_mixin.py:115} INFO - [2022-05-08 00:40:56,316] {dag.py:2919} INFO - Setting next_dagrun for example_branch_dop_operator_v3 to 2022-05-08T00:39:00+00:00, run_after=2022-05-08T00:40:00+00:00
[2022-05-08 00:40:56,331] {processor.py:161} INFO - Processing /home/airflow/.local/lib/python3.7/site-packages/airflow/example_dags/example_branch_python_dop_operator_3.py took 0.105 seconds
[2022-05-08 00:41:26,776] {processor.py:153} INFO - Started process (PID=1090) to work on /home/airflow/.local/lib/python3.7/site-packages/airflow/example_dags/example_branch_python_dop_operator_3.py
[2022-05-08 00:41:26,777] {processor.py:641} INFO - Processing file /home/airflow/.local/lib/python3.7/site-packages/airflow/example_dags/example_branch_python_dop_operator_3.py for tasks to queue
[2022-05-08 00:41:26,778] {logging_mixin.py:115} INFO - [2022-05-08 00:41:26,778] {dagbag.py:507} INFO - Filling up the DagBag from /home/airflow/.local/lib/python3.7/site-packages/airflow/example_dags/example_branch_python_dop_operator_3.py
[2022-05-08 00:41:26,796] {processor.py:651} INFO - DAG(s) dict_keys(['example_branch_dop_operator_v3']) retrieved from /home/airflow/.local/lib/python3.7/site-packages/airflow/example_dags/example_branch_python_dop_operator_3.py
[2022-05-08 00:41:26,824] {logging_mixin.py:115} INFO - [2022-05-08 00:41:26,824] {dag.py:2371} INFO - Sync 1 DAGs
[2022-05-08 00:41:26,857] {logging_mixin.py:115} INFO - [2022-05-08 00:41:26,857] {dag.py:2919} INFO - Setting next_dagrun for example_branch_dop_operator_v3 to 2022-05-08T00:40:00+00:00, run_after=2022-05-08T00:41:00+00:00
[2022-05-08 00:41:26,872] {processor.py:161} INFO - Processing /home/airflow/.local/lib/python3.7/site-packages/airflow/example_dags/example_branch_python_dop_operator_3.py took 0.100 seconds
[2022-05-08 00:41:57,540] {processor.py:153} INFO - Started process (PID=1260) to work on /home/airflow/.local/lib/python3.7/site-packages/airflow/example_dags/example_branch_python_dop_operator_3.py
[2022-05-08 00:41:57,542] {processor.py:641} INFO - Processing file /home/airflow/.local/lib/python3.7/site-packages/airflow/example_dags/example_branch_python_dop_operator_3.py for tasks to queue
[2022-05-08 00:41:57,543] {logging_mixin.py:115} INFO - [2022-05-08 00:41:57,543] {dagbag.py:507} INFO - Filling up the DagBag from /home/airflow/.local/lib/python3.7/site-packages/airflow/example_dags/example_branch_python_dop_operator_3.py
[2022-05-08 00:41:57,560] {processor.py:651} INFO - DAG(s) dict_keys(['example_branch_dop_operator_v3']) retrieved from /home/airflow/.local/lib/python3.7/site-packages/airflow/example_dags/example_branch_python_dop_operator_3.py
[2022-05-08 00:41:57,590] {logging_mixin.py:115} INFO - [2022-05-08 00:41:57,590] {dag.py:2371} INFO - Sync 1 DAGs
[2022-05-08 00:41:57,623] {logging_mixin.py:115} INFO - [2022-05-08 00:41:57,623] {dag.py:2919} INFO - Setting next_dagrun for example_branch_dop_operator_v3 to 2022-05-08T00:40:00+00:00, run_after=2022-05-08T00:41:00+00:00
[2022-05-08 00:41:57,639] {processor.py:161} INFO - Processing /home/airflow/.local/lib/python3.7/site-packages/airflow/example_dags/example_branch_python_dop_operator_3.py took 0.104 seconds
