[2022-05-08 00:28:37,428] {processor.py:153} INFO - Started process (PID=302) to work on /home/airflow/.local/lib/python3.7/site-packages/airflow/example_dags/example_local_kubernetes_executor.py
[2022-05-08 00:28:37,431] {processor.py:641} INFO - Processing file /home/airflow/.local/lib/python3.7/site-packages/airflow/example_dags/example_local_kubernetes_executor.py for tasks to queue
[2022-05-08 00:28:37,433] {logging_mixin.py:115} INFO - [2022-05-08 00:28:37,433] {dagbag.py:507} INFO - Filling up the DagBag from /home/airflow/.local/lib/python3.7/site-packages/airflow/example_dags/example_local_kubernetes_executor.py
[2022-05-08 00:28:37,533] {processor.py:651} INFO - DAG(s) dict_keys(['example_local_kubernetes_executor']) retrieved from /home/airflow/.local/lib/python3.7/site-packages/airflow/example_dags/example_local_kubernetes_executor.py
[2022-05-08 00:28:37,667] {logging_mixin.py:115} INFO - [2022-05-08 00:28:37,667] {dag.py:2371} INFO - Sync 1 DAGs
[2022-05-08 00:28:37,828] {logging_mixin.py:115} INFO - [2022-05-08 00:28:37,828] {dag.py:2919} INFO - Setting next_dagrun for example_local_kubernetes_executor to None, run_after=None
[2022-05-08 00:28:37,868] {processor.py:161} INFO - Processing /home/airflow/.local/lib/python3.7/site-packages/airflow/example_dags/example_local_kubernetes_executor.py took 0.460 seconds
[2022-05-08 00:29:08,336] {processor.py:153} INFO - Started process (PID=472) to work on /home/airflow/.local/lib/python3.7/site-packages/airflow/example_dags/example_local_kubernetes_executor.py
[2022-05-08 00:29:08,341] {processor.py:641} INFO - Processing file /home/airflow/.local/lib/python3.7/site-packages/airflow/example_dags/example_local_kubernetes_executor.py for tasks to queue
[2022-05-08 00:29:08,345] {logging_mixin.py:115} INFO - [2022-05-08 00:29:08,345] {dagbag.py:507} INFO - Filling up the DagBag from /home/airflow/.local/lib/python3.7/site-packages/airflow/example_dags/example_local_kubernetes_executor.py
[2022-05-08 00:29:08,412] {processor.py:651} INFO - DAG(s) dict_keys(['example_local_kubernetes_executor']) retrieved from /home/airflow/.local/lib/python3.7/site-packages/airflow/example_dags/example_local_kubernetes_executor.py
[2022-05-08 00:29:08,554] {logging_mixin.py:115} INFO - [2022-05-08 00:29:08,554] {dag.py:2371} INFO - Sync 1 DAGs
[2022-05-08 00:29:08,611] {logging_mixin.py:115} INFO - [2022-05-08 00:29:08,611] {dag.py:2919} INFO - Setting next_dagrun for example_local_kubernetes_executor to None, run_after=None
[2022-05-08 00:29:08,634] {processor.py:161} INFO - Processing /home/airflow/.local/lib/python3.7/site-packages/airflow/example_dags/example_local_kubernetes_executor.py took 0.310 seconds
[2022-05-08 00:29:38,848] {processor.py:153} INFO - Started process (PID=642) to work on /home/airflow/.local/lib/python3.7/site-packages/airflow/example_dags/example_local_kubernetes_executor.py
[2022-05-08 00:29:38,852] {processor.py:641} INFO - Processing file /home/airflow/.local/lib/python3.7/site-packages/airflow/example_dags/example_local_kubernetes_executor.py for tasks to queue
[2022-05-08 00:29:38,859] {logging_mixin.py:115} INFO - [2022-05-08 00:29:38,858] {dagbag.py:507} INFO - Filling up the DagBag from /home/airflow/.local/lib/python3.7/site-packages/airflow/example_dags/example_local_kubernetes_executor.py
[2022-05-08 00:29:38,890] {processor.py:651} INFO - DAG(s) dict_keys(['example_local_kubernetes_executor']) retrieved from /home/airflow/.local/lib/python3.7/site-packages/airflow/example_dags/example_local_kubernetes_executor.py
[2022-05-08 00:29:38,926] {logging_mixin.py:115} INFO - [2022-05-08 00:29:38,926] {dag.py:2371} INFO - Sync 1 DAGs
[2022-05-08 00:29:39,009] {logging_mixin.py:115} INFO - [2022-05-08 00:29:39,009] {dag.py:2919} INFO - Setting next_dagrun for example_local_kubernetes_executor to None, run_after=None
[2022-05-08 00:29:39,042] {processor.py:161} INFO - Processing /home/airflow/.local/lib/python3.7/site-packages/airflow/example_dags/example_local_kubernetes_executor.py took 0.199 seconds
[2022-05-08 00:30:09,855] {processor.py:153} INFO - Started process (PID=812) to work on /home/airflow/.local/lib/python3.7/site-packages/airflow/example_dags/example_local_kubernetes_executor.py
[2022-05-08 00:30:09,859] {processor.py:641} INFO - Processing file /home/airflow/.local/lib/python3.7/site-packages/airflow/example_dags/example_local_kubernetes_executor.py for tasks to queue
[2022-05-08 00:30:09,862] {logging_mixin.py:115} INFO - [2022-05-08 00:30:09,861] {dagbag.py:507} INFO - Filling up the DagBag from /home/airflow/.local/lib/python3.7/site-packages/airflow/example_dags/example_local_kubernetes_executor.py
[2022-05-08 00:30:09,891] {processor.py:651} INFO - DAG(s) dict_keys(['example_local_kubernetes_executor']) retrieved from /home/airflow/.local/lib/python3.7/site-packages/airflow/example_dags/example_local_kubernetes_executor.py
[2022-05-08 00:30:09,923] {logging_mixin.py:115} INFO - [2022-05-08 00:30:09,923] {dag.py:2371} INFO - Sync 1 DAGs
[2022-05-08 00:30:09,962] {logging_mixin.py:115} INFO - [2022-05-08 00:30:09,962] {dag.py:2919} INFO - Setting next_dagrun for example_local_kubernetes_executor to None, run_after=None
[2022-05-08 00:30:09,983] {processor.py:161} INFO - Processing /home/airflow/.local/lib/python3.7/site-packages/airflow/example_dags/example_local_kubernetes_executor.py took 0.136 seconds
[2022-05-08 00:30:40,975] {processor.py:153} INFO - Started process (PID=982) to work on /home/airflow/.local/lib/python3.7/site-packages/airflow/example_dags/example_local_kubernetes_executor.py
[2022-05-08 00:30:40,977] {processor.py:641} INFO - Processing file /home/airflow/.local/lib/python3.7/site-packages/airflow/example_dags/example_local_kubernetes_executor.py for tasks to queue
[2022-05-08 00:30:40,979] {logging_mixin.py:115} INFO - [2022-05-08 00:30:40,979] {dagbag.py:507} INFO - Filling up the DagBag from /home/airflow/.local/lib/python3.7/site-packages/airflow/example_dags/example_local_kubernetes_executor.py
[2022-05-08 00:30:41,007] {processor.py:651} INFO - DAG(s) dict_keys(['example_local_kubernetes_executor']) retrieved from /home/airflow/.local/lib/python3.7/site-packages/airflow/example_dags/example_local_kubernetes_executor.py
[2022-05-08 00:30:41,037] {logging_mixin.py:115} INFO - [2022-05-08 00:30:41,037] {dag.py:2371} INFO - Sync 1 DAGs
[2022-05-08 00:30:41,068] {logging_mixin.py:115} INFO - [2022-05-08 00:30:41,068] {dag.py:2919} INFO - Setting next_dagrun for example_local_kubernetes_executor to None, run_after=None
[2022-05-08 00:30:41,088] {processor.py:161} INFO - Processing /home/airflow/.local/lib/python3.7/site-packages/airflow/example_dags/example_local_kubernetes_executor.py took 0.116 seconds
[2022-05-08 00:31:11,888] {processor.py:153} INFO - Started process (PID=1152) to work on /home/airflow/.local/lib/python3.7/site-packages/airflow/example_dags/example_local_kubernetes_executor.py
[2022-05-08 00:31:11,889] {processor.py:641} INFO - Processing file /home/airflow/.local/lib/python3.7/site-packages/airflow/example_dags/example_local_kubernetes_executor.py for tasks to queue
[2022-05-08 00:31:11,891] {logging_mixin.py:115} INFO - [2022-05-08 00:31:11,891] {dagbag.py:507} INFO - Filling up the DagBag from /home/airflow/.local/lib/python3.7/site-packages/airflow/example_dags/example_local_kubernetes_executor.py
[2022-05-08 00:31:11,926] {processor.py:651} INFO - DAG(s) dict_keys(['example_local_kubernetes_executor']) retrieved from /home/airflow/.local/lib/python3.7/site-packages/airflow/example_dags/example_local_kubernetes_executor.py
[2022-05-08 00:31:11,964] {logging_mixin.py:115} INFO - [2022-05-08 00:31:11,964] {dag.py:2371} INFO - Sync 1 DAGs
[2022-05-08 00:31:12,001] {logging_mixin.py:115} INFO - [2022-05-08 00:31:12,001] {dag.py:2919} INFO - Setting next_dagrun for example_local_kubernetes_executor to None, run_after=None
[2022-05-08 00:31:12,023] {processor.py:161} INFO - Processing /home/airflow/.local/lib/python3.7/site-packages/airflow/example_dags/example_local_kubernetes_executor.py took 0.139 seconds
[2022-05-08 00:31:42,120] {processor.py:153} INFO - Started process (PID=1322) to work on /home/airflow/.local/lib/python3.7/site-packages/airflow/example_dags/example_local_kubernetes_executor.py
[2022-05-08 00:31:42,122] {processor.py:641} INFO - Processing file /home/airflow/.local/lib/python3.7/site-packages/airflow/example_dags/example_local_kubernetes_executor.py for tasks to queue
[2022-05-08 00:31:42,123] {logging_mixin.py:115} INFO - [2022-05-08 00:31:42,123] {dagbag.py:507} INFO - Filling up the DagBag from /home/airflow/.local/lib/python3.7/site-packages/airflow/example_dags/example_local_kubernetes_executor.py
[2022-05-08 00:31:42,152] {processor.py:651} INFO - DAG(s) dict_keys(['example_local_kubernetes_executor']) retrieved from /home/airflow/.local/lib/python3.7/site-packages/airflow/example_dags/example_local_kubernetes_executor.py
[2022-05-08 00:31:42,184] {logging_mixin.py:115} INFO - [2022-05-08 00:31:42,184] {dag.py:2371} INFO - Sync 1 DAGs
[2022-05-08 00:31:42,222] {logging_mixin.py:115} INFO - [2022-05-08 00:31:42,221] {dag.py:2919} INFO - Setting next_dagrun for example_local_kubernetes_executor to None, run_after=None
[2022-05-08 00:31:42,238] {processor.py:161} INFO - Processing /home/airflow/.local/lib/python3.7/site-packages/airflow/example_dags/example_local_kubernetes_executor.py took 0.122 seconds
[2022-05-08 00:32:12,301] {processor.py:153} INFO - Started process (PID=1492) to work on /home/airflow/.local/lib/python3.7/site-packages/airflow/example_dags/example_local_kubernetes_executor.py
[2022-05-08 00:32:12,302] {processor.py:641} INFO - Processing file /home/airflow/.local/lib/python3.7/site-packages/airflow/example_dags/example_local_kubernetes_executor.py for tasks to queue
[2022-05-08 00:32:12,304] {logging_mixin.py:115} INFO - [2022-05-08 00:32:12,304] {dagbag.py:507} INFO - Filling up the DagBag from /home/airflow/.local/lib/python3.7/site-packages/airflow/example_dags/example_local_kubernetes_executor.py
[2022-05-08 00:32:12,331] {processor.py:651} INFO - DAG(s) dict_keys(['example_local_kubernetes_executor']) retrieved from /home/airflow/.local/lib/python3.7/site-packages/airflow/example_dags/example_local_kubernetes_executor.py
[2022-05-08 00:32:12,362] {logging_mixin.py:115} INFO - [2022-05-08 00:32:12,362] {dag.py:2371} INFO - Sync 1 DAGs
[2022-05-08 00:32:12,395] {logging_mixin.py:115} INFO - [2022-05-08 00:32:12,395] {dag.py:2919} INFO - Setting next_dagrun for example_local_kubernetes_executor to None, run_after=None
[2022-05-08 00:32:12,412] {processor.py:161} INFO - Processing /home/airflow/.local/lib/python3.7/site-packages/airflow/example_dags/example_local_kubernetes_executor.py took 0.116 seconds
[2022-05-08 00:32:43,056] {processor.py:153} INFO - Started process (PID=1662) to work on /home/airflow/.local/lib/python3.7/site-packages/airflow/example_dags/example_local_kubernetes_executor.py
[2022-05-08 00:32:43,057] {processor.py:641} INFO - Processing file /home/airflow/.local/lib/python3.7/site-packages/airflow/example_dags/example_local_kubernetes_executor.py for tasks to queue
[2022-05-08 00:32:43,059] {logging_mixin.py:115} INFO - [2022-05-08 00:32:43,059] {dagbag.py:507} INFO - Filling up the DagBag from /home/airflow/.local/lib/python3.7/site-packages/airflow/example_dags/example_local_kubernetes_executor.py
[2022-05-08 00:32:43,087] {processor.py:651} INFO - DAG(s) dict_keys(['example_local_kubernetes_executor']) retrieved from /home/airflow/.local/lib/python3.7/site-packages/airflow/example_dags/example_local_kubernetes_executor.py
[2022-05-08 00:32:43,121] {logging_mixin.py:115} INFO - [2022-05-08 00:32:43,121] {dag.py:2371} INFO - Sync 1 DAGs
[2022-05-08 00:32:43,149] {logging_mixin.py:115} INFO - [2022-05-08 00:32:43,149] {dag.py:2919} INFO - Setting next_dagrun for example_local_kubernetes_executor to None, run_after=None
[2022-05-08 00:32:43,161] {processor.py:161} INFO - Processing /home/airflow/.local/lib/python3.7/site-packages/airflow/example_dags/example_local_kubernetes_executor.py took 0.110 seconds
[2022-05-08 00:33:13,372] {processor.py:153} INFO - Started process (PID=1832) to work on /home/airflow/.local/lib/python3.7/site-packages/airflow/example_dags/example_local_kubernetes_executor.py
[2022-05-08 00:33:13,375] {processor.py:641} INFO - Processing file /home/airflow/.local/lib/python3.7/site-packages/airflow/example_dags/example_local_kubernetes_executor.py for tasks to queue
[2022-05-08 00:33:13,377] {logging_mixin.py:115} INFO - [2022-05-08 00:33:13,377] {dagbag.py:507} INFO - Filling up the DagBag from /home/airflow/.local/lib/python3.7/site-packages/airflow/example_dags/example_local_kubernetes_executor.py
[2022-05-08 00:33:13,411] {processor.py:651} INFO - DAG(s) dict_keys(['example_local_kubernetes_executor']) retrieved from /home/airflow/.local/lib/python3.7/site-packages/airflow/example_dags/example_local_kubernetes_executor.py
[2022-05-08 00:33:13,455] {logging_mixin.py:115} INFO - [2022-05-08 00:33:13,454] {dag.py:2371} INFO - Sync 1 DAGs
[2022-05-08 00:33:13,507] {logging_mixin.py:115} INFO - [2022-05-08 00:33:13,506] {dag.py:2919} INFO - Setting next_dagrun for example_local_kubernetes_executor to None, run_after=None
[2022-05-08 00:33:13,529] {processor.py:161} INFO - Processing /home/airflow/.local/lib/python3.7/site-packages/airflow/example_dags/example_local_kubernetes_executor.py took 0.164 seconds
[2022-05-08 00:33:43,948] {processor.py:153} INFO - Started process (PID=2002) to work on /home/airflow/.local/lib/python3.7/site-packages/airflow/example_dags/example_local_kubernetes_executor.py
[2022-05-08 00:33:43,950] {processor.py:641} INFO - Processing file /home/airflow/.local/lib/python3.7/site-packages/airflow/example_dags/example_local_kubernetes_executor.py for tasks to queue
[2022-05-08 00:33:43,952] {logging_mixin.py:115} INFO - [2022-05-08 00:33:43,951] {dagbag.py:507} INFO - Filling up the DagBag from /home/airflow/.local/lib/python3.7/site-packages/airflow/example_dags/example_local_kubernetes_executor.py
[2022-05-08 00:33:43,975] {processor.py:651} INFO - DAG(s) dict_keys(['example_local_kubernetes_executor']) retrieved from /home/airflow/.local/lib/python3.7/site-packages/airflow/example_dags/example_local_kubernetes_executor.py
[2022-05-08 00:33:44,017] {logging_mixin.py:115} INFO - [2022-05-08 00:33:44,017] {dag.py:2371} INFO - Sync 1 DAGs
[2022-05-08 00:33:44,065] {logging_mixin.py:115} INFO - [2022-05-08 00:33:44,065] {dag.py:2919} INFO - Setting next_dagrun for example_local_kubernetes_executor to None, run_after=None
[2022-05-08 00:33:44,098] {processor.py:161} INFO - Processing /home/airflow/.local/lib/python3.7/site-packages/airflow/example_dags/example_local_kubernetes_executor.py took 0.154 seconds
[2022-05-08 00:34:14,218] {processor.py:153} INFO - Started process (PID=2172) to work on /home/airflow/.local/lib/python3.7/site-packages/airflow/example_dags/example_local_kubernetes_executor.py
[2022-05-08 00:34:14,219] {processor.py:641} INFO - Processing file /home/airflow/.local/lib/python3.7/site-packages/airflow/example_dags/example_local_kubernetes_executor.py for tasks to queue
[2022-05-08 00:34:14,221] {logging_mixin.py:115} INFO - [2022-05-08 00:34:14,221] {dagbag.py:507} INFO - Filling up the DagBag from /home/airflow/.local/lib/python3.7/site-packages/airflow/example_dags/example_local_kubernetes_executor.py
[2022-05-08 00:34:14,249] {processor.py:651} INFO - DAG(s) dict_keys(['example_local_kubernetes_executor']) retrieved from /home/airflow/.local/lib/python3.7/site-packages/airflow/example_dags/example_local_kubernetes_executor.py
[2022-05-08 00:34:14,285] {logging_mixin.py:115} INFO - [2022-05-08 00:34:14,285] {dag.py:2371} INFO - Sync 1 DAGs
[2022-05-08 00:34:14,326] {logging_mixin.py:115} INFO - [2022-05-08 00:34:14,326] {dag.py:2919} INFO - Setting next_dagrun for example_local_kubernetes_executor to None, run_after=None
[2022-05-08 00:34:14,344] {processor.py:161} INFO - Processing /home/airflow/.local/lib/python3.7/site-packages/airflow/example_dags/example_local_kubernetes_executor.py took 0.134 seconds
[2022-05-08 00:34:44,806] {processor.py:153} INFO - Started process (PID=2344) to work on /home/airflow/.local/lib/python3.7/site-packages/airflow/example_dags/example_local_kubernetes_executor.py
[2022-05-08 00:34:44,808] {processor.py:641} INFO - Processing file /home/airflow/.local/lib/python3.7/site-packages/airflow/example_dags/example_local_kubernetes_executor.py for tasks to queue
[2022-05-08 00:34:44,811] {logging_mixin.py:115} INFO - [2022-05-08 00:34:44,811] {dagbag.py:507} INFO - Filling up the DagBag from /home/airflow/.local/lib/python3.7/site-packages/airflow/example_dags/example_local_kubernetes_executor.py
[2022-05-08 00:34:44,838] {processor.py:651} INFO - DAG(s) dict_keys(['example_local_kubernetes_executor']) retrieved from /home/airflow/.local/lib/python3.7/site-packages/airflow/example_dags/example_local_kubernetes_executor.py
[2022-05-08 00:34:44,874] {logging_mixin.py:115} INFO - [2022-05-08 00:34:44,874] {dag.py:2371} INFO - Sync 1 DAGs
[2022-05-08 00:34:44,923] {logging_mixin.py:115} INFO - [2022-05-08 00:34:44,923] {dag.py:2919} INFO - Setting next_dagrun for example_local_kubernetes_executor to None, run_after=None
[2022-05-08 00:34:44,955] {processor.py:161} INFO - Processing /home/airflow/.local/lib/python3.7/site-packages/airflow/example_dags/example_local_kubernetes_executor.py took 0.157 seconds
[2022-05-08 00:35:15,706] {processor.py:153} INFO - Started process (PID=2512) to work on /home/airflow/.local/lib/python3.7/site-packages/airflow/example_dags/example_local_kubernetes_executor.py
[2022-05-08 00:35:15,708] {processor.py:641} INFO - Processing file /home/airflow/.local/lib/python3.7/site-packages/airflow/example_dags/example_local_kubernetes_executor.py for tasks to queue
[2022-05-08 00:35:15,712] {logging_mixin.py:115} INFO - [2022-05-08 00:35:15,712] {dagbag.py:507} INFO - Filling up the DagBag from /home/airflow/.local/lib/python3.7/site-packages/airflow/example_dags/example_local_kubernetes_executor.py
[2022-05-08 00:35:15,806] {processor.py:651} INFO - DAG(s) dict_keys(['example_local_kubernetes_executor']) retrieved from /home/airflow/.local/lib/python3.7/site-packages/airflow/example_dags/example_local_kubernetes_executor.py
[2022-05-08 00:35:15,953] {logging_mixin.py:115} INFO - [2022-05-08 00:35:15,953] {dag.py:2371} INFO - Sync 1 DAGs
[2022-05-08 00:35:16,115] {logging_mixin.py:115} INFO - [2022-05-08 00:35:16,115] {dag.py:2919} INFO - Setting next_dagrun for example_local_kubernetes_executor to None, run_after=None
[2022-05-08 00:35:16,168] {processor.py:161} INFO - Processing /home/airflow/.local/lib/python3.7/site-packages/airflow/example_dags/example_local_kubernetes_executor.py took 0.467 seconds
[2022-05-08 00:35:46,328] {processor.py:153} INFO - Started process (PID=2689) to work on /home/airflow/.local/lib/python3.7/site-packages/airflow/example_dags/example_local_kubernetes_executor.py
[2022-05-08 00:35:46,329] {processor.py:641} INFO - Processing file /home/airflow/.local/lib/python3.7/site-packages/airflow/example_dags/example_local_kubernetes_executor.py for tasks to queue
[2022-05-08 00:35:46,331] {logging_mixin.py:115} INFO - [2022-05-08 00:35:46,331] {dagbag.py:507} INFO - Filling up the DagBag from /home/airflow/.local/lib/python3.7/site-packages/airflow/example_dags/example_local_kubernetes_executor.py
[2022-05-08 00:35:46,353] {processor.py:651} INFO - DAG(s) dict_keys(['example_local_kubernetes_executor']) retrieved from /home/airflow/.local/lib/python3.7/site-packages/airflow/example_dags/example_local_kubernetes_executor.py
[2022-05-08 00:35:46,381] {logging_mixin.py:115} INFO - [2022-05-08 00:35:46,381] {dag.py:2371} INFO - Sync 1 DAGs
[2022-05-08 00:35:46,406] {logging_mixin.py:115} INFO - [2022-05-08 00:35:46,406] {dag.py:2919} INFO - Setting next_dagrun for example_local_kubernetes_executor to None, run_after=None
[2022-05-08 00:35:46,431] {processor.py:161} INFO - Processing /home/airflow/.local/lib/python3.7/site-packages/airflow/example_dags/example_local_kubernetes_executor.py took 0.108 seconds
[2022-05-08 00:38:59,252] {processor.py:153} INFO - Started process (PID=303) to work on /home/airflow/.local/lib/python3.7/site-packages/airflow/example_dags/example_local_kubernetes_executor.py
[2022-05-08 00:38:59,258] {processor.py:641} INFO - Processing file /home/airflow/.local/lib/python3.7/site-packages/airflow/example_dags/example_local_kubernetes_executor.py for tasks to queue
[2022-05-08 00:38:59,271] {logging_mixin.py:115} INFO - [2022-05-08 00:38:59,266] {dagbag.py:507} INFO - Filling up the DagBag from /home/airflow/.local/lib/python3.7/site-packages/airflow/example_dags/example_local_kubernetes_executor.py
[2022-05-08 00:38:59,358] {processor.py:651} INFO - DAG(s) dict_keys(['example_local_kubernetes_executor']) retrieved from /home/airflow/.local/lib/python3.7/site-packages/airflow/example_dags/example_local_kubernetes_executor.py
[2022-05-08 00:38:59,646] {logging_mixin.py:115} INFO - [2022-05-08 00:38:59,646] {manager.py:508} INFO - Created Permission View: can delete on DAG:example_local_kubernetes_executor
[2022-05-08 00:38:59,717] {logging_mixin.py:115} INFO - [2022-05-08 00:38:59,717] {manager.py:508} INFO - Created Permission View: can edit on DAG:example_local_kubernetes_executor
[2022-05-08 00:38:59,753] {logging_mixin.py:115} INFO - [2022-05-08 00:38:59,753] {manager.py:508} INFO - Created Permission View: can read on DAG:example_local_kubernetes_executor
[2022-05-08 00:38:59,755] {logging_mixin.py:115} INFO - [2022-05-08 00:38:59,754] {dag.py:2371} INFO - Sync 1 DAGs
[2022-05-08 00:38:59,811] {logging_mixin.py:115} INFO - [2022-05-08 00:38:59,811] {dag.py:2390} INFO - Creating ORM DAG for example_local_kubernetes_executor
[2022-05-08 00:38:59,898] {logging_mixin.py:115} INFO - [2022-05-08 00:38:59,898] {dag.py:2919} INFO - Setting next_dagrun for example_local_kubernetes_executor to None, run_after=None
[2022-05-08 00:38:59,965] {processor.py:161} INFO - Processing /home/airflow/.local/lib/python3.7/site-packages/airflow/example_dags/example_local_kubernetes_executor.py took 0.752 seconds
[2022-05-08 00:39:30,238] {processor.py:153} INFO - Started process (PID=473) to work on /home/airflow/.local/lib/python3.7/site-packages/airflow/example_dags/example_local_kubernetes_executor.py
[2022-05-08 00:39:31,249] {processor.py:641} INFO - Processing file /home/airflow/.local/lib/python3.7/site-packages/airflow/example_dags/example_local_kubernetes_executor.py for tasks to queue
[2022-05-08 00:39:31,252] {logging_mixin.py:115} INFO - [2022-05-08 00:39:31,252] {dagbag.py:507} INFO - Filling up the DagBag from /home/airflow/.local/lib/python3.7/site-packages/airflow/example_dags/example_local_kubernetes_executor.py
[2022-05-08 00:39:31,293] {processor.py:651} INFO - DAG(s) dict_keys(['example_local_kubernetes_executor']) retrieved from /home/airflow/.local/lib/python3.7/site-packages/airflow/example_dags/example_local_kubernetes_executor.py
[2022-05-08 00:39:31,322] {logging_mixin.py:115} INFO - [2022-05-08 00:39:31,322] {dag.py:2371} INFO - Sync 1 DAGs
[2022-05-08 00:39:31,357] {logging_mixin.py:115} INFO - [2022-05-08 00:39:31,357] {dag.py:2919} INFO - Setting next_dagrun for example_local_kubernetes_executor to None, run_after=None
[2022-05-08 00:39:31,378] {processor.py:161} INFO - Processing /home/airflow/.local/lib/python3.7/site-packages/airflow/example_dags/example_local_kubernetes_executor.py took 1.143 seconds
[2022-05-08 00:40:02,374] {processor.py:153} INFO - Started process (PID=643) to work on /home/airflow/.local/lib/python3.7/site-packages/airflow/example_dags/example_local_kubernetes_executor.py
[2022-05-08 00:40:02,376] {processor.py:641} INFO - Processing file /home/airflow/.local/lib/python3.7/site-packages/airflow/example_dags/example_local_kubernetes_executor.py for tasks to queue
[2022-05-08 00:40:02,377] {logging_mixin.py:115} INFO - [2022-05-08 00:40:02,377] {dagbag.py:507} INFO - Filling up the DagBag from /home/airflow/.local/lib/python3.7/site-packages/airflow/example_dags/example_local_kubernetes_executor.py
[2022-05-08 00:40:02,408] {processor.py:651} INFO - DAG(s) dict_keys(['example_local_kubernetes_executor']) retrieved from /home/airflow/.local/lib/python3.7/site-packages/airflow/example_dags/example_local_kubernetes_executor.py
[2022-05-08 00:40:02,440] {logging_mixin.py:115} INFO - [2022-05-08 00:40:02,440] {dag.py:2371} INFO - Sync 1 DAGs
[2022-05-08 00:40:02,479] {logging_mixin.py:115} INFO - [2022-05-08 00:40:02,479] {dag.py:2919} INFO - Setting next_dagrun for example_local_kubernetes_executor to None, run_after=None
[2022-05-08 00:40:02,494] {processor.py:161} INFO - Processing /home/airflow/.local/lib/python3.7/site-packages/airflow/example_dags/example_local_kubernetes_executor.py took 0.125 seconds
[2022-05-08 00:40:32,689] {processor.py:153} INFO - Started process (PID=813) to work on /home/airflow/.local/lib/python3.7/site-packages/airflow/example_dags/example_local_kubernetes_executor.py
[2022-05-08 00:40:32,691] {processor.py:641} INFO - Processing file /home/airflow/.local/lib/python3.7/site-packages/airflow/example_dags/example_local_kubernetes_executor.py for tasks to queue
[2022-05-08 00:40:32,695] {logging_mixin.py:115} INFO - [2022-05-08 00:40:32,695] {dagbag.py:507} INFO - Filling up the DagBag from /home/airflow/.local/lib/python3.7/site-packages/airflow/example_dags/example_local_kubernetes_executor.py
[2022-05-08 00:40:32,749] {processor.py:651} INFO - DAG(s) dict_keys(['example_local_kubernetes_executor']) retrieved from /home/airflow/.local/lib/python3.7/site-packages/airflow/example_dags/example_local_kubernetes_executor.py
[2022-05-08 00:40:32,794] {logging_mixin.py:115} INFO - [2022-05-08 00:40:32,794] {dag.py:2371} INFO - Sync 1 DAGs
[2022-05-08 00:40:32,839] {logging_mixin.py:115} INFO - [2022-05-08 00:40:32,839] {dag.py:2919} INFO - Setting next_dagrun for example_local_kubernetes_executor to None, run_after=None
[2022-05-08 00:40:32,882] {processor.py:161} INFO - Processing /home/airflow/.local/lib/python3.7/site-packages/airflow/example_dags/example_local_kubernetes_executor.py took 0.200 seconds
[2022-05-08 00:41:03,780] {processor.py:153} INFO - Started process (PID=981) to work on /home/airflow/.local/lib/python3.7/site-packages/airflow/example_dags/example_local_kubernetes_executor.py
[2022-05-08 00:41:03,785] {processor.py:641} INFO - Processing file /home/airflow/.local/lib/python3.7/site-packages/airflow/example_dags/example_local_kubernetes_executor.py for tasks to queue
[2022-05-08 00:41:03,787] {logging_mixin.py:115} INFO - [2022-05-08 00:41:03,787] {dagbag.py:507} INFO - Filling up the DagBag from /home/airflow/.local/lib/python3.7/site-packages/airflow/example_dags/example_local_kubernetes_executor.py
[2022-05-08 00:41:03,843] {processor.py:651} INFO - DAG(s) dict_keys(['example_local_kubernetes_executor']) retrieved from /home/airflow/.local/lib/python3.7/site-packages/airflow/example_dags/example_local_kubernetes_executor.py
[2022-05-08 00:41:03,890] {logging_mixin.py:115} INFO - [2022-05-08 00:41:03,890] {dag.py:2371} INFO - Sync 1 DAGs
[2022-05-08 00:41:03,927] {logging_mixin.py:115} INFO - [2022-05-08 00:41:03,926] {dag.py:2919} INFO - Setting next_dagrun for example_local_kubernetes_executor to None, run_after=None
[2022-05-08 00:41:03,963] {processor.py:161} INFO - Processing /home/airflow/.local/lib/python3.7/site-packages/airflow/example_dags/example_local_kubernetes_executor.py took 0.186 seconds
[2022-05-08 00:41:34,190] {processor.py:153} INFO - Started process (PID=1153) to work on /home/airflow/.local/lib/python3.7/site-packages/airflow/example_dags/example_local_kubernetes_executor.py
[2022-05-08 00:41:34,192] {processor.py:641} INFO - Processing file /home/airflow/.local/lib/python3.7/site-packages/airflow/example_dags/example_local_kubernetes_executor.py for tasks to queue
[2022-05-08 00:41:34,194] {logging_mixin.py:115} INFO - [2022-05-08 00:41:34,193] {dagbag.py:507} INFO - Filling up the DagBag from /home/airflow/.local/lib/python3.7/site-packages/airflow/example_dags/example_local_kubernetes_executor.py
[2022-05-08 00:41:34,227] {processor.py:651} INFO - DAG(s) dict_keys(['example_local_kubernetes_executor']) retrieved from /home/airflow/.local/lib/python3.7/site-packages/airflow/example_dags/example_local_kubernetes_executor.py
[2022-05-08 00:41:34,260] {logging_mixin.py:115} INFO - [2022-05-08 00:41:34,260] {dag.py:2371} INFO - Sync 1 DAGs
[2022-05-08 00:41:34,303] {logging_mixin.py:115} INFO - [2022-05-08 00:41:34,303] {dag.py:2919} INFO - Setting next_dagrun for example_local_kubernetes_executor to None, run_after=None
[2022-05-08 00:41:34,328] {processor.py:161} INFO - Processing /home/airflow/.local/lib/python3.7/site-packages/airflow/example_dags/example_local_kubernetes_executor.py took 0.144 seconds
[2022-05-08 00:42:04,883] {processor.py:153} INFO - Started process (PID=1323) to work on /home/airflow/.local/lib/python3.7/site-packages/airflow/example_dags/example_local_kubernetes_executor.py
[2022-05-08 00:42:04,885] {processor.py:641} INFO - Processing file /home/airflow/.local/lib/python3.7/site-packages/airflow/example_dags/example_local_kubernetes_executor.py for tasks to queue
[2022-05-08 00:42:04,887] {logging_mixin.py:115} INFO - [2022-05-08 00:42:04,887] {dagbag.py:507} INFO - Filling up the DagBag from /home/airflow/.local/lib/python3.7/site-packages/airflow/example_dags/example_local_kubernetes_executor.py
[2022-05-08 00:42:04,921] {processor.py:651} INFO - DAG(s) dict_keys(['example_local_kubernetes_executor']) retrieved from /home/airflow/.local/lib/python3.7/site-packages/airflow/example_dags/example_local_kubernetes_executor.py
[2022-05-08 00:42:04,958] {logging_mixin.py:115} INFO - [2022-05-08 00:42:04,958] {dag.py:2371} INFO - Sync 1 DAGs
[2022-05-08 00:42:04,991] {logging_mixin.py:115} INFO - [2022-05-08 00:42:04,991] {dag.py:2919} INFO - Setting next_dagrun for example_local_kubernetes_executor to None, run_after=None
[2022-05-08 00:42:05,010] {processor.py:161} INFO - Processing /home/airflow/.local/lib/python3.7/site-packages/airflow/example_dags/example_local_kubernetes_executor.py took 0.130 seconds
