[2022-05-08 00:28:28,759] {processor.py:153} INFO - Started process (PID=164) to work on /home/airflow/.local/lib/python3.7/site-packages/airflow/example_dags/example_kubernetes_executor.py
[2022-05-08 00:28:28,761] {processor.py:641} INFO - Processing file /home/airflow/.local/lib/python3.7/site-packages/airflow/example_dags/example_kubernetes_executor.py for tasks to queue
[2022-05-08 00:28:28,763] {logging_mixin.py:115} INFO - [2022-05-08 00:28:28,762] {dagbag.py:507} INFO - Filling up the DagBag from /home/airflow/.local/lib/python3.7/site-packages/airflow/example_dags/example_kubernetes_executor.py
[2022-05-08 00:28:28,817] {processor.py:651} INFO - DAG(s) dict_keys(['example_kubernetes_executor']) retrieved from /home/airflow/.local/lib/python3.7/site-packages/airflow/example_dags/example_kubernetes_executor.py
[2022-05-08 00:28:28,885] {logging_mixin.py:115} INFO - [2022-05-08 00:28:28,884] {dag.py:2371} INFO - Sync 1 DAGs
[2022-05-08 00:28:28,939] {logging_mixin.py:115} INFO - [2022-05-08 00:28:28,939] {dag.py:2919} INFO - Setting next_dagrun for example_kubernetes_executor to None, run_after=None
[2022-05-08 00:28:28,967] {processor.py:161} INFO - Processing /home/airflow/.local/lib/python3.7/site-packages/airflow/example_dags/example_kubernetes_executor.py took 0.214 seconds
[2022-05-08 00:28:59,181] {processor.py:153} INFO - Started process (PID=334) to work on /home/airflow/.local/lib/python3.7/site-packages/airflow/example_dags/example_kubernetes_executor.py
[2022-05-08 00:28:59,185] {processor.py:641} INFO - Processing file /home/airflow/.local/lib/python3.7/site-packages/airflow/example_dags/example_kubernetes_executor.py for tasks to queue
[2022-05-08 00:28:59,187] {logging_mixin.py:115} INFO - [2022-05-08 00:28:59,187] {dagbag.py:507} INFO - Filling up the DagBag from /home/airflow/.local/lib/python3.7/site-packages/airflow/example_dags/example_kubernetes_executor.py
[2022-05-08 00:28:59,285] {processor.py:651} INFO - DAG(s) dict_keys(['example_kubernetes_executor']) retrieved from /home/airflow/.local/lib/python3.7/site-packages/airflow/example_dags/example_kubernetes_executor.py
[2022-05-08 00:28:59,352] {logging_mixin.py:115} INFO - [2022-05-08 00:28:59,351] {dag.py:2371} INFO - Sync 1 DAGs
[2022-05-08 00:28:59,403] {logging_mixin.py:115} INFO - [2022-05-08 00:28:59,403] {dag.py:2919} INFO - Setting next_dagrun for example_kubernetes_executor to None, run_after=None
[2022-05-08 00:28:59,425] {processor.py:161} INFO - Processing /home/airflow/.local/lib/python3.7/site-packages/airflow/example_dags/example_kubernetes_executor.py took 0.253 seconds
[2022-05-08 00:29:29,494] {processor.py:153} INFO - Started process (PID=507) to work on /home/airflow/.local/lib/python3.7/site-packages/airflow/example_dags/example_kubernetes_executor.py
[2022-05-08 00:29:29,496] {processor.py:641} INFO - Processing file /home/airflow/.local/lib/python3.7/site-packages/airflow/example_dags/example_kubernetes_executor.py for tasks to queue
[2022-05-08 00:29:29,497] {logging_mixin.py:115} INFO - [2022-05-08 00:29:29,497] {dagbag.py:507} INFO - Filling up the DagBag from /home/airflow/.local/lib/python3.7/site-packages/airflow/example_dags/example_kubernetes_executor.py
[2022-05-08 00:29:29,529] {processor.py:651} INFO - DAG(s) dict_keys(['example_kubernetes_executor']) retrieved from /home/airflow/.local/lib/python3.7/site-packages/airflow/example_dags/example_kubernetes_executor.py
[2022-05-08 00:29:29,559] {logging_mixin.py:115} INFO - [2022-05-08 00:29:29,559] {dag.py:2371} INFO - Sync 1 DAGs
[2022-05-08 00:29:29,585] {logging_mixin.py:115} INFO - [2022-05-08 00:29:29,585] {dag.py:2919} INFO - Setting next_dagrun for example_kubernetes_executor to None, run_after=None
[2022-05-08 00:29:29,599] {processor.py:161} INFO - Processing /home/airflow/.local/lib/python3.7/site-packages/airflow/example_dags/example_kubernetes_executor.py took 0.109 seconds
[2022-05-08 00:29:59,791] {processor.py:153} INFO - Started process (PID=674) to work on /home/airflow/.local/lib/python3.7/site-packages/airflow/example_dags/example_kubernetes_executor.py
[2022-05-08 00:29:59,795] {processor.py:641} INFO - Processing file /home/airflow/.local/lib/python3.7/site-packages/airflow/example_dags/example_kubernetes_executor.py for tasks to queue
[2022-05-08 00:29:59,799] {logging_mixin.py:115} INFO - [2022-05-08 00:29:59,799] {dagbag.py:507} INFO - Filling up the DagBag from /home/airflow/.local/lib/python3.7/site-packages/airflow/example_dags/example_kubernetes_executor.py
[2022-05-08 00:29:59,880] {processor.py:651} INFO - DAG(s) dict_keys(['example_kubernetes_executor']) retrieved from /home/airflow/.local/lib/python3.7/site-packages/airflow/example_dags/example_kubernetes_executor.py
[2022-05-08 00:29:59,935] {logging_mixin.py:115} INFO - [2022-05-08 00:29:59,935] {dag.py:2371} INFO - Sync 1 DAGs
[2022-05-08 00:29:59,980] {logging_mixin.py:115} INFO - [2022-05-08 00:29:59,980] {dag.py:2919} INFO - Setting next_dagrun for example_kubernetes_executor to None, run_after=None
[2022-05-08 00:30:00,002] {processor.py:161} INFO - Processing /home/airflow/.local/lib/python3.7/site-packages/airflow/example_dags/example_kubernetes_executor.py took 0.224 seconds
[2022-05-08 00:30:30,375] {processor.py:153} INFO - Started process (PID=844) to work on /home/airflow/.local/lib/python3.7/site-packages/airflow/example_dags/example_kubernetes_executor.py
[2022-05-08 00:30:30,376] {processor.py:641} INFO - Processing file /home/airflow/.local/lib/python3.7/site-packages/airflow/example_dags/example_kubernetes_executor.py for tasks to queue
[2022-05-08 00:30:30,380] {logging_mixin.py:115} INFO - [2022-05-08 00:30:30,380] {dagbag.py:507} INFO - Filling up the DagBag from /home/airflow/.local/lib/python3.7/site-packages/airflow/example_dags/example_kubernetes_executor.py
[2022-05-08 00:30:30,434] {processor.py:651} INFO - DAG(s) dict_keys(['example_kubernetes_executor']) retrieved from /home/airflow/.local/lib/python3.7/site-packages/airflow/example_dags/example_kubernetes_executor.py
[2022-05-08 00:30:30,495] {logging_mixin.py:115} INFO - [2022-05-08 00:30:30,495] {dag.py:2371} INFO - Sync 1 DAGs
[2022-05-08 00:30:30,533] {logging_mixin.py:115} INFO - [2022-05-08 00:30:30,533] {dag.py:2919} INFO - Setting next_dagrun for example_kubernetes_executor to None, run_after=None
[2022-05-08 00:30:30,552] {processor.py:161} INFO - Processing /home/airflow/.local/lib/python3.7/site-packages/airflow/example_dags/example_kubernetes_executor.py took 0.190 seconds
[2022-05-08 00:31:01,488] {processor.py:153} INFO - Started process (PID=1014) to work on /home/airflow/.local/lib/python3.7/site-packages/airflow/example_dags/example_kubernetes_executor.py
[2022-05-08 00:31:01,494] {processor.py:641} INFO - Processing file /home/airflow/.local/lib/python3.7/site-packages/airflow/example_dags/example_kubernetes_executor.py for tasks to queue
[2022-05-08 00:31:01,495] {logging_mixin.py:115} INFO - [2022-05-08 00:31:01,495] {dagbag.py:507} INFO - Filling up the DagBag from /home/airflow/.local/lib/python3.7/site-packages/airflow/example_dags/example_kubernetes_executor.py
[2022-05-08 00:31:01,563] {processor.py:651} INFO - DAG(s) dict_keys(['example_kubernetes_executor']) retrieved from /home/airflow/.local/lib/python3.7/site-packages/airflow/example_dags/example_kubernetes_executor.py
[2022-05-08 00:31:01,635] {logging_mixin.py:115} INFO - [2022-05-08 00:31:01,635] {dag.py:2371} INFO - Sync 1 DAGs
[2022-05-08 00:31:01,688] {logging_mixin.py:115} INFO - [2022-05-08 00:31:01,688] {dag.py:2919} INFO - Setting next_dagrun for example_kubernetes_executor to None, run_after=None
[2022-05-08 00:31:01,702] {processor.py:161} INFO - Processing /home/airflow/.local/lib/python3.7/site-packages/airflow/example_dags/example_kubernetes_executor.py took 0.217 seconds
[2022-05-08 00:31:32,543] {processor.py:153} INFO - Started process (PID=1184) to work on /home/airflow/.local/lib/python3.7/site-packages/airflow/example_dags/example_kubernetes_executor.py
[2022-05-08 00:31:32,545] {processor.py:641} INFO - Processing file /home/airflow/.local/lib/python3.7/site-packages/airflow/example_dags/example_kubernetes_executor.py for tasks to queue
[2022-05-08 00:31:32,550] {logging_mixin.py:115} INFO - [2022-05-08 00:31:32,550] {dagbag.py:507} INFO - Filling up the DagBag from /home/airflow/.local/lib/python3.7/site-packages/airflow/example_dags/example_kubernetes_executor.py
[2022-05-08 00:31:32,584] {processor.py:651} INFO - DAG(s) dict_keys(['example_kubernetes_executor']) retrieved from /home/airflow/.local/lib/python3.7/site-packages/airflow/example_dags/example_kubernetes_executor.py
[2022-05-08 00:31:32,621] {logging_mixin.py:115} INFO - [2022-05-08 00:31:32,621] {dag.py:2371} INFO - Sync 1 DAGs
[2022-05-08 00:31:32,648] {logging_mixin.py:115} INFO - [2022-05-08 00:31:32,648] {dag.py:2919} INFO - Setting next_dagrun for example_kubernetes_executor to None, run_after=None
[2022-05-08 00:31:32,666] {processor.py:161} INFO - Processing /home/airflow/.local/lib/python3.7/site-packages/airflow/example_dags/example_kubernetes_executor.py took 0.131 seconds
[2022-05-08 00:32:02,729] {processor.py:153} INFO - Started process (PID=1357) to work on /home/airflow/.local/lib/python3.7/site-packages/airflow/example_dags/example_kubernetes_executor.py
[2022-05-08 00:32:02,730] {processor.py:641} INFO - Processing file /home/airflow/.local/lib/python3.7/site-packages/airflow/example_dags/example_kubernetes_executor.py for tasks to queue
[2022-05-08 00:32:02,732] {logging_mixin.py:115} INFO - [2022-05-08 00:32:02,732] {dagbag.py:507} INFO - Filling up the DagBag from /home/airflow/.local/lib/python3.7/site-packages/airflow/example_dags/example_kubernetes_executor.py
[2022-05-08 00:32:02,767] {processor.py:651} INFO - DAG(s) dict_keys(['example_kubernetes_executor']) retrieved from /home/airflow/.local/lib/python3.7/site-packages/airflow/example_dags/example_kubernetes_executor.py
[2022-05-08 00:32:02,804] {logging_mixin.py:115} INFO - [2022-05-08 00:32:02,804] {dag.py:2371} INFO - Sync 1 DAGs
[2022-05-08 00:32:02,829] {logging_mixin.py:115} INFO - [2022-05-08 00:32:02,829] {dag.py:2919} INFO - Setting next_dagrun for example_kubernetes_executor to None, run_after=None
[2022-05-08 00:32:02,844] {processor.py:161} INFO - Processing /home/airflow/.local/lib/python3.7/site-packages/airflow/example_dags/example_kubernetes_executor.py took 0.119 seconds
[2022-05-08 00:32:32,972] {processor.py:153} INFO - Started process (PID=1529) to work on /home/airflow/.local/lib/python3.7/site-packages/airflow/example_dags/example_kubernetes_executor.py
[2022-05-08 00:32:32,974] {processor.py:641} INFO - Processing file /home/airflow/.local/lib/python3.7/site-packages/airflow/example_dags/example_kubernetes_executor.py for tasks to queue
[2022-05-08 00:32:32,975] {logging_mixin.py:115} INFO - [2022-05-08 00:32:32,975] {dagbag.py:507} INFO - Filling up the DagBag from /home/airflow/.local/lib/python3.7/site-packages/airflow/example_dags/example_kubernetes_executor.py
[2022-05-08 00:32:33,004] {processor.py:651} INFO - DAG(s) dict_keys(['example_kubernetes_executor']) retrieved from /home/airflow/.local/lib/python3.7/site-packages/airflow/example_dags/example_kubernetes_executor.py
[2022-05-08 00:32:33,031] {logging_mixin.py:115} INFO - [2022-05-08 00:32:33,031] {dag.py:2371} INFO - Sync 1 DAGs
[2022-05-08 00:32:33,054] {logging_mixin.py:115} INFO - [2022-05-08 00:32:33,054] {dag.py:2919} INFO - Setting next_dagrun for example_kubernetes_executor to None, run_after=None
[2022-05-08 00:32:33,067] {processor.py:161} INFO - Processing /home/airflow/.local/lib/python3.7/site-packages/airflow/example_dags/example_kubernetes_executor.py took 0.098 seconds
[2022-05-08 00:33:03,494] {processor.py:153} INFO - Started process (PID=1694) to work on /home/airflow/.local/lib/python3.7/site-packages/airflow/example_dags/example_kubernetes_executor.py
[2022-05-08 00:33:03,497] {processor.py:641} INFO - Processing file /home/airflow/.local/lib/python3.7/site-packages/airflow/example_dags/example_kubernetes_executor.py for tasks to queue
[2022-05-08 00:33:03,499] {logging_mixin.py:115} INFO - [2022-05-08 00:33:03,499] {dagbag.py:507} INFO - Filling up the DagBag from /home/airflow/.local/lib/python3.7/site-packages/airflow/example_dags/example_kubernetes_executor.py
[2022-05-08 00:33:03,551] {processor.py:651} INFO - DAG(s) dict_keys(['example_kubernetes_executor']) retrieved from /home/airflow/.local/lib/python3.7/site-packages/airflow/example_dags/example_kubernetes_executor.py
[2022-05-08 00:33:03,592] {logging_mixin.py:115} INFO - [2022-05-08 00:33:03,592] {dag.py:2371} INFO - Sync 1 DAGs
[2022-05-08 00:33:03,644] {logging_mixin.py:115} INFO - [2022-05-08 00:33:03,644] {dag.py:2919} INFO - Setting next_dagrun for example_kubernetes_executor to None, run_after=None
[2022-05-08 00:33:03,671] {processor.py:161} INFO - Processing /home/airflow/.local/lib/python3.7/site-packages/airflow/example_dags/example_kubernetes_executor.py took 0.185 seconds
[2022-05-08 00:33:34,261] {processor.py:153} INFO - Started process (PID=1864) to work on /home/airflow/.local/lib/python3.7/site-packages/airflow/example_dags/example_kubernetes_executor.py
[2022-05-08 00:33:34,263] {processor.py:641} INFO - Processing file /home/airflow/.local/lib/python3.7/site-packages/airflow/example_dags/example_kubernetes_executor.py for tasks to queue
[2022-05-08 00:33:34,264] {logging_mixin.py:115} INFO - [2022-05-08 00:33:34,264] {dagbag.py:507} INFO - Filling up the DagBag from /home/airflow/.local/lib/python3.7/site-packages/airflow/example_dags/example_kubernetes_executor.py
[2022-05-08 00:33:34,302] {processor.py:651} INFO - DAG(s) dict_keys(['example_kubernetes_executor']) retrieved from /home/airflow/.local/lib/python3.7/site-packages/airflow/example_dags/example_kubernetes_executor.py
[2022-05-08 00:33:34,342] {logging_mixin.py:115} INFO - [2022-05-08 00:33:34,341] {dag.py:2371} INFO - Sync 1 DAGs
[2022-05-08 00:33:34,389] {logging_mixin.py:115} INFO - [2022-05-08 00:33:34,389] {dag.py:2919} INFO - Setting next_dagrun for example_kubernetes_executor to None, run_after=None
[2022-05-08 00:33:34,407] {processor.py:161} INFO - Processing /home/airflow/.local/lib/python3.7/site-packages/airflow/example_dags/example_kubernetes_executor.py took 0.153 seconds
[2022-05-08 00:34:04,488] {processor.py:153} INFO - Started process (PID=2034) to work on /home/airflow/.local/lib/python3.7/site-packages/airflow/example_dags/example_kubernetes_executor.py
[2022-05-08 00:34:04,489] {processor.py:641} INFO - Processing file /home/airflow/.local/lib/python3.7/site-packages/airflow/example_dags/example_kubernetes_executor.py for tasks to queue
[2022-05-08 00:34:04,491] {logging_mixin.py:115} INFO - [2022-05-08 00:34:04,491] {dagbag.py:507} INFO - Filling up the DagBag from /home/airflow/.local/lib/python3.7/site-packages/airflow/example_dags/example_kubernetes_executor.py
[2022-05-08 00:34:04,537] {processor.py:651} INFO - DAG(s) dict_keys(['example_kubernetes_executor']) retrieved from /home/airflow/.local/lib/python3.7/site-packages/airflow/example_dags/example_kubernetes_executor.py
[2022-05-08 00:34:04,576] {logging_mixin.py:115} INFO - [2022-05-08 00:34:04,576] {dag.py:2371} INFO - Sync 1 DAGs
[2022-05-08 00:34:04,602] {logging_mixin.py:115} INFO - [2022-05-08 00:34:04,602] {dag.py:2919} INFO - Setting next_dagrun for example_kubernetes_executor to None, run_after=None
[2022-05-08 00:34:04,618] {processor.py:161} INFO - Processing /home/airflow/.local/lib/python3.7/site-packages/airflow/example_dags/example_kubernetes_executor.py took 0.138 seconds
[2022-05-08 00:34:34,871] {processor.py:153} INFO - Started process (PID=2204) to work on /home/airflow/.local/lib/python3.7/site-packages/airflow/example_dags/example_kubernetes_executor.py
[2022-05-08 00:34:34,874] {processor.py:641} INFO - Processing file /home/airflow/.local/lib/python3.7/site-packages/airflow/example_dags/example_kubernetes_executor.py for tasks to queue
[2022-05-08 00:34:34,878] {logging_mixin.py:115} INFO - [2022-05-08 00:34:34,878] {dagbag.py:507} INFO - Filling up the DagBag from /home/airflow/.local/lib/python3.7/site-packages/airflow/example_dags/example_kubernetes_executor.py
[2022-05-08 00:34:34,918] {processor.py:651} INFO - DAG(s) dict_keys(['example_kubernetes_executor']) retrieved from /home/airflow/.local/lib/python3.7/site-packages/airflow/example_dags/example_kubernetes_executor.py
[2022-05-08 00:34:34,966] {logging_mixin.py:115} INFO - [2022-05-08 00:34:34,966] {dag.py:2371} INFO - Sync 1 DAGs
[2022-05-08 00:34:35,007] {logging_mixin.py:115} INFO - [2022-05-08 00:34:35,007] {dag.py:2919} INFO - Setting next_dagrun for example_kubernetes_executor to None, run_after=None
[2022-05-08 00:34:35,030] {processor.py:161} INFO - Processing /home/airflow/.local/lib/python3.7/site-packages/airflow/example_dags/example_kubernetes_executor.py took 0.167 seconds
[2022-05-08 00:35:05,502] {processor.py:153} INFO - Started process (PID=2374) to work on /home/airflow/.local/lib/python3.7/site-packages/airflow/example_dags/example_kubernetes_executor.py
[2022-05-08 00:35:05,508] {processor.py:641} INFO - Processing file /home/airflow/.local/lib/python3.7/site-packages/airflow/example_dags/example_kubernetes_executor.py for tasks to queue
[2022-05-08 00:35:05,518] {logging_mixin.py:115} INFO - [2022-05-08 00:35:05,518] {dagbag.py:507} INFO - Filling up the DagBag from /home/airflow/.local/lib/python3.7/site-packages/airflow/example_dags/example_kubernetes_executor.py
[2022-05-08 00:35:05,601] {processor.py:651} INFO - DAG(s) dict_keys(['example_kubernetes_executor']) retrieved from /home/airflow/.local/lib/python3.7/site-packages/airflow/example_dags/example_kubernetes_executor.py
[2022-05-08 00:35:05,694] {logging_mixin.py:115} INFO - [2022-05-08 00:35:05,694] {dag.py:2371} INFO - Sync 1 DAGs
[2022-05-08 00:35:05,760] {logging_mixin.py:115} INFO - [2022-05-08 00:35:05,760] {dag.py:2919} INFO - Setting next_dagrun for example_kubernetes_executor to None, run_after=None
[2022-05-08 00:35:05,786] {processor.py:161} INFO - Processing /home/airflow/.local/lib/python3.7/site-packages/airflow/example_dags/example_kubernetes_executor.py took 0.294 seconds
[2022-05-08 00:35:36,645] {processor.py:153} INFO - Started process (PID=2544) to work on /home/airflow/.local/lib/python3.7/site-packages/airflow/example_dags/example_kubernetes_executor.py
[2022-05-08 00:35:36,648] {processor.py:641} INFO - Processing file /home/airflow/.local/lib/python3.7/site-packages/airflow/example_dags/example_kubernetes_executor.py for tasks to queue
[2022-05-08 00:35:36,650] {logging_mixin.py:115} INFO - [2022-05-08 00:35:36,650] {dagbag.py:507} INFO - Filling up the DagBag from /home/airflow/.local/lib/python3.7/site-packages/airflow/example_dags/example_kubernetes_executor.py
[2022-05-08 00:35:36,690] {processor.py:651} INFO - DAG(s) dict_keys(['example_kubernetes_executor']) retrieved from /home/airflow/.local/lib/python3.7/site-packages/airflow/example_dags/example_kubernetes_executor.py
[2022-05-08 00:35:36,726] {logging_mixin.py:115} INFO - [2022-05-08 00:35:36,726] {dag.py:2371} INFO - Sync 1 DAGs
[2022-05-08 00:35:36,774] {logging_mixin.py:115} INFO - [2022-05-08 00:35:36,774] {dag.py:2919} INFO - Setting next_dagrun for example_kubernetes_executor to None, run_after=None
[2022-05-08 00:35:36,802] {processor.py:161} INFO - Processing /home/airflow/.local/lib/python3.7/site-packages/airflow/example_dags/example_kubernetes_executor.py took 0.162 seconds
[2022-05-08 00:36:06,882] {processor.py:153} INFO - Started process (PID=2714) to work on /home/airflow/.local/lib/python3.7/site-packages/airflow/example_dags/example_kubernetes_executor.py
[2022-05-08 00:36:06,886] {processor.py:641} INFO - Processing file /home/airflow/.local/lib/python3.7/site-packages/airflow/example_dags/example_kubernetes_executor.py for tasks to queue
[2022-05-08 00:36:06,887] {logging_mixin.py:115} INFO - [2022-05-08 00:36:06,887] {dagbag.py:507} INFO - Filling up the DagBag from /home/airflow/.local/lib/python3.7/site-packages/airflow/example_dags/example_kubernetes_executor.py
[2022-05-08 00:36:06,921] {processor.py:651} INFO - DAG(s) dict_keys(['example_kubernetes_executor']) retrieved from /home/airflow/.local/lib/python3.7/site-packages/airflow/example_dags/example_kubernetes_executor.py
[2022-05-08 00:36:06,959] {logging_mixin.py:115} INFO - [2022-05-08 00:36:06,959] {dag.py:2371} INFO - Sync 1 DAGs
[2022-05-08 00:36:06,991] {logging_mixin.py:115} INFO - [2022-05-08 00:36:06,991] {dag.py:2919} INFO - Setting next_dagrun for example_kubernetes_executor to None, run_after=None
[2022-05-08 00:36:07,009] {processor.py:161} INFO - Processing /home/airflow/.local/lib/python3.7/site-packages/airflow/example_dags/example_kubernetes_executor.py took 0.130 seconds
[2022-05-08 00:38:48,760] {processor.py:153} INFO - Started process (PID=165) to work on /home/airflow/.local/lib/python3.7/site-packages/airflow/example_dags/example_kubernetes_executor.py
[2022-05-08 00:38:48,761] {processor.py:641} INFO - Processing file /home/airflow/.local/lib/python3.7/site-packages/airflow/example_dags/example_kubernetes_executor.py for tasks to queue
[2022-05-08 00:38:48,763] {logging_mixin.py:115} INFO - [2022-05-08 00:38:48,763] {dagbag.py:507} INFO - Filling up the DagBag from /home/airflow/.local/lib/python3.7/site-packages/airflow/example_dags/example_kubernetes_executor.py
[2022-05-08 00:38:48,926] {processor.py:651} INFO - DAG(s) dict_keys(['example_kubernetes_executor']) retrieved from /home/airflow/.local/lib/python3.7/site-packages/airflow/example_dags/example_kubernetes_executor.py
[2022-05-08 00:38:49,117] {logging_mixin.py:115} INFO - [2022-05-08 00:38:49,117] {manager.py:508} INFO - Created Permission View: can delete on DAG:example_kubernetes_executor
[2022-05-08 00:38:49,138] {logging_mixin.py:115} INFO - [2022-05-08 00:38:49,137] {manager.py:508} INFO - Created Permission View: can edit on DAG:example_kubernetes_executor
[2022-05-08 00:38:49,154] {logging_mixin.py:115} INFO - [2022-05-08 00:38:49,154] {manager.py:508} INFO - Created Permission View: can read on DAG:example_kubernetes_executor
[2022-05-08 00:38:49,155] {logging_mixin.py:115} INFO - [2022-05-08 00:38:49,155] {dag.py:2371} INFO - Sync 1 DAGs
[2022-05-08 00:38:49,169] {logging_mixin.py:115} INFO - [2022-05-08 00:38:49,169] {dag.py:2390} INFO - Creating ORM DAG for example_kubernetes_executor
[2022-05-08 00:38:49,189] {logging_mixin.py:115} INFO - [2022-05-08 00:38:49,189] {dag.py:2919} INFO - Setting next_dagrun for example_kubernetes_executor to None, run_after=None
[2022-05-08 00:38:49,214] {processor.py:161} INFO - Processing /home/airflow/.local/lib/python3.7/site-packages/airflow/example_dags/example_kubernetes_executor.py took 0.475 seconds
[2022-05-08 00:39:19,648] {processor.py:153} INFO - Started process (PID=335) to work on /home/airflow/.local/lib/python3.7/site-packages/airflow/example_dags/example_kubernetes_executor.py
[2022-05-08 00:39:19,651] {processor.py:641} INFO - Processing file /home/airflow/.local/lib/python3.7/site-packages/airflow/example_dags/example_kubernetes_executor.py for tasks to queue
[2022-05-08 00:39:19,655] {logging_mixin.py:115} INFO - [2022-05-08 00:39:19,655] {dagbag.py:507} INFO - Filling up the DagBag from /home/airflow/.local/lib/python3.7/site-packages/airflow/example_dags/example_kubernetes_executor.py
[2022-05-08 00:39:19,743] {processor.py:651} INFO - DAG(s) dict_keys(['example_kubernetes_executor']) retrieved from /home/airflow/.local/lib/python3.7/site-packages/airflow/example_dags/example_kubernetes_executor.py
[2022-05-08 00:39:19,812] {logging_mixin.py:115} INFO - [2022-05-08 00:39:19,812] {dag.py:2371} INFO - Sync 1 DAGs
[2022-05-08 00:39:19,860] {logging_mixin.py:115} INFO - [2022-05-08 00:39:19,860] {dag.py:2919} INFO - Setting next_dagrun for example_kubernetes_executor to None, run_after=None
[2022-05-08 00:39:19,897] {processor.py:161} INFO - Processing /home/airflow/.local/lib/python3.7/site-packages/airflow/example_dags/example_kubernetes_executor.py took 0.262 seconds
[2022-05-08 00:39:50,051] {processor.py:153} INFO - Started process (PID=510) to work on /home/airflow/.local/lib/python3.7/site-packages/airflow/example_dags/example_kubernetes_executor.py
[2022-05-08 00:39:50,052] {processor.py:641} INFO - Processing file /home/airflow/.local/lib/python3.7/site-packages/airflow/example_dags/example_kubernetes_executor.py for tasks to queue
[2022-05-08 00:39:50,053] {logging_mixin.py:115} INFO - [2022-05-08 00:39:50,053] {dagbag.py:507} INFO - Filling up the DagBag from /home/airflow/.local/lib/python3.7/site-packages/airflow/example_dags/example_kubernetes_executor.py
[2022-05-08 00:39:50,081] {processor.py:651} INFO - DAG(s) dict_keys(['example_kubernetes_executor']) retrieved from /home/airflow/.local/lib/python3.7/site-packages/airflow/example_dags/example_kubernetes_executor.py
[2022-05-08 00:39:50,110] {logging_mixin.py:115} INFO - [2022-05-08 00:39:50,109] {dag.py:2371} INFO - Sync 1 DAGs
[2022-05-08 00:39:50,133] {logging_mixin.py:115} INFO - [2022-05-08 00:39:50,132] {dag.py:2919} INFO - Setting next_dagrun for example_kubernetes_executor to None, run_after=None
[2022-05-08 00:39:50,148] {processor.py:161} INFO - Processing /home/airflow/.local/lib/python3.7/site-packages/airflow/example_dags/example_kubernetes_executor.py took 0.103 seconds
[2022-05-08 00:40:20,877] {processor.py:153} INFO - Started process (PID=675) to work on /home/airflow/.local/lib/python3.7/site-packages/airflow/example_dags/example_kubernetes_executor.py
[2022-05-08 00:40:20,880] {processor.py:641} INFO - Processing file /home/airflow/.local/lib/python3.7/site-packages/airflow/example_dags/example_kubernetes_executor.py for tasks to queue
[2022-05-08 00:40:20,882] {logging_mixin.py:115} INFO - [2022-05-08 00:40:20,882] {dagbag.py:507} INFO - Filling up the DagBag from /home/airflow/.local/lib/python3.7/site-packages/airflow/example_dags/example_kubernetes_executor.py
[2022-05-08 00:40:20,936] {processor.py:651} INFO - DAG(s) dict_keys(['example_kubernetes_executor']) retrieved from /home/airflow/.local/lib/python3.7/site-packages/airflow/example_dags/example_kubernetes_executor.py
[2022-05-08 00:40:20,993] {logging_mixin.py:115} INFO - [2022-05-08 00:40:20,993] {dag.py:2371} INFO - Sync 1 DAGs
[2022-05-08 00:40:21,033] {logging_mixin.py:115} INFO - [2022-05-08 00:40:21,033] {dag.py:2919} INFO - Setting next_dagrun for example_kubernetes_executor to None, run_after=None
[2022-05-08 00:40:21,060] {processor.py:161} INFO - Processing /home/airflow/.local/lib/python3.7/site-packages/airflow/example_dags/example_kubernetes_executor.py took 0.193 seconds
[2022-05-08 00:40:51,258] {processor.py:153} INFO - Started process (PID=845) to work on /home/airflow/.local/lib/python3.7/site-packages/airflow/example_dags/example_kubernetes_executor.py
[2022-05-08 00:40:51,261] {processor.py:641} INFO - Processing file /home/airflow/.local/lib/python3.7/site-packages/airflow/example_dags/example_kubernetes_executor.py for tasks to queue
[2022-05-08 00:40:51,264] {logging_mixin.py:115} INFO - [2022-05-08 00:40:51,264] {dagbag.py:507} INFO - Filling up the DagBag from /home/airflow/.local/lib/python3.7/site-packages/airflow/example_dags/example_kubernetes_executor.py
[2022-05-08 00:40:51,318] {processor.py:651} INFO - DAG(s) dict_keys(['example_kubernetes_executor']) retrieved from /home/airflow/.local/lib/python3.7/site-packages/airflow/example_dags/example_kubernetes_executor.py
[2022-05-08 00:40:51,444] {logging_mixin.py:115} INFO - [2022-05-08 00:40:51,444] {dag.py:2371} INFO - Sync 1 DAGs
[2022-05-08 00:40:51,532] {logging_mixin.py:115} INFO - [2022-05-08 00:40:51,532] {dag.py:2919} INFO - Setting next_dagrun for example_kubernetes_executor to None, run_after=None
[2022-05-08 00:40:51,584] {processor.py:161} INFO - Processing /home/airflow/.local/lib/python3.7/site-packages/airflow/example_dags/example_kubernetes_executor.py took 0.330 seconds
[2022-05-08 00:41:21,668] {processor.py:153} INFO - Started process (PID=1018) to work on /home/airflow/.local/lib/python3.7/site-packages/airflow/example_dags/example_kubernetes_executor.py
[2022-05-08 00:41:21,670] {processor.py:641} INFO - Processing file /home/airflow/.local/lib/python3.7/site-packages/airflow/example_dags/example_kubernetes_executor.py for tasks to queue
[2022-05-08 00:41:21,671] {logging_mixin.py:115} INFO - [2022-05-08 00:41:21,671] {dagbag.py:507} INFO - Filling up the DagBag from /home/airflow/.local/lib/python3.7/site-packages/airflow/example_dags/example_kubernetes_executor.py
[2022-05-08 00:41:21,709] {processor.py:651} INFO - DAG(s) dict_keys(['example_kubernetes_executor']) retrieved from /home/airflow/.local/lib/python3.7/site-packages/airflow/example_dags/example_kubernetes_executor.py
[2022-05-08 00:41:21,743] {logging_mixin.py:115} INFO - [2022-05-08 00:41:21,743] {dag.py:2371} INFO - Sync 1 DAGs
[2022-05-08 00:41:21,770] {logging_mixin.py:115} INFO - [2022-05-08 00:41:21,770] {dag.py:2919} INFO - Setting next_dagrun for example_kubernetes_executor to None, run_after=None
[2022-05-08 00:41:21,786] {processor.py:161} INFO - Processing /home/airflow/.local/lib/python3.7/site-packages/airflow/example_dags/example_kubernetes_executor.py took 0.122 seconds
[2022-05-08 00:41:51,883] {processor.py:153} INFO - Started process (PID=1185) to work on /home/airflow/.local/lib/python3.7/site-packages/airflow/example_dags/example_kubernetes_executor.py
[2022-05-08 00:41:51,885] {processor.py:641} INFO - Processing file /home/airflow/.local/lib/python3.7/site-packages/airflow/example_dags/example_kubernetes_executor.py for tasks to queue
[2022-05-08 00:41:51,886] {logging_mixin.py:115} INFO - [2022-05-08 00:41:51,886] {dagbag.py:507} INFO - Filling up the DagBag from /home/airflow/.local/lib/python3.7/site-packages/airflow/example_dags/example_kubernetes_executor.py
[2022-05-08 00:41:51,937] {processor.py:651} INFO - DAG(s) dict_keys(['example_kubernetes_executor']) retrieved from /home/airflow/.local/lib/python3.7/site-packages/airflow/example_dags/example_kubernetes_executor.py
[2022-05-08 00:41:51,985] {logging_mixin.py:115} INFO - [2022-05-08 00:41:51,985] {dag.py:2371} INFO - Sync 1 DAGs
[2022-05-08 00:41:52,026] {logging_mixin.py:115} INFO - [2022-05-08 00:41:52,026] {dag.py:2919} INFO - Setting next_dagrun for example_kubernetes_executor to None, run_after=None
[2022-05-08 00:41:52,048] {processor.py:161} INFO - Processing /home/airflow/.local/lib/python3.7/site-packages/airflow/example_dags/example_kubernetes_executor.py took 0.170 seconds
[2022-05-08 00:42:22,408] {processor.py:153} INFO - Started process (PID=1355) to work on /home/airflow/.local/lib/python3.7/site-packages/airflow/example_dags/example_kubernetes_executor.py
[2022-05-08 00:42:22,410] {processor.py:641} INFO - Processing file /home/airflow/.local/lib/python3.7/site-packages/airflow/example_dags/example_kubernetes_executor.py for tasks to queue
[2022-05-08 00:42:22,411] {logging_mixin.py:115} INFO - [2022-05-08 00:42:22,411] {dagbag.py:507} INFO - Filling up the DagBag from /home/airflow/.local/lib/python3.7/site-packages/airflow/example_dags/example_kubernetes_executor.py
[2022-05-08 00:42:22,449] {processor.py:651} INFO - DAG(s) dict_keys(['example_kubernetes_executor']) retrieved from /home/airflow/.local/lib/python3.7/site-packages/airflow/example_dags/example_kubernetes_executor.py
[2022-05-08 00:42:22,482] {logging_mixin.py:115} INFO - [2022-05-08 00:42:22,482] {dag.py:2371} INFO - Sync 1 DAGs
[2022-05-08 00:42:22,513] {logging_mixin.py:115} INFO - [2022-05-08 00:42:22,513] {dag.py:2919} INFO - Setting next_dagrun for example_kubernetes_executor to None, run_after=None
[2022-05-08 00:42:22,545] {processor.py:161} INFO - Processing /home/airflow/.local/lib/python3.7/site-packages/airflow/example_dags/example_kubernetes_executor.py took 0.142 seconds
