[2022-05-08 00:28:31,485] {processor.py:153} INFO - Started process (PID=217) to work on /home/airflow/.local/lib/python3.7/site-packages/airflow/example_dags/example_trigger_controller_dag.py
[2022-05-08 00:28:31,490] {processor.py:641} INFO - Processing file /home/airflow/.local/lib/python3.7/site-packages/airflow/example_dags/example_trigger_controller_dag.py for tasks to queue
[2022-05-08 00:28:31,493] {logging_mixin.py:115} INFO - [2022-05-08 00:28:31,493] {dagbag.py:507} INFO - Filling up the DagBag from /home/airflow/.local/lib/python3.7/site-packages/airflow/example_dags/example_trigger_controller_dag.py
[2022-05-08 00:28:31,522] {processor.py:651} INFO - DAG(s) dict_keys(['example_trigger_controller_dag']) retrieved from /home/airflow/.local/lib/python3.7/site-packages/airflow/example_dags/example_trigger_controller_dag.py
[2022-05-08 00:28:31,626] {logging_mixin.py:115} INFO - [2022-05-08 00:28:31,626] {dag.py:2371} INFO - Sync 1 DAGs
[2022-05-08 00:28:31,771] {logging_mixin.py:115} INFO - [2022-05-08 00:28:31,771] {dag.py:2919} INFO - Setting next_dagrun for example_trigger_controller_dag to 2021-01-01T00:00:00+00:00, run_after=2021-01-01T00:00:00+00:00
[2022-05-08 00:28:31,824] {processor.py:161} INFO - Processing /home/airflow/.local/lib/python3.7/site-packages/airflow/example_dags/example_trigger_controller_dag.py took 0.351 seconds
[2022-05-08 00:29:02,473] {processor.py:153} INFO - Started process (PID=387) to work on /home/airflow/.local/lib/python3.7/site-packages/airflow/example_dags/example_trigger_controller_dag.py
[2022-05-08 00:29:02,475] {processor.py:641} INFO - Processing file /home/airflow/.local/lib/python3.7/site-packages/airflow/example_dags/example_trigger_controller_dag.py for tasks to queue
[2022-05-08 00:29:02,478] {logging_mixin.py:115} INFO - [2022-05-08 00:29:02,477] {dagbag.py:507} INFO - Filling up the DagBag from /home/airflow/.local/lib/python3.7/site-packages/airflow/example_dags/example_trigger_controller_dag.py
[2022-05-08 00:29:02,499] {processor.py:651} INFO - DAG(s) dict_keys(['example_trigger_controller_dag']) retrieved from /home/airflow/.local/lib/python3.7/site-packages/airflow/example_dags/example_trigger_controller_dag.py
[2022-05-08 00:29:02,601] {logging_mixin.py:115} INFO - [2022-05-08 00:29:02,601] {dag.py:2371} INFO - Sync 1 DAGs
[2022-05-08 00:29:02,700] {logging_mixin.py:115} INFO - [2022-05-08 00:29:02,700] {dag.py:2919} INFO - Setting next_dagrun for example_trigger_controller_dag to 2021-01-01T00:00:00+00:00, run_after=2021-01-01T00:00:00+00:00
[2022-05-08 00:29:02,785] {processor.py:161} INFO - Processing /home/airflow/.local/lib/python3.7/site-packages/airflow/example_dags/example_trigger_controller_dag.py took 0.319 seconds
[2022-05-08 00:29:33,246] {processor.py:153} INFO - Started process (PID=557) to work on /home/airflow/.local/lib/python3.7/site-packages/airflow/example_dags/example_trigger_controller_dag.py
[2022-05-08 00:29:33,252] {processor.py:641} INFO - Processing file /home/airflow/.local/lib/python3.7/site-packages/airflow/example_dags/example_trigger_controller_dag.py for tasks to queue
[2022-05-08 00:29:33,254] {logging_mixin.py:115} INFO - [2022-05-08 00:29:33,254] {dagbag.py:507} INFO - Filling up the DagBag from /home/airflow/.local/lib/python3.7/site-packages/airflow/example_dags/example_trigger_controller_dag.py
[2022-05-08 00:29:33,260] {processor.py:651} INFO - DAG(s) dict_keys(['example_trigger_controller_dag']) retrieved from /home/airflow/.local/lib/python3.7/site-packages/airflow/example_dags/example_trigger_controller_dag.py
[2022-05-08 00:29:33,318] {logging_mixin.py:115} INFO - [2022-05-08 00:29:33,318] {dag.py:2371} INFO - Sync 1 DAGs
[2022-05-08 00:29:33,351] {logging_mixin.py:115} INFO - [2022-05-08 00:29:33,351] {dag.py:2919} INFO - Setting next_dagrun for example_trigger_controller_dag to 2021-01-01T00:00:00+00:00, run_after=2021-01-01T00:00:00+00:00
[2022-05-08 00:29:33,376] {processor.py:161} INFO - Processing /home/airflow/.local/lib/python3.7/site-packages/airflow/example_dags/example_trigger_controller_dag.py took 0.139 seconds
[2022-05-08 00:30:04,071] {processor.py:153} INFO - Started process (PID=729) to work on /home/airflow/.local/lib/python3.7/site-packages/airflow/example_dags/example_trigger_controller_dag.py
[2022-05-08 00:30:04,072] {processor.py:641} INFO - Processing file /home/airflow/.local/lib/python3.7/site-packages/airflow/example_dags/example_trigger_controller_dag.py for tasks to queue
[2022-05-08 00:30:04,074] {logging_mixin.py:115} INFO - [2022-05-08 00:30:04,074] {dagbag.py:507} INFO - Filling up the DagBag from /home/airflow/.local/lib/python3.7/site-packages/airflow/example_dags/example_trigger_controller_dag.py
[2022-05-08 00:30:04,078] {processor.py:651} INFO - DAG(s) dict_keys(['example_trigger_controller_dag']) retrieved from /home/airflow/.local/lib/python3.7/site-packages/airflow/example_dags/example_trigger_controller_dag.py
[2022-05-08 00:30:04,109] {logging_mixin.py:115} INFO - [2022-05-08 00:30:04,109] {dag.py:2371} INFO - Sync 1 DAGs
[2022-05-08 00:30:04,137] {logging_mixin.py:115} INFO - [2022-05-08 00:30:04,137] {dag.py:2919} INFO - Setting next_dagrun for example_trigger_controller_dag to 2021-01-01T00:00:00+00:00, run_after=2021-01-01T00:00:00+00:00
[2022-05-08 00:30:04,151] {processor.py:161} INFO - Processing /home/airflow/.local/lib/python3.7/site-packages/airflow/example_dags/example_trigger_controller_dag.py took 0.084 seconds
[2022-05-08 00:30:34,323] {processor.py:153} INFO - Started process (PID=897) to work on /home/airflow/.local/lib/python3.7/site-packages/airflow/example_dags/example_trigger_controller_dag.py
[2022-05-08 00:30:34,325] {processor.py:641} INFO - Processing file /home/airflow/.local/lib/python3.7/site-packages/airflow/example_dags/example_trigger_controller_dag.py for tasks to queue
[2022-05-08 00:30:34,326] {logging_mixin.py:115} INFO - [2022-05-08 00:30:34,326] {dagbag.py:507} INFO - Filling up the DagBag from /home/airflow/.local/lib/python3.7/site-packages/airflow/example_dags/example_trigger_controller_dag.py
[2022-05-08 00:30:34,331] {processor.py:651} INFO - DAG(s) dict_keys(['example_trigger_controller_dag']) retrieved from /home/airflow/.local/lib/python3.7/site-packages/airflow/example_dags/example_trigger_controller_dag.py
[2022-05-08 00:30:34,364] {logging_mixin.py:115} INFO - [2022-05-08 00:30:34,364] {dag.py:2371} INFO - Sync 1 DAGs
[2022-05-08 00:30:34,390] {logging_mixin.py:115} INFO - [2022-05-08 00:30:34,389] {dag.py:2919} INFO - Setting next_dagrun for example_trigger_controller_dag to 2021-01-01T00:00:00+00:00, run_after=2021-01-01T00:00:00+00:00
[2022-05-08 00:30:34,405] {processor.py:161} INFO - Processing /home/airflow/.local/lib/python3.7/site-packages/airflow/example_dags/example_trigger_controller_dag.py took 0.087 seconds
[2022-05-08 00:31:05,437] {processor.py:153} INFO - Started process (PID=1066) to work on /home/airflow/.local/lib/python3.7/site-packages/airflow/example_dags/example_trigger_controller_dag.py
[2022-05-08 00:31:05,439] {processor.py:641} INFO - Processing file /home/airflow/.local/lib/python3.7/site-packages/airflow/example_dags/example_trigger_controller_dag.py for tasks to queue
[2022-05-08 00:31:05,440] {logging_mixin.py:115} INFO - [2022-05-08 00:31:05,440] {dagbag.py:507} INFO - Filling up the DagBag from /home/airflow/.local/lib/python3.7/site-packages/airflow/example_dags/example_trigger_controller_dag.py
[2022-05-08 00:31:05,444] {processor.py:651} INFO - DAG(s) dict_keys(['example_trigger_controller_dag']) retrieved from /home/airflow/.local/lib/python3.7/site-packages/airflow/example_dags/example_trigger_controller_dag.py
[2022-05-08 00:31:05,491] {logging_mixin.py:115} INFO - [2022-05-08 00:31:05,491] {dag.py:2371} INFO - Sync 1 DAGs
[2022-05-08 00:31:05,523] {logging_mixin.py:115} INFO - [2022-05-08 00:31:05,523] {dag.py:2919} INFO - Setting next_dagrun for example_trigger_controller_dag to 2021-01-01T00:00:00+00:00, run_after=2021-01-01T00:00:00+00:00
[2022-05-08 00:31:05,536] {processor.py:161} INFO - Processing /home/airflow/.local/lib/python3.7/site-packages/airflow/example_dags/example_trigger_controller_dag.py took 0.102 seconds
[2022-05-08 00:31:36,590] {processor.py:153} INFO - Started process (PID=1239) to work on /home/airflow/.local/lib/python3.7/site-packages/airflow/example_dags/example_trigger_controller_dag.py
[2022-05-08 00:31:36,594] {processor.py:641} INFO - Processing file /home/airflow/.local/lib/python3.7/site-packages/airflow/example_dags/example_trigger_controller_dag.py for tasks to queue
[2022-05-08 00:31:36,597] {logging_mixin.py:115} INFO - [2022-05-08 00:31:36,596] {dagbag.py:507} INFO - Filling up the DagBag from /home/airflow/.local/lib/python3.7/site-packages/airflow/example_dags/example_trigger_controller_dag.py
[2022-05-08 00:31:36,602] {processor.py:651} INFO - DAG(s) dict_keys(['example_trigger_controller_dag']) retrieved from /home/airflow/.local/lib/python3.7/site-packages/airflow/example_dags/example_trigger_controller_dag.py
[2022-05-08 00:31:36,640] {logging_mixin.py:115} INFO - [2022-05-08 00:31:36,640] {dag.py:2371} INFO - Sync 1 DAGs
[2022-05-08 00:31:36,665] {logging_mixin.py:115} INFO - [2022-05-08 00:31:36,665] {dag.py:2919} INFO - Setting next_dagrun for example_trigger_controller_dag to 2021-01-01T00:00:00+00:00, run_after=2021-01-01T00:00:00+00:00
[2022-05-08 00:31:36,679] {processor.py:161} INFO - Processing /home/airflow/.local/lib/python3.7/site-packages/airflow/example_dags/example_trigger_controller_dag.py took 0.093 seconds
[2022-05-08 00:32:07,604] {processor.py:153} INFO - Started process (PID=1407) to work on /home/airflow/.local/lib/python3.7/site-packages/airflow/example_dags/example_trigger_controller_dag.py
[2022-05-08 00:32:07,605] {processor.py:641} INFO - Processing file /home/airflow/.local/lib/python3.7/site-packages/airflow/example_dags/example_trigger_controller_dag.py for tasks to queue
[2022-05-08 00:32:07,607] {logging_mixin.py:115} INFO - [2022-05-08 00:32:07,606] {dagbag.py:507} INFO - Filling up the DagBag from /home/airflow/.local/lib/python3.7/site-packages/airflow/example_dags/example_trigger_controller_dag.py
[2022-05-08 00:32:07,614] {processor.py:651} INFO - DAG(s) dict_keys(['example_trigger_controller_dag']) retrieved from /home/airflow/.local/lib/python3.7/site-packages/airflow/example_dags/example_trigger_controller_dag.py
[2022-05-08 00:32:07,659] {logging_mixin.py:115} INFO - [2022-05-08 00:32:07,659] {dag.py:2371} INFO - Sync 1 DAGs
[2022-05-08 00:32:07,687] {logging_mixin.py:115} INFO - [2022-05-08 00:32:07,687] {dag.py:2919} INFO - Setting next_dagrun for example_trigger_controller_dag to 2021-01-01T00:00:00+00:00, run_after=2021-01-01T00:00:00+00:00
[2022-05-08 00:32:07,704] {processor.py:161} INFO - Processing /home/airflow/.local/lib/python3.7/site-packages/airflow/example_dags/example_trigger_controller_dag.py took 0.104 seconds
[2022-05-08 00:32:38,598] {processor.py:153} INFO - Started process (PID=1577) to work on /home/airflow/.local/lib/python3.7/site-packages/airflow/example_dags/example_trigger_controller_dag.py
[2022-05-08 00:32:38,599] {processor.py:641} INFO - Processing file /home/airflow/.local/lib/python3.7/site-packages/airflow/example_dags/example_trigger_controller_dag.py for tasks to queue
[2022-05-08 00:32:38,601] {logging_mixin.py:115} INFO - [2022-05-08 00:32:38,601] {dagbag.py:507} INFO - Filling up the DagBag from /home/airflow/.local/lib/python3.7/site-packages/airflow/example_dags/example_trigger_controller_dag.py
[2022-05-08 00:32:38,607] {processor.py:651} INFO - DAG(s) dict_keys(['example_trigger_controller_dag']) retrieved from /home/airflow/.local/lib/python3.7/site-packages/airflow/example_dags/example_trigger_controller_dag.py
[2022-05-08 00:32:38,645] {logging_mixin.py:115} INFO - [2022-05-08 00:32:38,645] {dag.py:2371} INFO - Sync 1 DAGs
[2022-05-08 00:32:38,679] {logging_mixin.py:115} INFO - [2022-05-08 00:32:38,679] {dag.py:2919} INFO - Setting next_dagrun for example_trigger_controller_dag to 2021-01-01T00:00:00+00:00, run_after=2021-01-01T00:00:00+00:00
[2022-05-08 00:32:38,697] {processor.py:161} INFO - Processing /home/airflow/.local/lib/python3.7/site-packages/airflow/example_dags/example_trigger_controller_dag.py took 0.103 seconds
[2022-05-08 00:33:09,673] {processor.py:153} INFO - Started process (PID=1749) to work on /home/airflow/.local/lib/python3.7/site-packages/airflow/example_dags/example_trigger_controller_dag.py
[2022-05-08 00:33:09,675] {processor.py:641} INFO - Processing file /home/airflow/.local/lib/python3.7/site-packages/airflow/example_dags/example_trigger_controller_dag.py for tasks to queue
[2022-05-08 00:33:09,677] {logging_mixin.py:115} INFO - [2022-05-08 00:33:09,677] {dagbag.py:507} INFO - Filling up the DagBag from /home/airflow/.local/lib/python3.7/site-packages/airflow/example_dags/example_trigger_controller_dag.py
[2022-05-08 00:33:09,684] {processor.py:651} INFO - DAG(s) dict_keys(['example_trigger_controller_dag']) retrieved from /home/airflow/.local/lib/python3.7/site-packages/airflow/example_dags/example_trigger_controller_dag.py
[2022-05-08 00:33:09,721] {logging_mixin.py:115} INFO - [2022-05-08 00:33:09,721] {dag.py:2371} INFO - Sync 1 DAGs
[2022-05-08 00:33:09,761] {logging_mixin.py:115} INFO - [2022-05-08 00:33:09,761] {dag.py:2919} INFO - Setting next_dagrun for example_trigger_controller_dag to 2021-01-01T00:00:00+00:00, run_after=2021-01-01T00:00:00+00:00
[2022-05-08 00:33:09,776] {processor.py:161} INFO - Processing /home/airflow/.local/lib/python3.7/site-packages/airflow/example_dags/example_trigger_controller_dag.py took 0.110 seconds
[2022-05-08 00:33:40,115] {processor.py:153} INFO - Started process (PID=1917) to work on /home/airflow/.local/lib/python3.7/site-packages/airflow/example_dags/example_trigger_controller_dag.py
[2022-05-08 00:33:40,116] {processor.py:641} INFO - Processing file /home/airflow/.local/lib/python3.7/site-packages/airflow/example_dags/example_trigger_controller_dag.py for tasks to queue
[2022-05-08 00:33:40,118] {logging_mixin.py:115} INFO - [2022-05-08 00:33:40,118] {dagbag.py:507} INFO - Filling up the DagBag from /home/airflow/.local/lib/python3.7/site-packages/airflow/example_dags/example_trigger_controller_dag.py
[2022-05-08 00:33:40,122] {processor.py:651} INFO - DAG(s) dict_keys(['example_trigger_controller_dag']) retrieved from /home/airflow/.local/lib/python3.7/site-packages/airflow/example_dags/example_trigger_controller_dag.py
[2022-05-08 00:33:40,173] {logging_mixin.py:115} INFO - [2022-05-08 00:33:40,173] {dag.py:2371} INFO - Sync 1 DAGs
[2022-05-08 00:33:40,207] {logging_mixin.py:115} INFO - [2022-05-08 00:33:40,207] {dag.py:2919} INFO - Setting next_dagrun for example_trigger_controller_dag to 2021-01-01T00:00:00+00:00, run_after=2021-01-01T00:00:00+00:00
[2022-05-08 00:33:40,224] {processor.py:161} INFO - Processing /home/airflow/.local/lib/python3.7/site-packages/airflow/example_dags/example_trigger_controller_dag.py took 0.114 seconds
[2022-05-08 00:34:10,475] {processor.py:153} INFO - Started process (PID=2087) to work on /home/airflow/.local/lib/python3.7/site-packages/airflow/example_dags/example_trigger_controller_dag.py
[2022-05-08 00:34:10,476] {processor.py:641} INFO - Processing file /home/airflow/.local/lib/python3.7/site-packages/airflow/example_dags/example_trigger_controller_dag.py for tasks to queue
[2022-05-08 00:34:10,477] {logging_mixin.py:115} INFO - [2022-05-08 00:34:10,477] {dagbag.py:507} INFO - Filling up the DagBag from /home/airflow/.local/lib/python3.7/site-packages/airflow/example_dags/example_trigger_controller_dag.py
[2022-05-08 00:34:10,482] {processor.py:651} INFO - DAG(s) dict_keys(['example_trigger_controller_dag']) retrieved from /home/airflow/.local/lib/python3.7/site-packages/airflow/example_dags/example_trigger_controller_dag.py
[2022-05-08 00:34:10,524] {logging_mixin.py:115} INFO - [2022-05-08 00:34:10,524] {dag.py:2371} INFO - Sync 1 DAGs
[2022-05-08 00:34:10,553] {logging_mixin.py:115} INFO - [2022-05-08 00:34:10,553] {dag.py:2919} INFO - Setting next_dagrun for example_trigger_controller_dag to 2021-01-01T00:00:00+00:00, run_after=2021-01-01T00:00:00+00:00
[2022-05-08 00:34:10,568] {processor.py:161} INFO - Processing /home/airflow/.local/lib/python3.7/site-packages/airflow/example_dags/example_trigger_controller_dag.py took 0.106 seconds
[2022-05-08 00:34:41,427] {processor.py:153} INFO - Started process (PID=2257) to work on /home/airflow/.local/lib/python3.7/site-packages/airflow/example_dags/example_trigger_controller_dag.py
[2022-05-08 00:34:41,430] {processor.py:641} INFO - Processing file /home/airflow/.local/lib/python3.7/site-packages/airflow/example_dags/example_trigger_controller_dag.py for tasks to queue
[2022-05-08 00:34:41,433] {logging_mixin.py:115} INFO - [2022-05-08 00:34:41,433] {dagbag.py:507} INFO - Filling up the DagBag from /home/airflow/.local/lib/python3.7/site-packages/airflow/example_dags/example_trigger_controller_dag.py
[2022-05-08 00:34:41,448] {processor.py:651} INFO - DAG(s) dict_keys(['example_trigger_controller_dag']) retrieved from /home/airflow/.local/lib/python3.7/site-packages/airflow/example_dags/example_trigger_controller_dag.py
[2022-05-08 00:34:41,535] {logging_mixin.py:115} INFO - [2022-05-08 00:34:41,535] {dag.py:2371} INFO - Sync 1 DAGs
[2022-05-08 00:34:41,762] {logging_mixin.py:115} INFO - [2022-05-08 00:34:41,758] {dag.py:2919} INFO - Setting next_dagrun for example_trigger_controller_dag to 2021-01-01T00:00:00+00:00, run_after=2021-01-01T00:00:00+00:00
[2022-05-08 00:34:41,819] {processor.py:161} INFO - Processing /home/airflow/.local/lib/python3.7/site-packages/airflow/example_dags/example_trigger_controller_dag.py took 0.407 seconds
[2022-05-08 00:35:11,884] {processor.py:153} INFO - Started process (PID=2427) to work on /home/airflow/.local/lib/python3.7/site-packages/airflow/example_dags/example_trigger_controller_dag.py
[2022-05-08 00:35:11,886] {processor.py:641} INFO - Processing file /home/airflow/.local/lib/python3.7/site-packages/airflow/example_dags/example_trigger_controller_dag.py for tasks to queue
[2022-05-08 00:35:11,888] {logging_mixin.py:115} INFO - [2022-05-08 00:35:11,888] {dagbag.py:507} INFO - Filling up the DagBag from /home/airflow/.local/lib/python3.7/site-packages/airflow/example_dags/example_trigger_controller_dag.py
[2022-05-08 00:35:11,899] {processor.py:651} INFO - DAG(s) dict_keys(['example_trigger_controller_dag']) retrieved from /home/airflow/.local/lib/python3.7/site-packages/airflow/example_dags/example_trigger_controller_dag.py
[2022-05-08 00:35:11,942] {logging_mixin.py:115} INFO - [2022-05-08 00:35:11,942] {dag.py:2371} INFO - Sync 1 DAGs
[2022-05-08 00:35:11,970] {logging_mixin.py:115} INFO - [2022-05-08 00:35:11,970] {dag.py:2919} INFO - Setting next_dagrun for example_trigger_controller_dag to 2021-01-01T00:00:00+00:00, run_after=2021-01-01T00:00:00+00:00
[2022-05-08 00:35:11,985] {processor.py:161} INFO - Processing /home/airflow/.local/lib/python3.7/site-packages/airflow/example_dags/example_trigger_controller_dag.py took 0.110 seconds
[2022-05-08 00:35:42,679] {processor.py:153} INFO - Started process (PID=2597) to work on /home/airflow/.local/lib/python3.7/site-packages/airflow/example_dags/example_trigger_controller_dag.py
[2022-05-08 00:35:42,680] {processor.py:641} INFO - Processing file /home/airflow/.local/lib/python3.7/site-packages/airflow/example_dags/example_trigger_controller_dag.py for tasks to queue
[2022-05-08 00:35:42,682] {logging_mixin.py:115} INFO - [2022-05-08 00:35:42,681] {dagbag.py:507} INFO - Filling up the DagBag from /home/airflow/.local/lib/python3.7/site-packages/airflow/example_dags/example_trigger_controller_dag.py
[2022-05-08 00:35:42,688] {processor.py:651} INFO - DAG(s) dict_keys(['example_trigger_controller_dag']) retrieved from /home/airflow/.local/lib/python3.7/site-packages/airflow/example_dags/example_trigger_controller_dag.py
[2022-05-08 00:35:42,728] {logging_mixin.py:115} INFO - [2022-05-08 00:35:42,728] {dag.py:2371} INFO - Sync 1 DAGs
[2022-05-08 00:35:42,764] {logging_mixin.py:115} INFO - [2022-05-08 00:35:42,764] {dag.py:2919} INFO - Setting next_dagrun for example_trigger_controller_dag to 2021-01-01T00:00:00+00:00, run_after=2021-01-01T00:00:00+00:00
[2022-05-08 00:35:42,784] {processor.py:161} INFO - Processing /home/airflow/.local/lib/python3.7/site-packages/airflow/example_dags/example_trigger_controller_dag.py took 0.110 seconds
[2022-05-08 00:36:14,571] {processor.py:153} INFO - Started process (PID=2757) to work on /home/airflow/.local/lib/python3.7/site-packages/airflow/example_dags/example_trigger_controller_dag.py
[2022-05-08 00:36:14,576] {processor.py:641} INFO - Processing file /home/airflow/.local/lib/python3.7/site-packages/airflow/example_dags/example_trigger_controller_dag.py for tasks to queue
[2022-05-08 00:36:14,584] {logging_mixin.py:115} INFO - [2022-05-08 00:36:14,583] {dagbag.py:507} INFO - Filling up the DagBag from /home/airflow/.local/lib/python3.7/site-packages/airflow/example_dags/example_trigger_controller_dag.py
[2022-05-08 00:36:14,588] {processor.py:651} INFO - DAG(s) dict_keys(['example_trigger_controller_dag']) retrieved from /home/airflow/.local/lib/python3.7/site-packages/airflow/example_dags/example_trigger_controller_dag.py
[2022-05-08 00:36:14,724] {logging_mixin.py:115} INFO - [2022-05-08 00:36:14,724] {dag.py:2371} INFO - Sync 1 DAGs
[2022-05-08 00:36:16,840] {logging_mixin.py:115} INFO - [2022-05-08 00:36:16,840] {process_utils.py:240} INFO - Waiting up to 5 seconds for processes to exit...
[2022-05-08 00:38:51,439] {processor.py:153} INFO - Started process (PID=218) to work on /home/airflow/.local/lib/python3.7/site-packages/airflow/example_dags/example_trigger_controller_dag.py
[2022-05-08 00:38:51,441] {processor.py:641} INFO - Processing file /home/airflow/.local/lib/python3.7/site-packages/airflow/example_dags/example_trigger_controller_dag.py for tasks to queue
[2022-05-08 00:38:51,442] {logging_mixin.py:115} INFO - [2022-05-08 00:38:51,442] {dagbag.py:507} INFO - Filling up the DagBag from /home/airflow/.local/lib/python3.7/site-packages/airflow/example_dags/example_trigger_controller_dag.py
[2022-05-08 00:38:51,450] {processor.py:651} INFO - DAG(s) dict_keys(['example_trigger_controller_dag']) retrieved from /home/airflow/.local/lib/python3.7/site-packages/airflow/example_dags/example_trigger_controller_dag.py
[2022-05-08 00:38:51,652] {logging_mixin.py:115} INFO - [2022-05-08 00:38:51,652] {manager.py:508} INFO - Created Permission View: can delete on DAG:example_trigger_controller_dag
[2022-05-08 00:38:51,706] {logging_mixin.py:115} INFO - [2022-05-08 00:38:51,706] {manager.py:508} INFO - Created Permission View: can edit on DAG:example_trigger_controller_dag
[2022-05-08 00:38:51,730] {logging_mixin.py:115} INFO - [2022-05-08 00:38:51,730] {manager.py:508} INFO - Created Permission View: can read on DAG:example_trigger_controller_dag
[2022-05-08 00:38:51,731] {logging_mixin.py:115} INFO - [2022-05-08 00:38:51,731] {dag.py:2371} INFO - Sync 1 DAGs
[2022-05-08 00:38:51,732] {logging_mixin.py:115} INFO - [2022-05-08 00:38:51,731] {dag.py:2390} INFO - Creating ORM DAG for example_trigger_controller_dag
[2022-05-08 00:38:51,756] {logging_mixin.py:115} INFO - [2022-05-08 00:38:51,756] {dag.py:2919} INFO - Setting next_dagrun for example_trigger_controller_dag to 2021-01-01T00:00:00+00:00, run_after=2021-01-01T00:00:00+00:00
[2022-05-08 00:38:51,814] {processor.py:161} INFO - Processing /home/airflow/.local/lib/python3.7/site-packages/airflow/example_dags/example_trigger_controller_dag.py took 0.400 seconds
[2022-05-08 00:39:22,374] {processor.py:153} INFO - Started process (PID=390) to work on /home/airflow/.local/lib/python3.7/site-packages/airflow/example_dags/example_trigger_controller_dag.py
[2022-05-08 00:39:22,376] {processor.py:641} INFO - Processing file /home/airflow/.local/lib/python3.7/site-packages/airflow/example_dags/example_trigger_controller_dag.py for tasks to queue
[2022-05-08 00:39:22,378] {logging_mixin.py:115} INFO - [2022-05-08 00:39:22,378] {dagbag.py:507} INFO - Filling up the DagBag from /home/airflow/.local/lib/python3.7/site-packages/airflow/example_dags/example_trigger_controller_dag.py
[2022-05-08 00:39:22,392] {processor.py:651} INFO - DAG(s) dict_keys(['example_trigger_controller_dag']) retrieved from /home/airflow/.local/lib/python3.7/site-packages/airflow/example_dags/example_trigger_controller_dag.py
[2022-05-08 00:39:22,474] {logging_mixin.py:115} INFO - [2022-05-08 00:39:22,474] {dag.py:2371} INFO - Sync 1 DAGs
[2022-05-08 00:39:22,522] {logging_mixin.py:115} INFO - [2022-05-08 00:39:22,522] {dag.py:2919} INFO - Setting next_dagrun for example_trigger_controller_dag to 2021-01-01T00:00:00+00:00, run_after=2021-01-01T00:00:00+00:00
[2022-05-08 00:39:22,549] {processor.py:161} INFO - Processing /home/airflow/.local/lib/python3.7/site-packages/airflow/example_dags/example_trigger_controller_dag.py took 0.198 seconds
[2022-05-08 00:39:53,148] {processor.py:153} INFO - Started process (PID=560) to work on /home/airflow/.local/lib/python3.7/site-packages/airflow/example_dags/example_trigger_controller_dag.py
[2022-05-08 00:39:53,150] {processor.py:641} INFO - Processing file /home/airflow/.local/lib/python3.7/site-packages/airflow/example_dags/example_trigger_controller_dag.py for tasks to queue
[2022-05-08 00:39:53,151] {logging_mixin.py:115} INFO - [2022-05-08 00:39:53,151] {dagbag.py:507} INFO - Filling up the DagBag from /home/airflow/.local/lib/python3.7/site-packages/airflow/example_dags/example_trigger_controller_dag.py
[2022-05-08 00:39:53,155] {processor.py:651} INFO - DAG(s) dict_keys(['example_trigger_controller_dag']) retrieved from /home/airflow/.local/lib/python3.7/site-packages/airflow/example_dags/example_trigger_controller_dag.py
[2022-05-08 00:39:53,193] {logging_mixin.py:115} INFO - [2022-05-08 00:39:53,193] {dag.py:2371} INFO - Sync 1 DAGs
[2022-05-08 00:39:53,224] {logging_mixin.py:115} INFO - [2022-05-08 00:39:53,224] {dag.py:2919} INFO - Setting next_dagrun for example_trigger_controller_dag to 2021-01-01T00:00:00+00:00, run_after=2021-01-01T00:00:00+00:00
[2022-05-08 00:39:53,237] {processor.py:161} INFO - Processing /home/airflow/.local/lib/python3.7/site-packages/airflow/example_dags/example_trigger_controller_dag.py took 0.092 seconds
[2022-05-08 00:40:23,924] {processor.py:153} INFO - Started process (PID=728) to work on /home/airflow/.local/lib/python3.7/site-packages/airflow/example_dags/example_trigger_controller_dag.py
[2022-05-08 00:40:23,928] {processor.py:641} INFO - Processing file /home/airflow/.local/lib/python3.7/site-packages/airflow/example_dags/example_trigger_controller_dag.py for tasks to queue
[2022-05-08 00:40:23,930] {logging_mixin.py:115} INFO - [2022-05-08 00:40:23,930] {dagbag.py:507} INFO - Filling up the DagBag from /home/airflow/.local/lib/python3.7/site-packages/airflow/example_dags/example_trigger_controller_dag.py
[2022-05-08 00:40:23,940] {processor.py:651} INFO - DAG(s) dict_keys(['example_trigger_controller_dag']) retrieved from /home/airflow/.local/lib/python3.7/site-packages/airflow/example_dags/example_trigger_controller_dag.py
[2022-05-08 00:40:23,982] {logging_mixin.py:115} INFO - [2022-05-08 00:40:23,982] {dag.py:2371} INFO - Sync 1 DAGs
[2022-05-08 00:40:24,021] {logging_mixin.py:115} INFO - [2022-05-08 00:40:24,021] {dag.py:2919} INFO - Setting next_dagrun for example_trigger_controller_dag to 2021-01-01T00:00:00+00:00, run_after=2021-01-01T00:00:00+00:00
[2022-05-08 00:40:24,044] {processor.py:161} INFO - Processing /home/airflow/.local/lib/python3.7/site-packages/airflow/example_dags/example_trigger_controller_dag.py took 0.128 seconds
[2022-05-08 00:40:54,800] {processor.py:153} INFO - Started process (PID=898) to work on /home/airflow/.local/lib/python3.7/site-packages/airflow/example_dags/example_trigger_controller_dag.py
[2022-05-08 00:40:54,808] {processor.py:641} INFO - Processing file /home/airflow/.local/lib/python3.7/site-packages/airflow/example_dags/example_trigger_controller_dag.py for tasks to queue
[2022-05-08 00:40:54,813] {logging_mixin.py:115} INFO - [2022-05-08 00:40:54,813] {dagbag.py:507} INFO - Filling up the DagBag from /home/airflow/.local/lib/python3.7/site-packages/airflow/example_dags/example_trigger_controller_dag.py
[2022-05-08 00:40:54,819] {processor.py:651} INFO - DAG(s) dict_keys(['example_trigger_controller_dag']) retrieved from /home/airflow/.local/lib/python3.7/site-packages/airflow/example_dags/example_trigger_controller_dag.py
[2022-05-08 00:40:54,880] {logging_mixin.py:115} INFO - [2022-05-08 00:40:54,880] {dag.py:2371} INFO - Sync 1 DAGs
[2022-05-08 00:40:54,924] {logging_mixin.py:115} INFO - [2022-05-08 00:40:54,924] {dag.py:2919} INFO - Setting next_dagrun for example_trigger_controller_dag to 2021-01-01T00:00:00+00:00, run_after=2021-01-01T00:00:00+00:00
[2022-05-08 00:40:54,946] {processor.py:161} INFO - Processing /home/airflow/.local/lib/python3.7/site-packages/airflow/example_dags/example_trigger_controller_dag.py took 0.159 seconds
[2022-05-08 00:41:25,429] {processor.py:153} INFO - Started process (PID=1068) to work on /home/airflow/.local/lib/python3.7/site-packages/airflow/example_dags/example_trigger_controller_dag.py
[2022-05-08 00:41:25,430] {processor.py:641} INFO - Processing file /home/airflow/.local/lib/python3.7/site-packages/airflow/example_dags/example_trigger_controller_dag.py for tasks to queue
[2022-05-08 00:41:25,432] {logging_mixin.py:115} INFO - [2022-05-08 00:41:25,432] {dagbag.py:507} INFO - Filling up the DagBag from /home/airflow/.local/lib/python3.7/site-packages/airflow/example_dags/example_trigger_controller_dag.py
[2022-05-08 00:41:25,439] {processor.py:651} INFO - DAG(s) dict_keys(['example_trigger_controller_dag']) retrieved from /home/airflow/.local/lib/python3.7/site-packages/airflow/example_dags/example_trigger_controller_dag.py
[2022-05-08 00:41:25,479] {logging_mixin.py:115} INFO - [2022-05-08 00:41:25,479] {dag.py:2371} INFO - Sync 1 DAGs
[2022-05-08 00:41:25,524] {logging_mixin.py:115} INFO - [2022-05-08 00:41:25,524] {dag.py:2919} INFO - Setting next_dagrun for example_trigger_controller_dag to 2021-01-01T00:00:00+00:00, run_after=2021-01-01T00:00:00+00:00
[2022-05-08 00:41:25,541] {processor.py:161} INFO - Processing /home/airflow/.local/lib/python3.7/site-packages/airflow/example_dags/example_trigger_controller_dag.py took 0.118 seconds
[2022-05-08 00:41:56,064] {processor.py:153} INFO - Started process (PID=1238) to work on /home/airflow/.local/lib/python3.7/site-packages/airflow/example_dags/example_trigger_controller_dag.py
[2022-05-08 00:41:56,066] {processor.py:641} INFO - Processing file /home/airflow/.local/lib/python3.7/site-packages/airflow/example_dags/example_trigger_controller_dag.py for tasks to queue
[2022-05-08 00:41:56,068] {logging_mixin.py:115} INFO - [2022-05-08 00:41:56,068] {dagbag.py:507} INFO - Filling up the DagBag from /home/airflow/.local/lib/python3.7/site-packages/airflow/example_dags/example_trigger_controller_dag.py
[2022-05-08 00:41:56,076] {processor.py:651} INFO - DAG(s) dict_keys(['example_trigger_controller_dag']) retrieved from /home/airflow/.local/lib/python3.7/site-packages/airflow/example_dags/example_trigger_controller_dag.py
[2022-05-08 00:41:56,135] {logging_mixin.py:115} INFO - [2022-05-08 00:41:56,135] {dag.py:2371} INFO - Sync 1 DAGs
[2022-05-08 00:41:56,176] {logging_mixin.py:115} INFO - [2022-05-08 00:41:56,176] {dag.py:2919} INFO - Setting next_dagrun for example_trigger_controller_dag to 2021-01-01T00:00:00+00:00, run_after=2021-01-01T00:00:00+00:00
[2022-05-08 00:41:56,216] {processor.py:161} INFO - Processing /home/airflow/.local/lib/python3.7/site-packages/airflow/example_dags/example_trigger_controller_dag.py took 0.160 seconds
