[2022-05-08 00:28:28,757] {processor.py:153} INFO - Started process (PID=165) to work on /home/airflow/.local/lib/python3.7/site-packages/airflow/example_dags/example_nested_branch_dag.py
[2022-05-08 00:28:28,767] {processor.py:641} INFO - Processing file /home/airflow/.local/lib/python3.7/site-packages/airflow/example_dags/example_nested_branch_dag.py for tasks to queue
[2022-05-08 00:28:28,768] {logging_mixin.py:115} INFO - [2022-05-08 00:28:28,768] {dagbag.py:507} INFO - Filling up the DagBag from /home/airflow/.local/lib/python3.7/site-packages/airflow/example_dags/example_nested_branch_dag.py
[2022-05-08 00:28:28,830] {processor.py:651} INFO - DAG(s) dict_keys(['example_nested_branch_dag']) retrieved from /home/airflow/.local/lib/python3.7/site-packages/airflow/example_dags/example_nested_branch_dag.py
[2022-05-08 00:28:28,926] {logging_mixin.py:115} INFO - [2022-05-08 00:28:28,926] {dag.py:2371} INFO - Sync 1 DAGs
[2022-05-08 00:28:29,011] {logging_mixin.py:115} INFO - [2022-05-08 00:28:29,011] {dag.py:2919} INFO - Setting next_dagrun for example_nested_branch_dag to 2022-05-07T00:00:00+00:00, run_after=2022-05-08T00:00:00+00:00
[2022-05-08 00:28:29,034] {processor.py:161} INFO - Processing /home/airflow/.local/lib/python3.7/site-packages/airflow/example_dags/example_nested_branch_dag.py took 0.281 seconds
[2022-05-08 00:28:59,202] {processor.py:153} INFO - Started process (PID=336) to work on /home/airflow/.local/lib/python3.7/site-packages/airflow/example_dags/example_nested_branch_dag.py
[2022-05-08 00:28:59,204] {processor.py:641} INFO - Processing file /home/airflow/.local/lib/python3.7/site-packages/airflow/example_dags/example_nested_branch_dag.py for tasks to queue
[2022-05-08 00:28:59,207] {logging_mixin.py:115} INFO - [2022-05-08 00:28:59,207] {dagbag.py:507} INFO - Filling up the DagBag from /home/airflow/.local/lib/python3.7/site-packages/airflow/example_dags/example_nested_branch_dag.py
[2022-05-08 00:28:59,237] {processor.py:651} INFO - DAG(s) dict_keys(['example_nested_branch_dag']) retrieved from /home/airflow/.local/lib/python3.7/site-packages/airflow/example_dags/example_nested_branch_dag.py
[2022-05-08 00:28:59,295] {logging_mixin.py:115} INFO - [2022-05-08 00:28:59,295] {dag.py:2371} INFO - Sync 1 DAGs
[2022-05-08 00:28:59,358] {logging_mixin.py:115} INFO - [2022-05-08 00:28:59,357] {dag.py:2919} INFO - Setting next_dagrun for example_nested_branch_dag to 2022-05-07T00:00:00+00:00, run_after=2022-05-08T00:00:00+00:00
[2022-05-08 00:28:59,395] {processor.py:161} INFO - Processing /home/airflow/.local/lib/python3.7/site-packages/airflow/example_dags/example_nested_branch_dag.py took 0.214 seconds
[2022-05-08 00:29:29,474] {processor.py:153} INFO - Started process (PID=504) to work on /home/airflow/.local/lib/python3.7/site-packages/airflow/example_dags/example_nested_branch_dag.py
[2022-05-08 00:29:29,476] {processor.py:641} INFO - Processing file /home/airflow/.local/lib/python3.7/site-packages/airflow/example_dags/example_nested_branch_dag.py for tasks to queue
[2022-05-08 00:29:29,478] {logging_mixin.py:115} INFO - [2022-05-08 00:29:29,478] {dagbag.py:507} INFO - Filling up the DagBag from /home/airflow/.local/lib/python3.7/site-packages/airflow/example_dags/example_nested_branch_dag.py
[2022-05-08 00:29:29,506] {processor.py:651} INFO - DAG(s) dict_keys(['example_nested_branch_dag']) retrieved from /home/airflow/.local/lib/python3.7/site-packages/airflow/example_dags/example_nested_branch_dag.py
[2022-05-08 00:29:29,544] {logging_mixin.py:115} INFO - [2022-05-08 00:29:29,544] {dag.py:2371} INFO - Sync 1 DAGs
[2022-05-08 00:29:29,577] {logging_mixin.py:115} INFO - [2022-05-08 00:29:29,577] {dag.py:2919} INFO - Setting next_dagrun for example_nested_branch_dag to 2022-05-07T00:00:00+00:00, run_after=2022-05-08T00:00:00+00:00
[2022-05-08 00:29:29,595] {processor.py:161} INFO - Processing /home/airflow/.local/lib/python3.7/site-packages/airflow/example_dags/example_nested_branch_dag.py took 0.129 seconds
[2022-05-08 00:29:59,796] {processor.py:153} INFO - Started process (PID=677) to work on /home/airflow/.local/lib/python3.7/site-packages/airflow/example_dags/example_nested_branch_dag.py
[2022-05-08 00:29:59,799] {processor.py:641} INFO - Processing file /home/airflow/.local/lib/python3.7/site-packages/airflow/example_dags/example_nested_branch_dag.py for tasks to queue
[2022-05-08 00:29:59,800] {logging_mixin.py:115} INFO - [2022-05-08 00:29:59,800] {dagbag.py:507} INFO - Filling up the DagBag from /home/airflow/.local/lib/python3.7/site-packages/airflow/example_dags/example_nested_branch_dag.py
[2022-05-08 00:29:59,824] {processor.py:651} INFO - DAG(s) dict_keys(['example_nested_branch_dag']) retrieved from /home/airflow/.local/lib/python3.7/site-packages/airflow/example_dags/example_nested_branch_dag.py
[2022-05-08 00:29:59,865] {logging_mixin.py:115} INFO - [2022-05-08 00:29:59,865] {dag.py:2371} INFO - Sync 1 DAGs
[2022-05-08 00:29:59,919] {logging_mixin.py:115} INFO - [2022-05-08 00:29:59,919] {dag.py:2919} INFO - Setting next_dagrun for example_nested_branch_dag to 2022-05-07T00:00:00+00:00, run_after=2022-05-08T00:00:00+00:00
[2022-05-08 00:29:59,940] {processor.py:161} INFO - Processing /home/airflow/.local/lib/python3.7/site-packages/airflow/example_dags/example_nested_branch_dag.py took 0.150 seconds
[2022-05-08 00:30:30,375] {processor.py:153} INFO - Started process (PID=845) to work on /home/airflow/.local/lib/python3.7/site-packages/airflow/example_dags/example_nested_branch_dag.py
[2022-05-08 00:30:30,377] {processor.py:641} INFO - Processing file /home/airflow/.local/lib/python3.7/site-packages/airflow/example_dags/example_nested_branch_dag.py for tasks to queue
[2022-05-08 00:30:30,380] {logging_mixin.py:115} INFO - [2022-05-08 00:30:30,379] {dagbag.py:507} INFO - Filling up the DagBag from /home/airflow/.local/lib/python3.7/site-packages/airflow/example_dags/example_nested_branch_dag.py
[2022-05-08 00:30:30,432] {processor.py:651} INFO - DAG(s) dict_keys(['example_nested_branch_dag']) retrieved from /home/airflow/.local/lib/python3.7/site-packages/airflow/example_dags/example_nested_branch_dag.py
[2022-05-08 00:30:30,492] {logging_mixin.py:115} INFO - [2022-05-08 00:30:30,492] {dag.py:2371} INFO - Sync 1 DAGs
[2022-05-08 00:30:30,536] {logging_mixin.py:115} INFO - [2022-05-08 00:30:30,535] {dag.py:2919} INFO - Setting next_dagrun for example_nested_branch_dag to 2022-05-07T00:00:00+00:00, run_after=2022-05-08T00:00:00+00:00
[2022-05-08 00:30:30,552] {processor.py:161} INFO - Processing /home/airflow/.local/lib/python3.7/site-packages/airflow/example_dags/example_nested_branch_dag.py took 0.185 seconds
[2022-05-08 00:31:01,492] {processor.py:153} INFO - Started process (PID=1015) to work on /home/airflow/.local/lib/python3.7/site-packages/airflow/example_dags/example_nested_branch_dag.py
[2022-05-08 00:31:01,493] {processor.py:641} INFO - Processing file /home/airflow/.local/lib/python3.7/site-packages/airflow/example_dags/example_nested_branch_dag.py for tasks to queue
[2022-05-08 00:31:01,496] {logging_mixin.py:115} INFO - [2022-05-08 00:31:01,495] {dagbag.py:507} INFO - Filling up the DagBag from /home/airflow/.local/lib/python3.7/site-packages/airflow/example_dags/example_nested_branch_dag.py
[2022-05-08 00:31:01,520] {processor.py:651} INFO - DAG(s) dict_keys(['example_nested_branch_dag']) retrieved from /home/airflow/.local/lib/python3.7/site-packages/airflow/example_dags/example_nested_branch_dag.py
[2022-05-08 00:31:01,575] {logging_mixin.py:115} INFO - [2022-05-08 00:31:01,575] {dag.py:2371} INFO - Sync 1 DAGs
[2022-05-08 00:31:01,644] {logging_mixin.py:115} INFO - [2022-05-08 00:31:01,643] {dag.py:2919} INFO - Setting next_dagrun for example_nested_branch_dag to 2022-05-07T00:00:00+00:00, run_after=2022-05-08T00:00:00+00:00
[2022-05-08 00:31:01,665] {processor.py:161} INFO - Processing /home/airflow/.local/lib/python3.7/site-packages/airflow/example_dags/example_nested_branch_dag.py took 0.181 seconds
[2022-05-08 00:31:32,549] {processor.py:153} INFO - Started process (PID=1187) to work on /home/airflow/.local/lib/python3.7/site-packages/airflow/example_dags/example_nested_branch_dag.py
[2022-05-08 00:31:32,551] {processor.py:641} INFO - Processing file /home/airflow/.local/lib/python3.7/site-packages/airflow/example_dags/example_nested_branch_dag.py for tasks to queue
[2022-05-08 00:31:32,564] {logging_mixin.py:115} INFO - [2022-05-08 00:31:32,564] {dagbag.py:507} INFO - Filling up the DagBag from /home/airflow/.local/lib/python3.7/site-packages/airflow/example_dags/example_nested_branch_dag.py
[2022-05-08 00:31:32,579] {processor.py:651} INFO - DAG(s) dict_keys(['example_nested_branch_dag']) retrieved from /home/airflow/.local/lib/python3.7/site-packages/airflow/example_dags/example_nested_branch_dag.py
[2022-05-08 00:31:32,610] {logging_mixin.py:115} INFO - [2022-05-08 00:31:32,610] {dag.py:2371} INFO - Sync 1 DAGs
[2022-05-08 00:31:32,639] {logging_mixin.py:115} INFO - [2022-05-08 00:31:32,639] {dag.py:2919} INFO - Setting next_dagrun for example_nested_branch_dag to 2022-05-07T00:00:00+00:00, run_after=2022-05-08T00:00:00+00:00
[2022-05-08 00:31:32,653] {processor.py:161} INFO - Processing /home/airflow/.local/lib/python3.7/site-packages/airflow/example_dags/example_nested_branch_dag.py took 0.107 seconds
[2022-05-08 00:32:02,705] {processor.py:153} INFO - Started process (PID=1354) to work on /home/airflow/.local/lib/python3.7/site-packages/airflow/example_dags/example_nested_branch_dag.py
[2022-05-08 00:32:02,707] {processor.py:641} INFO - Processing file /home/airflow/.local/lib/python3.7/site-packages/airflow/example_dags/example_nested_branch_dag.py for tasks to queue
[2022-05-08 00:32:02,708] {logging_mixin.py:115} INFO - [2022-05-08 00:32:02,708] {dagbag.py:507} INFO - Filling up the DagBag from /home/airflow/.local/lib/python3.7/site-packages/airflow/example_dags/example_nested_branch_dag.py
[2022-05-08 00:32:02,725] {processor.py:651} INFO - DAG(s) dict_keys(['example_nested_branch_dag']) retrieved from /home/airflow/.local/lib/python3.7/site-packages/airflow/example_dags/example_nested_branch_dag.py
[2022-05-08 00:32:02,753] {logging_mixin.py:115} INFO - [2022-05-08 00:32:02,753] {dag.py:2371} INFO - Sync 1 DAGs
[2022-05-08 00:32:02,779] {logging_mixin.py:115} INFO - [2022-05-08 00:32:02,779] {dag.py:2919} INFO - Setting next_dagrun for example_nested_branch_dag to 2022-05-07T00:00:00+00:00, run_after=2022-05-08T00:00:00+00:00
[2022-05-08 00:32:02,791] {processor.py:161} INFO - Processing /home/airflow/.local/lib/python3.7/site-packages/airflow/example_dags/example_nested_branch_dag.py took 0.090 seconds
[2022-05-08 00:32:32,845] {processor.py:153} INFO - Started process (PID=1524) to work on /home/airflow/.local/lib/python3.7/site-packages/airflow/example_dags/example_nested_branch_dag.py
[2022-05-08 00:32:32,846] {processor.py:641} INFO - Processing file /home/airflow/.local/lib/python3.7/site-packages/airflow/example_dags/example_nested_branch_dag.py for tasks to queue
[2022-05-08 00:32:32,848] {logging_mixin.py:115} INFO - [2022-05-08 00:32:32,848] {dagbag.py:507} INFO - Filling up the DagBag from /home/airflow/.local/lib/python3.7/site-packages/airflow/example_dags/example_nested_branch_dag.py
[2022-05-08 00:32:32,866] {processor.py:651} INFO - DAG(s) dict_keys(['example_nested_branch_dag']) retrieved from /home/airflow/.local/lib/python3.7/site-packages/airflow/example_dags/example_nested_branch_dag.py
[2022-05-08 00:32:32,896] {logging_mixin.py:115} INFO - [2022-05-08 00:32:32,896] {dag.py:2371} INFO - Sync 1 DAGs
[2022-05-08 00:32:32,925] {logging_mixin.py:115} INFO - [2022-05-08 00:32:32,925] {dag.py:2919} INFO - Setting next_dagrun for example_nested_branch_dag to 2022-05-07T00:00:00+00:00, run_after=2022-05-08T00:00:00+00:00
[2022-05-08 00:32:32,940] {processor.py:161} INFO - Processing /home/airflow/.local/lib/python3.7/site-packages/airflow/example_dags/example_nested_branch_dag.py took 0.101 seconds
[2022-05-08 00:33:03,504] {processor.py:153} INFO - Started process (PID=1697) to work on /home/airflow/.local/lib/python3.7/site-packages/airflow/example_dags/example_nested_branch_dag.py
[2022-05-08 00:33:03,506] {processor.py:641} INFO - Processing file /home/airflow/.local/lib/python3.7/site-packages/airflow/example_dags/example_nested_branch_dag.py for tasks to queue
[2022-05-08 00:33:03,508] {logging_mixin.py:115} INFO - [2022-05-08 00:33:03,508] {dagbag.py:507} INFO - Filling up the DagBag from /home/airflow/.local/lib/python3.7/site-packages/airflow/example_dags/example_nested_branch_dag.py
[2022-05-08 00:33:03,531] {processor.py:651} INFO - DAG(s) dict_keys(['example_nested_branch_dag']) retrieved from /home/airflow/.local/lib/python3.7/site-packages/airflow/example_dags/example_nested_branch_dag.py
[2022-05-08 00:33:03,570] {logging_mixin.py:115} INFO - [2022-05-08 00:33:03,570] {dag.py:2371} INFO - Sync 1 DAGs
[2022-05-08 00:33:03,608] {logging_mixin.py:115} INFO - [2022-05-08 00:33:03,608] {dag.py:2919} INFO - Setting next_dagrun for example_nested_branch_dag to 2022-05-07T00:00:00+00:00, run_after=2022-05-08T00:00:00+00:00
[2022-05-08 00:33:03,642] {processor.py:161} INFO - Processing /home/airflow/.local/lib/python3.7/site-packages/airflow/example_dags/example_nested_branch_dag.py took 0.146 seconds
[2022-05-08 00:33:34,266] {processor.py:153} INFO - Started process (PID=1867) to work on /home/airflow/.local/lib/python3.7/site-packages/airflow/example_dags/example_nested_branch_dag.py
[2022-05-08 00:33:34,267] {processor.py:641} INFO - Processing file /home/airflow/.local/lib/python3.7/site-packages/airflow/example_dags/example_nested_branch_dag.py for tasks to queue
[2022-05-08 00:33:34,268] {logging_mixin.py:115} INFO - [2022-05-08 00:33:34,268] {dagbag.py:507} INFO - Filling up the DagBag from /home/airflow/.local/lib/python3.7/site-packages/airflow/example_dags/example_nested_branch_dag.py
[2022-05-08 00:33:34,281] {processor.py:651} INFO - DAG(s) dict_keys(['example_nested_branch_dag']) retrieved from /home/airflow/.local/lib/python3.7/site-packages/airflow/example_dags/example_nested_branch_dag.py
[2022-05-08 00:33:34,313] {logging_mixin.py:115} INFO - [2022-05-08 00:33:34,312] {dag.py:2371} INFO - Sync 1 DAGs
[2022-05-08 00:33:34,339] {logging_mixin.py:115} INFO - [2022-05-08 00:33:34,339] {dag.py:2919} INFO - Setting next_dagrun for example_nested_branch_dag to 2022-05-07T00:00:00+00:00, run_after=2022-05-08T00:00:00+00:00
[2022-05-08 00:33:34,357] {processor.py:161} INFO - Processing /home/airflow/.local/lib/python3.7/site-packages/airflow/example_dags/example_nested_branch_dag.py took 0.095 seconds
[2022-05-08 00:34:04,494] {processor.py:153} INFO - Started process (PID=2037) to work on /home/airflow/.local/lib/python3.7/site-packages/airflow/example_dags/example_nested_branch_dag.py
[2022-05-08 00:34:04,495] {processor.py:641} INFO - Processing file /home/airflow/.local/lib/python3.7/site-packages/airflow/example_dags/example_nested_branch_dag.py for tasks to queue
[2022-05-08 00:34:04,497] {logging_mixin.py:115} INFO - [2022-05-08 00:34:04,496] {dagbag.py:507} INFO - Filling up the DagBag from /home/airflow/.local/lib/python3.7/site-packages/airflow/example_dags/example_nested_branch_dag.py
[2022-05-08 00:34:04,509] {processor.py:651} INFO - DAG(s) dict_keys(['example_nested_branch_dag']) retrieved from /home/airflow/.local/lib/python3.7/site-packages/airflow/example_dags/example_nested_branch_dag.py
[2022-05-08 00:34:04,549] {logging_mixin.py:115} INFO - [2022-05-08 00:34:04,549] {dag.py:2371} INFO - Sync 1 DAGs
[2022-05-08 00:34:04,589] {logging_mixin.py:115} INFO - [2022-05-08 00:34:04,589] {dag.py:2919} INFO - Setting next_dagrun for example_nested_branch_dag to 2022-05-07T00:00:00+00:00, run_after=2022-05-08T00:00:00+00:00
[2022-05-08 00:34:04,610] {processor.py:161} INFO - Processing /home/airflow/.local/lib/python3.7/site-packages/airflow/example_dags/example_nested_branch_dag.py took 0.121 seconds
[2022-05-08 00:34:34,870] {processor.py:153} INFO - Started process (PID=2206) to work on /home/airflow/.local/lib/python3.7/site-packages/airflow/example_dags/example_nested_branch_dag.py
[2022-05-08 00:34:34,872] {processor.py:641} INFO - Processing file /home/airflow/.local/lib/python3.7/site-packages/airflow/example_dags/example_nested_branch_dag.py for tasks to queue
[2022-05-08 00:34:34,876] {logging_mixin.py:115} INFO - [2022-05-08 00:34:34,876] {dagbag.py:507} INFO - Filling up the DagBag from /home/airflow/.local/lib/python3.7/site-packages/airflow/example_dags/example_nested_branch_dag.py
[2022-05-08 00:34:34,894] {processor.py:651} INFO - DAG(s) dict_keys(['example_nested_branch_dag']) retrieved from /home/airflow/.local/lib/python3.7/site-packages/airflow/example_dags/example_nested_branch_dag.py
[2022-05-08 00:34:34,935] {logging_mixin.py:115} INFO - [2022-05-08 00:34:34,935] {dag.py:2371} INFO - Sync 1 DAGs
[2022-05-08 00:34:34,973] {logging_mixin.py:115} INFO - [2022-05-08 00:34:34,973] {dag.py:2919} INFO - Setting next_dagrun for example_nested_branch_dag to 2022-05-07T00:00:00+00:00, run_after=2022-05-08T00:00:00+00:00
[2022-05-08 00:34:34,990] {processor.py:161} INFO - Processing /home/airflow/.local/lib/python3.7/site-packages/airflow/example_dags/example_nested_branch_dag.py took 0.124 seconds
[2022-05-08 00:35:05,518] {processor.py:153} INFO - Started process (PID=2375) to work on /home/airflow/.local/lib/python3.7/site-packages/airflow/example_dags/example_nested_branch_dag.py
[2022-05-08 00:35:05,520] {processor.py:641} INFO - Processing file /home/airflow/.local/lib/python3.7/site-packages/airflow/example_dags/example_nested_branch_dag.py for tasks to queue
[2022-05-08 00:35:05,524] {logging_mixin.py:115} INFO - [2022-05-08 00:35:05,524] {dagbag.py:507} INFO - Filling up the DagBag from /home/airflow/.local/lib/python3.7/site-packages/airflow/example_dags/example_nested_branch_dag.py
[2022-05-08 00:35:05,553] {processor.py:651} INFO - DAG(s) dict_keys(['example_nested_branch_dag']) retrieved from /home/airflow/.local/lib/python3.7/site-packages/airflow/example_dags/example_nested_branch_dag.py
[2022-05-08 00:35:05,635] {logging_mixin.py:115} INFO - [2022-05-08 00:35:05,634] {dag.py:2371} INFO - Sync 1 DAGs
[2022-05-08 00:35:05,714] {logging_mixin.py:115} INFO - [2022-05-08 00:35:05,714] {dag.py:2919} INFO - Setting next_dagrun for example_nested_branch_dag to 2022-05-07T00:00:00+00:00, run_after=2022-05-08T00:00:00+00:00
[2022-05-08 00:35:05,742] {processor.py:161} INFO - Processing /home/airflow/.local/lib/python3.7/site-packages/airflow/example_dags/example_nested_branch_dag.py took 0.231 seconds
[2022-05-08 00:35:36,667] {processor.py:153} INFO - Started process (PID=2547) to work on /home/airflow/.local/lib/python3.7/site-packages/airflow/example_dags/example_nested_branch_dag.py
[2022-05-08 00:35:36,670] {processor.py:641} INFO - Processing file /home/airflow/.local/lib/python3.7/site-packages/airflow/example_dags/example_nested_branch_dag.py for tasks to queue
[2022-05-08 00:35:36,672] {logging_mixin.py:115} INFO - [2022-05-08 00:35:36,672] {dagbag.py:507} INFO - Filling up the DagBag from /home/airflow/.local/lib/python3.7/site-packages/airflow/example_dags/example_nested_branch_dag.py
[2022-05-08 00:35:36,693] {processor.py:651} INFO - DAG(s) dict_keys(['example_nested_branch_dag']) retrieved from /home/airflow/.local/lib/python3.7/site-packages/airflow/example_dags/example_nested_branch_dag.py
[2022-05-08 00:35:36,736] {logging_mixin.py:115} INFO - [2022-05-08 00:35:36,736] {dag.py:2371} INFO - Sync 1 DAGs
[2022-05-08 00:35:36,782] {logging_mixin.py:115} INFO - [2022-05-08 00:35:36,781] {dag.py:2919} INFO - Setting next_dagrun for example_nested_branch_dag to 2022-05-07T00:00:00+00:00, run_after=2022-05-08T00:00:00+00:00
[2022-05-08 00:35:36,810] {processor.py:161} INFO - Processing /home/airflow/.local/lib/python3.7/site-packages/airflow/example_dags/example_nested_branch_dag.py took 0.149 seconds
[2022-05-08 00:36:06,900] {processor.py:153} INFO - Started process (PID=2717) to work on /home/airflow/.local/lib/python3.7/site-packages/airflow/example_dags/example_nested_branch_dag.py
[2022-05-08 00:36:06,902] {processor.py:641} INFO - Processing file /home/airflow/.local/lib/python3.7/site-packages/airflow/example_dags/example_nested_branch_dag.py for tasks to queue
[2022-05-08 00:36:06,903] {logging_mixin.py:115} INFO - [2022-05-08 00:36:06,903] {dagbag.py:507} INFO - Filling up the DagBag from /home/airflow/.local/lib/python3.7/site-packages/airflow/example_dags/example_nested_branch_dag.py
[2022-05-08 00:36:06,919] {processor.py:651} INFO - DAG(s) dict_keys(['example_nested_branch_dag']) retrieved from /home/airflow/.local/lib/python3.7/site-packages/airflow/example_dags/example_nested_branch_dag.py
[2022-05-08 00:36:06,954] {logging_mixin.py:115} INFO - [2022-05-08 00:36:06,954] {dag.py:2371} INFO - Sync 1 DAGs
[2022-05-08 00:36:06,980] {logging_mixin.py:115} INFO - [2022-05-08 00:36:06,980] {dag.py:2919} INFO - Setting next_dagrun for example_nested_branch_dag to 2022-05-07T00:00:00+00:00, run_after=2022-05-08T00:00:00+00:00
[2022-05-08 00:36:06,993] {processor.py:161} INFO - Processing /home/airflow/.local/lib/python3.7/site-packages/airflow/example_dags/example_nested_branch_dag.py took 0.099 seconds
[2022-05-08 00:38:48,759] {processor.py:153} INFO - Started process (PID=167) to work on /home/airflow/.local/lib/python3.7/site-packages/airflow/example_dags/example_nested_branch_dag.py
[2022-05-08 00:38:48,761] {processor.py:641} INFO - Processing file /home/airflow/.local/lib/python3.7/site-packages/airflow/example_dags/example_nested_branch_dag.py for tasks to queue
[2022-05-08 00:38:48,764] {logging_mixin.py:115} INFO - [2022-05-08 00:38:48,763] {dagbag.py:507} INFO - Filling up the DagBag from /home/airflow/.local/lib/python3.7/site-packages/airflow/example_dags/example_nested_branch_dag.py
[2022-05-08 00:38:48,799] {processor.py:651} INFO - DAG(s) dict_keys(['example_nested_branch_dag']) retrieved from /home/airflow/.local/lib/python3.7/site-packages/airflow/example_dags/example_nested_branch_dag.py
[2022-05-08 00:38:48,946] {logging_mixin.py:115} INFO - [2022-05-08 00:38:48,945] {manager.py:508} INFO - Created Permission View: can delete on DAG:example_nested_branch_dag
[2022-05-08 00:38:48,958] {logging_mixin.py:115} INFO - [2022-05-08 00:38:48,958] {manager.py:508} INFO - Created Permission View: can edit on DAG:example_nested_branch_dag
[2022-05-08 00:38:48,975] {logging_mixin.py:115} INFO - [2022-05-08 00:38:48,975] {manager.py:508} INFO - Created Permission View: can read on DAG:example_nested_branch_dag
[2022-05-08 00:38:48,976] {logging_mixin.py:115} INFO - [2022-05-08 00:38:48,976] {dag.py:2371} INFO - Sync 1 DAGs
[2022-05-08 00:38:48,988] {logging_mixin.py:115} INFO - [2022-05-08 00:38:48,988] {dag.py:2390} INFO - Creating ORM DAG for example_nested_branch_dag
[2022-05-08 00:38:49,008] {logging_mixin.py:115} INFO - [2022-05-08 00:38:49,008] {dag.py:2919} INFO - Setting next_dagrun for example_nested_branch_dag to 2022-05-07T00:00:00+00:00, run_after=2022-05-08T00:00:00+00:00
[2022-05-08 00:38:49,031] {processor.py:161} INFO - Processing /home/airflow/.local/lib/python3.7/site-packages/airflow/example_dags/example_nested_branch_dag.py took 0.276 seconds
[2022-05-08 00:39:19,635] {processor.py:153} INFO - Started process (PID=337) to work on /home/airflow/.local/lib/python3.7/site-packages/airflow/example_dags/example_nested_branch_dag.py
[2022-05-08 00:39:19,637] {processor.py:641} INFO - Processing file /home/airflow/.local/lib/python3.7/site-packages/airflow/example_dags/example_nested_branch_dag.py for tasks to queue
[2022-05-08 00:39:19,639] {logging_mixin.py:115} INFO - [2022-05-08 00:39:19,639] {dagbag.py:507} INFO - Filling up the DagBag from /home/airflow/.local/lib/python3.7/site-packages/airflow/example_dags/example_nested_branch_dag.py
[2022-05-08 00:39:19,664] {processor.py:651} INFO - DAG(s) dict_keys(['example_nested_branch_dag']) retrieved from /home/airflow/.local/lib/python3.7/site-packages/airflow/example_dags/example_nested_branch_dag.py
[2022-05-08 00:39:19,714] {logging_mixin.py:115} INFO - [2022-05-08 00:39:19,714] {dag.py:2371} INFO - Sync 1 DAGs
[2022-05-08 00:39:19,756] {logging_mixin.py:115} INFO - [2022-05-08 00:39:19,755] {dag.py:2919} INFO - Setting next_dagrun for example_nested_branch_dag to 2022-05-07T00:00:00+00:00, run_after=2022-05-08T00:00:00+00:00
[2022-05-08 00:39:19,778] {processor.py:161} INFO - Processing /home/airflow/.local/lib/python3.7/site-packages/airflow/example_dags/example_nested_branch_dag.py took 0.149 seconds
[2022-05-08 00:39:49,933] {processor.py:153} INFO - Started process (PID=505) to work on /home/airflow/.local/lib/python3.7/site-packages/airflow/example_dags/example_nested_branch_dag.py
[2022-05-08 00:39:49,934] {processor.py:641} INFO - Processing file /home/airflow/.local/lib/python3.7/site-packages/airflow/example_dags/example_nested_branch_dag.py for tasks to queue
[2022-05-08 00:39:49,935] {logging_mixin.py:115} INFO - [2022-05-08 00:39:49,935] {dagbag.py:507} INFO - Filling up the DagBag from /home/airflow/.local/lib/python3.7/site-packages/airflow/example_dags/example_nested_branch_dag.py
[2022-05-08 00:39:49,949] {processor.py:651} INFO - DAG(s) dict_keys(['example_nested_branch_dag']) retrieved from /home/airflow/.local/lib/python3.7/site-packages/airflow/example_dags/example_nested_branch_dag.py
[2022-05-08 00:39:49,978] {logging_mixin.py:115} INFO - [2022-05-08 00:39:49,978] {dag.py:2371} INFO - Sync 1 DAGs
[2022-05-08 00:39:50,003] {logging_mixin.py:115} INFO - [2022-05-08 00:39:50,003] {dag.py:2919} INFO - Setting next_dagrun for example_nested_branch_dag to 2022-05-07T00:00:00+00:00, run_after=2022-05-08T00:00:00+00:00
[2022-05-08 00:39:50,018] {processor.py:161} INFO - Processing /home/airflow/.local/lib/python3.7/site-packages/airflow/example_dags/example_nested_branch_dag.py took 0.089 seconds
[2022-05-08 00:40:20,882] {processor.py:153} INFO - Started process (PID=678) to work on /home/airflow/.local/lib/python3.7/site-packages/airflow/example_dags/example_nested_branch_dag.py
[2022-05-08 00:40:20,884] {processor.py:641} INFO - Processing file /home/airflow/.local/lib/python3.7/site-packages/airflow/example_dags/example_nested_branch_dag.py for tasks to queue
[2022-05-08 00:40:20,885] {logging_mixin.py:115} INFO - [2022-05-08 00:40:20,885] {dagbag.py:507} INFO - Filling up the DagBag from /home/airflow/.local/lib/python3.7/site-packages/airflow/example_dags/example_nested_branch_dag.py
[2022-05-08 00:40:20,907] {processor.py:651} INFO - DAG(s) dict_keys(['example_nested_branch_dag']) retrieved from /home/airflow/.local/lib/python3.7/site-packages/airflow/example_dags/example_nested_branch_dag.py
[2022-05-08 00:40:20,957] {logging_mixin.py:115} INFO - [2022-05-08 00:40:20,957] {dag.py:2371} INFO - Sync 1 DAGs
[2022-05-08 00:40:21,011] {logging_mixin.py:115} INFO - [2022-05-08 00:40:21,010] {dag.py:2919} INFO - Setting next_dagrun for example_nested_branch_dag to 2022-05-07T00:00:00+00:00, run_after=2022-05-08T00:00:00+00:00
[2022-05-08 00:40:21,028] {processor.py:161} INFO - Processing /home/airflow/.local/lib/python3.7/site-packages/airflow/example_dags/example_nested_branch_dag.py took 0.153 seconds
[2022-05-08 00:40:51,272] {processor.py:153} INFO - Started process (PID=848) to work on /home/airflow/.local/lib/python3.7/site-packages/airflow/example_dags/example_nested_branch_dag.py
[2022-05-08 00:40:51,274] {processor.py:641} INFO - Processing file /home/airflow/.local/lib/python3.7/site-packages/airflow/example_dags/example_nested_branch_dag.py for tasks to queue
[2022-05-08 00:40:51,276] {logging_mixin.py:115} INFO - [2022-05-08 00:40:51,275] {dagbag.py:507} INFO - Filling up the DagBag from /home/airflow/.local/lib/python3.7/site-packages/airflow/example_dags/example_nested_branch_dag.py
[2022-05-08 00:40:51,296] {processor.py:651} INFO - DAG(s) dict_keys(['example_nested_branch_dag']) retrieved from /home/airflow/.local/lib/python3.7/site-packages/airflow/example_dags/example_nested_branch_dag.py
[2022-05-08 00:40:51,381] {logging_mixin.py:115} INFO - [2022-05-08 00:40:51,381] {dag.py:2371} INFO - Sync 1 DAGs
[2022-05-08 00:40:51,423] {logging_mixin.py:115} INFO - [2022-05-08 00:40:51,422] {dag.py:2919} INFO - Setting next_dagrun for example_nested_branch_dag to 2022-05-07T00:00:00+00:00, run_after=2022-05-08T00:00:00+00:00
[2022-05-08 00:40:51,466] {processor.py:161} INFO - Processing /home/airflow/.local/lib/python3.7/site-packages/airflow/example_dags/example_nested_branch_dag.py took 0.201 seconds
[2022-05-08 00:41:21,606] {processor.py:153} INFO - Started process (PID=1015) to work on /home/airflow/.local/lib/python3.7/site-packages/airflow/example_dags/example_nested_branch_dag.py
[2022-05-08 00:41:21,609] {processor.py:641} INFO - Processing file /home/airflow/.local/lib/python3.7/site-packages/airflow/example_dags/example_nested_branch_dag.py for tasks to queue
[2022-05-08 00:41:21,611] {logging_mixin.py:115} INFO - [2022-05-08 00:41:21,611] {dagbag.py:507} INFO - Filling up the DagBag from /home/airflow/.local/lib/python3.7/site-packages/airflow/example_dags/example_nested_branch_dag.py
[2022-05-08 00:41:21,628] {processor.py:651} INFO - DAG(s) dict_keys(['example_nested_branch_dag']) retrieved from /home/airflow/.local/lib/python3.7/site-packages/airflow/example_dags/example_nested_branch_dag.py
[2022-05-08 00:41:21,641] {logging_mixin.py:115} INFO - [2022-05-08 00:41:21,641] {dag.py:2371} INFO - Sync 1 DAGs
[2022-05-08 00:41:21,679] {logging_mixin.py:115} INFO - [2022-05-08 00:41:21,679] {dag.py:2919} INFO - Setting next_dagrun for example_nested_branch_dag to 2022-05-07T00:00:00+00:00, run_after=2022-05-08T00:00:00+00:00
[2022-05-08 00:41:21,697] {processor.py:161} INFO - Processing /home/airflow/.local/lib/python3.7/site-packages/airflow/example_dags/example_nested_branch_dag.py took 0.118 seconds
[2022-05-08 00:41:51,900] {processor.py:153} INFO - Started process (PID=1188) to work on /home/airflow/.local/lib/python3.7/site-packages/airflow/example_dags/example_nested_branch_dag.py
[2022-05-08 00:41:51,902] {processor.py:641} INFO - Processing file /home/airflow/.local/lib/python3.7/site-packages/airflow/example_dags/example_nested_branch_dag.py for tasks to queue
[2022-05-08 00:41:51,904] {logging_mixin.py:115} INFO - [2022-05-08 00:41:51,904] {dagbag.py:507} INFO - Filling up the DagBag from /home/airflow/.local/lib/python3.7/site-packages/airflow/example_dags/example_nested_branch_dag.py
[2022-05-08 00:41:51,926] {processor.py:651} INFO - DAG(s) dict_keys(['example_nested_branch_dag']) retrieved from /home/airflow/.local/lib/python3.7/site-packages/airflow/example_dags/example_nested_branch_dag.py
[2022-05-08 00:41:51,974] {logging_mixin.py:115} INFO - [2022-05-08 00:41:51,974] {dag.py:2371} INFO - Sync 1 DAGs
[2022-05-08 00:41:52,021] {logging_mixin.py:115} INFO - [2022-05-08 00:41:52,021] {dag.py:2919} INFO - Setting next_dagrun for example_nested_branch_dag to 2022-05-07T00:00:00+00:00, run_after=2022-05-08T00:00:00+00:00
[2022-05-08 00:41:52,038] {processor.py:161} INFO - Processing /home/airflow/.local/lib/python3.7/site-packages/airflow/example_dags/example_nested_branch_dag.py took 0.144 seconds
[2022-05-08 00:42:22,419] {processor.py:153} INFO - Started process (PID=1358) to work on /home/airflow/.local/lib/python3.7/site-packages/airflow/example_dags/example_nested_branch_dag.py
[2022-05-08 00:42:22,421] {processor.py:641} INFO - Processing file /home/airflow/.local/lib/python3.7/site-packages/airflow/example_dags/example_nested_branch_dag.py for tasks to queue
[2022-05-08 00:42:22,423] {logging_mixin.py:115} INFO - [2022-05-08 00:42:22,423] {dagbag.py:507} INFO - Filling up the DagBag from /home/airflow/.local/lib/python3.7/site-packages/airflow/example_dags/example_nested_branch_dag.py
[2022-05-08 00:42:22,444] {processor.py:651} INFO - DAG(s) dict_keys(['example_nested_branch_dag']) retrieved from /home/airflow/.local/lib/python3.7/site-packages/airflow/example_dags/example_nested_branch_dag.py
[2022-05-08 00:42:22,484] {logging_mixin.py:115} INFO - [2022-05-08 00:42:22,484] {dag.py:2371} INFO - Sync 1 DAGs
[2022-05-08 00:42:22,521] {logging_mixin.py:115} INFO - [2022-05-08 00:42:22,521] {dag.py:2919} INFO - Setting next_dagrun for example_nested_branch_dag to 2022-05-07T00:00:00+00:00, run_after=2022-05-08T00:00:00+00:00
[2022-05-08 00:42:22,542] {processor.py:161} INFO - Processing /home/airflow/.local/lib/python3.7/site-packages/airflow/example_dags/example_nested_branch_dag.py took 0.128 seconds
