[2022-05-08 00:28:34,199] {processor.py:153} INFO - Started process (PID=262) to work on /home/airflow/.local/lib/python3.7/site-packages/airflow/example_dags/example_branch_operator.py
[2022-05-08 00:28:34,209] {processor.py:641} INFO - Processing file /home/airflow/.local/lib/python3.7/site-packages/airflow/example_dags/example_branch_operator.py for tasks to queue
[2022-05-08 00:28:34,211] {logging_mixin.py:115} INFO - [2022-05-08 00:28:34,211] {dagbag.py:507} INFO - Filling up the DagBag from /home/airflow/.local/lib/python3.7/site-packages/airflow/example_dags/example_branch_operator.py
[2022-05-08 00:28:34,267] {processor.py:651} INFO - DAG(s) dict_keys(['example_branch_operator']) retrieved from /home/airflow/.local/lib/python3.7/site-packages/airflow/example_dags/example_branch_operator.py
[2022-05-08 00:28:34,402] {logging_mixin.py:115} INFO - [2022-05-08 00:28:34,402] {dag.py:2371} INFO - Sync 1 DAGs
[2022-05-08 00:28:34,565] {logging_mixin.py:115} INFO - [2022-05-08 00:28:34,565] {dag.py:2919} INFO - Setting next_dagrun for example_branch_operator to 2022-05-07T00:00:00+00:00, run_after=2022-05-08T00:00:00+00:00
[2022-05-08 00:28:34,629] {processor.py:161} INFO - Processing /home/airflow/.local/lib/python3.7/site-packages/airflow/example_dags/example_branch_operator.py took 0.453 seconds
[2022-05-08 00:29:05,044] {processor.py:153} INFO - Started process (PID=432) to work on /home/airflow/.local/lib/python3.7/site-packages/airflow/example_dags/example_branch_operator.py
[2022-05-08 00:29:05,058] {processor.py:641} INFO - Processing file /home/airflow/.local/lib/python3.7/site-packages/airflow/example_dags/example_branch_operator.py for tasks to queue
[2022-05-08 00:29:05,063] {logging_mixin.py:115} INFO - [2022-05-08 00:29:05,063] {dagbag.py:507} INFO - Filling up the DagBag from /home/airflow/.local/lib/python3.7/site-packages/airflow/example_dags/example_branch_operator.py
[2022-05-08 00:29:05,131] {processor.py:651} INFO - DAG(s) dict_keys(['example_branch_operator']) retrieved from /home/airflow/.local/lib/python3.7/site-packages/airflow/example_dags/example_branch_operator.py
[2022-05-08 00:29:05,208] {logging_mixin.py:115} INFO - [2022-05-08 00:29:05,207] {dag.py:2371} INFO - Sync 1 DAGs
[2022-05-08 00:29:05,323] {logging_mixin.py:115} INFO - [2022-05-08 00:29:05,322] {dag.py:2919} INFO - Setting next_dagrun for example_branch_operator to 2022-05-07T00:00:00+00:00, run_after=2022-05-08T00:00:00+00:00
[2022-05-08 00:29:05,347] {processor.py:161} INFO - Processing /home/airflow/.local/lib/python3.7/site-packages/airflow/example_dags/example_branch_operator.py took 0.309 seconds
[2022-05-08 00:29:35,746] {processor.py:153} INFO - Started process (PID=602) to work on /home/airflow/.local/lib/python3.7/site-packages/airflow/example_dags/example_branch_operator.py
[2022-05-08 00:29:35,748] {processor.py:641} INFO - Processing file /home/airflow/.local/lib/python3.7/site-packages/airflow/example_dags/example_branch_operator.py for tasks to queue
[2022-05-08 00:29:35,751] {logging_mixin.py:115} INFO - [2022-05-08 00:29:35,751] {dagbag.py:507} INFO - Filling up the DagBag from /home/airflow/.local/lib/python3.7/site-packages/airflow/example_dags/example_branch_operator.py
[2022-05-08 00:29:35,779] {processor.py:651} INFO - DAG(s) dict_keys(['example_branch_operator']) retrieved from /home/airflow/.local/lib/python3.7/site-packages/airflow/example_dags/example_branch_operator.py
[2022-05-08 00:29:35,836] {logging_mixin.py:115} INFO - [2022-05-08 00:29:35,836] {dag.py:2371} INFO - Sync 1 DAGs
[2022-05-08 00:29:35,882] {logging_mixin.py:115} INFO - [2022-05-08 00:29:35,882] {dag.py:2919} INFO - Setting next_dagrun for example_branch_operator to 2022-05-07T00:00:00+00:00, run_after=2022-05-08T00:00:00+00:00
[2022-05-08 00:29:35,904] {processor.py:161} INFO - Processing /home/airflow/.local/lib/python3.7/site-packages/airflow/example_dags/example_branch_operator.py took 0.165 seconds
[2022-05-08 00:30:06,140] {processor.py:153} INFO - Started process (PID=774) to work on /home/airflow/.local/lib/python3.7/site-packages/airflow/example_dags/example_branch_operator.py
[2022-05-08 00:30:06,142] {processor.py:641} INFO - Processing file /home/airflow/.local/lib/python3.7/site-packages/airflow/example_dags/example_branch_operator.py for tasks to queue
[2022-05-08 00:30:06,144] {logging_mixin.py:115} INFO - [2022-05-08 00:30:06,144] {dagbag.py:507} INFO - Filling up the DagBag from /home/airflow/.local/lib/python3.7/site-packages/airflow/example_dags/example_branch_operator.py
[2022-05-08 00:30:06,164] {processor.py:651} INFO - DAG(s) dict_keys(['example_branch_operator']) retrieved from /home/airflow/.local/lib/python3.7/site-packages/airflow/example_dags/example_branch_operator.py
[2022-05-08 00:30:06,195] {logging_mixin.py:115} INFO - [2022-05-08 00:30:06,195] {dag.py:2371} INFO - Sync 1 DAGs
[2022-05-08 00:30:06,222] {logging_mixin.py:115} INFO - [2022-05-08 00:30:06,222] {dag.py:2919} INFO - Setting next_dagrun for example_branch_operator to 2022-05-07T00:00:00+00:00, run_after=2022-05-08T00:00:00+00:00
[2022-05-08 00:30:06,240] {processor.py:161} INFO - Processing /home/airflow/.local/lib/python3.7/site-packages/airflow/example_dags/example_branch_operator.py took 0.107 seconds
[2022-05-08 00:30:36,386] {processor.py:153} INFO - Started process (PID=944) to work on /home/airflow/.local/lib/python3.7/site-packages/airflow/example_dags/example_branch_operator.py
[2022-05-08 00:30:36,387] {processor.py:641} INFO - Processing file /home/airflow/.local/lib/python3.7/site-packages/airflow/example_dags/example_branch_operator.py for tasks to queue
[2022-05-08 00:30:36,388] {logging_mixin.py:115} INFO - [2022-05-08 00:30:36,388] {dagbag.py:507} INFO - Filling up the DagBag from /home/airflow/.local/lib/python3.7/site-packages/airflow/example_dags/example_branch_operator.py
[2022-05-08 00:30:36,404] {processor.py:651} INFO - DAG(s) dict_keys(['example_branch_operator']) retrieved from /home/airflow/.local/lib/python3.7/site-packages/airflow/example_dags/example_branch_operator.py
[2022-05-08 00:30:36,432] {logging_mixin.py:115} INFO - [2022-05-08 00:30:36,432] {dag.py:2371} INFO - Sync 1 DAGs
[2022-05-08 00:30:36,457] {logging_mixin.py:115} INFO - [2022-05-08 00:30:36,457] {dag.py:2919} INFO - Setting next_dagrun for example_branch_operator to 2022-05-07T00:00:00+00:00, run_after=2022-05-08T00:00:00+00:00
[2022-05-08 00:30:36,473] {processor.py:161} INFO - Processing /home/airflow/.local/lib/python3.7/site-packages/airflow/example_dags/example_branch_operator.py took 0.092 seconds
[2022-05-08 00:31:07,282] {processor.py:153} INFO - Started process (PID=1112) to work on /home/airflow/.local/lib/python3.7/site-packages/airflow/example_dags/example_branch_operator.py
[2022-05-08 00:31:07,283] {processor.py:641} INFO - Processing file /home/airflow/.local/lib/python3.7/site-packages/airflow/example_dags/example_branch_operator.py for tasks to queue
[2022-05-08 00:31:07,285] {logging_mixin.py:115} INFO - [2022-05-08 00:31:07,285] {dagbag.py:507} INFO - Filling up the DagBag from /home/airflow/.local/lib/python3.7/site-packages/airflow/example_dags/example_branch_operator.py
[2022-05-08 00:31:07,302] {processor.py:651} INFO - DAG(s) dict_keys(['example_branch_operator']) retrieved from /home/airflow/.local/lib/python3.7/site-packages/airflow/example_dags/example_branch_operator.py
[2022-05-08 00:31:07,335] {logging_mixin.py:115} INFO - [2022-05-08 00:31:07,335] {dag.py:2371} INFO - Sync 1 DAGs
[2022-05-08 00:31:07,369] {logging_mixin.py:115} INFO - [2022-05-08 00:31:07,369] {dag.py:2919} INFO - Setting next_dagrun for example_branch_operator to 2022-05-07T00:00:00+00:00, run_after=2022-05-08T00:00:00+00:00
[2022-05-08 00:31:07,385] {processor.py:161} INFO - Processing /home/airflow/.local/lib/python3.7/site-packages/airflow/example_dags/example_branch_operator.py took 0.107 seconds
[2022-05-08 00:31:38,337] {processor.py:153} INFO - Started process (PID=1282) to work on /home/airflow/.local/lib/python3.7/site-packages/airflow/example_dags/example_branch_operator.py
[2022-05-08 00:31:38,338] {processor.py:641} INFO - Processing file /home/airflow/.local/lib/python3.7/site-packages/airflow/example_dags/example_branch_operator.py for tasks to queue
[2022-05-08 00:31:38,340] {logging_mixin.py:115} INFO - [2022-05-08 00:31:38,340] {dagbag.py:507} INFO - Filling up the DagBag from /home/airflow/.local/lib/python3.7/site-packages/airflow/example_dags/example_branch_operator.py
[2022-05-08 00:31:38,364] {processor.py:651} INFO - DAG(s) dict_keys(['example_branch_operator']) retrieved from /home/airflow/.local/lib/python3.7/site-packages/airflow/example_dags/example_branch_operator.py
[2022-05-08 00:31:38,404] {logging_mixin.py:115} INFO - [2022-05-08 00:31:38,404] {dag.py:2371} INFO - Sync 1 DAGs
[2022-05-08 00:31:38,431] {logging_mixin.py:115} INFO - [2022-05-08 00:31:38,431] {dag.py:2919} INFO - Setting next_dagrun for example_branch_operator to 2022-05-07T00:00:00+00:00, run_after=2022-05-08T00:00:00+00:00
[2022-05-08 00:31:38,449] {processor.py:161} INFO - Processing /home/airflow/.local/lib/python3.7/site-packages/airflow/example_dags/example_branch_operator.py took 0.118 seconds
[2022-05-08 00:32:09,545] {processor.py:153} INFO - Started process (PID=1452) to work on /home/airflow/.local/lib/python3.7/site-packages/airflow/example_dags/example_branch_operator.py
[2022-05-08 00:32:09,547] {processor.py:641} INFO - Processing file /home/airflow/.local/lib/python3.7/site-packages/airflow/example_dags/example_branch_operator.py for tasks to queue
[2022-05-08 00:32:09,549] {logging_mixin.py:115} INFO - [2022-05-08 00:32:09,549] {dagbag.py:507} INFO - Filling up the DagBag from /home/airflow/.local/lib/python3.7/site-packages/airflow/example_dags/example_branch_operator.py
[2022-05-08 00:32:09,608] {processor.py:651} INFO - DAG(s) dict_keys(['example_branch_operator']) retrieved from /home/airflow/.local/lib/python3.7/site-packages/airflow/example_dags/example_branch_operator.py
[2022-05-08 00:32:09,654] {logging_mixin.py:115} INFO - [2022-05-08 00:32:09,654] {dag.py:2371} INFO - Sync 1 DAGs
[2022-05-08 00:32:09,742] {logging_mixin.py:115} INFO - [2022-05-08 00:32:09,742] {dag.py:2919} INFO - Setting next_dagrun for example_branch_operator to 2022-05-07T00:00:00+00:00, run_after=2022-05-08T00:00:00+00:00
[2022-05-08 00:32:09,770] {processor.py:161} INFO - Processing /home/airflow/.local/lib/python3.7/site-packages/airflow/example_dags/example_branch_operator.py took 0.241 seconds
[2022-05-08 00:32:40,468] {processor.py:153} INFO - Started process (PID=1622) to work on /home/airflow/.local/lib/python3.7/site-packages/airflow/example_dags/example_branch_operator.py
[2022-05-08 00:32:40,469] {processor.py:641} INFO - Processing file /home/airflow/.local/lib/python3.7/site-packages/airflow/example_dags/example_branch_operator.py for tasks to queue
[2022-05-08 00:32:40,471] {logging_mixin.py:115} INFO - [2022-05-08 00:32:40,471] {dagbag.py:507} INFO - Filling up the DagBag from /home/airflow/.local/lib/python3.7/site-packages/airflow/example_dags/example_branch_operator.py
[2022-05-08 00:32:40,493] {processor.py:651} INFO - DAG(s) dict_keys(['example_branch_operator']) retrieved from /home/airflow/.local/lib/python3.7/site-packages/airflow/example_dags/example_branch_operator.py
[2022-05-08 00:32:40,533] {logging_mixin.py:115} INFO - [2022-05-08 00:32:40,533] {dag.py:2371} INFO - Sync 1 DAGs
[2022-05-08 00:32:40,569] {logging_mixin.py:115} INFO - [2022-05-08 00:32:40,569] {dag.py:2919} INFO - Setting next_dagrun for example_branch_operator to 2022-05-07T00:00:00+00:00, run_after=2022-05-08T00:00:00+00:00
[2022-05-08 00:32:40,584] {processor.py:161} INFO - Processing /home/airflow/.local/lib/python3.7/site-packages/airflow/example_dags/example_branch_operator.py took 0.122 seconds
[2022-05-08 00:33:11,462] {processor.py:153} INFO - Started process (PID=1792) to work on /home/airflow/.local/lib/python3.7/site-packages/airflow/example_dags/example_branch_operator.py
[2022-05-08 00:33:11,465] {processor.py:641} INFO - Processing file /home/airflow/.local/lib/python3.7/site-packages/airflow/example_dags/example_branch_operator.py for tasks to queue
[2022-05-08 00:33:11,468] {logging_mixin.py:115} INFO - [2022-05-08 00:33:11,468] {dagbag.py:507} INFO - Filling up the DagBag from /home/airflow/.local/lib/python3.7/site-packages/airflow/example_dags/example_branch_operator.py
[2022-05-08 00:33:11,504] {processor.py:651} INFO - DAG(s) dict_keys(['example_branch_operator']) retrieved from /home/airflow/.local/lib/python3.7/site-packages/airflow/example_dags/example_branch_operator.py
[2022-05-08 00:33:11,574] {logging_mixin.py:115} INFO - [2022-05-08 00:33:11,573] {dag.py:2371} INFO - Sync 1 DAGs
[2022-05-08 00:33:11,637] {logging_mixin.py:115} INFO - [2022-05-08 00:33:11,637] {dag.py:2919} INFO - Setting next_dagrun for example_branch_operator to 2022-05-07T00:00:00+00:00, run_after=2022-05-08T00:00:00+00:00
[2022-05-08 00:33:11,664] {processor.py:161} INFO - Processing /home/airflow/.local/lib/python3.7/site-packages/airflow/example_dags/example_branch_operator.py took 0.218 seconds
[2022-05-08 00:33:42,016] {processor.py:153} INFO - Started process (PID=1962) to work on /home/airflow/.local/lib/python3.7/site-packages/airflow/example_dags/example_branch_operator.py
[2022-05-08 00:33:42,020] {processor.py:641} INFO - Processing file /home/airflow/.local/lib/python3.7/site-packages/airflow/example_dags/example_branch_operator.py for tasks to queue
[2022-05-08 00:33:42,022] {logging_mixin.py:115} INFO - [2022-05-08 00:33:42,022] {dagbag.py:507} INFO - Filling up the DagBag from /home/airflow/.local/lib/python3.7/site-packages/airflow/example_dags/example_branch_operator.py
[2022-05-08 00:33:42,043] {processor.py:651} INFO - DAG(s) dict_keys(['example_branch_operator']) retrieved from /home/airflow/.local/lib/python3.7/site-packages/airflow/example_dags/example_branch_operator.py
[2022-05-08 00:33:42,083] {logging_mixin.py:115} INFO - [2022-05-08 00:33:42,083] {dag.py:2371} INFO - Sync 1 DAGs
[2022-05-08 00:33:42,134] {logging_mixin.py:115} INFO - [2022-05-08 00:33:42,134] {dag.py:2919} INFO - Setting next_dagrun for example_branch_operator to 2022-05-07T00:00:00+00:00, run_after=2022-05-08T00:00:00+00:00
[2022-05-08 00:33:42,149] {processor.py:161} INFO - Processing /home/airflow/.local/lib/python3.7/site-packages/airflow/example_dags/example_branch_operator.py took 0.140 seconds
[2022-05-08 00:34:12,344] {processor.py:153} INFO - Started process (PID=2131) to work on /home/airflow/.local/lib/python3.7/site-packages/airflow/example_dags/example_branch_operator.py
[2022-05-08 00:34:12,346] {processor.py:641} INFO - Processing file /home/airflow/.local/lib/python3.7/site-packages/airflow/example_dags/example_branch_operator.py for tasks to queue
[2022-05-08 00:34:12,348] {logging_mixin.py:115} INFO - [2022-05-08 00:34:12,348] {dagbag.py:507} INFO - Filling up the DagBag from /home/airflow/.local/lib/python3.7/site-packages/airflow/example_dags/example_branch_operator.py
[2022-05-08 00:34:12,367] {processor.py:651} INFO - DAG(s) dict_keys(['example_branch_operator']) retrieved from /home/airflow/.local/lib/python3.7/site-packages/airflow/example_dags/example_branch_operator.py
[2022-05-08 00:34:12,402] {logging_mixin.py:115} INFO - [2022-05-08 00:34:12,402] {dag.py:2371} INFO - Sync 1 DAGs
[2022-05-08 00:34:12,429] {logging_mixin.py:115} INFO - [2022-05-08 00:34:12,429] {dag.py:2919} INFO - Setting next_dagrun for example_branch_operator to 2022-05-07T00:00:00+00:00, run_after=2022-05-08T00:00:00+00:00
[2022-05-08 00:34:12,443] {processor.py:161} INFO - Processing /home/airflow/.local/lib/python3.7/site-packages/airflow/example_dags/example_branch_operator.py took 0.104 seconds
[2022-05-08 00:34:43,463] {processor.py:153} INFO - Started process (PID=2297) to work on /home/airflow/.local/lib/python3.7/site-packages/airflow/example_dags/example_branch_operator.py
[2022-05-08 00:34:43,466] {processor.py:641} INFO - Processing file /home/airflow/.local/lib/python3.7/site-packages/airflow/example_dags/example_branch_operator.py for tasks to queue
[2022-05-08 00:34:43,469] {logging_mixin.py:115} INFO - [2022-05-08 00:34:43,468] {dagbag.py:507} INFO - Filling up the DagBag from /home/airflow/.local/lib/python3.7/site-packages/airflow/example_dags/example_branch_operator.py
[2022-05-08 00:34:43,536] {processor.py:651} INFO - DAG(s) dict_keys(['example_branch_operator']) retrieved from /home/airflow/.local/lib/python3.7/site-packages/airflow/example_dags/example_branch_operator.py
[2022-05-08 00:34:43,638] {logging_mixin.py:115} INFO - [2022-05-08 00:34:43,638] {dag.py:2371} INFO - Sync 1 DAGs
[2022-05-08 00:34:43,736] {logging_mixin.py:115} INFO - [2022-05-08 00:34:43,736] {dag.py:2919} INFO - Setting next_dagrun for example_branch_operator to 2022-05-07T00:00:00+00:00, run_after=2022-05-08T00:00:00+00:00
[2022-05-08 00:34:43,792] {processor.py:161} INFO - Processing /home/airflow/.local/lib/python3.7/site-packages/airflow/example_dags/example_branch_operator.py took 0.347 seconds
[2022-05-08 00:35:14,231] {processor.py:153} INFO - Started process (PID=2472) to work on /home/airflow/.local/lib/python3.7/site-packages/airflow/example_dags/example_branch_operator.py
[2022-05-08 00:35:14,234] {processor.py:641} INFO - Processing file /home/airflow/.local/lib/python3.7/site-packages/airflow/example_dags/example_branch_operator.py for tasks to queue
[2022-05-08 00:35:14,247] {logging_mixin.py:115} INFO - [2022-05-08 00:35:14,247] {dagbag.py:507} INFO - Filling up the DagBag from /home/airflow/.local/lib/python3.7/site-packages/airflow/example_dags/example_branch_operator.py
[2022-05-08 00:35:14,273] {processor.py:651} INFO - DAG(s) dict_keys(['example_branch_operator']) retrieved from /home/airflow/.local/lib/python3.7/site-packages/airflow/example_dags/example_branch_operator.py
[2022-05-08 00:35:14,357] {logging_mixin.py:115} INFO - [2022-05-08 00:35:14,357] {dag.py:2371} INFO - Sync 1 DAGs
[2022-05-08 00:35:14,454] {logging_mixin.py:115} INFO - [2022-05-08 00:35:14,454] {dag.py:2919} INFO - Setting next_dagrun for example_branch_operator to 2022-05-07T00:00:00+00:00, run_after=2022-05-08T00:00:00+00:00
[2022-05-08 00:35:14,516] {processor.py:161} INFO - Processing /home/airflow/.local/lib/python3.7/site-packages/airflow/example_dags/example_branch_operator.py took 0.300 seconds
[2022-05-08 00:35:45,366] {processor.py:153} INFO - Started process (PID=2642) to work on /home/airflow/.local/lib/python3.7/site-packages/airflow/example_dags/example_branch_operator.py
[2022-05-08 00:35:45,367] {processor.py:641} INFO - Processing file /home/airflow/.local/lib/python3.7/site-packages/airflow/example_dags/example_branch_operator.py for tasks to queue
[2022-05-08 00:35:45,369] {logging_mixin.py:115} INFO - [2022-05-08 00:35:45,369] {dagbag.py:507} INFO - Filling up the DagBag from /home/airflow/.local/lib/python3.7/site-packages/airflow/example_dags/example_branch_operator.py
[2022-05-08 00:35:45,382] {processor.py:651} INFO - DAG(s) dict_keys(['example_branch_operator']) retrieved from /home/airflow/.local/lib/python3.7/site-packages/airflow/example_dags/example_branch_operator.py
[2022-05-08 00:35:45,420] {logging_mixin.py:115} INFO - [2022-05-08 00:35:45,420] {dag.py:2371} INFO - Sync 1 DAGs
[2022-05-08 00:35:45,454] {logging_mixin.py:115} INFO - [2022-05-08 00:35:45,454] {dag.py:2919} INFO - Setting next_dagrun for example_branch_operator to 2022-05-07T00:00:00+00:00, run_after=2022-05-08T00:00:00+00:00
[2022-05-08 00:35:45,471] {processor.py:161} INFO - Processing /home/airflow/.local/lib/python3.7/site-packages/airflow/example_dags/example_branch_operator.py took 0.111 seconds
[2022-05-08 00:38:54,911] {processor.py:153} INFO - Started process (PID=263) to work on /home/airflow/.local/lib/python3.7/site-packages/airflow/example_dags/example_branch_operator.py
[2022-05-08 00:38:54,949] {processor.py:641} INFO - Processing file /home/airflow/.local/lib/python3.7/site-packages/airflow/example_dags/example_branch_operator.py for tasks to queue
[2022-05-08 00:38:54,957] {logging_mixin.py:115} INFO - [2022-05-08 00:38:54,957] {dagbag.py:507} INFO - Filling up the DagBag from /home/airflow/.local/lib/python3.7/site-packages/airflow/example_dags/example_branch_operator.py
[2022-05-08 00:38:55,157] {processor.py:651} INFO - DAG(s) dict_keys(['example_branch_operator']) retrieved from /home/airflow/.local/lib/python3.7/site-packages/airflow/example_dags/example_branch_operator.py
[2022-05-08 00:38:55,901] {logging_mixin.py:115} INFO - [2022-05-08 00:38:55,901] {manager.py:508} INFO - Created Permission View: can delete on DAG:example_branch_operator
[2022-05-08 00:38:55,934] {logging_mixin.py:115} INFO - [2022-05-08 00:38:55,934] {manager.py:508} INFO - Created Permission View: can edit on DAG:example_branch_operator
[2022-05-08 00:38:55,983] {logging_mixin.py:115} INFO - [2022-05-08 00:38:55,983] {manager.py:508} INFO - Created Permission View: can read on DAG:example_branch_operator
[2022-05-08 00:38:55,987] {logging_mixin.py:115} INFO - [2022-05-08 00:38:55,987] {dag.py:2371} INFO - Sync 1 DAGs
[2022-05-08 00:38:56,067] {logging_mixin.py:115} INFO - [2022-05-08 00:38:56,067] {dag.py:2390} INFO - Creating ORM DAG for example_branch_operator
[2022-05-08 00:38:56,192] {logging_mixin.py:115} INFO - [2022-05-08 00:38:56,192] {dag.py:2919} INFO - Setting next_dagrun for example_branch_operator to 2022-05-07T00:00:00+00:00, run_after=2022-05-08T00:00:00+00:00
[2022-05-08 00:38:56,326] {processor.py:161} INFO - Processing /home/airflow/.local/lib/python3.7/site-packages/airflow/example_dags/example_branch_operator.py took 1.437 seconds
[2022-05-08 00:39:26,523] {processor.py:153} INFO - Started process (PID=431) to work on /home/airflow/.local/lib/python3.7/site-packages/airflow/example_dags/example_branch_operator.py
[2022-05-08 00:39:26,525] {processor.py:641} INFO - Processing file /home/airflow/.local/lib/python3.7/site-packages/airflow/example_dags/example_branch_operator.py for tasks to queue
[2022-05-08 00:39:26,528] {logging_mixin.py:115} INFO - [2022-05-08 00:39:26,527] {dagbag.py:507} INFO - Filling up the DagBag from /home/airflow/.local/lib/python3.7/site-packages/airflow/example_dags/example_branch_operator.py
[2022-05-08 00:39:26,553] {processor.py:651} INFO - DAG(s) dict_keys(['example_branch_operator']) retrieved from /home/airflow/.local/lib/python3.7/site-packages/airflow/example_dags/example_branch_operator.py
[2022-05-08 00:39:26,591] {logging_mixin.py:115} INFO - [2022-05-08 00:39:26,591] {dag.py:2371} INFO - Sync 1 DAGs
[2022-05-08 00:39:26,620] {logging_mixin.py:115} INFO - [2022-05-08 00:39:26,620] {dag.py:2919} INFO - Setting next_dagrun for example_branch_operator to 2022-05-07T00:00:00+00:00, run_after=2022-05-08T00:00:00+00:00
[2022-05-08 00:39:26,637] {processor.py:161} INFO - Processing /home/airflow/.local/lib/python3.7/site-packages/airflow/example_dags/example_branch_operator.py took 0.124 seconds
[2022-05-08 00:39:56,776] {processor.py:153} INFO - Started process (PID=603) to work on /home/airflow/.local/lib/python3.7/site-packages/airflow/example_dags/example_branch_operator.py
[2022-05-08 00:39:56,782] {processor.py:641} INFO - Processing file /home/airflow/.local/lib/python3.7/site-packages/airflow/example_dags/example_branch_operator.py for tasks to queue
[2022-05-08 00:39:56,783] {logging_mixin.py:115} INFO - [2022-05-08 00:39:56,783] {dagbag.py:507} INFO - Filling up the DagBag from /home/airflow/.local/lib/python3.7/site-packages/airflow/example_dags/example_branch_operator.py
[2022-05-08 00:39:56,804] {processor.py:651} INFO - DAG(s) dict_keys(['example_branch_operator']) retrieved from /home/airflow/.local/lib/python3.7/site-packages/airflow/example_dags/example_branch_operator.py
[2022-05-08 00:39:56,835] {logging_mixin.py:115} INFO - [2022-05-08 00:39:56,835] {dag.py:2371} INFO - Sync 1 DAGs
[2022-05-08 00:39:56,863] {logging_mixin.py:115} INFO - [2022-05-08 00:39:56,863] {dag.py:2919} INFO - Setting next_dagrun for example_branch_operator to 2022-05-07T00:00:00+00:00, run_after=2022-05-08T00:00:00+00:00
[2022-05-08 00:39:56,879] {processor.py:161} INFO - Processing /home/airflow/.local/lib/python3.7/site-packages/airflow/example_dags/example_branch_operator.py took 0.116 seconds
[2022-05-08 00:40:28,140] {processor.py:153} INFO - Started process (PID=773) to work on /home/airflow/.local/lib/python3.7/site-packages/airflow/example_dags/example_branch_operator.py
[2022-05-08 00:40:28,144] {processor.py:641} INFO - Processing file /home/airflow/.local/lib/python3.7/site-packages/airflow/example_dags/example_branch_operator.py for tasks to queue
[2022-05-08 00:40:28,160] {logging_mixin.py:115} INFO - [2022-05-08 00:40:28,159] {dagbag.py:507} INFO - Filling up the DagBag from /home/airflow/.local/lib/python3.7/site-packages/airflow/example_dags/example_branch_operator.py
[2022-05-08 00:40:28,275] {processor.py:651} INFO - DAG(s) dict_keys(['example_branch_operator']) retrieved from /home/airflow/.local/lib/python3.7/site-packages/airflow/example_dags/example_branch_operator.py
[2022-05-08 00:40:28,384] {logging_mixin.py:115} INFO - [2022-05-08 00:40:28,383] {dag.py:2371} INFO - Sync 1 DAGs
[2022-05-08 00:40:28,418] {logging_mixin.py:115} INFO - [2022-05-08 00:40:28,418] {dag.py:2919} INFO - Setting next_dagrun for example_branch_operator to 2022-05-07T00:00:00+00:00, run_after=2022-05-08T00:00:00+00:00
[2022-05-08 00:40:28,430] {processor.py:161} INFO - Processing /home/airflow/.local/lib/python3.7/site-packages/airflow/example_dags/example_branch_operator.py took 0.325 seconds
[2022-05-08 00:40:58,586] {processor.py:153} INFO - Started process (PID=938) to work on /home/airflow/.local/lib/python3.7/site-packages/airflow/example_dags/example_branch_operator.py
[2022-05-08 00:40:58,588] {processor.py:641} INFO - Processing file /home/airflow/.local/lib/python3.7/site-packages/airflow/example_dags/example_branch_operator.py for tasks to queue
[2022-05-08 00:40:58,590] {logging_mixin.py:115} INFO - [2022-05-08 00:40:58,590] {dagbag.py:507} INFO - Filling up the DagBag from /home/airflow/.local/lib/python3.7/site-packages/airflow/example_dags/example_branch_operator.py
[2022-05-08 00:40:58,619] {processor.py:651} INFO - DAG(s) dict_keys(['example_branch_operator']) retrieved from /home/airflow/.local/lib/python3.7/site-packages/airflow/example_dags/example_branch_operator.py
[2022-05-08 00:40:58,663] {logging_mixin.py:115} INFO - [2022-05-08 00:40:58,663] {dag.py:2371} INFO - Sync 1 DAGs
[2022-05-08 00:40:58,707] {logging_mixin.py:115} INFO - [2022-05-08 00:40:58,707] {dag.py:2919} INFO - Setting next_dagrun for example_branch_operator to 2022-05-07T00:00:00+00:00, run_after=2022-05-08T00:00:00+00:00
[2022-05-08 00:40:58,729] {processor.py:161} INFO - Processing /home/airflow/.local/lib/python3.7/site-packages/airflow/example_dags/example_branch_operator.py took 0.162 seconds
[2022-05-08 00:41:29,509] {processor.py:153} INFO - Started process (PID=1113) to work on /home/airflow/.local/lib/python3.7/site-packages/airflow/example_dags/example_branch_operator.py
[2022-05-08 00:41:29,511] {processor.py:641} INFO - Processing file /home/airflow/.local/lib/python3.7/site-packages/airflow/example_dags/example_branch_operator.py for tasks to queue
[2022-05-08 00:41:29,513] {logging_mixin.py:115} INFO - [2022-05-08 00:41:29,513] {dagbag.py:507} INFO - Filling up the DagBag from /home/airflow/.local/lib/python3.7/site-packages/airflow/example_dags/example_branch_operator.py
[2022-05-08 00:41:29,540] {processor.py:651} INFO - DAG(s) dict_keys(['example_branch_operator']) retrieved from /home/airflow/.local/lib/python3.7/site-packages/airflow/example_dags/example_branch_operator.py
[2022-05-08 00:41:29,597] {logging_mixin.py:115} INFO - [2022-05-08 00:41:29,596] {dag.py:2371} INFO - Sync 1 DAGs
[2022-05-08 00:41:29,640] {logging_mixin.py:115} INFO - [2022-05-08 00:41:29,640] {dag.py:2919} INFO - Setting next_dagrun for example_branch_operator to 2022-05-07T00:00:00+00:00, run_after=2022-05-08T00:00:00+00:00
[2022-05-08 00:41:29,662] {processor.py:161} INFO - Processing /home/airflow/.local/lib/python3.7/site-packages/airflow/example_dags/example_branch_operator.py took 0.159 seconds
[2022-05-08 00:42:00,081] {processor.py:153} INFO - Started process (PID=1283) to work on /home/airflow/.local/lib/python3.7/site-packages/airflow/example_dags/example_branch_operator.py
[2022-05-08 00:42:00,083] {processor.py:641} INFO - Processing file /home/airflow/.local/lib/python3.7/site-packages/airflow/example_dags/example_branch_operator.py for tasks to queue
[2022-05-08 00:42:00,086] {logging_mixin.py:115} INFO - [2022-05-08 00:42:00,086] {dagbag.py:507} INFO - Filling up the DagBag from /home/airflow/.local/lib/python3.7/site-packages/airflow/example_dags/example_branch_operator.py
[2022-05-08 00:42:00,106] {processor.py:651} INFO - DAG(s) dict_keys(['example_branch_operator']) retrieved from /home/airflow/.local/lib/python3.7/site-packages/airflow/example_dags/example_branch_operator.py
[2022-05-08 00:42:00,151] {logging_mixin.py:115} INFO - [2022-05-08 00:42:00,151] {dag.py:2371} INFO - Sync 1 DAGs
[2022-05-08 00:42:00,199] {logging_mixin.py:115} INFO - [2022-05-08 00:42:00,198] {dag.py:2919} INFO - Setting next_dagrun for example_branch_operator to 2022-05-07T00:00:00+00:00, run_after=2022-05-08T00:00:00+00:00
[2022-05-08 00:42:00,215] {processor.py:161} INFO - Processing /home/airflow/.local/lib/python3.7/site-packages/airflow/example_dags/example_branch_operator.py took 0.141 seconds
