[2022-05-08 00:28:31,004] {processor.py:153} INFO - Started process (PID=208) to work on /home/airflow/.local/lib/python3.7/site-packages/airflow/example_dags/example_latest_only_with_trigger.py
[2022-05-08 00:28:31,006] {processor.py:641} INFO - Processing file /home/airflow/.local/lib/python3.7/site-packages/airflow/example_dags/example_latest_only_with_trigger.py for tasks to queue
[2022-05-08 00:28:31,008] {logging_mixin.py:115} INFO - [2022-05-08 00:28:31,007] {dagbag.py:507} INFO - Filling up the DagBag from /home/airflow/.local/lib/python3.7/site-packages/airflow/example_dags/example_latest_only_with_trigger.py
[2022-05-08 00:28:31,028] {processor.py:651} INFO - DAG(s) dict_keys(['latest_only_with_trigger']) retrieved from /home/airflow/.local/lib/python3.7/site-packages/airflow/example_dags/example_latest_only_with_trigger.py
[2022-05-08 00:28:31,137] {logging_mixin.py:115} INFO - [2022-05-08 00:28:31,137] {dag.py:2371} INFO - Sync 1 DAGs
[2022-05-08 00:28:31,238] {logging_mixin.py:115} INFO - [2022-05-08 00:28:31,234] {dag.py:2919} INFO - Setting next_dagrun for latest_only_with_trigger to 2022-05-07T20:28:31.227667+00:00, run_after=2022-05-08T00:28:31.227667+00:00
[2022-05-08 00:28:31,288] {processor.py:161} INFO - Processing /home/airflow/.local/lib/python3.7/site-packages/airflow/example_dags/example_latest_only_with_trigger.py took 0.287 seconds
[2022-05-08 00:29:02,095] {processor.py:153} INFO - Started process (PID=377) to work on /home/airflow/.local/lib/python3.7/site-packages/airflow/example_dags/example_latest_only_with_trigger.py
[2022-05-08 00:29:02,101] {processor.py:641} INFO - Processing file /home/airflow/.local/lib/python3.7/site-packages/airflow/example_dags/example_latest_only_with_trigger.py for tasks to queue
[2022-05-08 00:29:02,105] {logging_mixin.py:115} INFO - [2022-05-08 00:29:02,105] {dagbag.py:507} INFO - Filling up the DagBag from /home/airflow/.local/lib/python3.7/site-packages/airflow/example_dags/example_latest_only_with_trigger.py
[2022-05-08 00:29:02,128] {processor.py:651} INFO - DAG(s) dict_keys(['latest_only_with_trigger']) retrieved from /home/airflow/.local/lib/python3.7/site-packages/airflow/example_dags/example_latest_only_with_trigger.py
[2022-05-08 00:29:02,283] {logging_mixin.py:115} INFO - [2022-05-08 00:29:02,283] {dag.py:2371} INFO - Sync 1 DAGs
[2022-05-08 00:29:02,363] {logging_mixin.py:115} INFO - [2022-05-08 00:29:02,363] {dag.py:2919} INFO - Setting next_dagrun for latest_only_with_trigger to 2022-05-07T20:29:02.362767+00:00, run_after=2022-05-08T00:29:02.362767+00:00
[2022-05-08 00:29:02,395] {processor.py:161} INFO - Processing /home/airflow/.local/lib/python3.7/site-packages/airflow/example_dags/example_latest_only_with_trigger.py took 0.321 seconds
[2022-05-08 00:29:33,097] {processor.py:153} INFO - Started process (PID=547) to work on /home/airflow/.local/lib/python3.7/site-packages/airflow/example_dags/example_latest_only_with_trigger.py
[2022-05-08 00:29:33,099] {processor.py:641} INFO - Processing file /home/airflow/.local/lib/python3.7/site-packages/airflow/example_dags/example_latest_only_with_trigger.py for tasks to queue
[2022-05-08 00:29:33,101] {logging_mixin.py:115} INFO - [2022-05-08 00:29:33,100] {dagbag.py:507} INFO - Filling up the DagBag from /home/airflow/.local/lib/python3.7/site-packages/airflow/example_dags/example_latest_only_with_trigger.py
[2022-05-08 00:29:33,109] {processor.py:651} INFO - DAG(s) dict_keys(['latest_only_with_trigger']) retrieved from /home/airflow/.local/lib/python3.7/site-packages/airflow/example_dags/example_latest_only_with_trigger.py
[2022-05-08 00:29:33,161] {logging_mixin.py:115} INFO - [2022-05-08 00:29:33,161] {dag.py:2371} INFO - Sync 1 DAGs
[2022-05-08 00:29:33,190] {logging_mixin.py:115} INFO - [2022-05-08 00:29:33,189] {dag.py:2919} INFO - Setting next_dagrun for latest_only_with_trigger to 2022-05-07T20:29:33.189705+00:00, run_after=2022-05-08T00:29:33.189705+00:00
[2022-05-08 00:29:33,204] {processor.py:161} INFO - Processing /home/airflow/.local/lib/python3.7/site-packages/airflow/example_dags/example_latest_only_with_trigger.py took 0.111 seconds
[2022-05-08 00:30:03,931] {processor.py:153} INFO - Started process (PID=717) to work on /home/airflow/.local/lib/python3.7/site-packages/airflow/example_dags/example_latest_only_with_trigger.py
[2022-05-08 00:30:03,932] {processor.py:641} INFO - Processing file /home/airflow/.local/lib/python3.7/site-packages/airflow/example_dags/example_latest_only_with_trigger.py for tasks to queue
[2022-05-08 00:30:03,934] {logging_mixin.py:115} INFO - [2022-05-08 00:30:03,934] {dagbag.py:507} INFO - Filling up the DagBag from /home/airflow/.local/lib/python3.7/site-packages/airflow/example_dags/example_latest_only_with_trigger.py
[2022-05-08 00:30:03,946] {processor.py:651} INFO - DAG(s) dict_keys(['latest_only_with_trigger']) retrieved from /home/airflow/.local/lib/python3.7/site-packages/airflow/example_dags/example_latest_only_with_trigger.py
[2022-05-08 00:30:03,983] {logging_mixin.py:115} INFO - [2022-05-08 00:30:03,983] {dag.py:2371} INFO - Sync 1 DAGs
[2022-05-08 00:30:04,016] {logging_mixin.py:115} INFO - [2022-05-08 00:30:04,016] {dag.py:2919} INFO - Setting next_dagrun for latest_only_with_trigger to 2022-05-07T20:30:04.016000+00:00, run_after=2022-05-08T00:30:04.016000+00:00
[2022-05-08 00:30:04,035] {processor.py:161} INFO - Processing /home/airflow/.local/lib/python3.7/site-packages/airflow/example_dags/example_latest_only_with_trigger.py took 0.110 seconds
[2022-05-08 00:30:34,162] {processor.py:153} INFO - Started process (PID=887) to work on /home/airflow/.local/lib/python3.7/site-packages/airflow/example_dags/example_latest_only_with_trigger.py
[2022-05-08 00:30:34,164] {processor.py:641} INFO - Processing file /home/airflow/.local/lib/python3.7/site-packages/airflow/example_dags/example_latest_only_with_trigger.py for tasks to queue
[2022-05-08 00:30:34,165] {logging_mixin.py:115} INFO - [2022-05-08 00:30:34,165] {dagbag.py:507} INFO - Filling up the DagBag from /home/airflow/.local/lib/python3.7/site-packages/airflow/example_dags/example_latest_only_with_trigger.py
[2022-05-08 00:30:34,179] {processor.py:651} INFO - DAG(s) dict_keys(['latest_only_with_trigger']) retrieved from /home/airflow/.local/lib/python3.7/site-packages/airflow/example_dags/example_latest_only_with_trigger.py
[2022-05-08 00:30:34,220] {logging_mixin.py:115} INFO - [2022-05-08 00:30:34,220] {dag.py:2371} INFO - Sync 1 DAGs
[2022-05-08 00:30:34,262] {logging_mixin.py:115} INFO - [2022-05-08 00:30:34,262] {dag.py:2919} INFO - Setting next_dagrun for latest_only_with_trigger to 2022-05-07T20:30:34.262392+00:00, run_after=2022-05-08T00:30:34.262392+00:00
[2022-05-08 00:30:34,279] {processor.py:161} INFO - Processing /home/airflow/.local/lib/python3.7/site-packages/airflow/example_dags/example_latest_only_with_trigger.py took 0.123 seconds
[2022-05-08 00:31:05,307] {processor.py:153} INFO - Started process (PID=1059) to work on /home/airflow/.local/lib/python3.7/site-packages/airflow/example_dags/example_latest_only_with_trigger.py
[2022-05-08 00:31:05,309] {processor.py:641} INFO - Processing file /home/airflow/.local/lib/python3.7/site-packages/airflow/example_dags/example_latest_only_with_trigger.py for tasks to queue
[2022-05-08 00:31:05,310] {logging_mixin.py:115} INFO - [2022-05-08 00:31:05,310] {dagbag.py:507} INFO - Filling up the DagBag from /home/airflow/.local/lib/python3.7/site-packages/airflow/example_dags/example_latest_only_with_trigger.py
[2022-05-08 00:31:05,320] {processor.py:651} INFO - DAG(s) dict_keys(['latest_only_with_trigger']) retrieved from /home/airflow/.local/lib/python3.7/site-packages/airflow/example_dags/example_latest_only_with_trigger.py
[2022-05-08 00:31:05,357] {logging_mixin.py:115} INFO - [2022-05-08 00:31:05,357] {dag.py:2371} INFO - Sync 1 DAGs
[2022-05-08 00:31:05,383] {logging_mixin.py:115} INFO - [2022-05-08 00:31:05,383] {dag.py:2919} INFO - Setting next_dagrun for latest_only_with_trigger to 2022-05-07T20:31:05.383377+00:00, run_after=2022-05-08T00:31:05.383377+00:00
[2022-05-08 00:31:05,401] {processor.py:161} INFO - Processing /home/airflow/.local/lib/python3.7/site-packages/airflow/example_dags/example_latest_only_with_trigger.py took 0.099 seconds
[2022-05-08 00:31:36,429] {processor.py:153} INFO - Started process (PID=1228) to work on /home/airflow/.local/lib/python3.7/site-packages/airflow/example_dags/example_latest_only_with_trigger.py
[2022-05-08 00:31:36,431] {processor.py:641} INFO - Processing file /home/airflow/.local/lib/python3.7/site-packages/airflow/example_dags/example_latest_only_with_trigger.py for tasks to queue
[2022-05-08 00:31:36,434] {logging_mixin.py:115} INFO - [2022-05-08 00:31:36,434] {dagbag.py:507} INFO - Filling up the DagBag from /home/airflow/.local/lib/python3.7/site-packages/airflow/example_dags/example_latest_only_with_trigger.py
[2022-05-08 00:31:36,450] {processor.py:651} INFO - DAG(s) dict_keys(['latest_only_with_trigger']) retrieved from /home/airflow/.local/lib/python3.7/site-packages/airflow/example_dags/example_latest_only_with_trigger.py
[2022-05-08 00:31:36,500] {logging_mixin.py:115} INFO - [2022-05-08 00:31:36,500] {dag.py:2371} INFO - Sync 1 DAGs
[2022-05-08 00:31:36,530] {logging_mixin.py:115} INFO - [2022-05-08 00:31:36,530] {dag.py:2919} INFO - Setting next_dagrun for latest_only_with_trigger to 2022-05-07T20:31:36.530573+00:00, run_after=2022-05-08T00:31:36.530573+00:00
[2022-05-08 00:31:36,548] {processor.py:161} INFO - Processing /home/airflow/.local/lib/python3.7/site-packages/airflow/example_dags/example_latest_only_with_trigger.py took 0.122 seconds
[2022-05-08 00:32:07,459] {processor.py:153} INFO - Started process (PID=1397) to work on /home/airflow/.local/lib/python3.7/site-packages/airflow/example_dags/example_latest_only_with_trigger.py
[2022-05-08 00:32:07,461] {processor.py:641} INFO - Processing file /home/airflow/.local/lib/python3.7/site-packages/airflow/example_dags/example_latest_only_with_trigger.py for tasks to queue
[2022-05-08 00:32:07,463] {logging_mixin.py:115} INFO - [2022-05-08 00:32:07,463] {dagbag.py:507} INFO - Filling up the DagBag from /home/airflow/.local/lib/python3.7/site-packages/airflow/example_dags/example_latest_only_with_trigger.py
[2022-05-08 00:32:07,473] {processor.py:651} INFO - DAG(s) dict_keys(['latest_only_with_trigger']) retrieved from /home/airflow/.local/lib/python3.7/site-packages/airflow/example_dags/example_latest_only_with_trigger.py
[2022-05-08 00:32:07,508] {logging_mixin.py:115} INFO - [2022-05-08 00:32:07,508] {dag.py:2371} INFO - Sync 1 DAGs
[2022-05-08 00:32:07,533] {logging_mixin.py:115} INFO - [2022-05-08 00:32:07,533] {dag.py:2919} INFO - Setting next_dagrun for latest_only_with_trigger to 2022-05-07T20:32:07.532428+00:00, run_after=2022-05-08T00:32:07.532428+00:00
[2022-05-08 00:32:07,557] {processor.py:161} INFO - Processing /home/airflow/.local/lib/python3.7/site-packages/airflow/example_dags/example_latest_only_with_trigger.py took 0.103 seconds
[2022-05-08 00:32:38,461] {processor.py:153} INFO - Started process (PID=1567) to work on /home/airflow/.local/lib/python3.7/site-packages/airflow/example_dags/example_latest_only_with_trigger.py
[2022-05-08 00:32:38,462] {processor.py:641} INFO - Processing file /home/airflow/.local/lib/python3.7/site-packages/airflow/example_dags/example_latest_only_with_trigger.py for tasks to queue
[2022-05-08 00:32:38,464] {logging_mixin.py:115} INFO - [2022-05-08 00:32:38,463] {dagbag.py:507} INFO - Filling up the DagBag from /home/airflow/.local/lib/python3.7/site-packages/airflow/example_dags/example_latest_only_with_trigger.py
[2022-05-08 00:32:38,470] {processor.py:651} INFO - DAG(s) dict_keys(['latest_only_with_trigger']) retrieved from /home/airflow/.local/lib/python3.7/site-packages/airflow/example_dags/example_latest_only_with_trigger.py
[2022-05-08 00:32:38,507] {logging_mixin.py:115} INFO - [2022-05-08 00:32:38,507] {dag.py:2371} INFO - Sync 1 DAGs
[2022-05-08 00:32:38,540] {logging_mixin.py:115} INFO - [2022-05-08 00:32:38,540] {dag.py:2919} INFO - Setting next_dagrun for latest_only_with_trigger to 2022-05-07T20:32:38.539868+00:00, run_after=2022-05-08T00:32:38.539868+00:00
[2022-05-08 00:32:38,560] {processor.py:161} INFO - Processing /home/airflow/.local/lib/python3.7/site-packages/airflow/example_dags/example_latest_only_with_trigger.py took 0.103 seconds
[2022-05-08 00:33:09,513] {processor.py:153} INFO - Started process (PID=1737) to work on /home/airflow/.local/lib/python3.7/site-packages/airflow/example_dags/example_latest_only_with_trigger.py
[2022-05-08 00:33:09,515] {processor.py:641} INFO - Processing file /home/airflow/.local/lib/python3.7/site-packages/airflow/example_dags/example_latest_only_with_trigger.py for tasks to queue
[2022-05-08 00:33:09,517] {logging_mixin.py:115} INFO - [2022-05-08 00:33:09,517] {dagbag.py:507} INFO - Filling up the DagBag from /home/airflow/.local/lib/python3.7/site-packages/airflow/example_dags/example_latest_only_with_trigger.py
[2022-05-08 00:33:09,531] {processor.py:651} INFO - DAG(s) dict_keys(['latest_only_with_trigger']) retrieved from /home/airflow/.local/lib/python3.7/site-packages/airflow/example_dags/example_latest_only_with_trigger.py
[2022-05-08 00:33:09,575] {logging_mixin.py:115} INFO - [2022-05-08 00:33:09,574] {dag.py:2371} INFO - Sync 1 DAGs
[2022-05-08 00:33:09,609] {logging_mixin.py:115} INFO - [2022-05-08 00:33:09,609] {dag.py:2919} INFO - Setting next_dagrun for latest_only_with_trigger to 2022-05-07T20:33:09.609353+00:00, run_after=2022-05-08T00:33:09.609353+00:00
[2022-05-08 00:33:09,630] {processor.py:161} INFO - Processing /home/airflow/.local/lib/python3.7/site-packages/airflow/example_dags/example_latest_only_with_trigger.py took 0.122 seconds
[2022-05-08 00:33:39,957] {processor.py:153} INFO - Started process (PID=1909) to work on /home/airflow/.local/lib/python3.7/site-packages/airflow/example_dags/example_latest_only_with_trigger.py
[2022-05-08 00:33:39,958] {processor.py:641} INFO - Processing file /home/airflow/.local/lib/python3.7/site-packages/airflow/example_dags/example_latest_only_with_trigger.py for tasks to queue
[2022-05-08 00:33:39,960] {logging_mixin.py:115} INFO - [2022-05-08 00:33:39,960] {dagbag.py:507} INFO - Filling up the DagBag from /home/airflow/.local/lib/python3.7/site-packages/airflow/example_dags/example_latest_only_with_trigger.py
[2022-05-08 00:33:39,973] {processor.py:651} INFO - DAG(s) dict_keys(['latest_only_with_trigger']) retrieved from /home/airflow/.local/lib/python3.7/site-packages/airflow/example_dags/example_latest_only_with_trigger.py
[2022-05-08 00:33:40,021] {logging_mixin.py:115} INFO - [2022-05-08 00:33:40,021] {dag.py:2371} INFO - Sync 1 DAGs
[2022-05-08 00:33:40,054] {logging_mixin.py:115} INFO - [2022-05-08 00:33:40,054] {dag.py:2919} INFO - Setting next_dagrun for latest_only_with_trigger to 2022-05-07T20:33:40.053787+00:00, run_after=2022-05-08T00:33:40.053787+00:00
[2022-05-08 00:33:40,076] {processor.py:161} INFO - Processing /home/airflow/.local/lib/python3.7/site-packages/airflow/example_dags/example_latest_only_with_trigger.py took 0.127 seconds
[2022-05-08 00:34:10,303] {processor.py:153} INFO - Started process (PID=2077) to work on /home/airflow/.local/lib/python3.7/site-packages/airflow/example_dags/example_latest_only_with_trigger.py
[2022-05-08 00:34:10,305] {processor.py:641} INFO - Processing file /home/airflow/.local/lib/python3.7/site-packages/airflow/example_dags/example_latest_only_with_trigger.py for tasks to queue
[2022-05-08 00:34:10,308] {logging_mixin.py:115} INFO - [2022-05-08 00:34:10,307] {dagbag.py:507} INFO - Filling up the DagBag from /home/airflow/.local/lib/python3.7/site-packages/airflow/example_dags/example_latest_only_with_trigger.py
[2022-05-08 00:34:10,320] {processor.py:651} INFO - DAG(s) dict_keys(['latest_only_with_trigger']) retrieved from /home/airflow/.local/lib/python3.7/site-packages/airflow/example_dags/example_latest_only_with_trigger.py
[2022-05-08 00:34:10,361] {logging_mixin.py:115} INFO - [2022-05-08 00:34:10,361] {dag.py:2371} INFO - Sync 1 DAGs
[2022-05-08 00:34:10,409] {logging_mixin.py:115} INFO - [2022-05-08 00:34:10,409] {dag.py:2919} INFO - Setting next_dagrun for latest_only_with_trigger to 2022-05-07T20:34:10.409110+00:00, run_after=2022-05-08T00:34:10.409110+00:00
[2022-05-08 00:34:10,427] {processor.py:161} INFO - Processing /home/airflow/.local/lib/python3.7/site-packages/airflow/example_dags/example_latest_only_with_trigger.py took 0.128 seconds
[2022-05-08 00:34:41,074] {processor.py:153} INFO - Started process (PID=2247) to work on /home/airflow/.local/lib/python3.7/site-packages/airflow/example_dags/example_latest_only_with_trigger.py
[2022-05-08 00:34:41,079] {processor.py:641} INFO - Processing file /home/airflow/.local/lib/python3.7/site-packages/airflow/example_dags/example_latest_only_with_trigger.py for tasks to queue
[2022-05-08 00:34:41,088] {logging_mixin.py:115} INFO - [2022-05-08 00:34:41,088] {dagbag.py:507} INFO - Filling up the DagBag from /home/airflow/.local/lib/python3.7/site-packages/airflow/example_dags/example_latest_only_with_trigger.py
[2022-05-08 00:34:41,101] {processor.py:651} INFO - DAG(s) dict_keys(['latest_only_with_trigger']) retrieved from /home/airflow/.local/lib/python3.7/site-packages/airflow/example_dags/example_latest_only_with_trigger.py
[2022-05-08 00:34:41,184] {logging_mixin.py:115} INFO - [2022-05-08 00:34:41,184] {dag.py:2371} INFO - Sync 1 DAGs
[2022-05-08 00:34:41,259] {logging_mixin.py:115} INFO - [2022-05-08 00:34:41,259] {dag.py:2919} INFO - Setting next_dagrun for latest_only_with_trigger to 2022-05-07T20:34:41.258845+00:00, run_after=2022-05-08T00:34:41.258845+00:00
[2022-05-08 00:34:41,299] {processor.py:161} INFO - Processing /home/airflow/.local/lib/python3.7/site-packages/airflow/example_dags/example_latest_only_with_trigger.py took 0.229 seconds
[2022-05-08 00:35:11,598] {processor.py:153} INFO - Started process (PID=2418) to work on /home/airflow/.local/lib/python3.7/site-packages/airflow/example_dags/example_latest_only_with_trigger.py
[2022-05-08 00:35:11,600] {processor.py:641} INFO - Processing file /home/airflow/.local/lib/python3.7/site-packages/airflow/example_dags/example_latest_only_with_trigger.py for tasks to queue
[2022-05-08 00:35:11,602] {logging_mixin.py:115} INFO - [2022-05-08 00:35:11,601] {dagbag.py:507} INFO - Filling up the DagBag from /home/airflow/.local/lib/python3.7/site-packages/airflow/example_dags/example_latest_only_with_trigger.py
[2022-05-08 00:35:11,617] {processor.py:651} INFO - DAG(s) dict_keys(['latest_only_with_trigger']) retrieved from /home/airflow/.local/lib/python3.7/site-packages/airflow/example_dags/example_latest_only_with_trigger.py
[2022-05-08 00:35:11,682] {logging_mixin.py:115} INFO - [2022-05-08 00:35:11,682] {dag.py:2371} INFO - Sync 1 DAGs
[2022-05-08 00:35:11,755] {logging_mixin.py:115} INFO - [2022-05-08 00:35:11,755] {dag.py:2919} INFO - Setting next_dagrun for latest_only_with_trigger to 2022-05-07T20:35:11.754778+00:00, run_after=2022-05-08T00:35:11.754778+00:00
[2022-05-08 00:35:11,825] {processor.py:161} INFO - Processing /home/airflow/.local/lib/python3.7/site-packages/airflow/example_dags/example_latest_only_with_trigger.py took 0.236 seconds
[2022-05-08 00:35:42,421] {processor.py:153} INFO - Started process (PID=2589) to work on /home/airflow/.local/lib/python3.7/site-packages/airflow/example_dags/example_latest_only_with_trigger.py
[2022-05-08 00:35:42,425] {processor.py:641} INFO - Processing file /home/airflow/.local/lib/python3.7/site-packages/airflow/example_dags/example_latest_only_with_trigger.py for tasks to queue
[2022-05-08 00:35:42,427] {logging_mixin.py:115} INFO - [2022-05-08 00:35:42,427] {dagbag.py:507} INFO - Filling up the DagBag from /home/airflow/.local/lib/python3.7/site-packages/airflow/example_dags/example_latest_only_with_trigger.py
[2022-05-08 00:35:42,446] {processor.py:651} INFO - DAG(s) dict_keys(['latest_only_with_trigger']) retrieved from /home/airflow/.local/lib/python3.7/site-packages/airflow/example_dags/example_latest_only_with_trigger.py
[2022-05-08 00:35:42,527] {logging_mixin.py:115} INFO - [2022-05-08 00:35:42,527] {dag.py:2371} INFO - Sync 1 DAGs
[2022-05-08 00:35:42,576] {logging_mixin.py:115} INFO - [2022-05-08 00:35:42,576] {dag.py:2919} INFO - Setting next_dagrun for latest_only_with_trigger to 2022-05-07T20:35:42.576603+00:00, run_after=2022-05-08T00:35:42.576603+00:00
[2022-05-08 00:35:42,598] {processor.py:161} INFO - Processing /home/airflow/.local/lib/python3.7/site-packages/airflow/example_dags/example_latest_only_with_trigger.py took 0.197 seconds
[2022-05-08 00:36:14,195] {processor.py:153} INFO - Started process (PID=2755) to work on /home/airflow/.local/lib/python3.7/site-packages/airflow/example_dags/example_latest_only_with_trigger.py
[2022-05-08 00:36:14,198] {processor.py:641} INFO - Processing file /home/airflow/.local/lib/python3.7/site-packages/airflow/example_dags/example_latest_only_with_trigger.py for tasks to queue
[2022-05-08 00:36:14,200] {logging_mixin.py:115} INFO - [2022-05-08 00:36:14,200] {dagbag.py:507} INFO - Filling up the DagBag from /home/airflow/.local/lib/python3.7/site-packages/airflow/example_dags/example_latest_only_with_trigger.py
[2022-05-08 00:36:14,222] {processor.py:651} INFO - DAG(s) dict_keys(['latest_only_with_trigger']) retrieved from /home/airflow/.local/lib/python3.7/site-packages/airflow/example_dags/example_latest_only_with_trigger.py
[2022-05-08 00:36:14,334] {logging_mixin.py:115} INFO - [2022-05-08 00:36:14,334] {dag.py:2371} INFO - Sync 1 DAGs
[2022-05-08 00:36:14,437] {logging_mixin.py:115} INFO - [2022-05-08 00:36:14,437] {dag.py:2919} INFO - Setting next_dagrun for latest_only_with_trigger to 2022-05-07T20:36:14.436744+00:00, run_after=2022-05-08T00:36:14.436744+00:00
[2022-05-08 00:36:14,509] {processor.py:161} INFO - Processing /home/airflow/.local/lib/python3.7/site-packages/airflow/example_dags/example_latest_only_with_trigger.py took 0.327 seconds
[2022-05-08 00:38:50,939] {processor.py:153} INFO - Started process (PID=208) to work on /home/airflow/.local/lib/python3.7/site-packages/airflow/example_dags/example_latest_only_with_trigger.py
[2022-05-08 00:38:50,940] {processor.py:641} INFO - Processing file /home/airflow/.local/lib/python3.7/site-packages/airflow/example_dags/example_latest_only_with_trigger.py for tasks to queue
[2022-05-08 00:38:50,942] {logging_mixin.py:115} INFO - [2022-05-08 00:38:50,942] {dagbag.py:507} INFO - Filling up the DagBag from /home/airflow/.local/lib/python3.7/site-packages/airflow/example_dags/example_latest_only_with_trigger.py
[2022-05-08 00:38:50,955] {processor.py:651} INFO - DAG(s) dict_keys(['latest_only_with_trigger']) retrieved from /home/airflow/.local/lib/python3.7/site-packages/airflow/example_dags/example_latest_only_with_trigger.py
[2022-05-08 00:38:51,164] {logging_mixin.py:115} INFO - [2022-05-08 00:38:51,164] {manager.py:508} INFO - Created Permission View: can delete on DAG:latest_only_with_trigger
[2022-05-08 00:38:51,199] {logging_mixin.py:115} INFO - [2022-05-08 00:38:51,198] {manager.py:508} INFO - Created Permission View: can edit on DAG:latest_only_with_trigger
[2022-05-08 00:38:51,232] {logging_mixin.py:115} INFO - [2022-05-08 00:38:51,232] {manager.py:508} INFO - Created Permission View: can read on DAG:latest_only_with_trigger
[2022-05-08 00:38:51,233] {logging_mixin.py:115} INFO - [2022-05-08 00:38:51,233] {dag.py:2371} INFO - Sync 1 DAGs
[2022-05-08 00:38:51,263] {logging_mixin.py:115} INFO - [2022-05-08 00:38:51,263] {dag.py:2390} INFO - Creating ORM DAG for latest_only_with_trigger
[2022-05-08 00:38:51,312] {logging_mixin.py:115} INFO - [2022-05-08 00:38:51,312] {dag.py:2919} INFO - Setting next_dagrun for latest_only_with_trigger to 2022-05-07T20:38:51.311458+00:00, run_after=2022-05-08T00:38:51.311458+00:00
[2022-05-08 00:38:51,369] {processor.py:161} INFO - Processing /home/airflow/.local/lib/python3.7/site-packages/airflow/example_dags/example_latest_only_with_trigger.py took 0.434 seconds
[2022-05-08 00:39:21,964] {processor.py:153} INFO - Started process (PID=380) to work on /home/airflow/.local/lib/python3.7/site-packages/airflow/example_dags/example_latest_only_with_trigger.py
[2022-05-08 00:39:21,970] {processor.py:641} INFO - Processing file /home/airflow/.local/lib/python3.7/site-packages/airflow/example_dags/example_latest_only_with_trigger.py for tasks to queue
[2022-05-08 00:39:21,978] {logging_mixin.py:115} INFO - [2022-05-08 00:39:21,976] {dagbag.py:507} INFO - Filling up the DagBag from /home/airflow/.local/lib/python3.7/site-packages/airflow/example_dags/example_latest_only_with_trigger.py
[2022-05-08 00:39:21,995] {processor.py:651} INFO - DAG(s) dict_keys(['latest_only_with_trigger']) retrieved from /home/airflow/.local/lib/python3.7/site-packages/airflow/example_dags/example_latest_only_with_trigger.py
[2022-05-08 00:39:22,055] {logging_mixin.py:115} INFO - [2022-05-08 00:39:22,055] {dag.py:2371} INFO - Sync 1 DAGs
[2022-05-08 00:39:22,090] {logging_mixin.py:115} INFO - [2022-05-08 00:39:22,090] {dag.py:2919} INFO - Setting next_dagrun for latest_only_with_trigger to 2022-05-07T20:39:22.090196+00:00, run_after=2022-05-08T00:39:22.090196+00:00
[2022-05-08 00:39:22,114] {processor.py:161} INFO - Processing /home/airflow/.local/lib/python3.7/site-packages/airflow/example_dags/example_latest_only_with_trigger.py took 0.154 seconds
[2022-05-08 00:39:52,909] {processor.py:153} INFO - Started process (PID=550) to work on /home/airflow/.local/lib/python3.7/site-packages/airflow/example_dags/example_latest_only_with_trigger.py
[2022-05-08 00:39:52,911] {processor.py:641} INFO - Processing file /home/airflow/.local/lib/python3.7/site-packages/airflow/example_dags/example_latest_only_with_trigger.py for tasks to queue
[2022-05-08 00:39:52,912] {logging_mixin.py:115} INFO - [2022-05-08 00:39:52,912] {dagbag.py:507} INFO - Filling up the DagBag from /home/airflow/.local/lib/python3.7/site-packages/airflow/example_dags/example_latest_only_with_trigger.py
[2022-05-08 00:39:52,918] {processor.py:651} INFO - DAG(s) dict_keys(['latest_only_with_trigger']) retrieved from /home/airflow/.local/lib/python3.7/site-packages/airflow/example_dags/example_latest_only_with_trigger.py
[2022-05-08 00:39:52,953] {logging_mixin.py:115} INFO - [2022-05-08 00:39:52,953] {dag.py:2371} INFO - Sync 1 DAGs
[2022-05-08 00:39:52,978] {logging_mixin.py:115} INFO - [2022-05-08 00:39:52,978] {dag.py:2919} INFO - Setting next_dagrun for latest_only_with_trigger to 2022-05-07T20:39:52.978360+00:00, run_after=2022-05-08T00:39:52.978360+00:00
[2022-05-08 00:39:52,993] {processor.py:161} INFO - Processing /home/airflow/.local/lib/python3.7/site-packages/airflow/example_dags/example_latest_only_with_trigger.py took 0.089 seconds
[2022-05-08 00:40:23,765] {processor.py:153} INFO - Started process (PID=720) to work on /home/airflow/.local/lib/python3.7/site-packages/airflow/example_dags/example_latest_only_with_trigger.py
[2022-05-08 00:40:23,767] {processor.py:641} INFO - Processing file /home/airflow/.local/lib/python3.7/site-packages/airflow/example_dags/example_latest_only_with_trigger.py for tasks to queue
[2022-05-08 00:40:23,768] {logging_mixin.py:115} INFO - [2022-05-08 00:40:23,768] {dagbag.py:507} INFO - Filling up the DagBag from /home/airflow/.local/lib/python3.7/site-packages/airflow/example_dags/example_latest_only_with_trigger.py
[2022-05-08 00:40:23,777] {processor.py:651} INFO - DAG(s) dict_keys(['latest_only_with_trigger']) retrieved from /home/airflow/.local/lib/python3.7/site-packages/airflow/example_dags/example_latest_only_with_trigger.py
[2022-05-08 00:40:23,825] {logging_mixin.py:115} INFO - [2022-05-08 00:40:23,825] {dag.py:2371} INFO - Sync 1 DAGs
[2022-05-08 00:40:23,857] {logging_mixin.py:115} INFO - [2022-05-08 00:40:23,857] {dag.py:2919} INFO - Setting next_dagrun for latest_only_with_trigger to 2022-05-07T20:40:23.856969+00:00, run_after=2022-05-08T00:40:23.856969+00:00
[2022-05-08 00:40:23,871] {processor.py:161} INFO - Processing /home/airflow/.local/lib/python3.7/site-packages/airflow/example_dags/example_latest_only_with_trigger.py took 0.110 seconds
[2022-05-08 00:40:54,576] {processor.py:153} INFO - Started process (PID=888) to work on /home/airflow/.local/lib/python3.7/site-packages/airflow/example_dags/example_latest_only_with_trigger.py
[2022-05-08 00:40:54,578] {processor.py:641} INFO - Processing file /home/airflow/.local/lib/python3.7/site-packages/airflow/example_dags/example_latest_only_with_trigger.py for tasks to queue
[2022-05-08 00:40:54,580] {logging_mixin.py:115} INFO - [2022-05-08 00:40:54,580] {dagbag.py:507} INFO - Filling up the DagBag from /home/airflow/.local/lib/python3.7/site-packages/airflow/example_dags/example_latest_only_with_trigger.py
[2022-05-08 00:40:54,587] {processor.py:651} INFO - DAG(s) dict_keys(['latest_only_with_trigger']) retrieved from /home/airflow/.local/lib/python3.7/site-packages/airflow/example_dags/example_latest_only_with_trigger.py
[2022-05-08 00:40:54,656] {logging_mixin.py:115} INFO - [2022-05-08 00:40:54,656] {dag.py:2371} INFO - Sync 1 DAGs
[2022-05-08 00:40:54,708] {logging_mixin.py:115} INFO - [2022-05-08 00:40:54,708] {dag.py:2919} INFO - Setting next_dagrun for latest_only_with_trigger to 2022-05-07T20:40:54.707929+00:00, run_after=2022-05-08T00:40:54.707929+00:00
[2022-05-08 00:40:54,732] {processor.py:161} INFO - Processing /home/airflow/.local/lib/python3.7/site-packages/airflow/example_dags/example_latest_only_with_trigger.py took 0.164 seconds
[2022-05-08 00:41:25,290] {processor.py:153} INFO - Started process (PID=1058) to work on /home/airflow/.local/lib/python3.7/site-packages/airflow/example_dags/example_latest_only_with_trigger.py
[2022-05-08 00:41:25,291] {processor.py:641} INFO - Processing file /home/airflow/.local/lib/python3.7/site-packages/airflow/example_dags/example_latest_only_with_trigger.py for tasks to queue
[2022-05-08 00:41:25,293] {logging_mixin.py:115} INFO - [2022-05-08 00:41:25,293] {dagbag.py:507} INFO - Filling up the DagBag from /home/airflow/.local/lib/python3.7/site-packages/airflow/example_dags/example_latest_only_with_trigger.py
[2022-05-08 00:41:25,305] {processor.py:651} INFO - DAG(s) dict_keys(['latest_only_with_trigger']) retrieved from /home/airflow/.local/lib/python3.7/site-packages/airflow/example_dags/example_latest_only_with_trigger.py
[2022-05-08 00:41:25,340] {logging_mixin.py:115} INFO - [2022-05-08 00:41:25,340] {dag.py:2371} INFO - Sync 1 DAGs
[2022-05-08 00:41:25,367] {logging_mixin.py:115} INFO - [2022-05-08 00:41:25,366] {dag.py:2919} INFO - Setting next_dagrun for latest_only_with_trigger to 2022-05-07T20:41:25.366053+00:00, run_after=2022-05-08T00:41:25.366053+00:00
[2022-05-08 00:41:25,381] {processor.py:161} INFO - Processing /home/airflow/.local/lib/python3.7/site-packages/airflow/example_dags/example_latest_only_with_trigger.py took 0.095 seconds
[2022-05-08 00:41:55,873] {processor.py:153} INFO - Started process (PID=1228) to work on /home/airflow/.local/lib/python3.7/site-packages/airflow/example_dags/example_latest_only_with_trigger.py
[2022-05-08 00:41:55,876] {processor.py:641} INFO - Processing file /home/airflow/.local/lib/python3.7/site-packages/airflow/example_dags/example_latest_only_with_trigger.py for tasks to queue
[2022-05-08 00:41:55,877] {logging_mixin.py:115} INFO - [2022-05-08 00:41:55,877] {dagbag.py:507} INFO - Filling up the DagBag from /home/airflow/.local/lib/python3.7/site-packages/airflow/example_dags/example_latest_only_with_trigger.py
[2022-05-08 00:41:55,886] {processor.py:651} INFO - DAG(s) dict_keys(['latest_only_with_trigger']) retrieved from /home/airflow/.local/lib/python3.7/site-packages/airflow/example_dags/example_latest_only_with_trigger.py
[2022-05-08 00:41:55,948] {logging_mixin.py:115} INFO - [2022-05-08 00:41:55,947] {dag.py:2371} INFO - Sync 1 DAGs
[2022-05-08 00:41:55,979] {logging_mixin.py:115} INFO - [2022-05-08 00:41:55,979] {dag.py:2919} INFO - Setting next_dagrun for latest_only_with_trigger to 2022-05-07T20:41:55.979400+00:00, run_after=2022-05-08T00:41:55.979400+00:00
[2022-05-08 00:41:56,001] {processor.py:161} INFO - Processing /home/airflow/.local/lib/python3.7/site-packages/airflow/example_dags/example_latest_only_with_trigger.py took 0.131 seconds
