[2022-05-08 00:28:37,946] {processor.py:153} INFO - Started process (PID=312) to work on /home/airflow/.local/lib/python3.7/site-packages/airflow/example_dags/example_task_group_decorator.py
[2022-05-08 00:28:37,954] {processor.py:641} INFO - Processing file /home/airflow/.local/lib/python3.7/site-packages/airflow/example_dags/example_task_group_decorator.py for tasks to queue
[2022-05-08 00:28:37,956] {logging_mixin.py:115} INFO - [2022-05-08 00:28:37,956] {dagbag.py:507} INFO - Filling up the DagBag from /home/airflow/.local/lib/python3.7/site-packages/airflow/example_dags/example_task_group_decorator.py
[2022-05-08 00:28:38,109] {processor.py:651} INFO - DAG(s) dict_keys(['example_task_group_decorator']) retrieved from /home/airflow/.local/lib/python3.7/site-packages/airflow/example_dags/example_task_group_decorator.py
[2022-05-08 00:28:38,360] {logging_mixin.py:115} INFO - [2022-05-08 00:28:38,359] {dag.py:2371} INFO - Sync 1 DAGs
[2022-05-08 00:28:38,461] {logging_mixin.py:115} INFO - [2022-05-08 00:28:38,461] {dag.py:2919} INFO - Setting next_dagrun for example_task_group_decorator to 2022-05-07T00:28:38.460793+00:00, run_after=2022-05-08T00:28:38.460793+00:00
[2022-05-08 00:28:38,561] {processor.py:161} INFO - Processing /home/airflow/.local/lib/python3.7/site-packages/airflow/example_dags/example_task_group_decorator.py took 0.624 seconds
[2022-05-08 00:29:08,881] {processor.py:153} INFO - Started process (PID=487) to work on /home/airflow/.local/lib/python3.7/site-packages/airflow/example_dags/example_task_group_decorator.py
[2022-05-08 00:29:08,884] {processor.py:641} INFO - Processing file /home/airflow/.local/lib/python3.7/site-packages/airflow/example_dags/example_task_group_decorator.py for tasks to queue
[2022-05-08 00:29:08,889] {logging_mixin.py:115} INFO - [2022-05-08 00:29:08,889] {dagbag.py:507} INFO - Filling up the DagBag from /home/airflow/.local/lib/python3.7/site-packages/airflow/example_dags/example_task_group_decorator.py
[2022-05-08 00:29:09,004] {processor.py:651} INFO - DAG(s) dict_keys(['example_task_group_decorator']) retrieved from /home/airflow/.local/lib/python3.7/site-packages/airflow/example_dags/example_task_group_decorator.py
[2022-05-08 00:29:09,311] {logging_mixin.py:115} INFO - [2022-05-08 00:29:09,311] {dag.py:2371} INFO - Sync 1 DAGs
[2022-05-08 00:29:09,360] {logging_mixin.py:115} INFO - [2022-05-08 00:29:09,359] {dag.py:2919} INFO - Setting next_dagrun for example_task_group_decorator to 2022-05-07T00:29:09.359330+00:00, run_after=2022-05-08T00:29:09.359330+00:00
[2022-05-08 00:29:09,380] {processor.py:161} INFO - Processing /home/airflow/.local/lib/python3.7/site-packages/airflow/example_dags/example_task_group_decorator.py took 0.523 seconds
[2022-05-08 00:29:39,453] {processor.py:153} INFO - Started process (PID=667) to work on /home/airflow/.local/lib/python3.7/site-packages/airflow/example_dags/example_task_group_decorator.py
[2022-05-08 00:29:39,454] {processor.py:641} INFO - Processing file /home/airflow/.local/lib/python3.7/site-packages/airflow/example_dags/example_task_group_decorator.py for tasks to queue
[2022-05-08 00:29:39,455] {logging_mixin.py:115} INFO - [2022-05-08 00:29:39,455] {dagbag.py:507} INFO - Filling up the DagBag from /home/airflow/.local/lib/python3.7/site-packages/airflow/example_dags/example_task_group_decorator.py
[2022-05-08 00:29:39,529] {processor.py:651} INFO - DAG(s) dict_keys(['example_task_group_decorator']) retrieved from /home/airflow/.local/lib/python3.7/site-packages/airflow/example_dags/example_task_group_decorator.py
[2022-05-08 00:29:39,625] {logging_mixin.py:115} INFO - [2022-05-08 00:29:39,625] {dag.py:2371} INFO - Sync 1 DAGs
[2022-05-08 00:29:39,652] {logging_mixin.py:115} INFO - [2022-05-08 00:29:39,652] {dag.py:2919} INFO - Setting next_dagrun for example_task_group_decorator to 2022-05-07T00:29:39.651889+00:00, run_after=2022-05-08T00:29:39.651889+00:00
[2022-05-08 00:29:39,673] {processor.py:161} INFO - Processing /home/airflow/.local/lib/python3.7/site-packages/airflow/example_dags/example_task_group_decorator.py took 0.225 seconds
[2022-05-08 00:30:10,214] {processor.py:153} INFO - Started process (PID=837) to work on /home/airflow/.local/lib/python3.7/site-packages/airflow/example_dags/example_task_group_decorator.py
[2022-05-08 00:30:10,215] {processor.py:641} INFO - Processing file /home/airflow/.local/lib/python3.7/site-packages/airflow/example_dags/example_task_group_decorator.py for tasks to queue
[2022-05-08 00:30:10,217] {logging_mixin.py:115} INFO - [2022-05-08 00:30:10,217] {dagbag.py:507} INFO - Filling up the DagBag from /home/airflow/.local/lib/python3.7/site-packages/airflow/example_dags/example_task_group_decorator.py
[2022-05-08 00:30:10,255] {processor.py:651} INFO - DAG(s) dict_keys(['example_task_group_decorator']) retrieved from /home/airflow/.local/lib/python3.7/site-packages/airflow/example_dags/example_task_group_decorator.py
[2022-05-08 00:30:10,338] {logging_mixin.py:115} INFO - [2022-05-08 00:30:10,338] {dag.py:2371} INFO - Sync 1 DAGs
[2022-05-08 00:30:10,366] {logging_mixin.py:115} INFO - [2022-05-08 00:30:10,366] {dag.py:2919} INFO - Setting next_dagrun for example_task_group_decorator to 2022-05-07T00:30:10.366015+00:00, run_after=2022-05-08T00:30:10.366015+00:00
[2022-05-08 00:30:10,390] {processor.py:161} INFO - Processing /home/airflow/.local/lib/python3.7/site-packages/airflow/example_dags/example_task_group_decorator.py took 0.180 seconds
[2022-05-08 00:30:41,133] {processor.py:153} INFO - Started process (PID=992) to work on /home/airflow/.local/lib/python3.7/site-packages/airflow/example_dags/example_task_group_decorator.py
[2022-05-08 00:30:41,134] {processor.py:641} INFO - Processing file /home/airflow/.local/lib/python3.7/site-packages/airflow/example_dags/example_task_group_decorator.py for tasks to queue
[2022-05-08 00:30:41,136] {logging_mixin.py:115} INFO - [2022-05-08 00:30:41,136] {dagbag.py:507} INFO - Filling up the DagBag from /home/airflow/.local/lib/python3.7/site-packages/airflow/example_dags/example_task_group_decorator.py
[2022-05-08 00:30:41,181] {processor.py:651} INFO - DAG(s) dict_keys(['example_task_group_decorator']) retrieved from /home/airflow/.local/lib/python3.7/site-packages/airflow/example_dags/example_task_group_decorator.py
[2022-05-08 00:30:41,286] {logging_mixin.py:115} INFO - [2022-05-08 00:30:41,286] {dag.py:2371} INFO - Sync 1 DAGs
[2022-05-08 00:30:41,318] {logging_mixin.py:115} INFO - [2022-05-08 00:30:41,317] {dag.py:2919} INFO - Setting next_dagrun for example_task_group_decorator to 2022-05-07T00:30:41.316723+00:00, run_after=2022-05-08T00:30:41.316723+00:00
[2022-05-08 00:30:41,340] {processor.py:161} INFO - Processing /home/airflow/.local/lib/python3.7/site-packages/airflow/example_dags/example_task_group_decorator.py took 0.213 seconds
[2022-05-08 00:31:12,068] {processor.py:153} INFO - Started process (PID=1162) to work on /home/airflow/.local/lib/python3.7/site-packages/airflow/example_dags/example_task_group_decorator.py
[2022-05-08 00:31:12,069] {processor.py:641} INFO - Processing file /home/airflow/.local/lib/python3.7/site-packages/airflow/example_dags/example_task_group_decorator.py for tasks to queue
[2022-05-08 00:31:12,071] {logging_mixin.py:115} INFO - [2022-05-08 00:31:12,070] {dagbag.py:507} INFO - Filling up the DagBag from /home/airflow/.local/lib/python3.7/site-packages/airflow/example_dags/example_task_group_decorator.py
[2022-05-08 00:31:12,105] {processor.py:651} INFO - DAG(s) dict_keys(['example_task_group_decorator']) retrieved from /home/airflow/.local/lib/python3.7/site-packages/airflow/example_dags/example_task_group_decorator.py
[2022-05-08 00:31:12,215] {logging_mixin.py:115} INFO - [2022-05-08 00:31:12,215] {dag.py:2371} INFO - Sync 1 DAGs
[2022-05-08 00:31:12,261] {logging_mixin.py:115} INFO - [2022-05-08 00:31:12,260] {dag.py:2919} INFO - Setting next_dagrun for example_task_group_decorator to 2022-05-07T00:31:12.260739+00:00, run_after=2022-05-08T00:31:12.260739+00:00
[2022-05-08 00:31:12,300] {processor.py:161} INFO - Processing /home/airflow/.local/lib/python3.7/site-packages/airflow/example_dags/example_task_group_decorator.py took 0.238 seconds
[2022-05-08 00:31:42,466] {processor.py:153} INFO - Started process (PID=1339) to work on /home/airflow/.local/lib/python3.7/site-packages/airflow/example_dags/example_task_group_decorator.py
[2022-05-08 00:31:42,467] {processor.py:641} INFO - Processing file /home/airflow/.local/lib/python3.7/site-packages/airflow/example_dags/example_task_group_decorator.py for tasks to queue
[2022-05-08 00:31:42,469] {logging_mixin.py:115} INFO - [2022-05-08 00:31:42,469] {dagbag.py:507} INFO - Filling up the DagBag from /home/airflow/.local/lib/python3.7/site-packages/airflow/example_dags/example_task_group_decorator.py
[2022-05-08 00:31:42,504] {processor.py:651} INFO - DAG(s) dict_keys(['example_task_group_decorator']) retrieved from /home/airflow/.local/lib/python3.7/site-packages/airflow/example_dags/example_task_group_decorator.py
[2022-05-08 00:31:42,591] {logging_mixin.py:115} INFO - [2022-05-08 00:31:42,591] {dag.py:2371} INFO - Sync 1 DAGs
[2022-05-08 00:31:42,616] {logging_mixin.py:115} INFO - [2022-05-08 00:31:42,616] {dag.py:2919} INFO - Setting next_dagrun for example_task_group_decorator to 2022-05-07T00:31:42.615994+00:00, run_after=2022-05-08T00:31:42.615994+00:00
[2022-05-08 00:31:42,635] {processor.py:161} INFO - Processing /home/airflow/.local/lib/python3.7/site-packages/airflow/example_dags/example_task_group_decorator.py took 0.173 seconds
[2022-05-08 00:32:12,733] {processor.py:153} INFO - Started process (PID=1519) to work on /home/airflow/.local/lib/python3.7/site-packages/airflow/example_dags/example_task_group_decorator.py
[2022-05-08 00:32:12,734] {processor.py:641} INFO - Processing file /home/airflow/.local/lib/python3.7/site-packages/airflow/example_dags/example_task_group_decorator.py for tasks to queue
[2022-05-08 00:32:12,735] {logging_mixin.py:115} INFO - [2022-05-08 00:32:12,735] {dagbag.py:507} INFO - Filling up the DagBag from /home/airflow/.local/lib/python3.7/site-packages/airflow/example_dags/example_task_group_decorator.py
[2022-05-08 00:32:12,765] {processor.py:651} INFO - DAG(s) dict_keys(['example_task_group_decorator']) retrieved from /home/airflow/.local/lib/python3.7/site-packages/airflow/example_dags/example_task_group_decorator.py
[2022-05-08 00:32:12,838] {logging_mixin.py:115} INFO - [2022-05-08 00:32:12,838] {dag.py:2371} INFO - Sync 1 DAGs
[2022-05-08 00:32:12,861] {logging_mixin.py:115} INFO - [2022-05-08 00:32:12,861] {dag.py:2919} INFO - Setting next_dagrun for example_task_group_decorator to 2022-05-07T00:32:12.861369+00:00, run_after=2022-05-08T00:32:12.861369+00:00
[2022-05-08 00:32:12,880] {processor.py:161} INFO - Processing /home/airflow/.local/lib/python3.7/site-packages/airflow/example_dags/example_task_group_decorator.py took 0.153 seconds
[2022-05-08 00:32:43,398] {processor.py:153} INFO - Started process (PID=1687) to work on /home/airflow/.local/lib/python3.7/site-packages/airflow/example_dags/example_task_group_decorator.py
[2022-05-08 00:32:43,399] {processor.py:641} INFO - Processing file /home/airflow/.local/lib/python3.7/site-packages/airflow/example_dags/example_task_group_decorator.py for tasks to queue
[2022-05-08 00:32:43,400] {logging_mixin.py:115} INFO - [2022-05-08 00:32:43,400] {dagbag.py:507} INFO - Filling up the DagBag from /home/airflow/.local/lib/python3.7/site-packages/airflow/example_dags/example_task_group_decorator.py
[2022-05-08 00:32:43,431] {processor.py:651} INFO - DAG(s) dict_keys(['example_task_group_decorator']) retrieved from /home/airflow/.local/lib/python3.7/site-packages/airflow/example_dags/example_task_group_decorator.py
[2022-05-08 00:32:43,503] {logging_mixin.py:115} INFO - [2022-05-08 00:32:43,503] {dag.py:2371} INFO - Sync 1 DAGs
[2022-05-08 00:32:43,525] {logging_mixin.py:115} INFO - [2022-05-08 00:32:43,525] {dag.py:2919} INFO - Setting next_dagrun for example_task_group_decorator to 2022-05-07T00:32:43.524987+00:00, run_after=2022-05-08T00:32:43.524987+00:00
[2022-05-08 00:32:43,545] {processor.py:161} INFO - Processing /home/airflow/.local/lib/python3.7/site-packages/airflow/example_dags/example_task_group_decorator.py took 0.150 seconds
[2022-05-08 00:33:13,708] {processor.py:153} INFO - Started process (PID=1849) to work on /home/airflow/.local/lib/python3.7/site-packages/airflow/example_dags/example_task_group_decorator.py
[2022-05-08 00:33:13,712] {processor.py:641} INFO - Processing file /home/airflow/.local/lib/python3.7/site-packages/airflow/example_dags/example_task_group_decorator.py for tasks to queue
[2022-05-08 00:33:13,714] {logging_mixin.py:115} INFO - [2022-05-08 00:33:13,714] {dagbag.py:507} INFO - Filling up the DagBag from /home/airflow/.local/lib/python3.7/site-packages/airflow/example_dags/example_task_group_decorator.py
[2022-05-08 00:33:13,789] {processor.py:651} INFO - DAG(s) dict_keys(['example_task_group_decorator']) retrieved from /home/airflow/.local/lib/python3.7/site-packages/airflow/example_dags/example_task_group_decorator.py
[2022-05-08 00:33:13,994] {logging_mixin.py:115} INFO - [2022-05-08 00:33:13,994] {dag.py:2371} INFO - Sync 1 DAGs
[2022-05-08 00:33:14,070] {logging_mixin.py:115} INFO - [2022-05-08 00:33:14,069] {dag.py:2919} INFO - Setting next_dagrun for example_task_group_decorator to 2022-05-07T00:33:14.068040+00:00, run_after=2022-05-08T00:33:14.068040+00:00
[2022-05-08 00:33:14,106] {processor.py:161} INFO - Processing /home/airflow/.local/lib/python3.7/site-packages/airflow/example_dags/example_task_group_decorator.py took 0.406 seconds
[2022-05-08 00:33:44,333] {processor.py:153} INFO - Started process (PID=2023) to work on /home/airflow/.local/lib/python3.7/site-packages/airflow/example_dags/example_task_group_decorator.py
[2022-05-08 00:33:44,335] {processor.py:641} INFO - Processing file /home/airflow/.local/lib/python3.7/site-packages/airflow/example_dags/example_task_group_decorator.py for tasks to queue
[2022-05-08 00:33:44,337] {logging_mixin.py:115} INFO - [2022-05-08 00:33:44,337] {dagbag.py:507} INFO - Filling up the DagBag from /home/airflow/.local/lib/python3.7/site-packages/airflow/example_dags/example_task_group_decorator.py
[2022-05-08 00:33:44,404] {processor.py:651} INFO - DAG(s) dict_keys(['example_task_group_decorator']) retrieved from /home/airflow/.local/lib/python3.7/site-packages/airflow/example_dags/example_task_group_decorator.py
[2022-05-08 00:33:44,491] {logging_mixin.py:115} INFO - [2022-05-08 00:33:44,491] {dag.py:2371} INFO - Sync 1 DAGs
[2022-05-08 00:33:44,516] {logging_mixin.py:115} INFO - [2022-05-08 00:33:44,516] {dag.py:2919} INFO - Setting next_dagrun for example_task_group_decorator to 2022-05-07T00:33:44.516149+00:00, run_after=2022-05-08T00:33:44.516149+00:00
[2022-05-08 00:33:44,534] {processor.py:161} INFO - Processing /home/airflow/.local/lib/python3.7/site-packages/airflow/example_dags/example_task_group_decorator.py took 0.207 seconds
[2022-05-08 00:34:14,606] {processor.py:153} INFO - Started process (PID=2192) to work on /home/airflow/.local/lib/python3.7/site-packages/airflow/example_dags/example_task_group_decorator.py
[2022-05-08 00:34:14,608] {processor.py:641} INFO - Processing file /home/airflow/.local/lib/python3.7/site-packages/airflow/example_dags/example_task_group_decorator.py for tasks to queue
[2022-05-08 00:34:14,611] {logging_mixin.py:115} INFO - [2022-05-08 00:34:14,611] {dagbag.py:507} INFO - Filling up the DagBag from /home/airflow/.local/lib/python3.7/site-packages/airflow/example_dags/example_task_group_decorator.py
[2022-05-08 00:34:14,689] {processor.py:651} INFO - DAG(s) dict_keys(['example_task_group_decorator']) retrieved from /home/airflow/.local/lib/python3.7/site-packages/airflow/example_dags/example_task_group_decorator.py
[2022-05-08 00:34:14,782] {logging_mixin.py:115} INFO - [2022-05-08 00:34:14,782] {dag.py:2371} INFO - Sync 1 DAGs
[2022-05-08 00:34:14,809] {logging_mixin.py:115} INFO - [2022-05-08 00:34:14,809] {dag.py:2919} INFO - Setting next_dagrun for example_task_group_decorator to 2022-05-07T00:34:14.809119+00:00, run_after=2022-05-08T00:34:14.809119+00:00
[2022-05-08 00:34:14,831] {processor.py:161} INFO - Processing /home/airflow/.local/lib/python3.7/site-packages/airflow/example_dags/example_task_group_decorator.py took 0.230 seconds
[2022-05-08 00:34:45,031] {processor.py:153} INFO - Started process (PID=2352) to work on /home/airflow/.local/lib/python3.7/site-packages/airflow/example_dags/example_task_group_decorator.py
[2022-05-08 00:34:45,034] {processor.py:641} INFO - Processing file /home/airflow/.local/lib/python3.7/site-packages/airflow/example_dags/example_task_group_decorator.py for tasks to queue
[2022-05-08 00:34:45,036] {logging_mixin.py:115} INFO - [2022-05-08 00:34:45,036] {dagbag.py:507} INFO - Filling up the DagBag from /home/airflow/.local/lib/python3.7/site-packages/airflow/example_dags/example_task_group_decorator.py
[2022-05-08 00:34:45,088] {processor.py:651} INFO - DAG(s) dict_keys(['example_task_group_decorator']) retrieved from /home/airflow/.local/lib/python3.7/site-packages/airflow/example_dags/example_task_group_decorator.py
[2022-05-08 00:34:45,237] {logging_mixin.py:115} INFO - [2022-05-08 00:34:45,237] {dag.py:2371} INFO - Sync 1 DAGs
[2022-05-08 00:34:45,262] {logging_mixin.py:115} INFO - [2022-05-08 00:34:45,262] {dag.py:2919} INFO - Setting next_dagrun for example_task_group_decorator to 2022-05-07T00:34:45.262097+00:00, run_after=2022-05-08T00:34:45.262097+00:00
[2022-05-08 00:34:45,294] {processor.py:161} INFO - Processing /home/airflow/.local/lib/python3.7/site-packages/airflow/example_dags/example_task_group_decorator.py took 0.272 seconds
[2022-05-08 00:35:16,221] {processor.py:153} INFO - Started process (PID=2522) to work on /home/airflow/.local/lib/python3.7/site-packages/airflow/example_dags/example_task_group_decorator.py
[2022-05-08 00:35:16,223] {processor.py:641} INFO - Processing file /home/airflow/.local/lib/python3.7/site-packages/airflow/example_dags/example_task_group_decorator.py for tasks to queue
[2022-05-08 00:35:16,225] {logging_mixin.py:115} INFO - [2022-05-08 00:35:16,224] {dagbag.py:507} INFO - Filling up the DagBag from /home/airflow/.local/lib/python3.7/site-packages/airflow/example_dags/example_task_group_decorator.py
[2022-05-08 00:35:16,273] {processor.py:651} INFO - DAG(s) dict_keys(['example_task_group_decorator']) retrieved from /home/airflow/.local/lib/python3.7/site-packages/airflow/example_dags/example_task_group_decorator.py
[2022-05-08 00:35:16,326] {logging_mixin.py:115} INFO - [2022-05-08 00:35:16,326] {dag.py:2371} INFO - Sync 1 DAGs
[2022-05-08 00:35:16,373] {logging_mixin.py:115} INFO - [2022-05-08 00:35:16,373] {dag.py:2919} INFO - Setting next_dagrun for example_task_group_decorator to 2022-05-07T00:35:16.373103+00:00, run_after=2022-05-08T00:35:16.373103+00:00
[2022-05-08 00:35:16,416] {processor.py:161} INFO - Processing /home/airflow/.local/lib/python3.7/site-packages/airflow/example_dags/example_task_group_decorator.py took 0.199 seconds
[2022-05-08 00:35:46,602] {processor.py:153} INFO - Started process (PID=2699) to work on /home/airflow/.local/lib/python3.7/site-packages/airflow/example_dags/example_task_group_decorator.py
[2022-05-08 00:35:46,604] {processor.py:641} INFO - Processing file /home/airflow/.local/lib/python3.7/site-packages/airflow/example_dags/example_task_group_decorator.py for tasks to queue
[2022-05-08 00:35:46,605] {logging_mixin.py:115} INFO - [2022-05-08 00:35:46,605] {dagbag.py:507} INFO - Filling up the DagBag from /home/airflow/.local/lib/python3.7/site-packages/airflow/example_dags/example_task_group_decorator.py
[2022-05-08 00:35:46,640] {processor.py:651} INFO - DAG(s) dict_keys(['example_task_group_decorator']) retrieved from /home/airflow/.local/lib/python3.7/site-packages/airflow/example_dags/example_task_group_decorator.py
[2022-05-08 00:35:46,744] {logging_mixin.py:115} INFO - [2022-05-08 00:35:46,744] {dag.py:2371} INFO - Sync 1 DAGs
[2022-05-08 00:35:46,767] {logging_mixin.py:115} INFO - [2022-05-08 00:35:46,767] {dag.py:2919} INFO - Setting next_dagrun for example_task_group_decorator to 2022-05-07T00:35:46.766963+00:00, run_after=2022-05-08T00:35:46.766963+00:00
[2022-05-08 00:35:46,782] {processor.py:161} INFO - Processing /home/airflow/.local/lib/python3.7/site-packages/airflow/example_dags/example_task_group_decorator.py took 0.183 seconds
[2022-05-08 00:39:00,154] {processor.py:153} INFO - Started process (PID=313) to work on /home/airflow/.local/lib/python3.7/site-packages/airflow/example_dags/example_task_group_decorator.py
[2022-05-08 00:39:00,157] {processor.py:641} INFO - Processing file /home/airflow/.local/lib/python3.7/site-packages/airflow/example_dags/example_task_group_decorator.py for tasks to queue
[2022-05-08 00:39:00,163] {logging_mixin.py:115} INFO - [2022-05-08 00:39:00,163] {dagbag.py:507} INFO - Filling up the DagBag from /home/airflow/.local/lib/python3.7/site-packages/airflow/example_dags/example_task_group_decorator.py
[2022-05-08 00:39:00,319] {processor.py:651} INFO - DAG(s) dict_keys(['example_task_group_decorator']) retrieved from /home/airflow/.local/lib/python3.7/site-packages/airflow/example_dags/example_task_group_decorator.py
[2022-05-08 00:39:00,831] {logging_mixin.py:115} INFO - [2022-05-08 00:39:00,831] {manager.py:508} INFO - Created Permission View: can delete on DAG:example_task_group_decorator
[2022-05-08 00:39:00,894] {logging_mixin.py:115} INFO - [2022-05-08 00:39:00,894] {manager.py:508} INFO - Created Permission View: can edit on DAG:example_task_group_decorator
[2022-05-08 00:39:00,930] {logging_mixin.py:115} INFO - [2022-05-08 00:39:00,930] {manager.py:508} INFO - Created Permission View: can read on DAG:example_task_group_decorator
[2022-05-08 00:39:00,932] {logging_mixin.py:115} INFO - [2022-05-08 00:39:00,931] {dag.py:2371} INFO - Sync 1 DAGs
[2022-05-08 00:39:00,957] {logging_mixin.py:115} INFO - [2022-05-08 00:39:00,957] {dag.py:2390} INFO - Creating ORM DAG for example_task_group_decorator
[2022-05-08 00:39:01,014] {logging_mixin.py:115} INFO - [2022-05-08 00:39:01,011] {dag.py:2919} INFO - Setting next_dagrun for example_task_group_decorator to 2022-05-07T00:39:01.010964+00:00, run_after=2022-05-08T00:39:01.010964+00:00
[2022-05-08 00:39:01,054] {processor.py:161} INFO - Processing /home/airflow/.local/lib/python3.7/site-packages/airflow/example_dags/example_task_group_decorator.py took 0.916 seconds
[2022-05-08 00:39:31,446] {processor.py:153} INFO - Started process (PID=483) to work on /home/airflow/.local/lib/python3.7/site-packages/airflow/example_dags/example_task_group_decorator.py
[2022-05-08 00:39:31,448] {processor.py:641} INFO - Processing file /home/airflow/.local/lib/python3.7/site-packages/airflow/example_dags/example_task_group_decorator.py for tasks to queue
[2022-05-08 00:39:31,450] {logging_mixin.py:115} INFO - [2022-05-08 00:39:31,450] {dagbag.py:507} INFO - Filling up the DagBag from /home/airflow/.local/lib/python3.7/site-packages/airflow/example_dags/example_task_group_decorator.py
[2022-05-08 00:39:31,503] {processor.py:651} INFO - DAG(s) dict_keys(['example_task_group_decorator']) retrieved from /home/airflow/.local/lib/python3.7/site-packages/airflow/example_dags/example_task_group_decorator.py
[2022-05-08 00:39:31,639] {logging_mixin.py:115} INFO - [2022-05-08 00:39:31,638] {dag.py:2371} INFO - Sync 1 DAGs
[2022-05-08 00:39:31,689] {logging_mixin.py:115} INFO - [2022-05-08 00:39:31,687] {dag.py:2919} INFO - Setting next_dagrun for example_task_group_decorator to 2022-05-07T00:39:31.686771+00:00, run_after=2022-05-08T00:39:31.686771+00:00
[2022-05-08 00:39:31,709] {processor.py:161} INFO - Processing /home/airflow/.local/lib/python3.7/site-packages/airflow/example_dags/example_task_group_decorator.py took 0.268 seconds
[2022-05-08 00:40:02,545] {processor.py:153} INFO - Started process (PID=653) to work on /home/airflow/.local/lib/python3.7/site-packages/airflow/example_dags/example_task_group_decorator.py
[2022-05-08 00:40:02,546] {processor.py:641} INFO - Processing file /home/airflow/.local/lib/python3.7/site-packages/airflow/example_dags/example_task_group_decorator.py for tasks to queue
[2022-05-08 00:40:02,547] {logging_mixin.py:115} INFO - [2022-05-08 00:40:02,547] {dagbag.py:507} INFO - Filling up the DagBag from /home/airflow/.local/lib/python3.7/site-packages/airflow/example_dags/example_task_group_decorator.py
[2022-05-08 00:40:02,586] {processor.py:651} INFO - DAG(s) dict_keys(['example_task_group_decorator']) retrieved from /home/airflow/.local/lib/python3.7/site-packages/airflow/example_dags/example_task_group_decorator.py
[2022-05-08 00:40:02,692] {logging_mixin.py:115} INFO - [2022-05-08 00:40:02,692] {dag.py:2371} INFO - Sync 1 DAGs
[2022-05-08 00:40:02,725] {logging_mixin.py:115} INFO - [2022-05-08 00:40:02,723] {dag.py:2919} INFO - Setting next_dagrun for example_task_group_decorator to 2022-05-07T00:40:02.722990+00:00, run_after=2022-05-08T00:40:02.722990+00:00
[2022-05-08 00:40:02,743] {processor.py:161} INFO - Processing /home/airflow/.local/lib/python3.7/site-packages/airflow/example_dags/example_task_group_decorator.py took 0.205 seconds
[2022-05-08 00:40:33,046] {processor.py:153} INFO - Started process (PID=823) to work on /home/airflow/.local/lib/python3.7/site-packages/airflow/example_dags/example_task_group_decorator.py
[2022-05-08 00:40:33,050] {processor.py:641} INFO - Processing file /home/airflow/.local/lib/python3.7/site-packages/airflow/example_dags/example_task_group_decorator.py for tasks to queue
[2022-05-08 00:40:33,055] {logging_mixin.py:115} INFO - [2022-05-08 00:40:33,053] {dagbag.py:507} INFO - Filling up the DagBag from /home/airflow/.local/lib/python3.7/site-packages/airflow/example_dags/example_task_group_decorator.py
[2022-05-08 00:40:33,357] {processor.py:651} INFO - DAG(s) dict_keys(['example_task_group_decorator']) retrieved from /home/airflow/.local/lib/python3.7/site-packages/airflow/example_dags/example_task_group_decorator.py
[2022-05-08 00:40:33,875] {logging_mixin.py:115} INFO - [2022-05-08 00:40:33,874] {dag.py:2371} INFO - Sync 1 DAGs
[2022-05-08 00:40:33,970] {logging_mixin.py:115} INFO - [2022-05-08 00:40:33,967] {dag.py:2919} INFO - Setting next_dagrun for example_task_group_decorator to 2022-05-07T00:40:33.967516+00:00, run_after=2022-05-08T00:40:33.967516+00:00
[2022-05-08 00:40:34,021] {processor.py:161} INFO - Processing /home/airflow/.local/lib/python3.7/site-packages/airflow/example_dags/example_task_group_decorator.py took 0.990 seconds
[2022-05-08 00:41:05,305] {processor.py:153} INFO - Started process (PID=1005) to work on /home/airflow/.local/lib/python3.7/site-packages/airflow/example_dags/example_task_group_decorator.py
[2022-05-08 00:41:05,307] {processor.py:641} INFO - Processing file /home/airflow/.local/lib/python3.7/site-packages/airflow/example_dags/example_task_group_decorator.py for tasks to queue
[2022-05-08 00:41:05,308] {logging_mixin.py:115} INFO - [2022-05-08 00:41:05,308] {dagbag.py:507} INFO - Filling up the DagBag from /home/airflow/.local/lib/python3.7/site-packages/airflow/example_dags/example_task_group_decorator.py
[2022-05-08 00:41:05,343] {processor.py:651} INFO - DAG(s) dict_keys(['example_task_group_decorator']) retrieved from /home/airflow/.local/lib/python3.7/site-packages/airflow/example_dags/example_task_group_decorator.py
[2022-05-08 00:41:05,418] {logging_mixin.py:115} INFO - [2022-05-08 00:41:05,418] {dag.py:2371} INFO - Sync 1 DAGs
[2022-05-08 00:41:05,443] {logging_mixin.py:115} INFO - [2022-05-08 00:41:05,443] {dag.py:2919} INFO - Setting next_dagrun for example_task_group_decorator to 2022-05-07T00:41:05.442927+00:00, run_after=2022-05-08T00:41:05.442927+00:00
[2022-05-08 00:41:05,462] {processor.py:161} INFO - Processing /home/airflow/.local/lib/python3.7/site-packages/airflow/example_dags/example_task_group_decorator.py took 0.162 seconds
[2022-05-08 00:41:35,566] {processor.py:153} INFO - Started process (PID=1175) to work on /home/airflow/.local/lib/python3.7/site-packages/airflow/example_dags/example_task_group_decorator.py
[2022-05-08 00:41:35,568] {processor.py:641} INFO - Processing file /home/airflow/.local/lib/python3.7/site-packages/airflow/example_dags/example_task_group_decorator.py for tasks to queue
[2022-05-08 00:41:35,569] {logging_mixin.py:115} INFO - [2022-05-08 00:41:35,569] {dagbag.py:507} INFO - Filling up the DagBag from /home/airflow/.local/lib/python3.7/site-packages/airflow/example_dags/example_task_group_decorator.py
[2022-05-08 00:41:35,620] {processor.py:651} INFO - DAG(s) dict_keys(['example_task_group_decorator']) retrieved from /home/airflow/.local/lib/python3.7/site-packages/airflow/example_dags/example_task_group_decorator.py
[2022-05-08 00:41:35,713] {logging_mixin.py:115} INFO - [2022-05-08 00:41:35,713] {dag.py:2371} INFO - Sync 1 DAGs
[2022-05-08 00:41:35,739] {logging_mixin.py:115} INFO - [2022-05-08 00:41:35,739] {dag.py:2919} INFO - Setting next_dagrun for example_task_group_decorator to 2022-05-07T00:41:35.738831+00:00, run_after=2022-05-08T00:41:35.738831+00:00
[2022-05-08 00:41:35,762] {processor.py:161} INFO - Processing /home/airflow/.local/lib/python3.7/site-packages/airflow/example_dags/example_task_group_decorator.py took 0.203 seconds
[2022-05-08 00:42:06,167] {processor.py:153} INFO - Started process (PID=1345) to work on /home/airflow/.local/lib/python3.7/site-packages/airflow/example_dags/example_task_group_decorator.py
[2022-05-08 00:42:06,169] {processor.py:641} INFO - Processing file /home/airflow/.local/lib/python3.7/site-packages/airflow/example_dags/example_task_group_decorator.py for tasks to queue
[2022-05-08 00:42:06,171] {logging_mixin.py:115} INFO - [2022-05-08 00:42:06,170] {dagbag.py:507} INFO - Filling up the DagBag from /home/airflow/.local/lib/python3.7/site-packages/airflow/example_dags/example_task_group_decorator.py
[2022-05-08 00:42:06,246] {processor.py:651} INFO - DAG(s) dict_keys(['example_task_group_decorator']) retrieved from /home/airflow/.local/lib/python3.7/site-packages/airflow/example_dags/example_task_group_decorator.py
[2022-05-08 00:42:06,372] {logging_mixin.py:115} INFO - [2022-05-08 00:42:06,372] {dag.py:2371} INFO - Sync 1 DAGs
[2022-05-08 00:42:06,401] {logging_mixin.py:115} INFO - [2022-05-08 00:42:06,401] {dag.py:2919} INFO - Setting next_dagrun for example_task_group_decorator to 2022-05-07T00:42:06.401406+00:00, run_after=2022-05-08T00:42:06.401406+00:00
[2022-05-08 00:42:06,421] {processor.py:161} INFO - Processing /home/airflow/.local/lib/python3.7/site-packages/airflow/example_dags/example_task_group_decorator.py took 0.264 seconds
