[2022-05-08 00:28:35,413] {processor.py:153} INFO - Started process (PID=278) to work on /home/airflow/.local/lib/python3.7/site-packages/airflow/example_dags/example_branch_labels.py
[2022-05-08 00:28:35,429] {processor.py:641} INFO - Processing file /home/airflow/.local/lib/python3.7/site-packages/airflow/example_dags/example_branch_labels.py for tasks to queue
[2022-05-08 00:28:35,438] {logging_mixin.py:115} INFO - [2022-05-08 00:28:35,438] {dagbag.py:507} INFO - Filling up the DagBag from /home/airflow/.local/lib/python3.7/site-packages/airflow/example_dags/example_branch_labels.py
[2022-05-08 00:28:35,502] {processor.py:651} INFO - DAG(s) dict_keys(['example_branch_labels']) retrieved from /home/airflow/.local/lib/python3.7/site-packages/airflow/example_dags/example_branch_labels.py
[2022-05-08 00:28:35,901] {logging_mixin.py:115} INFO - [2022-05-08 00:28:35,900] {dag.py:2371} INFO - Sync 1 DAGs
[2022-05-08 00:28:36,365] {logging_mixin.py:115} INFO - [2022-05-08 00:28:36,365] {dag.py:2919} INFO - Setting next_dagrun for example_branch_labels to 2022-05-07T00:00:00+00:00, run_after=2022-05-08T00:00:00+00:00
[2022-05-08 00:28:36,464] {processor.py:161} INFO - Processing /home/airflow/.local/lib/python3.7/site-packages/airflow/example_dags/example_branch_labels.py took 1.077 seconds
[2022-05-08 00:29:06,695] {processor.py:153} INFO - Started process (PID=449) to work on /home/airflow/.local/lib/python3.7/site-packages/airflow/example_dags/example_branch_labels.py
[2022-05-08 00:29:06,698] {processor.py:641} INFO - Processing file /home/airflow/.local/lib/python3.7/site-packages/airflow/example_dags/example_branch_labels.py for tasks to queue
[2022-05-08 00:29:06,702] {logging_mixin.py:115} INFO - [2022-05-08 00:29:06,702] {dagbag.py:507} INFO - Filling up the DagBag from /home/airflow/.local/lib/python3.7/site-packages/airflow/example_dags/example_branch_labels.py
[2022-05-08 00:29:06,736] {processor.py:651} INFO - DAG(s) dict_keys(['example_branch_labels']) retrieved from /home/airflow/.local/lib/python3.7/site-packages/airflow/example_dags/example_branch_labels.py
[2022-05-08 00:29:06,822] {logging_mixin.py:115} INFO - [2022-05-08 00:29:06,822] {dag.py:2371} INFO - Sync 1 DAGs
[2022-05-08 00:29:06,900] {logging_mixin.py:115} INFO - [2022-05-08 00:29:06,900] {dag.py:2919} INFO - Setting next_dagrun for example_branch_labels to 2022-05-07T00:00:00+00:00, run_after=2022-05-08T00:00:00+00:00
[2022-05-08 00:29:06,942] {processor.py:161} INFO - Processing /home/airflow/.local/lib/python3.7/site-packages/airflow/example_dags/example_branch_labels.py took 0.256 seconds
[2022-05-08 00:29:37,163] {processor.py:153} INFO - Started process (PID=619) to work on /home/airflow/.local/lib/python3.7/site-packages/airflow/example_dags/example_branch_labels.py
[2022-05-08 00:29:37,171] {processor.py:641} INFO - Processing file /home/airflow/.local/lib/python3.7/site-packages/airflow/example_dags/example_branch_labels.py for tasks to queue
[2022-05-08 00:29:37,173] {logging_mixin.py:115} INFO - [2022-05-08 00:29:37,173] {dagbag.py:507} INFO - Filling up the DagBag from /home/airflow/.local/lib/python3.7/site-packages/airflow/example_dags/example_branch_labels.py
[2022-05-08 00:29:37,185] {processor.py:651} INFO - DAG(s) dict_keys(['example_branch_labels']) retrieved from /home/airflow/.local/lib/python3.7/site-packages/airflow/example_dags/example_branch_labels.py
[2022-05-08 00:29:37,244] {logging_mixin.py:115} INFO - [2022-05-08 00:29:37,243] {dag.py:2371} INFO - Sync 1 DAGs
[2022-05-08 00:29:37,335] {logging_mixin.py:115} INFO - [2022-05-08 00:29:37,335] {dag.py:2919} INFO - Setting next_dagrun for example_branch_labels to 2022-05-07T00:00:00+00:00, run_after=2022-05-08T00:00:00+00:00
[2022-05-08 00:29:37,363] {processor.py:161} INFO - Processing /home/airflow/.local/lib/python3.7/site-packages/airflow/example_dags/example_branch_labels.py took 0.207 seconds
[2022-05-08 00:30:07,485] {processor.py:153} INFO - Started process (PID=789) to work on /home/airflow/.local/lib/python3.7/site-packages/airflow/example_dags/example_branch_labels.py
[2022-05-08 00:30:07,491] {processor.py:641} INFO - Processing file /home/airflow/.local/lib/python3.7/site-packages/airflow/example_dags/example_branch_labels.py for tasks to queue
[2022-05-08 00:30:07,494] {logging_mixin.py:115} INFO - [2022-05-08 00:30:07,494] {dagbag.py:507} INFO - Filling up the DagBag from /home/airflow/.local/lib/python3.7/site-packages/airflow/example_dags/example_branch_labels.py
[2022-05-08 00:30:07,512] {processor.py:651} INFO - DAG(s) dict_keys(['example_branch_labels']) retrieved from /home/airflow/.local/lib/python3.7/site-packages/airflow/example_dags/example_branch_labels.py
[2022-05-08 00:30:07,557] {logging_mixin.py:115} INFO - [2022-05-08 00:30:07,557] {dag.py:2371} INFO - Sync 1 DAGs
[2022-05-08 00:30:07,586] {logging_mixin.py:115} INFO - [2022-05-08 00:30:07,586] {dag.py:2919} INFO - Setting next_dagrun for example_branch_labels to 2022-05-07T00:00:00+00:00, run_after=2022-05-08T00:00:00+00:00
[2022-05-08 00:30:07,600] {processor.py:161} INFO - Processing /home/airflow/.local/lib/python3.7/site-packages/airflow/example_dags/example_branch_labels.py took 0.120 seconds
[2022-05-08 00:30:37,663] {processor.py:153} INFO - Started process (PID=959) to work on /home/airflow/.local/lib/python3.7/site-packages/airflow/example_dags/example_branch_labels.py
[2022-05-08 00:30:37,666] {processor.py:641} INFO - Processing file /home/airflow/.local/lib/python3.7/site-packages/airflow/example_dags/example_branch_labels.py for tasks to queue
[2022-05-08 00:30:37,669] {logging_mixin.py:115} INFO - [2022-05-08 00:30:37,669] {dagbag.py:507} INFO - Filling up the DagBag from /home/airflow/.local/lib/python3.7/site-packages/airflow/example_dags/example_branch_labels.py
[2022-05-08 00:30:37,681] {processor.py:651} INFO - DAG(s) dict_keys(['example_branch_labels']) retrieved from /home/airflow/.local/lib/python3.7/site-packages/airflow/example_dags/example_branch_labels.py
[2022-05-08 00:30:37,714] {logging_mixin.py:115} INFO - [2022-05-08 00:30:37,713] {dag.py:2371} INFO - Sync 1 DAGs
[2022-05-08 00:30:37,738] {logging_mixin.py:115} INFO - [2022-05-08 00:30:37,738] {dag.py:2919} INFO - Setting next_dagrun for example_branch_labels to 2022-05-07T00:00:00+00:00, run_after=2022-05-08T00:00:00+00:00
[2022-05-08 00:30:37,751] {processor.py:161} INFO - Processing /home/airflow/.local/lib/python3.7/site-packages/airflow/example_dags/example_branch_labels.py took 0.099 seconds
[2022-05-08 00:31:08,559] {processor.py:153} INFO - Started process (PID=1129) to work on /home/airflow/.local/lib/python3.7/site-packages/airflow/example_dags/example_branch_labels.py
[2022-05-08 00:31:08,561] {processor.py:641} INFO - Processing file /home/airflow/.local/lib/python3.7/site-packages/airflow/example_dags/example_branch_labels.py for tasks to queue
[2022-05-08 00:31:08,564] {logging_mixin.py:115} INFO - [2022-05-08 00:31:08,564] {dagbag.py:507} INFO - Filling up the DagBag from /home/airflow/.local/lib/python3.7/site-packages/airflow/example_dags/example_branch_labels.py
[2022-05-08 00:31:08,577] {processor.py:651} INFO - DAG(s) dict_keys(['example_branch_labels']) retrieved from /home/airflow/.local/lib/python3.7/site-packages/airflow/example_dags/example_branch_labels.py
[2022-05-08 00:31:08,613] {logging_mixin.py:115} INFO - [2022-05-08 00:31:08,613] {dag.py:2371} INFO - Sync 1 DAGs
[2022-05-08 00:31:08,644] {logging_mixin.py:115} INFO - [2022-05-08 00:31:08,644] {dag.py:2919} INFO - Setting next_dagrun for example_branch_labels to 2022-05-07T00:00:00+00:00, run_after=2022-05-08T00:00:00+00:00
[2022-05-08 00:31:08,662] {processor.py:161} INFO - Processing /home/airflow/.local/lib/python3.7/site-packages/airflow/example_dags/example_branch_labels.py took 0.108 seconds
[2022-05-08 00:31:38,796] {processor.py:153} INFO - Started process (PID=1304) to work on /home/airflow/.local/lib/python3.7/site-packages/airflow/example_dags/example_branch_labels.py
[2022-05-08 00:31:38,797] {processor.py:641} INFO - Processing file /home/airflow/.local/lib/python3.7/site-packages/airflow/example_dags/example_branch_labels.py for tasks to queue
[2022-05-08 00:31:38,799] {logging_mixin.py:115} INFO - [2022-05-08 00:31:38,799] {dagbag.py:507} INFO - Filling up the DagBag from /home/airflow/.local/lib/python3.7/site-packages/airflow/example_dags/example_branch_labels.py
[2022-05-08 00:31:38,806] {processor.py:651} INFO - DAG(s) dict_keys(['example_branch_labels']) retrieved from /home/airflow/.local/lib/python3.7/site-packages/airflow/example_dags/example_branch_labels.py
[2022-05-08 00:31:38,837] {logging_mixin.py:115} INFO - [2022-05-08 00:31:38,837] {dag.py:2371} INFO - Sync 1 DAGs
[2022-05-08 00:31:38,862] {logging_mixin.py:115} INFO - [2022-05-08 00:31:38,862] {dag.py:2919} INFO - Setting next_dagrun for example_branch_labels to 2022-05-07T00:00:00+00:00, run_after=2022-05-08T00:00:00+00:00
[2022-05-08 00:31:38,876] {processor.py:161} INFO - Processing /home/airflow/.local/lib/python3.7/site-packages/airflow/example_dags/example_branch_labels.py took 0.084 seconds
[2022-05-08 00:32:10,058] {processor.py:153} INFO - Started process (PID=1472) to work on /home/airflow/.local/lib/python3.7/site-packages/airflow/example_dags/example_branch_labels.py
[2022-05-08 00:32:10,059] {processor.py:641} INFO - Processing file /home/airflow/.local/lib/python3.7/site-packages/airflow/example_dags/example_branch_labels.py for tasks to queue
[2022-05-08 00:32:10,061] {logging_mixin.py:115} INFO - [2022-05-08 00:32:10,061] {dagbag.py:507} INFO - Filling up the DagBag from /home/airflow/.local/lib/python3.7/site-packages/airflow/example_dags/example_branch_labels.py
[2022-05-08 00:32:10,074] {processor.py:651} INFO - DAG(s) dict_keys(['example_branch_labels']) retrieved from /home/airflow/.local/lib/python3.7/site-packages/airflow/example_dags/example_branch_labels.py
[2022-05-08 00:32:10,124] {logging_mixin.py:115} INFO - [2022-05-08 00:32:10,124] {dag.py:2371} INFO - Sync 1 DAGs
[2022-05-08 00:32:10,149] {logging_mixin.py:115} INFO - [2022-05-08 00:32:10,149] {dag.py:2919} INFO - Setting next_dagrun for example_branch_labels to 2022-05-07T00:00:00+00:00, run_after=2022-05-08T00:00:00+00:00
[2022-05-08 00:32:10,162] {processor.py:161} INFO - Processing /home/airflow/.local/lib/python3.7/site-packages/airflow/example_dags/example_branch_labels.py took 0.108 seconds
[2022-05-08 00:32:40,727] {processor.py:153} INFO - Started process (PID=1637) to work on /home/airflow/.local/lib/python3.7/site-packages/airflow/example_dags/example_branch_labels.py
[2022-05-08 00:32:40,729] {processor.py:641} INFO - Processing file /home/airflow/.local/lib/python3.7/site-packages/airflow/example_dags/example_branch_labels.py for tasks to queue
[2022-05-08 00:32:40,736] {logging_mixin.py:115} INFO - [2022-05-08 00:32:40,736] {dagbag.py:507} INFO - Filling up the DagBag from /home/airflow/.local/lib/python3.7/site-packages/airflow/example_dags/example_branch_labels.py
[2022-05-08 00:32:40,745] {processor.py:651} INFO - DAG(s) dict_keys(['example_branch_labels']) retrieved from /home/airflow/.local/lib/python3.7/site-packages/airflow/example_dags/example_branch_labels.py
[2022-05-08 00:32:40,780] {logging_mixin.py:115} INFO - [2022-05-08 00:32:40,780] {dag.py:2371} INFO - Sync 1 DAGs
[2022-05-08 00:32:40,806] {logging_mixin.py:115} INFO - [2022-05-08 00:32:40,806] {dag.py:2919} INFO - Setting next_dagrun for example_branch_labels to 2022-05-07T00:00:00+00:00, run_after=2022-05-08T00:00:00+00:00
[2022-05-08 00:32:40,821] {processor.py:161} INFO - Processing /home/airflow/.local/lib/python3.7/site-packages/airflow/example_dags/example_branch_labels.py took 0.105 seconds
[2022-05-08 00:33:11,921] {processor.py:153} INFO - Started process (PID=1807) to work on /home/airflow/.local/lib/python3.7/site-packages/airflow/example_dags/example_branch_labels.py
[2022-05-08 00:33:11,923] {processor.py:641} INFO - Processing file /home/airflow/.local/lib/python3.7/site-packages/airflow/example_dags/example_branch_labels.py for tasks to queue
[2022-05-08 00:33:11,925] {logging_mixin.py:115} INFO - [2022-05-08 00:33:11,925] {dagbag.py:507} INFO - Filling up the DagBag from /home/airflow/.local/lib/python3.7/site-packages/airflow/example_dags/example_branch_labels.py
[2022-05-08 00:33:11,934] {processor.py:651} INFO - DAG(s) dict_keys(['example_branch_labels']) retrieved from /home/airflow/.local/lib/python3.7/site-packages/airflow/example_dags/example_branch_labels.py
[2022-05-08 00:33:11,993] {logging_mixin.py:115} INFO - [2022-05-08 00:33:11,993] {dag.py:2371} INFO - Sync 1 DAGs
[2022-05-08 00:33:12,066] {logging_mixin.py:115} INFO - [2022-05-08 00:33:12,066] {dag.py:2919} INFO - Setting next_dagrun for example_branch_labels to 2022-05-07T00:00:00+00:00, run_after=2022-05-08T00:00:00+00:00
[2022-05-08 00:33:12,095] {processor.py:161} INFO - Processing /home/airflow/.local/lib/python3.7/site-packages/airflow/example_dags/example_branch_labels.py took 0.179 seconds
[2022-05-08 00:33:42,422] {processor.py:153} INFO - Started process (PID=1977) to work on /home/airflow/.local/lib/python3.7/site-packages/airflow/example_dags/example_branch_labels.py
[2022-05-08 00:33:42,424] {processor.py:641} INFO - Processing file /home/airflow/.local/lib/python3.7/site-packages/airflow/example_dags/example_branch_labels.py for tasks to queue
[2022-05-08 00:33:42,426] {logging_mixin.py:115} INFO - [2022-05-08 00:33:42,426] {dagbag.py:507} INFO - Filling up the DagBag from /home/airflow/.local/lib/python3.7/site-packages/airflow/example_dags/example_branch_labels.py
[2022-05-08 00:33:42,438] {processor.py:651} INFO - DAG(s) dict_keys(['example_branch_labels']) retrieved from /home/airflow/.local/lib/python3.7/site-packages/airflow/example_dags/example_branch_labels.py
[2022-05-08 00:33:42,481] {logging_mixin.py:115} INFO - [2022-05-08 00:33:42,481] {dag.py:2371} INFO - Sync 1 DAGs
[2022-05-08 00:33:42,546] {logging_mixin.py:115} INFO - [2022-05-08 00:33:42,546] {dag.py:2919} INFO - Setting next_dagrun for example_branch_labels to 2022-05-07T00:00:00+00:00, run_after=2022-05-08T00:00:00+00:00
[2022-05-08 00:33:42,570] {processor.py:161} INFO - Processing /home/airflow/.local/lib/python3.7/site-packages/airflow/example_dags/example_branch_labels.py took 0.154 seconds
[2022-05-08 00:34:12,640] {processor.py:153} INFO - Started process (PID=2147) to work on /home/airflow/.local/lib/python3.7/site-packages/airflow/example_dags/example_branch_labels.py
[2022-05-08 00:34:12,641] {processor.py:641} INFO - Processing file /home/airflow/.local/lib/python3.7/site-packages/airflow/example_dags/example_branch_labels.py for tasks to queue
[2022-05-08 00:34:12,650] {logging_mixin.py:115} INFO - [2022-05-08 00:34:12,647] {dagbag.py:507} INFO - Filling up the DagBag from /home/airflow/.local/lib/python3.7/site-packages/airflow/example_dags/example_branch_labels.py
[2022-05-08 00:34:12,664] {processor.py:651} INFO - DAG(s) dict_keys(['example_branch_labels']) retrieved from /home/airflow/.local/lib/python3.7/site-packages/airflow/example_dags/example_branch_labels.py
[2022-05-08 00:34:12,718] {logging_mixin.py:115} INFO - [2022-05-08 00:34:12,718] {dag.py:2371} INFO - Sync 1 DAGs
[2022-05-08 00:34:12,760] {logging_mixin.py:115} INFO - [2022-05-08 00:34:12,760] {dag.py:2919} INFO - Setting next_dagrun for example_branch_labels to 2022-05-07T00:00:00+00:00, run_after=2022-05-08T00:00:00+00:00
[2022-05-08 00:34:12,775] {processor.py:161} INFO - Processing /home/airflow/.local/lib/python3.7/site-packages/airflow/example_dags/example_branch_labels.py took 0.142 seconds
[2022-05-08 00:34:44,222] {processor.py:153} INFO - Started process (PID=2317) to work on /home/airflow/.local/lib/python3.7/site-packages/airflow/example_dags/example_branch_labels.py
[2022-05-08 00:34:44,224] {processor.py:641} INFO - Processing file /home/airflow/.local/lib/python3.7/site-packages/airflow/example_dags/example_branch_labels.py for tasks to queue
[2022-05-08 00:34:44,229] {logging_mixin.py:115} INFO - [2022-05-08 00:34:44,228] {dagbag.py:507} INFO - Filling up the DagBag from /home/airflow/.local/lib/python3.7/site-packages/airflow/example_dags/example_branch_labels.py
[2022-05-08 00:34:44,241] {processor.py:651} INFO - DAG(s) dict_keys(['example_branch_labels']) retrieved from /home/airflow/.local/lib/python3.7/site-packages/airflow/example_dags/example_branch_labels.py
[2022-05-08 00:34:44,289] {logging_mixin.py:115} INFO - [2022-05-08 00:34:44,288] {dag.py:2371} INFO - Sync 1 DAGs
[2022-05-08 00:34:44,338] {logging_mixin.py:115} INFO - [2022-05-08 00:34:44,338] {dag.py:2919} INFO - Setting next_dagrun for example_branch_labels to 2022-05-07T00:00:00+00:00, run_after=2022-05-08T00:00:00+00:00
[2022-05-08 00:34:44,357] {processor.py:161} INFO - Processing /home/airflow/.local/lib/python3.7/site-packages/airflow/example_dags/example_branch_labels.py took 0.147 seconds
[2022-05-08 00:35:14,950] {processor.py:153} INFO - Started process (PID=2487) to work on /home/airflow/.local/lib/python3.7/site-packages/airflow/example_dags/example_branch_labels.py
[2022-05-08 00:35:14,960] {processor.py:641} INFO - Processing file /home/airflow/.local/lib/python3.7/site-packages/airflow/example_dags/example_branch_labels.py for tasks to queue
[2022-05-08 00:35:14,961] {logging_mixin.py:115} INFO - [2022-05-08 00:35:14,961] {dagbag.py:507} INFO - Filling up the DagBag from /home/airflow/.local/lib/python3.7/site-packages/airflow/example_dags/example_branch_labels.py
[2022-05-08 00:35:14,979] {processor.py:651} INFO - DAG(s) dict_keys(['example_branch_labels']) retrieved from /home/airflow/.local/lib/python3.7/site-packages/airflow/example_dags/example_branch_labels.py
[2022-05-08 00:35:15,113] {logging_mixin.py:115} INFO - [2022-05-08 00:35:15,113] {dag.py:2371} INFO - Sync 1 DAGs
[2022-05-08 00:35:15,168] {logging_mixin.py:115} INFO - [2022-05-08 00:35:15,167] {dag.py:2919} INFO - Setting next_dagrun for example_branch_labels to 2022-05-07T00:00:00+00:00, run_after=2022-05-08T00:00:00+00:00
[2022-05-08 00:35:15,195] {processor.py:161} INFO - Processing /home/airflow/.local/lib/python3.7/site-packages/airflow/example_dags/example_branch_labels.py took 0.250 seconds
[2022-05-08 00:35:45,657] {processor.py:153} INFO - Started process (PID=2657) to work on /home/airflow/.local/lib/python3.7/site-packages/airflow/example_dags/example_branch_labels.py
[2022-05-08 00:35:45,658] {processor.py:641} INFO - Processing file /home/airflow/.local/lib/python3.7/site-packages/airflow/example_dags/example_branch_labels.py for tasks to queue
[2022-05-08 00:35:45,660] {logging_mixin.py:115} INFO - [2022-05-08 00:35:45,660] {dagbag.py:507} INFO - Filling up the DagBag from /home/airflow/.local/lib/python3.7/site-packages/airflow/example_dags/example_branch_labels.py
[2022-05-08 00:35:45,673] {processor.py:651} INFO - DAG(s) dict_keys(['example_branch_labels']) retrieved from /home/airflow/.local/lib/python3.7/site-packages/airflow/example_dags/example_branch_labels.py
[2022-05-08 00:35:45,724] {logging_mixin.py:115} INFO - [2022-05-08 00:35:45,724] {dag.py:2371} INFO - Sync 1 DAGs
[2022-05-08 00:35:45,755] {logging_mixin.py:115} INFO - [2022-05-08 00:35:45,754] {dag.py:2919} INFO - Setting next_dagrun for example_branch_labels to 2022-05-07T00:00:00+00:00, run_after=2022-05-08T00:00:00+00:00
[2022-05-08 00:35:45,778] {processor.py:161} INFO - Processing /home/airflow/.local/lib/python3.7/site-packages/airflow/example_dags/example_branch_labels.py took 0.124 seconds
[2022-05-08 00:38:57,358] {processor.py:153} INFO - Started process (PID=280) to work on /home/airflow/.local/lib/python3.7/site-packages/airflow/example_dags/example_branch_labels.py
[2022-05-08 00:38:57,365] {processor.py:641} INFO - Processing file /home/airflow/.local/lib/python3.7/site-packages/airflow/example_dags/example_branch_labels.py for tasks to queue
[2022-05-08 00:38:57,373] {logging_mixin.py:115} INFO - [2022-05-08 00:38:57,373] {dagbag.py:507} INFO - Filling up the DagBag from /home/airflow/.local/lib/python3.7/site-packages/airflow/example_dags/example_branch_labels.py
[2022-05-08 00:38:57,401] {processor.py:651} INFO - DAG(s) dict_keys(['example_branch_labels']) retrieved from /home/airflow/.local/lib/python3.7/site-packages/airflow/example_dags/example_branch_labels.py
[2022-05-08 00:38:57,744] {logging_mixin.py:115} INFO - [2022-05-08 00:38:57,744] {manager.py:508} INFO - Created Permission View: can delete on DAG:example_branch_labels
[2022-05-08 00:38:57,803] {logging_mixin.py:115} INFO - [2022-05-08 00:38:57,802] {manager.py:508} INFO - Created Permission View: can edit on DAG:example_branch_labels
[2022-05-08 00:38:57,848] {logging_mixin.py:115} INFO - [2022-05-08 00:38:57,848] {manager.py:508} INFO - Created Permission View: can read on DAG:example_branch_labels
[2022-05-08 00:38:57,851] {logging_mixin.py:115} INFO - [2022-05-08 00:38:57,851] {dag.py:2371} INFO - Sync 1 DAGs
[2022-05-08 00:38:57,891] {logging_mixin.py:115} INFO - [2022-05-08 00:38:57,891] {dag.py:2390} INFO - Creating ORM DAG for example_branch_labels
[2022-05-08 00:38:57,948] {logging_mixin.py:115} INFO - [2022-05-08 00:38:57,941] {dag.py:2919} INFO - Setting next_dagrun for example_branch_labels to 2022-05-07T00:00:00+00:00, run_after=2022-05-08T00:00:00+00:00
[2022-05-08 00:38:58,030] {processor.py:161} INFO - Processing /home/airflow/.local/lib/python3.7/site-packages/airflow/example_dags/example_branch_labels.py took 0.678 seconds
[2022-05-08 00:39:28,837] {processor.py:153} INFO - Started process (PID=450) to work on /home/airflow/.local/lib/python3.7/site-packages/airflow/example_dags/example_branch_labels.py
[2022-05-08 00:39:28,841] {processor.py:641} INFO - Processing file /home/airflow/.local/lib/python3.7/site-packages/airflow/example_dags/example_branch_labels.py for tasks to queue
[2022-05-08 00:39:28,842] {logging_mixin.py:115} INFO - [2022-05-08 00:39:28,842] {dagbag.py:507} INFO - Filling up the DagBag from /home/airflow/.local/lib/python3.7/site-packages/airflow/example_dags/example_branch_labels.py
[2022-05-08 00:39:28,856] {processor.py:651} INFO - DAG(s) dict_keys(['example_branch_labels']) retrieved from /home/airflow/.local/lib/python3.7/site-packages/airflow/example_dags/example_branch_labels.py
[2022-05-08 00:39:28,894] {logging_mixin.py:115} INFO - [2022-05-08 00:39:28,894] {dag.py:2371} INFO - Sync 1 DAGs
[2022-05-08 00:39:28,956] {logging_mixin.py:115} INFO - [2022-05-08 00:39:28,956] {dag.py:2919} INFO - Setting next_dagrun for example_branch_labels to 2022-05-07T00:00:00+00:00, run_after=2022-05-08T00:00:00+00:00
[2022-05-08 00:39:28,978] {processor.py:161} INFO - Processing /home/airflow/.local/lib/python3.7/site-packages/airflow/example_dags/example_branch_labels.py took 0.144 seconds
[2022-05-08 00:39:59,084] {processor.py:153} INFO - Started process (PID=620) to work on /home/airflow/.local/lib/python3.7/site-packages/airflow/example_dags/example_branch_labels.py
[2022-05-08 00:39:59,086] {processor.py:641} INFO - Processing file /home/airflow/.local/lib/python3.7/site-packages/airflow/example_dags/example_branch_labels.py for tasks to queue
[2022-05-08 00:39:59,088] {logging_mixin.py:115} INFO - [2022-05-08 00:39:59,088] {dagbag.py:507} INFO - Filling up the DagBag from /home/airflow/.local/lib/python3.7/site-packages/airflow/example_dags/example_branch_labels.py
[2022-05-08 00:39:59,102] {processor.py:651} INFO - DAG(s) dict_keys(['example_branch_labels']) retrieved from /home/airflow/.local/lib/python3.7/site-packages/airflow/example_dags/example_branch_labels.py
[2022-05-08 00:39:59,137] {logging_mixin.py:115} INFO - [2022-05-08 00:39:59,136] {dag.py:2371} INFO - Sync 1 DAGs
[2022-05-08 00:39:59,167] {logging_mixin.py:115} INFO - [2022-05-08 00:39:59,167] {dag.py:2919} INFO - Setting next_dagrun for example_branch_labels to 2022-05-07T00:00:00+00:00, run_after=2022-05-08T00:00:00+00:00
[2022-05-08 00:39:59,182] {processor.py:161} INFO - Processing /home/airflow/.local/lib/python3.7/site-packages/airflow/example_dags/example_branch_labels.py took 0.104 seconds
[2022-05-08 00:40:29,768] {processor.py:153} INFO - Started process (PID=790) to work on /home/airflow/.local/lib/python3.7/site-packages/airflow/example_dags/example_branch_labels.py
[2022-05-08 00:40:29,770] {processor.py:641} INFO - Processing file /home/airflow/.local/lib/python3.7/site-packages/airflow/example_dags/example_branch_labels.py for tasks to queue
[2022-05-08 00:40:29,772] {logging_mixin.py:115} INFO - [2022-05-08 00:40:29,772] {dagbag.py:507} INFO - Filling up the DagBag from /home/airflow/.local/lib/python3.7/site-packages/airflow/example_dags/example_branch_labels.py
[2022-05-08 00:40:29,797] {processor.py:651} INFO - DAG(s) dict_keys(['example_branch_labels']) retrieved from /home/airflow/.local/lib/python3.7/site-packages/airflow/example_dags/example_branch_labels.py
[2022-05-08 00:40:29,868] {logging_mixin.py:115} INFO - [2022-05-08 00:40:29,868] {dag.py:2371} INFO - Sync 1 DAGs
[2022-05-08 00:40:29,974] {logging_mixin.py:115} INFO - [2022-05-08 00:40:29,974] {dag.py:2919} INFO - Setting next_dagrun for example_branch_labels to 2022-05-07T00:00:00+00:00, run_after=2022-05-08T00:00:00+00:00
[2022-05-08 00:40:30,073] {processor.py:161} INFO - Processing /home/airflow/.local/lib/python3.7/site-packages/airflow/example_dags/example_branch_labels.py took 0.317 seconds
[2022-05-08 00:41:00,227] {processor.py:153} INFO - Started process (PID=960) to work on /home/airflow/.local/lib/python3.7/site-packages/airflow/example_dags/example_branch_labels.py
[2022-05-08 00:41:00,231] {processor.py:641} INFO - Processing file /home/airflow/.local/lib/python3.7/site-packages/airflow/example_dags/example_branch_labels.py for tasks to queue
[2022-05-08 00:41:00,236] {logging_mixin.py:115} INFO - [2022-05-08 00:41:00,235] {dagbag.py:507} INFO - Filling up the DagBag from /home/airflow/.local/lib/python3.7/site-packages/airflow/example_dags/example_branch_labels.py
[2022-05-08 00:41:00,252] {processor.py:651} INFO - DAG(s) dict_keys(['example_branch_labels']) retrieved from /home/airflow/.local/lib/python3.7/site-packages/airflow/example_dags/example_branch_labels.py
[2022-05-08 00:41:00,306] {logging_mixin.py:115} INFO - [2022-05-08 00:41:00,306] {dag.py:2371} INFO - Sync 1 DAGs
[2022-05-08 00:41:00,347] {logging_mixin.py:115} INFO - [2022-05-08 00:41:00,347] {dag.py:2919} INFO - Setting next_dagrun for example_branch_labels to 2022-05-07T00:00:00+00:00, run_after=2022-05-08T00:00:00+00:00
[2022-05-08 00:41:00,372] {processor.py:161} INFO - Processing /home/airflow/.local/lib/python3.7/site-packages/airflow/example_dags/example_branch_labels.py took 0.152 seconds
[2022-05-08 00:41:30,771] {processor.py:153} INFO - Started process (PID=1130) to work on /home/airflow/.local/lib/python3.7/site-packages/airflow/example_dags/example_branch_labels.py
[2022-05-08 00:41:30,773] {processor.py:641} INFO - Processing file /home/airflow/.local/lib/python3.7/site-packages/airflow/example_dags/example_branch_labels.py for tasks to queue
[2022-05-08 00:41:30,775] {logging_mixin.py:115} INFO - [2022-05-08 00:41:30,775] {dagbag.py:507} INFO - Filling up the DagBag from /home/airflow/.local/lib/python3.7/site-packages/airflow/example_dags/example_branch_labels.py
[2022-05-08 00:41:30,788] {processor.py:651} INFO - DAG(s) dict_keys(['example_branch_labels']) retrieved from /home/airflow/.local/lib/python3.7/site-packages/airflow/example_dags/example_branch_labels.py
[2022-05-08 00:41:30,829] {logging_mixin.py:115} INFO - [2022-05-08 00:41:30,829] {dag.py:2371} INFO - Sync 1 DAGs
[2022-05-08 00:41:30,864] {logging_mixin.py:115} INFO - [2022-05-08 00:41:30,864] {dag.py:2919} INFO - Setting next_dagrun for example_branch_labels to 2022-05-07T00:00:00+00:00, run_after=2022-05-08T00:00:00+00:00
[2022-05-08 00:41:30,880] {processor.py:161} INFO - Processing /home/airflow/.local/lib/python3.7/site-packages/airflow/example_dags/example_branch_labels.py took 0.113 seconds
[2022-05-08 00:42:01,387] {processor.py:153} INFO - Started process (PID=1300) to work on /home/airflow/.local/lib/python3.7/site-packages/airflow/example_dags/example_branch_labels.py
[2022-05-08 00:42:01,389] {processor.py:641} INFO - Processing file /home/airflow/.local/lib/python3.7/site-packages/airflow/example_dags/example_branch_labels.py for tasks to queue
[2022-05-08 00:42:01,390] {logging_mixin.py:115} INFO - [2022-05-08 00:42:01,390] {dagbag.py:507} INFO - Filling up the DagBag from /home/airflow/.local/lib/python3.7/site-packages/airflow/example_dags/example_branch_labels.py
[2022-05-08 00:42:01,415] {processor.py:651} INFO - DAG(s) dict_keys(['example_branch_labels']) retrieved from /home/airflow/.local/lib/python3.7/site-packages/airflow/example_dags/example_branch_labels.py
[2022-05-08 00:42:01,489] {logging_mixin.py:115} INFO - [2022-05-08 00:42:01,489] {dag.py:2371} INFO - Sync 1 DAGs
[2022-05-08 00:42:01,522] {logging_mixin.py:115} INFO - [2022-05-08 00:42:01,521] {dag.py:2919} INFO - Setting next_dagrun for example_branch_labels to 2022-05-07T00:00:00+00:00, run_after=2022-05-08T00:00:00+00:00
[2022-05-08 00:42:01,538] {processor.py:161} INFO - Processing /home/airflow/.local/lib/python3.7/site-packages/airflow/example_dags/example_branch_labels.py took 0.156 seconds
