[2022-05-08 00:28:33,567] {processor.py:153} INFO - Started process (PID=254) to work on /home/airflow/.local/lib/python3.7/site-packages/airflow/example_dags/example_branch_datetime_operator.py
[2022-05-08 00:28:33,569] {processor.py:641} INFO - Processing file /home/airflow/.local/lib/python3.7/site-packages/airflow/example_dags/example_branch_datetime_operator.py for tasks to queue
[2022-05-08 00:28:33,571] {logging_mixin.py:115} INFO - [2022-05-08 00:28:33,571] {dagbag.py:507} INFO - Filling up the DagBag from /home/airflow/.local/lib/python3.7/site-packages/airflow/example_dags/example_branch_datetime_operator.py
[2022-05-08 00:28:33,594] {processor.py:651} INFO - DAG(s) dict_keys(['example_branch_datetime_operator_2']) retrieved from /home/airflow/.local/lib/python3.7/site-packages/airflow/example_dags/example_branch_datetime_operator.py
[2022-05-08 00:28:33,705] {logging_mixin.py:115} INFO - [2022-05-08 00:28:33,705] {dag.py:2371} INFO - Sync 1 DAGs
[2022-05-08 00:28:34,016] {logging_mixin.py:115} INFO - [2022-05-08 00:28:34,016] {dag.py:2919} INFO - Setting next_dagrun for example_branch_datetime_operator_2 to 2022-05-07T00:00:00+00:00, run_after=2022-05-08T00:00:00+00:00
[2022-05-08 00:28:34,065] {processor.py:161} INFO - Processing /home/airflow/.local/lib/python3.7/site-packages/airflow/example_dags/example_branch_datetime_operator.py took 0.506 seconds
[2022-05-08 00:29:04,721] {processor.py:153} INFO - Started process (PID=422) to work on /home/airflow/.local/lib/python3.7/site-packages/airflow/example_dags/example_branch_datetime_operator.py
[2022-05-08 00:29:04,725] {processor.py:641} INFO - Processing file /home/airflow/.local/lib/python3.7/site-packages/airflow/example_dags/example_branch_datetime_operator.py for tasks to queue
[2022-05-08 00:29:04,728] {logging_mixin.py:115} INFO - [2022-05-08 00:29:04,727] {dagbag.py:507} INFO - Filling up the DagBag from /home/airflow/.local/lib/python3.7/site-packages/airflow/example_dags/example_branch_datetime_operator.py
[2022-05-08 00:29:04,754] {processor.py:651} INFO - DAG(s) dict_keys(['example_branch_datetime_operator_2']) retrieved from /home/airflow/.local/lib/python3.7/site-packages/airflow/example_dags/example_branch_datetime_operator.py
[2022-05-08 00:29:04,864] {logging_mixin.py:115} INFO - [2022-05-08 00:29:04,864] {dag.py:2371} INFO - Sync 1 DAGs
[2022-05-08 00:29:04,940] {logging_mixin.py:115} INFO - [2022-05-08 00:29:04,939] {dag.py:2919} INFO - Setting next_dagrun for example_branch_datetime_operator_2 to 2022-05-07T00:00:00+00:00, run_after=2022-05-08T00:00:00+00:00
[2022-05-08 00:29:04,971] {processor.py:161} INFO - Processing /home/airflow/.local/lib/python3.7/site-packages/airflow/example_dags/example_branch_datetime_operator.py took 0.262 seconds
[2022-05-08 00:29:35,461] {processor.py:153} INFO - Started process (PID=594) to work on /home/airflow/.local/lib/python3.7/site-packages/airflow/example_dags/example_branch_datetime_operator.py
[2022-05-08 00:29:35,464] {processor.py:641} INFO - Processing file /home/airflow/.local/lib/python3.7/site-packages/airflow/example_dags/example_branch_datetime_operator.py for tasks to queue
[2022-05-08 00:29:35,468] {logging_mixin.py:115} INFO - [2022-05-08 00:29:35,468] {dagbag.py:507} INFO - Filling up the DagBag from /home/airflow/.local/lib/python3.7/site-packages/airflow/example_dags/example_branch_datetime_operator.py
[2022-05-08 00:29:35,520] {processor.py:651} INFO - DAG(s) dict_keys(['example_branch_datetime_operator_2']) retrieved from /home/airflow/.local/lib/python3.7/site-packages/airflow/example_dags/example_branch_datetime_operator.py
[2022-05-08 00:29:35,649] {logging_mixin.py:115} INFO - [2022-05-08 00:29:35,649] {dag.py:2371} INFO - Sync 1 DAGs
[2022-05-08 00:29:35,683] {logging_mixin.py:115} INFO - [2022-05-08 00:29:35,683] {dag.py:2919} INFO - Setting next_dagrun for example_branch_datetime_operator_2 to 2022-05-07T00:00:00+00:00, run_after=2022-05-08T00:00:00+00:00
[2022-05-08 00:29:35,699] {processor.py:161} INFO - Processing /home/airflow/.local/lib/python3.7/site-packages/airflow/example_dags/example_branch_datetime_operator.py took 0.244 seconds
[2022-05-08 00:30:05,807] {processor.py:153} INFO - Started process (PID=762) to work on /home/airflow/.local/lib/python3.7/site-packages/airflow/example_dags/example_branch_datetime_operator.py
[2022-05-08 00:30:05,809] {processor.py:641} INFO - Processing file /home/airflow/.local/lib/python3.7/site-packages/airflow/example_dags/example_branch_datetime_operator.py for tasks to queue
[2022-05-08 00:30:05,811] {logging_mixin.py:115} INFO - [2022-05-08 00:30:05,811] {dagbag.py:507} INFO - Filling up the DagBag from /home/airflow/.local/lib/python3.7/site-packages/airflow/example_dags/example_branch_datetime_operator.py
[2022-05-08 00:30:05,823] {processor.py:651} INFO - DAG(s) dict_keys(['example_branch_datetime_operator_2']) retrieved from /home/airflow/.local/lib/python3.7/site-packages/airflow/example_dags/example_branch_datetime_operator.py
[2022-05-08 00:30:05,863] {logging_mixin.py:115} INFO - [2022-05-08 00:30:05,863] {dag.py:2371} INFO - Sync 1 DAGs
[2022-05-08 00:30:05,889] {logging_mixin.py:115} INFO - [2022-05-08 00:30:05,889] {dag.py:2919} INFO - Setting next_dagrun for example_branch_datetime_operator_2 to 2022-05-07T00:00:00+00:00, run_after=2022-05-08T00:00:00+00:00
[2022-05-08 00:30:05,904] {processor.py:161} INFO - Processing /home/airflow/.local/lib/python3.7/site-packages/airflow/example_dags/example_branch_datetime_operator.py took 0.103 seconds
[2022-05-08 00:30:35,997] {processor.py:153} INFO - Started process (PID=932) to work on /home/airflow/.local/lib/python3.7/site-packages/airflow/example_dags/example_branch_datetime_operator.py
[2022-05-08 00:30:35,998] {processor.py:641} INFO - Processing file /home/airflow/.local/lib/python3.7/site-packages/airflow/example_dags/example_branch_datetime_operator.py for tasks to queue
[2022-05-08 00:30:36,000] {logging_mixin.py:115} INFO - [2022-05-08 00:30:36,000] {dagbag.py:507} INFO - Filling up the DagBag from /home/airflow/.local/lib/python3.7/site-packages/airflow/example_dags/example_branch_datetime_operator.py
[2022-05-08 00:30:36,015] {processor.py:651} INFO - DAG(s) dict_keys(['example_branch_datetime_operator_2']) retrieved from /home/airflow/.local/lib/python3.7/site-packages/airflow/example_dags/example_branch_datetime_operator.py
[2022-05-08 00:30:36,045] {logging_mixin.py:115} INFO - [2022-05-08 00:30:36,045] {dag.py:2371} INFO - Sync 1 DAGs
[2022-05-08 00:30:36,077] {logging_mixin.py:115} INFO - [2022-05-08 00:30:36,077] {dag.py:2919} INFO - Setting next_dagrun for example_branch_datetime_operator_2 to 2022-05-07T00:00:00+00:00, run_after=2022-05-08T00:00:00+00:00
[2022-05-08 00:30:36,092] {processor.py:161} INFO - Processing /home/airflow/.local/lib/python3.7/site-packages/airflow/example_dags/example_branch_datetime_operator.py took 0.099 seconds
[2022-05-08 00:31:07,134] {processor.py:153} INFO - Started process (PID=1102) to work on /home/airflow/.local/lib/python3.7/site-packages/airflow/example_dags/example_branch_datetime_operator.py
[2022-05-08 00:31:07,136] {processor.py:641} INFO - Processing file /home/airflow/.local/lib/python3.7/site-packages/airflow/example_dags/example_branch_datetime_operator.py for tasks to queue
[2022-05-08 00:31:07,137] {logging_mixin.py:115} INFO - [2022-05-08 00:31:07,137] {dagbag.py:507} INFO - Filling up the DagBag from /home/airflow/.local/lib/python3.7/site-packages/airflow/example_dags/example_branch_datetime_operator.py
[2022-05-08 00:31:07,158] {processor.py:651} INFO - DAG(s) dict_keys(['example_branch_datetime_operator_2']) retrieved from /home/airflow/.local/lib/python3.7/site-packages/airflow/example_dags/example_branch_datetime_operator.py
[2022-05-08 00:31:07,197] {logging_mixin.py:115} INFO - [2022-05-08 00:31:07,196] {dag.py:2371} INFO - Sync 1 DAGs
[2022-05-08 00:31:07,232] {logging_mixin.py:115} INFO - [2022-05-08 00:31:07,232] {dag.py:2919} INFO - Setting next_dagrun for example_branch_datetime_operator_2 to 2022-05-07T00:00:00+00:00, run_after=2022-05-08T00:00:00+00:00
[2022-05-08 00:31:07,244] {processor.py:161} INFO - Processing /home/airflow/.local/lib/python3.7/site-packages/airflow/example_dags/example_branch_datetime_operator.py took 0.113 seconds
[2022-05-08 00:31:38,172] {processor.py:153} INFO - Started process (PID=1272) to work on /home/airflow/.local/lib/python3.7/site-packages/airflow/example_dags/example_branch_datetime_operator.py
[2022-05-08 00:31:38,173] {processor.py:641} INFO - Processing file /home/airflow/.local/lib/python3.7/site-packages/airflow/example_dags/example_branch_datetime_operator.py for tasks to queue
[2022-05-08 00:31:38,175] {logging_mixin.py:115} INFO - [2022-05-08 00:31:38,174] {dagbag.py:507} INFO - Filling up the DagBag from /home/airflow/.local/lib/python3.7/site-packages/airflow/example_dags/example_branch_datetime_operator.py
[2022-05-08 00:31:38,185] {processor.py:651} INFO - DAG(s) dict_keys(['example_branch_datetime_operator_2']) retrieved from /home/airflow/.local/lib/python3.7/site-packages/airflow/example_dags/example_branch_datetime_operator.py
[2022-05-08 00:31:38,228] {logging_mixin.py:115} INFO - [2022-05-08 00:31:38,228] {dag.py:2371} INFO - Sync 1 DAGs
[2022-05-08 00:31:38,263] {logging_mixin.py:115} INFO - [2022-05-08 00:31:38,263] {dag.py:2919} INFO - Setting next_dagrun for example_branch_datetime_operator_2 to 2022-05-07T00:00:00+00:00, run_after=2022-05-08T00:00:00+00:00
[2022-05-08 00:31:38,292] {processor.py:161} INFO - Processing /home/airflow/.local/lib/python3.7/site-packages/airflow/example_dags/example_branch_datetime_operator.py took 0.124 seconds
[2022-05-08 00:32:09,282] {processor.py:153} INFO - Started process (PID=1444) to work on /home/airflow/.local/lib/python3.7/site-packages/airflow/example_dags/example_branch_datetime_operator.py
[2022-05-08 00:32:09,284] {processor.py:641} INFO - Processing file /home/airflow/.local/lib/python3.7/site-packages/airflow/example_dags/example_branch_datetime_operator.py for tasks to queue
[2022-05-08 00:32:09,285] {logging_mixin.py:115} INFO - [2022-05-08 00:32:09,285] {dagbag.py:507} INFO - Filling up the DagBag from /home/airflow/.local/lib/python3.7/site-packages/airflow/example_dags/example_branch_datetime_operator.py
[2022-05-08 00:32:09,297] {processor.py:651} INFO - DAG(s) dict_keys(['example_branch_datetime_operator_2']) retrieved from /home/airflow/.local/lib/python3.7/site-packages/airflow/example_dags/example_branch_datetime_operator.py
[2022-05-08 00:32:09,399] {logging_mixin.py:115} INFO - [2022-05-08 00:32:09,399] {dag.py:2371} INFO - Sync 1 DAGs
[2022-05-08 00:32:09,449] {logging_mixin.py:115} INFO - [2022-05-08 00:32:09,449] {dag.py:2919} INFO - Setting next_dagrun for example_branch_datetime_operator_2 to 2022-05-07T00:00:00+00:00, run_after=2022-05-08T00:00:00+00:00
[2022-05-08 00:32:09,479] {processor.py:161} INFO - Processing /home/airflow/.local/lib/python3.7/site-packages/airflow/example_dags/example_branch_datetime_operator.py took 0.201 seconds
[2022-05-08 00:32:40,334] {processor.py:153} INFO - Started process (PID=1612) to work on /home/airflow/.local/lib/python3.7/site-packages/airflow/example_dags/example_branch_datetime_operator.py
[2022-05-08 00:32:40,335] {processor.py:641} INFO - Processing file /home/airflow/.local/lib/python3.7/site-packages/airflow/example_dags/example_branch_datetime_operator.py for tasks to queue
[2022-05-08 00:32:40,337] {logging_mixin.py:115} INFO - [2022-05-08 00:32:40,337] {dagbag.py:507} INFO - Filling up the DagBag from /home/airflow/.local/lib/python3.7/site-packages/airflow/example_dags/example_branch_datetime_operator.py
[2022-05-08 00:32:40,347] {processor.py:651} INFO - DAG(s) dict_keys(['example_branch_datetime_operator_2']) retrieved from /home/airflow/.local/lib/python3.7/site-packages/airflow/example_dags/example_branch_datetime_operator.py
[2022-05-08 00:32:40,380] {logging_mixin.py:115} INFO - [2022-05-08 00:32:40,380] {dag.py:2371} INFO - Sync 1 DAGs
[2022-05-08 00:32:40,418] {logging_mixin.py:115} INFO - [2022-05-08 00:32:40,418] {dag.py:2919} INFO - Setting next_dagrun for example_branch_datetime_operator_2 to 2022-05-07T00:00:00+00:00, run_after=2022-05-08T00:00:00+00:00
[2022-05-08 00:32:40,431] {processor.py:161} INFO - Processing /home/airflow/.local/lib/python3.7/site-packages/airflow/example_dags/example_branch_datetime_operator.py took 0.107 seconds
[2022-05-08 00:33:11,288] {processor.py:153} INFO - Started process (PID=1784) to work on /home/airflow/.local/lib/python3.7/site-packages/airflow/example_dags/example_branch_datetime_operator.py
[2022-05-08 00:33:11,290] {processor.py:641} INFO - Processing file /home/airflow/.local/lib/python3.7/site-packages/airflow/example_dags/example_branch_datetime_operator.py for tasks to queue
[2022-05-08 00:33:11,292] {logging_mixin.py:115} INFO - [2022-05-08 00:33:11,292] {dagbag.py:507} INFO - Filling up the DagBag from /home/airflow/.local/lib/python3.7/site-packages/airflow/example_dags/example_branch_datetime_operator.py
[2022-05-08 00:33:11,302] {processor.py:651} INFO - DAG(s) dict_keys(['example_branch_datetime_operator_2']) retrieved from /home/airflow/.local/lib/python3.7/site-packages/airflow/example_dags/example_branch_datetime_operator.py
[2022-05-08 00:33:11,336] {logging_mixin.py:115} INFO - [2022-05-08 00:33:11,336] {dag.py:2371} INFO - Sync 1 DAGs
[2022-05-08 00:33:11,363] {logging_mixin.py:115} INFO - [2022-05-08 00:33:11,363] {dag.py:2919} INFO - Setting next_dagrun for example_branch_datetime_operator_2 to 2022-05-07T00:00:00+00:00, run_after=2022-05-08T00:00:00+00:00
[2022-05-08 00:33:11,378] {processor.py:161} INFO - Processing /home/airflow/.local/lib/python3.7/site-packages/airflow/example_dags/example_branch_datetime_operator.py took 0.095 seconds
[2022-05-08 00:33:41,842] {processor.py:153} INFO - Started process (PID=1952) to work on /home/airflow/.local/lib/python3.7/site-packages/airflow/example_dags/example_branch_datetime_operator.py
[2022-05-08 00:33:41,850] {processor.py:641} INFO - Processing file /home/airflow/.local/lib/python3.7/site-packages/airflow/example_dags/example_branch_datetime_operator.py for tasks to queue
[2022-05-08 00:33:41,856] {logging_mixin.py:115} INFO - [2022-05-08 00:33:41,856] {dagbag.py:507} INFO - Filling up the DagBag from /home/airflow/.local/lib/python3.7/site-packages/airflow/example_dags/example_branch_datetime_operator.py
[2022-05-08 00:33:41,870] {processor.py:651} INFO - DAG(s) dict_keys(['example_branch_datetime_operator_2']) retrieved from /home/airflow/.local/lib/python3.7/site-packages/airflow/example_dags/example_branch_datetime_operator.py
[2022-05-08 00:33:41,909] {logging_mixin.py:115} INFO - [2022-05-08 00:33:41,908] {dag.py:2371} INFO - Sync 1 DAGs
[2022-05-08 00:33:41,950] {logging_mixin.py:115} INFO - [2022-05-08 00:33:41,950] {dag.py:2919} INFO - Setting next_dagrun for example_branch_datetime_operator_2 to 2022-05-07T00:00:00+00:00, run_after=2022-05-08T00:00:00+00:00
[2022-05-08 00:33:41,970] {processor.py:161} INFO - Processing /home/airflow/.local/lib/python3.7/site-packages/airflow/example_dags/example_branch_datetime_operator.py took 0.132 seconds
[2022-05-08 00:34:12,203] {processor.py:153} INFO - Started process (PID=2124) to work on /home/airflow/.local/lib/python3.7/site-packages/airflow/example_dags/example_branch_datetime_operator.py
[2022-05-08 00:34:12,204] {processor.py:641} INFO - Processing file /home/airflow/.local/lib/python3.7/site-packages/airflow/example_dags/example_branch_datetime_operator.py for tasks to queue
[2022-05-08 00:34:12,205] {logging_mixin.py:115} INFO - [2022-05-08 00:34:12,205] {dagbag.py:507} INFO - Filling up the DagBag from /home/airflow/.local/lib/python3.7/site-packages/airflow/example_dags/example_branch_datetime_operator.py
[2022-05-08 00:34:12,215] {processor.py:651} INFO - DAG(s) dict_keys(['example_branch_datetime_operator_2']) retrieved from /home/airflow/.local/lib/python3.7/site-packages/airflow/example_dags/example_branch_datetime_operator.py
[2022-05-08 00:34:12,247] {logging_mixin.py:115} INFO - [2022-05-08 00:34:12,247] {dag.py:2371} INFO - Sync 1 DAGs
[2022-05-08 00:34:12,279] {logging_mixin.py:115} INFO - [2022-05-08 00:34:12,279] {dag.py:2919} INFO - Setting next_dagrun for example_branch_datetime_operator_2 to 2022-05-07T00:00:00+00:00, run_after=2022-05-08T00:00:00+00:00
[2022-05-08 00:34:12,298] {processor.py:161} INFO - Processing /home/airflow/.local/lib/python3.7/site-packages/airflow/example_dags/example_branch_datetime_operator.py took 0.099 seconds
[2022-05-08 00:34:43,117] {processor.py:153} INFO - Started process (PID=2292) to work on /home/airflow/.local/lib/python3.7/site-packages/airflow/example_dags/example_branch_datetime_operator.py
[2022-05-08 00:34:43,121] {processor.py:641} INFO - Processing file /home/airflow/.local/lib/python3.7/site-packages/airflow/example_dags/example_branch_datetime_operator.py for tasks to queue
[2022-05-08 00:34:43,124] {logging_mixin.py:115} INFO - [2022-05-08 00:34:43,124] {dagbag.py:507} INFO - Filling up the DagBag from /home/airflow/.local/lib/python3.7/site-packages/airflow/example_dags/example_branch_datetime_operator.py
[2022-05-08 00:34:43,169] {processor.py:651} INFO - DAG(s) dict_keys(['example_branch_datetime_operator_2']) retrieved from /home/airflow/.local/lib/python3.7/site-packages/airflow/example_dags/example_branch_datetime_operator.py
[2022-05-08 00:34:43,363] {logging_mixin.py:115} INFO - [2022-05-08 00:34:43,361] {dag.py:2371} INFO - Sync 1 DAGs
[2022-05-08 00:34:43,436] {logging_mixin.py:115} INFO - [2022-05-08 00:34:43,435] {dag.py:2919} INFO - Setting next_dagrun for example_branch_datetime_operator_2 to 2022-05-07T00:00:00+00:00, run_after=2022-05-08T00:00:00+00:00
[2022-05-08 00:34:43,458] {processor.py:161} INFO - Processing /home/airflow/.local/lib/python3.7/site-packages/airflow/example_dags/example_branch_datetime_operator.py took 0.358 seconds
[2022-05-08 00:35:13,907] {processor.py:153} INFO - Started process (PID=2462) to work on /home/airflow/.local/lib/python3.7/site-packages/airflow/example_dags/example_branch_datetime_operator.py
[2022-05-08 00:35:13,922] {processor.py:641} INFO - Processing file /home/airflow/.local/lib/python3.7/site-packages/airflow/example_dags/example_branch_datetime_operator.py for tasks to queue
[2022-05-08 00:35:13,929] {logging_mixin.py:115} INFO - [2022-05-08 00:35:13,929] {dagbag.py:507} INFO - Filling up the DagBag from /home/airflow/.local/lib/python3.7/site-packages/airflow/example_dags/example_branch_datetime_operator.py
[2022-05-08 00:35:13,966] {processor.py:651} INFO - DAG(s) dict_keys(['example_branch_datetime_operator_2']) retrieved from /home/airflow/.local/lib/python3.7/site-packages/airflow/example_dags/example_branch_datetime_operator.py
[2022-05-08 00:35:14,032] {logging_mixin.py:115} INFO - [2022-05-08 00:35:14,032] {dag.py:2371} INFO - Sync 1 DAGs
[2022-05-08 00:35:14,114] {logging_mixin.py:115} INFO - [2022-05-08 00:35:14,114] {dag.py:2919} INFO - Setting next_dagrun for example_branch_datetime_operator_2 to 2022-05-07T00:00:00+00:00, run_after=2022-05-08T00:00:00+00:00
[2022-05-08 00:35:14,161] {processor.py:161} INFO - Processing /home/airflow/.local/lib/python3.7/site-packages/airflow/example_dags/example_branch_datetime_operator.py took 0.262 seconds
[2022-05-08 00:35:44,307] {processor.py:153} INFO - Started process (PID=2632) to work on /home/airflow/.local/lib/python3.7/site-packages/airflow/example_dags/example_branch_datetime_operator.py
[2022-05-08 00:35:44,309] {processor.py:641} INFO - Processing file /home/airflow/.local/lib/python3.7/site-packages/airflow/example_dags/example_branch_datetime_operator.py for tasks to queue
[2022-05-08 00:35:44,311] {logging_mixin.py:115} INFO - [2022-05-08 00:35:44,311] {dagbag.py:507} INFO - Filling up the DagBag from /home/airflow/.local/lib/python3.7/site-packages/airflow/example_dags/example_branch_datetime_operator.py
[2022-05-08 00:35:44,328] {processor.py:651} INFO - DAG(s) dict_keys(['example_branch_datetime_operator_2']) retrieved from /home/airflow/.local/lib/python3.7/site-packages/airflow/example_dags/example_branch_datetime_operator.py
[2022-05-08 00:35:44,361] {logging_mixin.py:115} INFO - [2022-05-08 00:35:44,361] {dag.py:2371} INFO - Sync 1 DAGs
[2022-05-08 00:35:44,389] {logging_mixin.py:115} INFO - [2022-05-08 00:35:44,389] {dag.py:2919} INFO - Setting next_dagrun for example_branch_datetime_operator_2 to 2022-05-07T00:00:00+00:00, run_after=2022-05-08T00:00:00+00:00
[2022-05-08 00:35:44,404] {processor.py:161} INFO - Processing /home/airflow/.local/lib/python3.7/site-packages/airflow/example_dags/example_branch_datetime_operator.py took 0.103 seconds
[2022-05-08 00:38:54,159] {processor.py:153} INFO - Started process (PID=253) to work on /home/airflow/.local/lib/python3.7/site-packages/airflow/example_dags/example_branch_datetime_operator.py
[2022-05-08 00:38:54,162] {processor.py:641} INFO - Processing file /home/airflow/.local/lib/python3.7/site-packages/airflow/example_dags/example_branch_datetime_operator.py for tasks to queue
[2022-05-08 00:38:54,164] {logging_mixin.py:115} INFO - [2022-05-08 00:38:54,163] {dagbag.py:507} INFO - Filling up the DagBag from /home/airflow/.local/lib/python3.7/site-packages/airflow/example_dags/example_branch_datetime_operator.py
[2022-05-08 00:38:54,201] {processor.py:651} INFO - DAG(s) dict_keys(['example_branch_datetime_operator_2']) retrieved from /home/airflow/.local/lib/python3.7/site-packages/airflow/example_dags/example_branch_datetime_operator.py
[2022-05-08 00:38:54,571] {logging_mixin.py:115} INFO - [2022-05-08 00:38:54,571] {manager.py:508} INFO - Created Permission View: can delete on DAG:example_branch_datetime_operator_2
[2022-05-08 00:38:54,606] {logging_mixin.py:115} INFO - [2022-05-08 00:38:54,605] {manager.py:508} INFO - Created Permission View: can edit on DAG:example_branch_datetime_operator_2
[2022-05-08 00:38:54,619] {logging_mixin.py:115} INFO - [2022-05-08 00:38:54,618] {manager.py:508} INFO - Created Permission View: can read on DAG:example_branch_datetime_operator_2
[2022-05-08 00:38:54,620] {logging_mixin.py:115} INFO - [2022-05-08 00:38:54,620] {dag.py:2371} INFO - Sync 1 DAGs
[2022-05-08 00:38:54,662] {logging_mixin.py:115} INFO - [2022-05-08 00:38:54,652] {dag.py:2390} INFO - Creating ORM DAG for example_branch_datetime_operator_2
[2022-05-08 00:38:54,721] {logging_mixin.py:115} INFO - [2022-05-08 00:38:54,721] {dag.py:2919} INFO - Setting next_dagrun for example_branch_datetime_operator_2 to 2022-05-07T00:00:00+00:00, run_after=2022-05-08T00:00:00+00:00
[2022-05-08 00:38:54,795] {processor.py:161} INFO - Processing /home/airflow/.local/lib/python3.7/site-packages/airflow/example_dags/example_branch_datetime_operator.py took 0.653 seconds
[2022-05-08 00:39:25,491] {processor.py:153} INFO - Started process (PID=425) to work on /home/airflow/.local/lib/python3.7/site-packages/airflow/example_dags/example_branch_datetime_operator.py
[2022-05-08 00:39:25,494] {processor.py:641} INFO - Processing file /home/airflow/.local/lib/python3.7/site-packages/airflow/example_dags/example_branch_datetime_operator.py for tasks to queue
[2022-05-08 00:39:25,496] {logging_mixin.py:115} INFO - [2022-05-08 00:39:25,496] {dagbag.py:507} INFO - Filling up the DagBag from /home/airflow/.local/lib/python3.7/site-packages/airflow/example_dags/example_branch_datetime_operator.py
[2022-05-08 00:39:25,513] {processor.py:651} INFO - DAG(s) dict_keys(['example_branch_datetime_operator_2']) retrieved from /home/airflow/.local/lib/python3.7/site-packages/airflow/example_dags/example_branch_datetime_operator.py
[2022-05-08 00:39:25,554] {logging_mixin.py:115} INFO - [2022-05-08 00:39:25,554] {dag.py:2371} INFO - Sync 1 DAGs
[2022-05-08 00:39:25,590] {logging_mixin.py:115} INFO - [2022-05-08 00:39:25,589] {dag.py:2919} INFO - Setting next_dagrun for example_branch_datetime_operator_2 to 2022-05-07T00:00:00+00:00, run_after=2022-05-08T00:00:00+00:00
[2022-05-08 00:39:25,612] {processor.py:161} INFO - Processing /home/airflow/.local/lib/python3.7/site-packages/airflow/example_dags/example_branch_datetime_operator.py took 0.128 seconds
[2022-05-08 00:39:55,743] {processor.py:153} INFO - Started process (PID=595) to work on /home/airflow/.local/lib/python3.7/site-packages/airflow/example_dags/example_branch_datetime_operator.py
[2022-05-08 00:39:55,744] {processor.py:641} INFO - Processing file /home/airflow/.local/lib/python3.7/site-packages/airflow/example_dags/example_branch_datetime_operator.py for tasks to queue
[2022-05-08 00:39:55,747] {logging_mixin.py:115} INFO - [2022-05-08 00:39:55,746] {dagbag.py:507} INFO - Filling up the DagBag from /home/airflow/.local/lib/python3.7/site-packages/airflow/example_dags/example_branch_datetime_operator.py
[2022-05-08 00:39:55,762] {processor.py:651} INFO - DAG(s) dict_keys(['example_branch_datetime_operator_2']) retrieved from /home/airflow/.local/lib/python3.7/site-packages/airflow/example_dags/example_branch_datetime_operator.py
[2022-05-08 00:39:55,793] {logging_mixin.py:115} INFO - [2022-05-08 00:39:55,793] {dag.py:2371} INFO - Sync 1 DAGs
[2022-05-08 00:39:55,822] {logging_mixin.py:115} INFO - [2022-05-08 00:39:55,822] {dag.py:2919} INFO - Setting next_dagrun for example_branch_datetime_operator_2 to 2022-05-07T00:00:00+00:00, run_after=2022-05-08T00:00:00+00:00
[2022-05-08 00:39:55,835] {processor.py:161} INFO - Processing /home/airflow/.local/lib/python3.7/site-packages/airflow/example_dags/example_branch_datetime_operator.py took 0.096 seconds
[2022-05-08 00:40:27,304] {processor.py:153} INFO - Started process (PID=765) to work on /home/airflow/.local/lib/python3.7/site-packages/airflow/example_dags/example_branch_datetime_operator.py
[2022-05-08 00:40:27,307] {processor.py:641} INFO - Processing file /home/airflow/.local/lib/python3.7/site-packages/airflow/example_dags/example_branch_datetime_operator.py for tasks to queue
[2022-05-08 00:40:27,312] {logging_mixin.py:115} INFO - [2022-05-08 00:40:27,311] {dagbag.py:507} INFO - Filling up the DagBag from /home/airflow/.local/lib/python3.7/site-packages/airflow/example_dags/example_branch_datetime_operator.py
[2022-05-08 00:40:27,337] {processor.py:651} INFO - DAG(s) dict_keys(['example_branch_datetime_operator_2']) retrieved from /home/airflow/.local/lib/python3.7/site-packages/airflow/example_dags/example_branch_datetime_operator.py
[2022-05-08 00:40:27,455] {logging_mixin.py:115} INFO - [2022-05-08 00:40:27,455] {dag.py:2371} INFO - Sync 1 DAGs
[2022-05-08 00:40:27,683] {logging_mixin.py:115} INFO - [2022-05-08 00:40:27,683] {dag.py:2919} INFO - Setting next_dagrun for example_branch_datetime_operator_2 to 2022-05-07T00:00:00+00:00, run_after=2022-05-08T00:00:00+00:00
[2022-05-08 00:40:27,924] {processor.py:161} INFO - Processing /home/airflow/.local/lib/python3.7/site-packages/airflow/example_dags/example_branch_datetime_operator.py took 0.630 seconds
[2022-05-08 00:40:58,569] {processor.py:153} INFO - Started process (PID=935) to work on /home/airflow/.local/lib/python3.7/site-packages/airflow/example_dags/example_branch_datetime_operator.py
[2022-05-08 00:40:58,579] {processor.py:641} INFO - Processing file /home/airflow/.local/lib/python3.7/site-packages/airflow/example_dags/example_branch_datetime_operator.py for tasks to queue
[2022-05-08 00:40:58,581] {logging_mixin.py:115} INFO - [2022-05-08 00:40:58,581] {dagbag.py:507} INFO - Filling up the DagBag from /home/airflow/.local/lib/python3.7/site-packages/airflow/example_dags/example_branch_datetime_operator.py
[2022-05-08 00:40:58,609] {processor.py:651} INFO - DAG(s) dict_keys(['example_branch_datetime_operator_2']) retrieved from /home/airflow/.local/lib/python3.7/site-packages/airflow/example_dags/example_branch_datetime_operator.py
[2022-05-08 00:40:58,659] {logging_mixin.py:115} INFO - [2022-05-08 00:40:58,659] {dag.py:2371} INFO - Sync 1 DAGs
[2022-05-08 00:40:58,697] {logging_mixin.py:115} INFO - [2022-05-08 00:40:58,697] {dag.py:2919} INFO - Setting next_dagrun for example_branch_datetime_operator_2 to 2022-05-07T00:00:00+00:00, run_after=2022-05-08T00:00:00+00:00
[2022-05-08 00:40:58,720] {processor.py:161} INFO - Processing /home/airflow/.local/lib/python3.7/site-packages/airflow/example_dags/example_branch_datetime_operator.py took 0.169 seconds
[2022-05-08 00:41:29,327] {processor.py:153} INFO - Started process (PID=1105) to work on /home/airflow/.local/lib/python3.7/site-packages/airflow/example_dags/example_branch_datetime_operator.py
[2022-05-08 00:41:29,328] {processor.py:641} INFO - Processing file /home/airflow/.local/lib/python3.7/site-packages/airflow/example_dags/example_branch_datetime_operator.py for tasks to queue
[2022-05-08 00:41:29,332] {logging_mixin.py:115} INFO - [2022-05-08 00:41:29,332] {dagbag.py:507} INFO - Filling up the DagBag from /home/airflow/.local/lib/python3.7/site-packages/airflow/example_dags/example_branch_datetime_operator.py
[2022-05-08 00:41:29,349] {processor.py:651} INFO - DAG(s) dict_keys(['example_branch_datetime_operator_2']) retrieved from /home/airflow/.local/lib/python3.7/site-packages/airflow/example_dags/example_branch_datetime_operator.py
[2022-05-08 00:41:29,389] {logging_mixin.py:115} INFO - [2022-05-08 00:41:29,388] {dag.py:2371} INFO - Sync 1 DAGs
[2022-05-08 00:41:29,436] {logging_mixin.py:115} INFO - [2022-05-08 00:41:29,436] {dag.py:2919} INFO - Setting next_dagrun for example_branch_datetime_operator_2 to 2022-05-07T00:00:00+00:00, run_after=2022-05-08T00:00:00+00:00
[2022-05-08 00:41:29,456] {processor.py:161} INFO - Processing /home/airflow/.local/lib/python3.7/site-packages/airflow/example_dags/example_branch_datetime_operator.py took 0.133 seconds
[2022-05-08 00:41:59,910] {processor.py:153} INFO - Started process (PID=1275) to work on /home/airflow/.local/lib/python3.7/site-packages/airflow/example_dags/example_branch_datetime_operator.py
[2022-05-08 00:41:59,913] {processor.py:641} INFO - Processing file /home/airflow/.local/lib/python3.7/site-packages/airflow/example_dags/example_branch_datetime_operator.py for tasks to queue
[2022-05-08 00:41:59,914] {logging_mixin.py:115} INFO - [2022-05-08 00:41:59,914] {dagbag.py:507} INFO - Filling up the DagBag from /home/airflow/.local/lib/python3.7/site-packages/airflow/example_dags/example_branch_datetime_operator.py
[2022-05-08 00:41:59,928] {processor.py:651} INFO - DAG(s) dict_keys(['example_branch_datetime_operator_2']) retrieved from /home/airflow/.local/lib/python3.7/site-packages/airflow/example_dags/example_branch_datetime_operator.py
[2022-05-08 00:41:59,971] {logging_mixin.py:115} INFO - [2022-05-08 00:41:59,971] {dag.py:2371} INFO - Sync 1 DAGs
[2022-05-08 00:42:00,013] {logging_mixin.py:115} INFO - [2022-05-08 00:42:00,013] {dag.py:2919} INFO - Setting next_dagrun for example_branch_datetime_operator_2 to 2022-05-07T00:00:00+00:00, run_after=2022-05-08T00:00:00+00:00
[2022-05-08 00:42:00,037] {processor.py:161} INFO - Processing /home/airflow/.local/lib/python3.7/site-packages/airflow/example_dags/example_branch_datetime_operator.py took 0.131 seconds
