[2022-05-08 00:28:29,805] {processor.py:153} INFO - Started process (PID=192) to work on /home/airflow/.local/lib/python3.7/site-packages/airflow/example_dags/tutorial_etl_dag.py
[2022-05-08 00:28:29,807] {processor.py:641} INFO - Processing file /home/airflow/.local/lib/python3.7/site-packages/airflow/example_dags/tutorial_etl_dag.py for tasks to queue
[2022-05-08 00:28:29,811] {logging_mixin.py:115} INFO - [2022-05-08 00:28:29,811] {dagbag.py:507} INFO - Filling up the DagBag from /home/airflow/.local/lib/python3.7/site-packages/airflow/example_dags/tutorial_etl_dag.py
[2022-05-08 00:28:29,832] {processor.py:651} INFO - DAG(s) dict_keys(['tutorial_etl_dag']) retrieved from /home/airflow/.local/lib/python3.7/site-packages/airflow/example_dags/tutorial_etl_dag.py
[2022-05-08 00:28:29,916] {logging_mixin.py:115} INFO - [2022-05-08 00:28:29,916] {dag.py:2371} INFO - Sync 1 DAGs
[2022-05-08 00:28:30,007] {logging_mixin.py:115} INFO - [2022-05-08 00:28:30,006] {dag.py:2919} INFO - Setting next_dagrun for tutorial_etl_dag to None, run_after=None
[2022-05-08 00:28:30,092] {processor.py:161} INFO - Processing /home/airflow/.local/lib/python3.7/site-packages/airflow/example_dags/tutorial_etl_dag.py took 0.294 seconds
[2022-05-08 00:29:00,715] {processor.py:153} INFO - Started process (PID=362) to work on /home/airflow/.local/lib/python3.7/site-packages/airflow/example_dags/tutorial_etl_dag.py
[2022-05-08 00:29:00,720] {processor.py:641} INFO - Processing file /home/airflow/.local/lib/python3.7/site-packages/airflow/example_dags/tutorial_etl_dag.py for tasks to queue
[2022-05-08 00:29:00,727] {logging_mixin.py:115} INFO - [2022-05-08 00:29:00,725] {dagbag.py:507} INFO - Filling up the DagBag from /home/airflow/.local/lib/python3.7/site-packages/airflow/example_dags/tutorial_etl_dag.py
[2022-05-08 00:29:00,976] {processor.py:651} INFO - DAG(s) dict_keys(['tutorial_etl_dag']) retrieved from /home/airflow/.local/lib/python3.7/site-packages/airflow/example_dags/tutorial_etl_dag.py
[2022-05-08 00:29:01,158] {logging_mixin.py:115} INFO - [2022-05-08 00:29:01,158] {dag.py:2371} INFO - Sync 1 DAGs
[2022-05-08 00:29:01,243] {logging_mixin.py:115} INFO - [2022-05-08 00:29:01,243] {dag.py:2919} INFO - Setting next_dagrun for tutorial_etl_dag to None, run_after=None
[2022-05-08 00:29:01,291] {processor.py:161} INFO - Processing /home/airflow/.local/lib/python3.7/site-packages/airflow/example_dags/tutorial_etl_dag.py took 0.615 seconds
[2022-05-08 00:29:31,718] {processor.py:153} INFO - Started process (PID=531) to work on /home/airflow/.local/lib/python3.7/site-packages/airflow/example_dags/tutorial_etl_dag.py
[2022-05-08 00:29:31,721] {processor.py:641} INFO - Processing file /home/airflow/.local/lib/python3.7/site-packages/airflow/example_dags/tutorial_etl_dag.py for tasks to queue
[2022-05-08 00:29:31,722] {logging_mixin.py:115} INFO - [2022-05-08 00:29:31,722] {dagbag.py:507} INFO - Filling up the DagBag from /home/airflow/.local/lib/python3.7/site-packages/airflow/example_dags/tutorial_etl_dag.py
[2022-05-08 00:29:31,748] {processor.py:651} INFO - DAG(s) dict_keys(['tutorial_etl_dag']) retrieved from /home/airflow/.local/lib/python3.7/site-packages/airflow/example_dags/tutorial_etl_dag.py
[2022-05-08 00:29:31,793] {logging_mixin.py:115} INFO - [2022-05-08 00:29:31,793] {dag.py:2371} INFO - Sync 1 DAGs
[2022-05-08 00:29:31,848] {logging_mixin.py:115} INFO - [2022-05-08 00:29:31,848] {dag.py:2919} INFO - Setting next_dagrun for tutorial_etl_dag to None, run_after=None
[2022-05-08 00:29:31,864] {processor.py:161} INFO - Processing /home/airflow/.local/lib/python3.7/site-packages/airflow/example_dags/tutorial_etl_dag.py took 0.151 seconds
[2022-05-08 00:30:02,340] {processor.py:153} INFO - Started process (PID=700) to work on /home/airflow/.local/lib/python3.7/site-packages/airflow/example_dags/tutorial_etl_dag.py
[2022-05-08 00:30:02,356] {processor.py:641} INFO - Processing file /home/airflow/.local/lib/python3.7/site-packages/airflow/example_dags/tutorial_etl_dag.py for tasks to queue
[2022-05-08 00:30:02,361] {logging_mixin.py:115} INFO - [2022-05-08 00:30:02,360] {dagbag.py:507} INFO - Filling up the DagBag from /home/airflow/.local/lib/python3.7/site-packages/airflow/example_dags/tutorial_etl_dag.py
[2022-05-08 00:30:02,405] {processor.py:651} INFO - DAG(s) dict_keys(['tutorial_etl_dag']) retrieved from /home/airflow/.local/lib/python3.7/site-packages/airflow/example_dags/tutorial_etl_dag.py
[2022-05-08 00:30:02,499] {logging_mixin.py:115} INFO - [2022-05-08 00:30:02,492] {dag.py:2371} INFO - Sync 1 DAGs
[2022-05-08 00:30:02,607] {logging_mixin.py:115} INFO - [2022-05-08 00:30:02,607] {dag.py:2919} INFO - Setting next_dagrun for tutorial_etl_dag to None, run_after=None
[2022-05-08 00:30:02,641] {processor.py:161} INFO - Processing /home/airflow/.local/lib/python3.7/site-packages/airflow/example_dags/tutorial_etl_dag.py took 0.316 seconds
[2022-05-08 00:30:33,009] {processor.py:153} INFO - Started process (PID=872) to work on /home/airflow/.local/lib/python3.7/site-packages/airflow/example_dags/tutorial_etl_dag.py
[2022-05-08 00:30:33,010] {processor.py:641} INFO - Processing file /home/airflow/.local/lib/python3.7/site-packages/airflow/example_dags/tutorial_etl_dag.py for tasks to queue
[2022-05-08 00:30:33,012] {logging_mixin.py:115} INFO - [2022-05-08 00:30:33,012] {dagbag.py:507} INFO - Filling up the DagBag from /home/airflow/.local/lib/python3.7/site-packages/airflow/example_dags/tutorial_etl_dag.py
[2022-05-08 00:30:33,028] {processor.py:651} INFO - DAG(s) dict_keys(['tutorial_etl_dag']) retrieved from /home/airflow/.local/lib/python3.7/site-packages/airflow/example_dags/tutorial_etl_dag.py
[2022-05-08 00:30:33,067] {logging_mixin.py:115} INFO - [2022-05-08 00:30:33,067] {dag.py:2371} INFO - Sync 1 DAGs
[2022-05-08 00:30:33,105] {logging_mixin.py:115} INFO - [2022-05-08 00:30:33,105] {dag.py:2919} INFO - Setting next_dagrun for tutorial_etl_dag to None, run_after=None
[2022-05-08 00:30:33,131] {processor.py:161} INFO - Processing /home/airflow/.local/lib/python3.7/site-packages/airflow/example_dags/tutorial_etl_dag.py took 0.126 seconds
[2022-05-08 00:31:03,970] {processor.py:153} INFO - Started process (PID=1042) to work on /home/airflow/.local/lib/python3.7/site-packages/airflow/example_dags/tutorial_etl_dag.py
[2022-05-08 00:31:03,972] {processor.py:641} INFO - Processing file /home/airflow/.local/lib/python3.7/site-packages/airflow/example_dags/tutorial_etl_dag.py for tasks to queue
[2022-05-08 00:31:03,973] {logging_mixin.py:115} INFO - [2022-05-08 00:31:03,973] {dagbag.py:507} INFO - Filling up the DagBag from /home/airflow/.local/lib/python3.7/site-packages/airflow/example_dags/tutorial_etl_dag.py
[2022-05-08 00:31:03,984] {processor.py:651} INFO - DAG(s) dict_keys(['tutorial_etl_dag']) retrieved from /home/airflow/.local/lib/python3.7/site-packages/airflow/example_dags/tutorial_etl_dag.py
[2022-05-08 00:31:04,018] {logging_mixin.py:115} INFO - [2022-05-08 00:31:04,018] {dag.py:2371} INFO - Sync 1 DAGs
[2022-05-08 00:31:04,048] {logging_mixin.py:115} INFO - [2022-05-08 00:31:04,047] {dag.py:2919} INFO - Setting next_dagrun for tutorial_etl_dag to None, run_after=None
[2022-05-08 00:31:04,063] {processor.py:161} INFO - Processing /home/airflow/.local/lib/python3.7/site-packages/airflow/example_dags/tutorial_etl_dag.py took 0.096 seconds
[2022-05-08 00:31:34,928] {processor.py:153} INFO - Started process (PID=1212) to work on /home/airflow/.local/lib/python3.7/site-packages/airflow/example_dags/tutorial_etl_dag.py
[2022-05-08 00:31:34,930] {processor.py:641} INFO - Processing file /home/airflow/.local/lib/python3.7/site-packages/airflow/example_dags/tutorial_etl_dag.py for tasks to queue
[2022-05-08 00:31:34,931] {logging_mixin.py:115} INFO - [2022-05-08 00:31:34,931] {dagbag.py:507} INFO - Filling up the DagBag from /home/airflow/.local/lib/python3.7/site-packages/airflow/example_dags/tutorial_etl_dag.py
[2022-05-08 00:31:34,943] {processor.py:651} INFO - DAG(s) dict_keys(['tutorial_etl_dag']) retrieved from /home/airflow/.local/lib/python3.7/site-packages/airflow/example_dags/tutorial_etl_dag.py
[2022-05-08 00:31:35,007] {logging_mixin.py:115} INFO - [2022-05-08 00:31:35,007] {dag.py:2371} INFO - Sync 1 DAGs
[2022-05-08 00:31:35,031] {logging_mixin.py:115} INFO - [2022-05-08 00:31:35,031] {dag.py:2919} INFO - Setting next_dagrun for tutorial_etl_dag to None, run_after=None
[2022-05-08 00:31:35,060] {processor.py:161} INFO - Processing /home/airflow/.local/lib/python3.7/site-packages/airflow/example_dags/tutorial_etl_dag.py took 0.136 seconds
[2022-05-08 00:32:05,123] {processor.py:153} INFO - Started process (PID=1382) to work on /home/airflow/.local/lib/python3.7/site-packages/airflow/example_dags/tutorial_etl_dag.py
[2022-05-08 00:32:05,124] {processor.py:641} INFO - Processing file /home/airflow/.local/lib/python3.7/site-packages/airflow/example_dags/tutorial_etl_dag.py for tasks to queue
[2022-05-08 00:32:05,126] {logging_mixin.py:115} INFO - [2022-05-08 00:32:05,125] {dagbag.py:507} INFO - Filling up the DagBag from /home/airflow/.local/lib/python3.7/site-packages/airflow/example_dags/tutorial_etl_dag.py
[2022-05-08 00:32:05,138] {processor.py:651} INFO - DAG(s) dict_keys(['tutorial_etl_dag']) retrieved from /home/airflow/.local/lib/python3.7/site-packages/airflow/example_dags/tutorial_etl_dag.py
[2022-05-08 00:32:05,170] {logging_mixin.py:115} INFO - [2022-05-08 00:32:05,170] {dag.py:2371} INFO - Sync 1 DAGs
[2022-05-08 00:32:05,202] {logging_mixin.py:115} INFO - [2022-05-08 00:32:05,202] {dag.py:2919} INFO - Setting next_dagrun for tutorial_etl_dag to None, run_after=None
[2022-05-08 00:32:05,223] {processor.py:161} INFO - Processing /home/airflow/.local/lib/python3.7/site-packages/airflow/example_dags/tutorial_etl_dag.py took 0.105 seconds
[2022-05-08 00:32:36,135] {processor.py:153} INFO - Started process (PID=1552) to work on /home/airflow/.local/lib/python3.7/site-packages/airflow/example_dags/tutorial_etl_dag.py
[2022-05-08 00:32:36,137] {processor.py:641} INFO - Processing file /home/airflow/.local/lib/python3.7/site-packages/airflow/example_dags/tutorial_etl_dag.py for tasks to queue
[2022-05-08 00:32:36,138] {logging_mixin.py:115} INFO - [2022-05-08 00:32:36,138] {dagbag.py:507} INFO - Filling up the DagBag from /home/airflow/.local/lib/python3.7/site-packages/airflow/example_dags/tutorial_etl_dag.py
[2022-05-08 00:32:36,150] {processor.py:651} INFO - DAG(s) dict_keys(['tutorial_etl_dag']) retrieved from /home/airflow/.local/lib/python3.7/site-packages/airflow/example_dags/tutorial_etl_dag.py
[2022-05-08 00:32:36,177] {logging_mixin.py:115} INFO - [2022-05-08 00:32:36,177] {dag.py:2371} INFO - Sync 1 DAGs
[2022-05-08 00:32:36,206] {logging_mixin.py:115} INFO - [2022-05-08 00:32:36,206] {dag.py:2919} INFO - Setting next_dagrun for tutorial_etl_dag to None, run_after=None
[2022-05-08 00:32:36,224] {processor.py:161} INFO - Processing /home/airflow/.local/lib/python3.7/site-packages/airflow/example_dags/tutorial_etl_dag.py took 0.093 seconds
[2022-05-08 00:33:07,026] {processor.py:153} INFO - Started process (PID=1721) to work on /home/airflow/.local/lib/python3.7/site-packages/airflow/example_dags/tutorial_etl_dag.py
[2022-05-08 00:33:07,029] {processor.py:641} INFO - Processing file /home/airflow/.local/lib/python3.7/site-packages/airflow/example_dags/tutorial_etl_dag.py for tasks to queue
[2022-05-08 00:33:07,033] {logging_mixin.py:115} INFO - [2022-05-08 00:33:07,032] {dagbag.py:507} INFO - Filling up the DagBag from /home/airflow/.local/lib/python3.7/site-packages/airflow/example_dags/tutorial_etl_dag.py
[2022-05-08 00:33:07,063] {processor.py:651} INFO - DAG(s) dict_keys(['tutorial_etl_dag']) retrieved from /home/airflow/.local/lib/python3.7/site-packages/airflow/example_dags/tutorial_etl_dag.py
[2022-05-08 00:33:07,138] {logging_mixin.py:115} INFO - [2022-05-08 00:33:07,138] {dag.py:2371} INFO - Sync 1 DAGs
[2022-05-08 00:33:07,199] {logging_mixin.py:115} INFO - [2022-05-08 00:33:07,199] {dag.py:2919} INFO - Setting next_dagrun for tutorial_etl_dag to None, run_after=None
[2022-05-08 00:33:07,241] {processor.py:161} INFO - Processing /home/airflow/.local/lib/python3.7/site-packages/airflow/example_dags/tutorial_etl_dag.py took 0.232 seconds
[2022-05-08 00:33:37,618] {processor.py:153} INFO - Started process (PID=1892) to work on /home/airflow/.local/lib/python3.7/site-packages/airflow/example_dags/tutorial_etl_dag.py
[2022-05-08 00:33:37,620] {processor.py:641} INFO - Processing file /home/airflow/.local/lib/python3.7/site-packages/airflow/example_dags/tutorial_etl_dag.py for tasks to queue
[2022-05-08 00:33:37,621] {logging_mixin.py:115} INFO - [2022-05-08 00:33:37,621] {dagbag.py:507} INFO - Filling up the DagBag from /home/airflow/.local/lib/python3.7/site-packages/airflow/example_dags/tutorial_etl_dag.py
[2022-05-08 00:33:37,631] {processor.py:651} INFO - DAG(s) dict_keys(['tutorial_etl_dag']) retrieved from /home/airflow/.local/lib/python3.7/site-packages/airflow/example_dags/tutorial_etl_dag.py
[2022-05-08 00:33:37,662] {logging_mixin.py:115} INFO - [2022-05-08 00:33:37,662] {dag.py:2371} INFO - Sync 1 DAGs
[2022-05-08 00:33:37,689] {logging_mixin.py:115} INFO - [2022-05-08 00:33:37,689] {dag.py:2919} INFO - Setting next_dagrun for tutorial_etl_dag to None, run_after=None
[2022-05-08 00:33:37,703] {processor.py:161} INFO - Processing /home/airflow/.local/lib/python3.7/site-packages/airflow/example_dags/tutorial_etl_dag.py took 0.090 seconds
[2022-05-08 00:34:07,929] {processor.py:153} INFO - Started process (PID=2062) to work on /home/airflow/.local/lib/python3.7/site-packages/airflow/example_dags/tutorial_etl_dag.py
[2022-05-08 00:34:07,930] {processor.py:641} INFO - Processing file /home/airflow/.local/lib/python3.7/site-packages/airflow/example_dags/tutorial_etl_dag.py for tasks to queue
[2022-05-08 00:34:07,932] {logging_mixin.py:115} INFO - [2022-05-08 00:34:07,931] {dagbag.py:507} INFO - Filling up the DagBag from /home/airflow/.local/lib/python3.7/site-packages/airflow/example_dags/tutorial_etl_dag.py
[2022-05-08 00:34:07,941] {processor.py:651} INFO - DAG(s) dict_keys(['tutorial_etl_dag']) retrieved from /home/airflow/.local/lib/python3.7/site-packages/airflow/example_dags/tutorial_etl_dag.py
[2022-05-08 00:34:07,982] {logging_mixin.py:115} INFO - [2022-05-08 00:34:07,982] {dag.py:2371} INFO - Sync 1 DAGs
[2022-05-08 00:34:08,011] {logging_mixin.py:115} INFO - [2022-05-08 00:34:08,011] {dag.py:2919} INFO - Setting next_dagrun for tutorial_etl_dag to None, run_after=None
[2022-05-08 00:34:08,026] {processor.py:161} INFO - Processing /home/airflow/.local/lib/python3.7/site-packages/airflow/example_dags/tutorial_etl_dag.py took 0.100 seconds
[2022-05-08 00:34:38,393] {processor.py:153} INFO - Started process (PID=2232) to work on /home/airflow/.local/lib/python3.7/site-packages/airflow/example_dags/tutorial_etl_dag.py
[2022-05-08 00:34:38,395] {processor.py:641} INFO - Processing file /home/airflow/.local/lib/python3.7/site-packages/airflow/example_dags/tutorial_etl_dag.py for tasks to queue
[2022-05-08 00:34:38,397] {logging_mixin.py:115} INFO - [2022-05-08 00:34:38,397] {dagbag.py:507} INFO - Filling up the DagBag from /home/airflow/.local/lib/python3.7/site-packages/airflow/example_dags/tutorial_etl_dag.py
[2022-05-08 00:34:38,426] {processor.py:651} INFO - DAG(s) dict_keys(['tutorial_etl_dag']) retrieved from /home/airflow/.local/lib/python3.7/site-packages/airflow/example_dags/tutorial_etl_dag.py
[2022-05-08 00:34:38,482] {logging_mixin.py:115} INFO - [2022-05-08 00:34:38,481] {dag.py:2371} INFO - Sync 1 DAGs
[2022-05-08 00:34:38,534] {logging_mixin.py:115} INFO - [2022-05-08 00:34:38,533] {dag.py:2919} INFO - Setting next_dagrun for tutorial_etl_dag to None, run_after=None
[2022-05-08 00:34:38,578] {processor.py:161} INFO - Processing /home/airflow/.local/lib/python3.7/site-packages/airflow/example_dags/tutorial_etl_dag.py took 0.197 seconds
[2022-05-08 00:35:09,147] {processor.py:153} INFO - Started process (PID=2401) to work on /home/airflow/.local/lib/python3.7/site-packages/airflow/example_dags/tutorial_etl_dag.py
[2022-05-08 00:35:09,149] {processor.py:641} INFO - Processing file /home/airflow/.local/lib/python3.7/site-packages/airflow/example_dags/tutorial_etl_dag.py for tasks to queue
[2022-05-08 00:35:09,151] {logging_mixin.py:115} INFO - [2022-05-08 00:35:09,151] {dagbag.py:507} INFO - Filling up the DagBag from /home/airflow/.local/lib/python3.7/site-packages/airflow/example_dags/tutorial_etl_dag.py
[2022-05-08 00:35:09,173] {processor.py:651} INFO - DAG(s) dict_keys(['tutorial_etl_dag']) retrieved from /home/airflow/.local/lib/python3.7/site-packages/airflow/example_dags/tutorial_etl_dag.py
[2022-05-08 00:35:09,218] {logging_mixin.py:115} INFO - [2022-05-08 00:35:09,218] {dag.py:2371} INFO - Sync 1 DAGs
[2022-05-08 00:35:09,253] {logging_mixin.py:115} INFO - [2022-05-08 00:35:09,253] {dag.py:2919} INFO - Setting next_dagrun for tutorial_etl_dag to None, run_after=None
[2022-05-08 00:35:09,273] {processor.py:161} INFO - Processing /home/airflow/.local/lib/python3.7/site-packages/airflow/example_dags/tutorial_etl_dag.py took 0.132 seconds
[2022-05-08 00:35:39,934] {processor.py:153} INFO - Started process (PID=2572) to work on /home/airflow/.local/lib/python3.7/site-packages/airflow/example_dags/tutorial_etl_dag.py
[2022-05-08 00:35:39,935] {processor.py:641} INFO - Processing file /home/airflow/.local/lib/python3.7/site-packages/airflow/example_dags/tutorial_etl_dag.py for tasks to queue
[2022-05-08 00:35:39,937] {logging_mixin.py:115} INFO - [2022-05-08 00:35:39,937] {dagbag.py:507} INFO - Filling up the DagBag from /home/airflow/.local/lib/python3.7/site-packages/airflow/example_dags/tutorial_etl_dag.py
[2022-05-08 00:35:39,951] {processor.py:651} INFO - DAG(s) dict_keys(['tutorial_etl_dag']) retrieved from /home/airflow/.local/lib/python3.7/site-packages/airflow/example_dags/tutorial_etl_dag.py
[2022-05-08 00:35:39,991] {logging_mixin.py:115} INFO - [2022-05-08 00:35:39,990] {dag.py:2371} INFO - Sync 1 DAGs
[2022-05-08 00:35:40,026] {logging_mixin.py:115} INFO - [2022-05-08 00:35:40,026] {dag.py:2919} INFO - Setting next_dagrun for tutorial_etl_dag to None, run_after=None
[2022-05-08 00:35:40,051] {processor.py:161} INFO - Processing /home/airflow/.local/lib/python3.7/site-packages/airflow/example_dags/tutorial_etl_dag.py took 0.122 seconds
[2022-05-08 00:36:10,240] {processor.py:153} INFO - Started process (PID=2742) to work on /home/airflow/.local/lib/python3.7/site-packages/airflow/example_dags/tutorial_etl_dag.py
[2022-05-08 00:36:10,241] {processor.py:641} INFO - Processing file /home/airflow/.local/lib/python3.7/site-packages/airflow/example_dags/tutorial_etl_dag.py for tasks to queue
[2022-05-08 00:36:10,243] {logging_mixin.py:115} INFO - [2022-05-08 00:36:10,243] {dagbag.py:507} INFO - Filling up the DagBag from /home/airflow/.local/lib/python3.7/site-packages/airflow/example_dags/tutorial_etl_dag.py
[2022-05-08 00:36:10,261] {processor.py:651} INFO - DAG(s) dict_keys(['tutorial_etl_dag']) retrieved from /home/airflow/.local/lib/python3.7/site-packages/airflow/example_dags/tutorial_etl_dag.py
[2022-05-08 00:36:10,298] {logging_mixin.py:115} INFO - [2022-05-08 00:36:10,298] {dag.py:2371} INFO - Sync 1 DAGs
[2022-05-08 00:36:10,334] {logging_mixin.py:115} INFO - [2022-05-08 00:36:10,333] {dag.py:2919} INFO - Setting next_dagrun for tutorial_etl_dag to None, run_after=None
[2022-05-08 00:36:10,347] {processor.py:161} INFO - Processing /home/airflow/.local/lib/python3.7/site-packages/airflow/example_dags/tutorial_etl_dag.py took 0.113 seconds
[2022-05-08 00:38:50,226] {processor.py:153} INFO - Started process (PID=193) to work on /home/airflow/.local/lib/python3.7/site-packages/airflow/example_dags/tutorial_etl_dag.py
[2022-05-08 00:38:50,229] {processor.py:641} INFO - Processing file /home/airflow/.local/lib/python3.7/site-packages/airflow/example_dags/tutorial_etl_dag.py for tasks to queue
[2022-05-08 00:38:50,233] {logging_mixin.py:115} INFO - [2022-05-08 00:38:50,233] {dagbag.py:507} INFO - Filling up the DagBag from /home/airflow/.local/lib/python3.7/site-packages/airflow/example_dags/tutorial_etl_dag.py
[2022-05-08 00:38:50,266] {processor.py:651} INFO - DAG(s) dict_keys(['tutorial_etl_dag']) retrieved from /home/airflow/.local/lib/python3.7/site-packages/airflow/example_dags/tutorial_etl_dag.py
[2022-05-08 00:38:50,394] {logging_mixin.py:115} INFO - [2022-05-08 00:38:50,394] {manager.py:508} INFO - Created Permission View: can delete on DAG:tutorial_etl_dag
[2022-05-08 00:38:50,410] {logging_mixin.py:115} INFO - [2022-05-08 00:38:50,409] {manager.py:508} INFO - Created Permission View: can edit on DAG:tutorial_etl_dag
[2022-05-08 00:38:50,430] {logging_mixin.py:115} INFO - [2022-05-08 00:38:50,430] {manager.py:508} INFO - Created Permission View: can read on DAG:tutorial_etl_dag
[2022-05-08 00:38:50,431] {logging_mixin.py:115} INFO - [2022-05-08 00:38:50,431] {dag.py:2371} INFO - Sync 1 DAGs
[2022-05-08 00:38:50,444] {logging_mixin.py:115} INFO - [2022-05-08 00:38:50,444] {dag.py:2390} INFO - Creating ORM DAG for tutorial_etl_dag
[2022-05-08 00:38:50,461] {logging_mixin.py:115} INFO - [2022-05-08 00:38:50,461] {dag.py:2919} INFO - Setting next_dagrun for tutorial_etl_dag to None, run_after=None
[2022-05-08 00:38:50,486] {processor.py:161} INFO - Processing /home/airflow/.local/lib/python3.7/site-packages/airflow/example_dags/tutorial_etl_dag.py took 0.263 seconds
[2022-05-08 00:39:20,597] {processor.py:153} INFO - Started process (PID=365) to work on /home/airflow/.local/lib/python3.7/site-packages/airflow/example_dags/tutorial_etl_dag.py
[2022-05-08 00:39:20,599] {processor.py:641} INFO - Processing file /home/airflow/.local/lib/python3.7/site-packages/airflow/example_dags/tutorial_etl_dag.py for tasks to queue
[2022-05-08 00:39:20,603] {logging_mixin.py:115} INFO - [2022-05-08 00:39:20,602] {dagbag.py:507} INFO - Filling up the DagBag from /home/airflow/.local/lib/python3.7/site-packages/airflow/example_dags/tutorial_etl_dag.py
[2022-05-08 00:39:20,627] {processor.py:651} INFO - DAG(s) dict_keys(['tutorial_etl_dag']) retrieved from /home/airflow/.local/lib/python3.7/site-packages/airflow/example_dags/tutorial_etl_dag.py
[2022-05-08 00:39:20,663] {logging_mixin.py:115} INFO - [2022-05-08 00:39:20,663] {dag.py:2371} INFO - Sync 1 DAGs
[2022-05-08 00:39:20,696] {logging_mixin.py:115} INFO - [2022-05-08 00:39:20,696] {dag.py:2919} INFO - Setting next_dagrun for tutorial_etl_dag to None, run_after=None
[2022-05-08 00:39:20,713] {processor.py:161} INFO - Processing /home/airflow/.local/lib/python3.7/site-packages/airflow/example_dags/tutorial_etl_dag.py took 0.120 seconds
[2022-05-08 00:39:51,464] {processor.py:153} INFO - Started process (PID=533) to work on /home/airflow/.local/lib/python3.7/site-packages/airflow/example_dags/tutorial_etl_dag.py
[2022-05-08 00:39:51,469] {processor.py:641} INFO - Processing file /home/airflow/.local/lib/python3.7/site-packages/airflow/example_dags/tutorial_etl_dag.py for tasks to queue
[2022-05-08 00:39:51,470] {logging_mixin.py:115} INFO - [2022-05-08 00:39:51,470] {dagbag.py:507} INFO - Filling up the DagBag from /home/airflow/.local/lib/python3.7/site-packages/airflow/example_dags/tutorial_etl_dag.py
[2022-05-08 00:39:51,495] {processor.py:651} INFO - DAG(s) dict_keys(['tutorial_etl_dag']) retrieved from /home/airflow/.local/lib/python3.7/site-packages/airflow/example_dags/tutorial_etl_dag.py
[2022-05-08 00:39:51,531] {logging_mixin.py:115} INFO - [2022-05-08 00:39:51,531] {dag.py:2371} INFO - Sync 1 DAGs
[2022-05-08 00:39:51,593] {logging_mixin.py:115} INFO - [2022-05-08 00:39:51,592] {dag.py:2919} INFO - Setting next_dagrun for tutorial_etl_dag to None, run_after=None
[2022-05-08 00:39:51,610] {processor.py:161} INFO - Processing /home/airflow/.local/lib/python3.7/site-packages/airflow/example_dags/tutorial_etl_dag.py took 0.151 seconds
[2022-05-08 00:40:22,485] {processor.py:153} INFO - Started process (PID=703) to work on /home/airflow/.local/lib/python3.7/site-packages/airflow/example_dags/tutorial_etl_dag.py
[2022-05-08 00:40:22,491] {processor.py:641} INFO - Processing file /home/airflow/.local/lib/python3.7/site-packages/airflow/example_dags/tutorial_etl_dag.py for tasks to queue
[2022-05-08 00:40:22,493] {logging_mixin.py:115} INFO - [2022-05-08 00:40:22,493] {dagbag.py:507} INFO - Filling up the DagBag from /home/airflow/.local/lib/python3.7/site-packages/airflow/example_dags/tutorial_etl_dag.py
[2022-05-08 00:40:22,514] {processor.py:651} INFO - DAG(s) dict_keys(['tutorial_etl_dag']) retrieved from /home/airflow/.local/lib/python3.7/site-packages/airflow/example_dags/tutorial_etl_dag.py
[2022-05-08 00:40:22,562] {logging_mixin.py:115} INFO - [2022-05-08 00:40:22,562] {dag.py:2371} INFO - Sync 1 DAGs
[2022-05-08 00:40:22,602] {logging_mixin.py:115} INFO - [2022-05-08 00:40:22,602] {dag.py:2919} INFO - Setting next_dagrun for tutorial_etl_dag to None, run_after=None
[2022-05-08 00:40:22,624] {processor.py:161} INFO - Processing /home/airflow/.local/lib/python3.7/site-packages/airflow/example_dags/tutorial_etl_dag.py took 0.145 seconds
[2022-05-08 00:40:53,067] {processor.py:153} INFO - Started process (PID=873) to work on /home/airflow/.local/lib/python3.7/site-packages/airflow/example_dags/tutorial_etl_dag.py
[2022-05-08 00:40:53,070] {processor.py:641} INFO - Processing file /home/airflow/.local/lib/python3.7/site-packages/airflow/example_dags/tutorial_etl_dag.py for tasks to queue
[2022-05-08 00:40:53,072] {logging_mixin.py:115} INFO - [2022-05-08 00:40:53,072] {dagbag.py:507} INFO - Filling up the DagBag from /home/airflow/.local/lib/python3.7/site-packages/airflow/example_dags/tutorial_etl_dag.py
[2022-05-08 00:40:53,089] {processor.py:651} INFO - DAG(s) dict_keys(['tutorial_etl_dag']) retrieved from /home/airflow/.local/lib/python3.7/site-packages/airflow/example_dags/tutorial_etl_dag.py
[2022-05-08 00:40:53,183] {logging_mixin.py:115} INFO - [2022-05-08 00:40:53,182] {dag.py:2371} INFO - Sync 1 DAGs
[2022-05-08 00:40:53,219] {logging_mixin.py:115} INFO - [2022-05-08 00:40:53,219] {dag.py:2919} INFO - Setting next_dagrun for tutorial_etl_dag to None, run_after=None
[2022-05-08 00:40:53,238] {processor.py:161} INFO - Processing /home/airflow/.local/lib/python3.7/site-packages/airflow/example_dags/tutorial_etl_dag.py took 0.176 seconds
[2022-05-08 00:41:24,041] {processor.py:153} INFO - Started process (PID=1043) to work on /home/airflow/.local/lib/python3.7/site-packages/airflow/example_dags/tutorial_etl_dag.py
[2022-05-08 00:41:24,042] {processor.py:641} INFO - Processing file /home/airflow/.local/lib/python3.7/site-packages/airflow/example_dags/tutorial_etl_dag.py for tasks to queue
[2022-05-08 00:41:24,044] {logging_mixin.py:115} INFO - [2022-05-08 00:41:24,044] {dagbag.py:507} INFO - Filling up the DagBag from /home/airflow/.local/lib/python3.7/site-packages/airflow/example_dags/tutorial_etl_dag.py
[2022-05-08 00:41:24,057] {processor.py:651} INFO - DAG(s) dict_keys(['tutorial_etl_dag']) retrieved from /home/airflow/.local/lib/python3.7/site-packages/airflow/example_dags/tutorial_etl_dag.py
[2022-05-08 00:41:24,087] {logging_mixin.py:115} INFO - [2022-05-08 00:41:24,087] {dag.py:2371} INFO - Sync 1 DAGs
[2022-05-08 00:41:24,114] {logging_mixin.py:115} INFO - [2022-05-08 00:41:24,114] {dag.py:2919} INFO - Setting next_dagrun for tutorial_etl_dag to None, run_after=None
[2022-05-08 00:41:24,130] {processor.py:161} INFO - Processing /home/airflow/.local/lib/python3.7/site-packages/airflow/example_dags/tutorial_etl_dag.py took 0.093 seconds
[2022-05-08 00:41:54,558] {processor.py:153} INFO - Started process (PID=1213) to work on /home/airflow/.local/lib/python3.7/site-packages/airflow/example_dags/tutorial_etl_dag.py
[2022-05-08 00:41:54,560] {processor.py:641} INFO - Processing file /home/airflow/.local/lib/python3.7/site-packages/airflow/example_dags/tutorial_etl_dag.py for tasks to queue
[2022-05-08 00:41:54,562] {logging_mixin.py:115} INFO - [2022-05-08 00:41:54,561] {dagbag.py:507} INFO - Filling up the DagBag from /home/airflow/.local/lib/python3.7/site-packages/airflow/example_dags/tutorial_etl_dag.py
[2022-05-08 00:41:54,580] {processor.py:651} INFO - DAG(s) dict_keys(['tutorial_etl_dag']) retrieved from /home/airflow/.local/lib/python3.7/site-packages/airflow/example_dags/tutorial_etl_dag.py
[2022-05-08 00:41:54,628] {logging_mixin.py:115} INFO - [2022-05-08 00:41:54,627] {dag.py:2371} INFO - Sync 1 DAGs
[2022-05-08 00:41:54,668] {logging_mixin.py:115} INFO - [2022-05-08 00:41:54,668] {dag.py:2919} INFO - Setting next_dagrun for tutorial_etl_dag to None, run_after=None
[2022-05-08 00:41:54,698] {processor.py:161} INFO - Processing /home/airflow/.local/lib/python3.7/site-packages/airflow/example_dags/tutorial_etl_dag.py took 0.147 seconds
[2022-05-08 00:42:25,228] {processor.py:153} INFO - Started process (PID=1383) to work on /home/airflow/.local/lib/python3.7/site-packages/airflow/example_dags/tutorial_etl_dag.py
[2022-05-08 00:42:25,231] {processor.py:641} INFO - Processing file /home/airflow/.local/lib/python3.7/site-packages/airflow/example_dags/tutorial_etl_dag.py for tasks to queue
[2022-05-08 00:42:25,234] {logging_mixin.py:115} INFO - [2022-05-08 00:42:25,233] {dagbag.py:507} INFO - Filling up the DagBag from /home/airflow/.local/lib/python3.7/site-packages/airflow/example_dags/tutorial_etl_dag.py
[2022-05-08 00:42:25,270] {processor.py:651} INFO - DAG(s) dict_keys(['tutorial_etl_dag']) retrieved from /home/airflow/.local/lib/python3.7/site-packages/airflow/example_dags/tutorial_etl_dag.py
[2022-05-08 00:42:25,331] {logging_mixin.py:115} INFO - [2022-05-08 00:42:25,331] {dag.py:2371} INFO - Sync 1 DAGs
[2022-05-08 00:42:25,372] {logging_mixin.py:115} INFO - [2022-05-08 00:42:25,372] {dag.py:2919} INFO - Setting next_dagrun for tutorial_etl_dag to None, run_after=None
[2022-05-08 00:42:25,389] {processor.py:161} INFO - Processing /home/airflow/.local/lib/python3.7/site-packages/airflow/example_dags/tutorial_etl_dag.py took 0.174 seconds
