[2022-05-08 00:28:37,693] {processor.py:153} INFO - Started process (PID=307) to work on /home/airflow/.local/lib/python3.7/site-packages/airflow/example_dags/tutorial.py
[2022-05-08 00:28:37,699] {processor.py:641} INFO - Processing file /home/airflow/.local/lib/python3.7/site-packages/airflow/example_dags/tutorial.py for tasks to queue
[2022-05-08 00:28:37,710] {logging_mixin.py:115} INFO - [2022-05-08 00:28:37,710] {dagbag.py:507} INFO - Filling up the DagBag from /home/airflow/.local/lib/python3.7/site-packages/airflow/example_dags/tutorial.py
[2022-05-08 00:28:37,749] {processor.py:651} INFO - DAG(s) dict_keys(['tutorial']) retrieved from /home/airflow/.local/lib/python3.7/site-packages/airflow/example_dags/tutorial.py
[2022-05-08 00:28:37,877] {logging_mixin.py:115} INFO - [2022-05-08 00:28:37,875] {dag.py:2371} INFO - Sync 1 DAGs
[2022-05-08 00:28:38,008] {logging_mixin.py:115} INFO - [2022-05-08 00:28:38,008] {dag.py:2919} INFO - Setting next_dagrun for tutorial to 2022-05-07T00:28:38.008119+00:00, run_after=2022-05-08T00:28:38.008119+00:00
[2022-05-08 00:28:38,054] {processor.py:161} INFO - Processing /home/airflow/.local/lib/python3.7/site-packages/airflow/example_dags/tutorial.py took 0.373 seconds
[2022-05-08 00:29:08,532] {processor.py:153} INFO - Started process (PID=477) to work on /home/airflow/.local/lib/python3.7/site-packages/airflow/example_dags/tutorial.py
[2022-05-08 00:29:08,534] {processor.py:641} INFO - Processing file /home/airflow/.local/lib/python3.7/site-packages/airflow/example_dags/tutorial.py for tasks to queue
[2022-05-08 00:29:08,543] {logging_mixin.py:115} INFO - [2022-05-08 00:29:08,543] {dagbag.py:507} INFO - Filling up the DagBag from /home/airflow/.local/lib/python3.7/site-packages/airflow/example_dags/tutorial.py
[2022-05-08 00:29:08,557] {processor.py:651} INFO - DAG(s) dict_keys(['tutorial']) retrieved from /home/airflow/.local/lib/python3.7/site-packages/airflow/example_dags/tutorial.py
[2022-05-08 00:29:08,641] {logging_mixin.py:115} INFO - [2022-05-08 00:29:08,640] {dag.py:2371} INFO - Sync 1 DAGs
[2022-05-08 00:29:08,706] {logging_mixin.py:115} INFO - [2022-05-08 00:29:08,705] {dag.py:2919} INFO - Setting next_dagrun for tutorial to 2022-05-07T00:29:08.705012+00:00, run_after=2022-05-08T00:29:08.705012+00:00
[2022-05-08 00:29:08,748] {processor.py:161} INFO - Processing /home/airflow/.local/lib/python3.7/site-packages/airflow/example_dags/tutorial.py took 0.226 seconds
[2022-05-08 00:29:39,136] {processor.py:153} INFO - Started process (PID=648) to work on /home/airflow/.local/lib/python3.7/site-packages/airflow/example_dags/tutorial.py
[2022-05-08 00:29:39,141] {processor.py:641} INFO - Processing file /home/airflow/.local/lib/python3.7/site-packages/airflow/example_dags/tutorial.py for tasks to queue
[2022-05-08 00:29:39,143] {logging_mixin.py:115} INFO - [2022-05-08 00:29:39,143] {dagbag.py:507} INFO - Filling up the DagBag from /home/airflow/.local/lib/python3.7/site-packages/airflow/example_dags/tutorial.py
[2022-05-08 00:29:39,187] {processor.py:651} INFO - DAG(s) dict_keys(['tutorial']) retrieved from /home/airflow/.local/lib/python3.7/site-packages/airflow/example_dags/tutorial.py
[2022-05-08 00:29:39,267] {logging_mixin.py:115} INFO - [2022-05-08 00:29:39,267] {dag.py:2371} INFO - Sync 1 DAGs
[2022-05-08 00:29:39,302] {logging_mixin.py:115} INFO - [2022-05-08 00:29:39,302] {dag.py:2919} INFO - Setting next_dagrun for tutorial to 2022-05-07T00:29:39.302532+00:00, run_after=2022-05-08T00:29:39.302532+00:00
[2022-05-08 00:29:39,336] {processor.py:161} INFO - Processing /home/airflow/.local/lib/python3.7/site-packages/airflow/example_dags/tutorial.py took 0.211 seconds
[2022-05-08 00:30:09,963] {processor.py:153} INFO - Started process (PID=817) to work on /home/airflow/.local/lib/python3.7/site-packages/airflow/example_dags/tutorial.py
[2022-05-08 00:30:09,965] {processor.py:641} INFO - Processing file /home/airflow/.local/lib/python3.7/site-packages/airflow/example_dags/tutorial.py for tasks to queue
[2022-05-08 00:30:09,966] {logging_mixin.py:115} INFO - [2022-05-08 00:30:09,966] {dagbag.py:507} INFO - Filling up the DagBag from /home/airflow/.local/lib/python3.7/site-packages/airflow/example_dags/tutorial.py
[2022-05-08 00:30:09,974] {processor.py:651} INFO - DAG(s) dict_keys(['tutorial']) retrieved from /home/airflow/.local/lib/python3.7/site-packages/airflow/example_dags/tutorial.py
[2022-05-08 00:30:10,010] {logging_mixin.py:115} INFO - [2022-05-08 00:30:10,010] {dag.py:2371} INFO - Sync 1 DAGs
[2022-05-08 00:30:10,067] {logging_mixin.py:115} INFO - [2022-05-08 00:30:10,067] {dag.py:2919} INFO - Setting next_dagrun for tutorial to 2022-05-07T00:30:10.066763+00:00, run_after=2022-05-08T00:30:10.066763+00:00
[2022-05-08 00:30:10,084] {processor.py:161} INFO - Processing /home/airflow/.local/lib/python3.7/site-packages/airflow/example_dags/tutorial.py took 0.127 seconds
[2022-05-08 00:30:41,082] {processor.py:153} INFO - Started process (PID=987) to work on /home/airflow/.local/lib/python3.7/site-packages/airflow/example_dags/tutorial.py
[2022-05-08 00:30:41,083] {processor.py:641} INFO - Processing file /home/airflow/.local/lib/python3.7/site-packages/airflow/example_dags/tutorial.py for tasks to queue
[2022-05-08 00:30:41,085] {logging_mixin.py:115} INFO - [2022-05-08 00:30:41,085] {dagbag.py:507} INFO - Filling up the DagBag from /home/airflow/.local/lib/python3.7/site-packages/airflow/example_dags/tutorial.py
[2022-05-08 00:30:41,098] {processor.py:651} INFO - DAG(s) dict_keys(['tutorial']) retrieved from /home/airflow/.local/lib/python3.7/site-packages/airflow/example_dags/tutorial.py
[2022-05-08 00:30:41,137] {logging_mixin.py:115} INFO - [2022-05-08 00:30:41,136] {dag.py:2371} INFO - Sync 1 DAGs
[2022-05-08 00:30:41,161] {logging_mixin.py:115} INFO - [2022-05-08 00:30:41,161] {dag.py:2919} INFO - Setting next_dagrun for tutorial to 2022-05-07T00:30:41.161496+00:00, run_after=2022-05-08T00:30:41.161496+00:00
[2022-05-08 00:30:41,175] {processor.py:161} INFO - Processing /home/airflow/.local/lib/python3.7/site-packages/airflow/example_dags/tutorial.py took 0.096 seconds
[2022-05-08 00:31:12,019] {processor.py:153} INFO - Started process (PID=1157) to work on /home/airflow/.local/lib/python3.7/site-packages/airflow/example_dags/tutorial.py
[2022-05-08 00:31:12,020] {processor.py:641} INFO - Processing file /home/airflow/.local/lib/python3.7/site-packages/airflow/example_dags/tutorial.py for tasks to queue
[2022-05-08 00:31:12,022] {logging_mixin.py:115} INFO - [2022-05-08 00:31:12,022] {dagbag.py:507} INFO - Filling up the DagBag from /home/airflow/.local/lib/python3.7/site-packages/airflow/example_dags/tutorial.py
[2022-05-08 00:31:12,031] {processor.py:651} INFO - DAG(s) dict_keys(['tutorial']) retrieved from /home/airflow/.local/lib/python3.7/site-packages/airflow/example_dags/tutorial.py
[2022-05-08 00:31:12,083] {logging_mixin.py:115} INFO - [2022-05-08 00:31:12,083] {dag.py:2371} INFO - Sync 1 DAGs
[2022-05-08 00:31:12,117] {logging_mixin.py:115} INFO - [2022-05-08 00:31:12,117] {dag.py:2919} INFO - Setting next_dagrun for tutorial to 2022-05-07T00:31:12.116984+00:00, run_after=2022-05-08T00:31:12.116984+00:00
[2022-05-08 00:31:12,133] {processor.py:161} INFO - Processing /home/airflow/.local/lib/python3.7/site-packages/airflow/example_dags/tutorial.py took 0.118 seconds
[2022-05-08 00:31:42,231] {processor.py:153} INFO - Started process (PID=1327) to work on /home/airflow/.local/lib/python3.7/site-packages/airflow/example_dags/tutorial.py
[2022-05-08 00:31:42,233] {processor.py:641} INFO - Processing file /home/airflow/.local/lib/python3.7/site-packages/airflow/example_dags/tutorial.py for tasks to queue
[2022-05-08 00:31:42,235] {logging_mixin.py:115} INFO - [2022-05-08 00:31:42,235] {dagbag.py:507} INFO - Filling up the DagBag from /home/airflow/.local/lib/python3.7/site-packages/airflow/example_dags/tutorial.py
[2022-05-08 00:31:42,248] {processor.py:651} INFO - DAG(s) dict_keys(['tutorial']) retrieved from /home/airflow/.local/lib/python3.7/site-packages/airflow/example_dags/tutorial.py
[2022-05-08 00:31:42,281] {logging_mixin.py:115} INFO - [2022-05-08 00:31:42,281] {dag.py:2371} INFO - Sync 1 DAGs
[2022-05-08 00:31:42,307] {logging_mixin.py:115} INFO - [2022-05-08 00:31:42,306] {dag.py:2919} INFO - Setting next_dagrun for tutorial to 2022-05-07T00:31:42.306596+00:00, run_after=2022-05-08T00:31:42.306596+00:00
[2022-05-08 00:31:42,321] {processor.py:161} INFO - Processing /home/airflow/.local/lib/python3.7/site-packages/airflow/example_dags/tutorial.py took 0.094 seconds
[2022-05-08 00:32:12,451] {processor.py:153} INFO - Started process (PID=1499) to work on /home/airflow/.local/lib/python3.7/site-packages/airflow/example_dags/tutorial.py
[2022-05-08 00:32:12,452] {processor.py:641} INFO - Processing file /home/airflow/.local/lib/python3.7/site-packages/airflow/example_dags/tutorial.py for tasks to queue
[2022-05-08 00:32:12,454] {logging_mixin.py:115} INFO - [2022-05-08 00:32:12,454] {dagbag.py:507} INFO - Filling up the DagBag from /home/airflow/.local/lib/python3.7/site-packages/airflow/example_dags/tutorial.py
[2022-05-08 00:32:12,461] {processor.py:651} INFO - DAG(s) dict_keys(['tutorial']) retrieved from /home/airflow/.local/lib/python3.7/site-packages/airflow/example_dags/tutorial.py
[2022-05-08 00:32:12,500] {logging_mixin.py:115} INFO - [2022-05-08 00:32:12,500] {dag.py:2371} INFO - Sync 1 DAGs
[2022-05-08 00:32:12,526] {logging_mixin.py:115} INFO - [2022-05-08 00:32:12,526] {dag.py:2919} INFO - Setting next_dagrun for tutorial to 2022-05-07T00:32:12.525852+00:00, run_after=2022-05-08T00:32:12.525852+00:00
[2022-05-08 00:32:12,540] {processor.py:161} INFO - Processing /home/airflow/.local/lib/python3.7/site-packages/airflow/example_dags/tutorial.py took 0.097 seconds
[2022-05-08 00:32:43,141] {processor.py:153} INFO - Started process (PID=1667) to work on /home/airflow/.local/lib/python3.7/site-packages/airflow/example_dags/tutorial.py
[2022-05-08 00:32:43,142] {processor.py:641} INFO - Processing file /home/airflow/.local/lib/python3.7/site-packages/airflow/example_dags/tutorial.py for tasks to queue
[2022-05-08 00:32:43,144] {logging_mixin.py:115} INFO - [2022-05-08 00:32:43,144] {dagbag.py:507} INFO - Filling up the DagBag from /home/airflow/.local/lib/python3.7/site-packages/airflow/example_dags/tutorial.py
[2022-05-08 00:32:43,155] {processor.py:651} INFO - DAG(s) dict_keys(['tutorial']) retrieved from /home/airflow/.local/lib/python3.7/site-packages/airflow/example_dags/tutorial.py
[2022-05-08 00:32:43,194] {logging_mixin.py:115} INFO - [2022-05-08 00:32:43,193] {dag.py:2371} INFO - Sync 1 DAGs
[2022-05-08 00:32:43,225] {logging_mixin.py:115} INFO - [2022-05-08 00:32:43,225] {dag.py:2919} INFO - Setting next_dagrun for tutorial to 2022-05-07T00:32:43.224856+00:00, run_after=2022-05-08T00:32:43.224856+00:00
[2022-05-08 00:32:43,240] {processor.py:161} INFO - Processing /home/airflow/.local/lib/python3.7/site-packages/airflow/example_dags/tutorial.py took 0.105 seconds
[2022-05-08 00:33:13,494] {processor.py:153} INFO - Started process (PID=1837) to work on /home/airflow/.local/lib/python3.7/site-packages/airflow/example_dags/tutorial.py
[2022-05-08 00:33:13,496] {processor.py:641} INFO - Processing file /home/airflow/.local/lib/python3.7/site-packages/airflow/example_dags/tutorial.py for tasks to queue
[2022-05-08 00:33:13,498] {logging_mixin.py:115} INFO - [2022-05-08 00:33:13,498] {dagbag.py:507} INFO - Filling up the DagBag from /home/airflow/.local/lib/python3.7/site-packages/airflow/example_dags/tutorial.py
[2022-05-08 00:33:13,509] {processor.py:651} INFO - DAG(s) dict_keys(['tutorial']) retrieved from /home/airflow/.local/lib/python3.7/site-packages/airflow/example_dags/tutorial.py
[2022-05-08 00:33:13,564] {logging_mixin.py:115} INFO - [2022-05-08 00:33:13,564] {dag.py:2371} INFO - Sync 1 DAGs
[2022-05-08 00:33:13,624] {logging_mixin.py:115} INFO - [2022-05-08 00:33:13,622] {dag.py:2919} INFO - Setting next_dagrun for tutorial to 2022-05-07T00:33:13.622497+00:00, run_after=2022-05-08T00:33:13.622497+00:00
[2022-05-08 00:33:13,644] {processor.py:161} INFO - Processing /home/airflow/.local/lib/python3.7/site-packages/airflow/example_dags/tutorial.py took 0.156 seconds
[2022-05-08 00:33:44,080] {processor.py:153} INFO - Started process (PID=2007) to work on /home/airflow/.local/lib/python3.7/site-packages/airflow/example_dags/tutorial.py
[2022-05-08 00:33:44,082] {processor.py:641} INFO - Processing file /home/airflow/.local/lib/python3.7/site-packages/airflow/example_dags/tutorial.py for tasks to queue
[2022-05-08 00:33:44,084] {logging_mixin.py:115} INFO - [2022-05-08 00:33:44,084] {dagbag.py:507} INFO - Filling up the DagBag from /home/airflow/.local/lib/python3.7/site-packages/airflow/example_dags/tutorial.py
[2022-05-08 00:33:44,097] {processor.py:651} INFO - DAG(s) dict_keys(['tutorial']) retrieved from /home/airflow/.local/lib/python3.7/site-packages/airflow/example_dags/tutorial.py
[2022-05-08 00:33:44,160] {logging_mixin.py:115} INFO - [2022-05-08 00:33:44,160] {dag.py:2371} INFO - Sync 1 DAGs
[2022-05-08 00:33:44,206] {logging_mixin.py:115} INFO - [2022-05-08 00:33:44,206] {dag.py:2919} INFO - Setting next_dagrun for tutorial to 2022-05-07T00:33:44.206202+00:00, run_after=2022-05-08T00:33:44.206202+00:00
[2022-05-08 00:33:44,227] {processor.py:161} INFO - Processing /home/airflow/.local/lib/python3.7/site-packages/airflow/example_dags/tutorial.py took 0.151 seconds
[2022-05-08 00:34:14,359] {processor.py:153} INFO - Started process (PID=2177) to work on /home/airflow/.local/lib/python3.7/site-packages/airflow/example_dags/tutorial.py
[2022-05-08 00:34:14,363] {processor.py:641} INFO - Processing file /home/airflow/.local/lib/python3.7/site-packages/airflow/example_dags/tutorial.py for tasks to queue
[2022-05-08 00:34:14,366] {logging_mixin.py:115} INFO - [2022-05-08 00:34:14,366] {dagbag.py:507} INFO - Filling up the DagBag from /home/airflow/.local/lib/python3.7/site-packages/airflow/example_dags/tutorial.py
[2022-05-08 00:34:14,386] {processor.py:651} INFO - DAG(s) dict_keys(['tutorial']) retrieved from /home/airflow/.local/lib/python3.7/site-packages/airflow/example_dags/tutorial.py
[2022-05-08 00:34:14,468] {logging_mixin.py:115} INFO - [2022-05-08 00:34:14,468] {dag.py:2371} INFO - Sync 1 DAGs
[2022-05-08 00:34:14,506] {logging_mixin.py:115} INFO - [2022-05-08 00:34:14,506] {dag.py:2919} INFO - Setting next_dagrun for tutorial to 2022-05-07T00:34:14.506010+00:00, run_after=2022-05-08T00:34:14.506010+00:00
[2022-05-08 00:34:14,529] {processor.py:161} INFO - Processing /home/airflow/.local/lib/python3.7/site-packages/airflow/example_dags/tutorial.py took 0.177 seconds
[2022-05-08 00:34:45,002] {processor.py:153} INFO - Started process (PID=2349) to work on /home/airflow/.local/lib/python3.7/site-packages/airflow/example_dags/tutorial.py
[2022-05-08 00:34:45,004] {processor.py:641} INFO - Processing file /home/airflow/.local/lib/python3.7/site-packages/airflow/example_dags/tutorial.py for tasks to queue
[2022-05-08 00:34:45,005] {logging_mixin.py:115} INFO - [2022-05-08 00:34:45,005] {dagbag.py:507} INFO - Filling up the DagBag from /home/airflow/.local/lib/python3.7/site-packages/airflow/example_dags/tutorial.py
[2022-05-08 00:34:45,016] {processor.py:651} INFO - DAG(s) dict_keys(['tutorial']) retrieved from /home/airflow/.local/lib/python3.7/site-packages/airflow/example_dags/tutorial.py
[2022-05-08 00:34:45,065] {logging_mixin.py:115} INFO - [2022-05-08 00:34:45,065] {dag.py:2371} INFO - Sync 1 DAGs
[2022-05-08 00:34:45,103] {logging_mixin.py:115} INFO - [2022-05-08 00:34:45,103] {dag.py:2919} INFO - Setting next_dagrun for tutorial to 2022-05-07T00:34:45.103288+00:00, run_after=2022-05-08T00:34:45.103288+00:00
[2022-05-08 00:34:45,122] {processor.py:161} INFO - Processing /home/airflow/.local/lib/python3.7/site-packages/airflow/example_dags/tutorial.py took 0.125 seconds
[2022-05-08 00:35:15,734] {processor.py:153} INFO - Started process (PID=2517) to work on /home/airflow/.local/lib/python3.7/site-packages/airflow/example_dags/tutorial.py
[2022-05-08 00:35:15,738] {processor.py:641} INFO - Processing file /home/airflow/.local/lib/python3.7/site-packages/airflow/example_dags/tutorial.py for tasks to queue
[2022-05-08 00:35:15,744] {logging_mixin.py:115} INFO - [2022-05-08 00:35:15,744] {dagbag.py:507} INFO - Filling up the DagBag from /home/airflow/.local/lib/python3.7/site-packages/airflow/example_dags/tutorial.py
[2022-05-08 00:35:15,768] {processor.py:651} INFO - DAG(s) dict_keys(['tutorial']) retrieved from /home/airflow/.local/lib/python3.7/site-packages/airflow/example_dags/tutorial.py
[2022-05-08 00:35:15,877] {logging_mixin.py:115} INFO - [2022-05-08 00:35:15,877] {dag.py:2371} INFO - Sync 1 DAGs
[2022-05-08 00:35:16,040] {logging_mixin.py:115} INFO - [2022-05-08 00:35:16,040] {dag.py:2919} INFO - Setting next_dagrun for tutorial to 2022-05-07T00:35:16.039986+00:00, run_after=2022-05-08T00:35:16.039986+00:00
[2022-05-08 00:35:16,113] {processor.py:161} INFO - Processing /home/airflow/.local/lib/python3.7/site-packages/airflow/example_dags/tutorial.py took 0.387 seconds
[2022-05-08 00:35:46,212] {processor.py:153} INFO - Started process (PID=2684) to work on /home/airflow/.local/lib/python3.7/site-packages/airflow/example_dags/tutorial.py
[2022-05-08 00:35:46,213] {processor.py:641} INFO - Processing file /home/airflow/.local/lib/python3.7/site-packages/airflow/example_dags/tutorial.py for tasks to queue
[2022-05-08 00:35:46,215] {logging_mixin.py:115} INFO - [2022-05-08 00:35:46,215] {dagbag.py:507} INFO - Filling up the DagBag from /home/airflow/.local/lib/python3.7/site-packages/airflow/example_dags/tutorial.py
[2022-05-08 00:35:46,222] {processor.py:651} INFO - DAG(s) dict_keys(['tutorial']) retrieved from /home/airflow/.local/lib/python3.7/site-packages/airflow/example_dags/tutorial.py
[2022-05-08 00:35:46,251] {logging_mixin.py:115} INFO - [2022-05-08 00:35:46,251] {dag.py:2371} INFO - Sync 1 DAGs
[2022-05-08 00:35:46,277] {logging_mixin.py:115} INFO - [2022-05-08 00:35:46,277] {dag.py:2919} INFO - Setting next_dagrun for tutorial to 2022-05-07T00:35:46.277187+00:00, run_after=2022-05-08T00:35:46.277187+00:00
[2022-05-08 00:35:46,296] {processor.py:161} INFO - Processing /home/airflow/.local/lib/python3.7/site-packages/airflow/example_dags/tutorial.py took 0.088 seconds
[2022-05-08 00:38:59,834] {processor.py:153} INFO - Started process (PID=308) to work on /home/airflow/.local/lib/python3.7/site-packages/airflow/example_dags/tutorial.py
[2022-05-08 00:38:59,838] {processor.py:641} INFO - Processing file /home/airflow/.local/lib/python3.7/site-packages/airflow/example_dags/tutorial.py for tasks to queue
[2022-05-08 00:38:59,843] {logging_mixin.py:115} INFO - [2022-05-08 00:38:59,842] {dagbag.py:507} INFO - Filling up the DagBag from /home/airflow/.local/lib/python3.7/site-packages/airflow/example_dags/tutorial.py
[2022-05-08 00:38:59,871] {processor.py:651} INFO - DAG(s) dict_keys(['tutorial']) retrieved from /home/airflow/.local/lib/python3.7/site-packages/airflow/example_dags/tutorial.py
[2022-05-08 00:39:00,516] {logging_mixin.py:115} INFO - [2022-05-08 00:39:00,515] {manager.py:508} INFO - Created Permission View: can delete on DAG:tutorial
[2022-05-08 00:39:00,690] {logging_mixin.py:115} INFO - [2022-05-08 00:39:00,679] {manager.py:508} INFO - Created Permission View: can edit on DAG:tutorial
[2022-05-08 00:39:00,738] {logging_mixin.py:115} INFO - [2022-05-08 00:39:00,738] {manager.py:508} INFO - Created Permission View: can read on DAG:tutorial
[2022-05-08 00:39:00,739] {logging_mixin.py:115} INFO - [2022-05-08 00:39:00,739] {dag.py:2371} INFO - Sync 1 DAGs
[2022-05-08 00:39:00,766] {logging_mixin.py:115} INFO - [2022-05-08 00:39:00,766] {dag.py:2390} INFO - Creating ORM DAG for tutorial
[2022-05-08 00:39:00,820] {logging_mixin.py:115} INFO - [2022-05-08 00:39:00,820] {dag.py:2919} INFO - Setting next_dagrun for tutorial to 2022-05-07T00:39:00.819024+00:00, run_after=2022-05-08T00:39:00.819024+00:00
[2022-05-08 00:39:00,906] {processor.py:161} INFO - Processing /home/airflow/.local/lib/python3.7/site-packages/airflow/example_dags/tutorial.py took 1.083 seconds
[2022-05-08 00:39:31,375] {processor.py:153} INFO - Started process (PID=478) to work on /home/airflow/.local/lib/python3.7/site-packages/airflow/example_dags/tutorial.py
[2022-05-08 00:39:31,376] {processor.py:641} INFO - Processing file /home/airflow/.local/lib/python3.7/site-packages/airflow/example_dags/tutorial.py for tasks to queue
[2022-05-08 00:39:31,378] {logging_mixin.py:115} INFO - [2022-05-08 00:39:31,377] {dagbag.py:507} INFO - Filling up the DagBag from /home/airflow/.local/lib/python3.7/site-packages/airflow/example_dags/tutorial.py
[2022-05-08 00:39:31,385] {processor.py:651} INFO - DAG(s) dict_keys(['tutorial']) retrieved from /home/airflow/.local/lib/python3.7/site-packages/airflow/example_dags/tutorial.py
[2022-05-08 00:39:31,426] {logging_mixin.py:115} INFO - [2022-05-08 00:39:31,426] {dag.py:2371} INFO - Sync 1 DAGs
[2022-05-08 00:39:31,463] {logging_mixin.py:115} INFO - [2022-05-08 00:39:31,463] {dag.py:2919} INFO - Setting next_dagrun for tutorial to 2022-05-07T00:39:31.463216+00:00, run_after=2022-05-08T00:39:31.463216+00:00
[2022-05-08 00:39:31,477] {processor.py:161} INFO - Processing /home/airflow/.local/lib/python3.7/site-packages/airflow/example_dags/tutorial.py took 0.106 seconds
[2022-05-08 00:40:02,499] {processor.py:153} INFO - Started process (PID=648) to work on /home/airflow/.local/lib/python3.7/site-packages/airflow/example_dags/tutorial.py
[2022-05-08 00:40:02,501] {processor.py:641} INFO - Processing file /home/airflow/.local/lib/python3.7/site-packages/airflow/example_dags/tutorial.py for tasks to queue
[2022-05-08 00:40:02,503] {logging_mixin.py:115} INFO - [2022-05-08 00:40:02,503] {dagbag.py:507} INFO - Filling up the DagBag from /home/airflow/.local/lib/python3.7/site-packages/airflow/example_dags/tutorial.py
[2022-05-08 00:40:02,517] {processor.py:651} INFO - DAG(s) dict_keys(['tutorial']) retrieved from /home/airflow/.local/lib/python3.7/site-packages/airflow/example_dags/tutorial.py
[2022-05-08 00:40:02,554] {logging_mixin.py:115} INFO - [2022-05-08 00:40:02,554] {dag.py:2371} INFO - Sync 1 DAGs
[2022-05-08 00:40:02,579] {logging_mixin.py:115} INFO - [2022-05-08 00:40:02,579] {dag.py:2919} INFO - Setting next_dagrun for tutorial to 2022-05-07T00:40:02.578854+00:00, run_after=2022-05-08T00:40:02.578854+00:00
[2022-05-08 00:40:02,600] {processor.py:161} INFO - Processing /home/airflow/.local/lib/python3.7/site-packages/airflow/example_dags/tutorial.py took 0.107 seconds
[2022-05-08 00:40:32,992] {processor.py:153} INFO - Started process (PID=820) to work on /home/airflow/.local/lib/python3.7/site-packages/airflow/example_dags/tutorial.py
[2022-05-08 00:40:33,010] {processor.py:641} INFO - Processing file /home/airflow/.local/lib/python3.7/site-packages/airflow/example_dags/tutorial.py for tasks to queue
[2022-05-08 00:40:33,016] {logging_mixin.py:115} INFO - [2022-05-08 00:40:33,016] {dagbag.py:507} INFO - Filling up the DagBag from /home/airflow/.local/lib/python3.7/site-packages/airflow/example_dags/tutorial.py
[2022-05-08 00:40:33,031] {processor.py:651} INFO - DAG(s) dict_keys(['tutorial']) retrieved from /home/airflow/.local/lib/python3.7/site-packages/airflow/example_dags/tutorial.py
[2022-05-08 00:40:33,122] {logging_mixin.py:115} INFO - [2022-05-08 00:40:33,122] {dag.py:2371} INFO - Sync 1 DAGs
[2022-05-08 00:40:33,271] {logging_mixin.py:115} INFO - [2022-05-08 00:40:33,270] {dag.py:2919} INFO - Setting next_dagrun for tutorial to 2022-05-07T00:40:33.265087+00:00, run_after=2022-05-08T00:40:33.265087+00:00
[2022-05-08 00:40:33,411] {processor.py:161} INFO - Processing /home/airflow/.local/lib/python3.7/site-packages/airflow/example_dags/tutorial.py took 0.430 seconds
[2022-05-08 00:41:04,019] {processor.py:153} INFO - Started process (PID=988) to work on /home/airflow/.local/lib/python3.7/site-packages/airflow/example_dags/tutorial.py
[2022-05-08 00:41:04,023] {processor.py:641} INFO - Processing file /home/airflow/.local/lib/python3.7/site-packages/airflow/example_dags/tutorial.py for tasks to queue
[2022-05-08 00:41:04,026] {logging_mixin.py:115} INFO - [2022-05-08 00:41:04,025] {dagbag.py:507} INFO - Filling up the DagBag from /home/airflow/.local/lib/python3.7/site-packages/airflow/example_dags/tutorial.py
[2022-05-08 00:41:04,044] {processor.py:651} INFO - DAG(s) dict_keys(['tutorial']) retrieved from /home/airflow/.local/lib/python3.7/site-packages/airflow/example_dags/tutorial.py
[2022-05-08 00:41:04,119] {logging_mixin.py:115} INFO - [2022-05-08 00:41:04,119] {dag.py:2371} INFO - Sync 1 DAGs
[2022-05-08 00:41:04,188] {logging_mixin.py:115} INFO - [2022-05-08 00:41:04,188] {dag.py:2919} INFO - Setting next_dagrun for tutorial to 2022-05-07T00:41:04.188207+00:00, run_after=2022-05-08T00:41:04.188207+00:00
[2022-05-08 00:41:04,260] {processor.py:161} INFO - Processing /home/airflow/.local/lib/python3.7/site-packages/airflow/example_dags/tutorial.py took 0.245 seconds
[2022-05-08 00:41:34,399] {processor.py:153} INFO - Started process (PID=1163) to work on /home/airflow/.local/lib/python3.7/site-packages/airflow/example_dags/tutorial.py
[2022-05-08 00:41:34,400] {processor.py:641} INFO - Processing file /home/airflow/.local/lib/python3.7/site-packages/airflow/example_dags/tutorial.py for tasks to queue
[2022-05-08 00:41:34,402] {logging_mixin.py:115} INFO - [2022-05-08 00:41:34,402] {dagbag.py:507} INFO - Filling up the DagBag from /home/airflow/.local/lib/python3.7/site-packages/airflow/example_dags/tutorial.py
[2022-05-08 00:41:34,417] {processor.py:651} INFO - DAG(s) dict_keys(['tutorial']) retrieved from /home/airflow/.local/lib/python3.7/site-packages/airflow/example_dags/tutorial.py
[2022-05-08 00:41:34,473] {logging_mixin.py:115} INFO - [2022-05-08 00:41:34,473] {dag.py:2371} INFO - Sync 1 DAGs
[2022-05-08 00:41:34,505] {logging_mixin.py:115} INFO - [2022-05-08 00:41:34,505] {dag.py:2919} INFO - Setting next_dagrun for tutorial to 2022-05-07T00:41:34.505341+00:00, run_after=2022-05-08T00:41:34.505341+00:00
[2022-05-08 00:41:34,523] {processor.py:161} INFO - Processing /home/airflow/.local/lib/python3.7/site-packages/airflow/example_dags/tutorial.py took 0.131 seconds
[2022-05-08 00:42:05,029] {processor.py:153} INFO - Started process (PID=1328) to work on /home/airflow/.local/lib/python3.7/site-packages/airflow/example_dags/tutorial.py
[2022-05-08 00:42:05,030] {processor.py:641} INFO - Processing file /home/airflow/.local/lib/python3.7/site-packages/airflow/example_dags/tutorial.py for tasks to queue
[2022-05-08 00:42:05,033] {logging_mixin.py:115} INFO - [2022-05-08 00:42:05,032] {dagbag.py:507} INFO - Filling up the DagBag from /home/airflow/.local/lib/python3.7/site-packages/airflow/example_dags/tutorial.py
[2022-05-08 00:42:05,040] {processor.py:651} INFO - DAG(s) dict_keys(['tutorial']) retrieved from /home/airflow/.local/lib/python3.7/site-packages/airflow/example_dags/tutorial.py
[2022-05-08 00:42:05,079] {logging_mixin.py:115} INFO - [2022-05-08 00:42:05,079] {dag.py:2371} INFO - Sync 1 DAGs
[2022-05-08 00:42:05,108] {logging_mixin.py:115} INFO - [2022-05-08 00:42:05,107] {dag.py:2919} INFO - Setting next_dagrun for tutorial to 2022-05-07T00:42:05.107711+00:00, run_after=2022-05-08T00:42:05.107711+00:00
[2022-05-08 00:42:05,122] {processor.py:161} INFO - Processing /home/airflow/.local/lib/python3.7/site-packages/airflow/example_dags/tutorial.py took 0.096 seconds
