[2022-05-08 09:15:02,274] {taskinstance.py:1159} INFO - Dependencies all met for <TaskInstance: first_dag_v3.first_task manual__2022-05-08T09:15:01.856115+00:00 [queued]>
[2022-05-08 09:15:02,288] {taskinstance.py:1159} INFO - Dependencies all met for <TaskInstance: first_dag_v3.first_task manual__2022-05-08T09:15:01.856115+00:00 [queued]>
[2022-05-08 09:15:02,289] {taskinstance.py:1356} INFO - 
--------------------------------------------------------------------------------
[2022-05-08 09:15:02,290] {taskinstance.py:1357} INFO - Starting attempt 1 of 6
[2022-05-08 09:15:02,291] {taskinstance.py:1358} INFO - 
--------------------------------------------------------------------------------
[2022-05-08 09:15:02,310] {taskinstance.py:1377} INFO - Executing <Task(BashOperator): first_task> on 2022-05-08 09:15:01.856115+00:00
[2022-05-08 09:15:02,316] {standard_task_runner.py:52} INFO - Started process 470 to run task
[2022-05-08 09:15:02,323] {standard_task_runner.py:79} INFO - Running: ['***', 'tasks', 'run', 'first_dag_v3', 'first_task', 'manual__2022-05-08T09:15:01.856115+00:00', '--job-id', '6', '--raw', '--subdir', 'DAGS_FOLDER/first_dag.py', '--cfg-path', '/tmp/tmp94y85uwv', '--error-file', '/tmp/tmpvbmsvnku']
[2022-05-08 09:15:02,326] {standard_task_runner.py:80} INFO - Job 6: Subtask first_task
[2022-05-08 09:15:02,394] {task_command.py:369} INFO - Running <TaskInstance: first_dag_v3.first_task manual__2022-05-08T09:15:01.856115+00:00 [running]> on host ef82a602b7b6
[2022-05-08 09:15:02,475] {taskinstance.py:1571} INFO - Exporting the following env vars:
AIRFLOW_CTX_DAG_OWNER=faceit
AIRFLOW_CTX_DAG_ID=first_dag_v3
AIRFLOW_CTX_TASK_ID=first_task
AIRFLOW_CTX_EXECUTION_DATE=2022-05-08T09:15:01.856115+00:00
AIRFLOW_CTX_TRY_NUMBER=1
AIRFLOW_CTX_DAG_RUN_ID=manual__2022-05-08T09:15:01.856115+00:00
[2022-05-08 09:15:02,477] {subprocess.py:62} INFO - Tmp dir root location: 
 /tmp
[2022-05-08 09:15:02,479] {subprocess.py:74} INFO - Running command: ['bash', '-c', 'echo hello world task-1 !']
[2022-05-08 09:15:02,491] {subprocess.py:85} INFO - Output:
[2022-05-08 09:15:02,493] {subprocess.py:92} INFO - hello world task-1 !
[2022-05-08 09:15:02,494] {subprocess.py:96} INFO - Command exited with return code 0
[2022-05-08 09:15:02,526] {taskinstance.py:1400} INFO - Marking task as SUCCESS. dag_id=first_dag_v3, task_id=first_task, execution_date=20220508T091501, start_date=20220508T091502, end_date=20220508T091502
[2022-05-08 09:15:02,575] {local_task_job.py:156} INFO - Task exited with return code 0
[2022-05-08 09:15:02,620] {local_task_job.py:273} INFO - 2 downstream tasks scheduled from follow-on schedule check
