[2022-05-18 06:15:44,168] {processor.py:153} INFO - Started process (PID=164) to work on /opt/airflow/dags/platform_analytics_pipeline.py
[2022-05-18 06:15:44,170] {processor.py:641} INFO - Processing file /opt/airflow/dags/platform_analytics_pipeline.py for tasks to queue
[2022-05-18 06:15:44,178] {logging_mixin.py:115} INFO - [2022-05-18 06:15:44,176] {dagbag.py:507} INFO - Filling up the DagBag from /opt/airflow/dags/platform_analytics_pipeline.py
[2022-05-18 06:15:47,074] {processor.py:651} INFO - DAG(s) dict_keys(['platform_analytics_pipeline']) retrieved from /opt/airflow/dags/platform_analytics_pipeline.py
[2022-05-18 06:15:47,204] {logging_mixin.py:115} INFO - [2022-05-18 06:15:47,204] {manager.py:508} INFO - Created Permission View: can delete on DAG:platform_analytics_pipeline
[2022-05-18 06:15:47,221] {logging_mixin.py:115} INFO - [2022-05-18 06:15:47,221] {manager.py:508} INFO - Created Permission View: can edit on DAG:platform_analytics_pipeline
[2022-05-18 06:15:47,233] {logging_mixin.py:115} INFO - [2022-05-18 06:15:47,233] {manager.py:508} INFO - Created Permission View: can read on DAG:platform_analytics_pipeline
[2022-05-18 06:15:47,235] {logging_mixin.py:115} INFO - [2022-05-18 06:15:47,234] {dag.py:2371} INFO - Sync 1 DAGs
[2022-05-18 06:15:47,251] {logging_mixin.py:115} INFO - [2022-05-18 06:15:47,251] {dag.py:2390} INFO - Creating ORM DAG for platform_analytics_pipeline
[2022-05-18 06:15:47,292] {logging_mixin.py:115} INFO - [2022-05-18 06:15:47,292] {dag.py:2919} INFO - Setting next_dagrun for platform_analytics_pipeline to 2022-05-16T00:00:00+00:00, run_after=2022-05-17T00:00:00+00:00
[2022-05-18 06:15:47,342] {processor.py:161} INFO - Processing /opt/airflow/dags/platform_analytics_pipeline.py took 3.195 seconds
[2022-05-18 06:16:17,967] {processor.py:153} INFO - Started process (PID=170) to work on /opt/airflow/dags/platform_analytics_pipeline.py
[2022-05-18 06:16:17,979] {processor.py:641} INFO - Processing file /opt/airflow/dags/platform_analytics_pipeline.py for tasks to queue
[2022-05-18 06:16:17,986] {logging_mixin.py:115} INFO - [2022-05-18 06:16:17,985] {dagbag.py:507} INFO - Filling up the DagBag from /opt/airflow/dags/platform_analytics_pipeline.py
[2022-05-18 06:16:19,900] {processor.py:651} INFO - DAG(s) dict_keys(['platform_analytics_pipeline']) retrieved from /opt/airflow/dags/platform_analytics_pipeline.py
[2022-05-18 06:16:19,975] {logging_mixin.py:115} INFO - [2022-05-18 06:16:19,972] {dag.py:2371} INFO - Sync 1 DAGs
[2022-05-18 06:16:20,028] {logging_mixin.py:115} INFO - [2022-05-18 06:16:20,028] {dag.py:2919} INFO - Setting next_dagrun for platform_analytics_pipeline to 2022-05-16T00:00:00+00:00, run_after=2022-05-17T00:00:00+00:00
[2022-05-18 06:16:20,055] {processor.py:161} INFO - Processing /opt/airflow/dags/platform_analytics_pipeline.py took 2.185 seconds
[2022-05-18 06:16:50,218] {processor.py:153} INFO - Started process (PID=176) to work on /opt/airflow/dags/platform_analytics_pipeline.py
[2022-05-18 06:16:50,219] {processor.py:641} INFO - Processing file /opt/airflow/dags/platform_analytics_pipeline.py for tasks to queue
[2022-05-18 06:16:50,221] {logging_mixin.py:115} INFO - [2022-05-18 06:16:50,221] {dagbag.py:507} INFO - Filling up the DagBag from /opt/airflow/dags/platform_analytics_pipeline.py
[2022-05-18 06:16:50,621] {processor.py:651} INFO - DAG(s) dict_keys(['platform_analytics_pipeline']) retrieved from /opt/airflow/dags/platform_analytics_pipeline.py
[2022-05-18 06:16:50,647] {logging_mixin.py:115} INFO - [2022-05-18 06:16:50,647] {dag.py:2371} INFO - Sync 1 DAGs
[2022-05-18 06:16:50,671] {logging_mixin.py:115} INFO - [2022-05-18 06:16:50,671] {dag.py:2919} INFO - Setting next_dagrun for platform_analytics_pipeline to 2022-05-16T00:00:00+00:00, run_after=2022-05-17T00:00:00+00:00
[2022-05-18 06:16:50,686] {processor.py:161} INFO - Processing /opt/airflow/dags/platform_analytics_pipeline.py took 0.471 seconds
[2022-05-18 06:17:20,832] {processor.py:153} INFO - Started process (PID=182) to work on /opt/airflow/dags/platform_analytics_pipeline.py
[2022-05-18 06:17:20,835] {processor.py:641} INFO - Processing file /opt/airflow/dags/platform_analytics_pipeline.py for tasks to queue
[2022-05-18 06:17:20,840] {logging_mixin.py:115} INFO - [2022-05-18 06:17:20,839] {dagbag.py:507} INFO - Filling up the DagBag from /opt/airflow/dags/platform_analytics_pipeline.py
[2022-05-18 06:17:22,008] {processor.py:651} INFO - DAG(s) dict_keys(['platform_analytics_pipeline']) retrieved from /opt/airflow/dags/platform_analytics_pipeline.py
[2022-05-18 06:17:22,086] {logging_mixin.py:115} INFO - [2022-05-18 06:17:22,086] {dag.py:2371} INFO - Sync 1 DAGs
[2022-05-18 06:17:22,128] {logging_mixin.py:115} INFO - [2022-05-18 06:17:22,128] {dag.py:2919} INFO - Setting next_dagrun for platform_analytics_pipeline to 2022-05-16T00:00:00+00:00, run_after=2022-05-17T00:00:00+00:00
[2022-05-18 06:17:22,156] {processor.py:161} INFO - Processing /opt/airflow/dags/platform_analytics_pipeline.py took 1.331 seconds
[2022-05-18 06:17:52,300] {processor.py:153} INFO - Started process (PID=188) to work on /opt/airflow/dags/platform_analytics_pipeline.py
[2022-05-18 06:17:52,302] {processor.py:641} INFO - Processing file /opt/airflow/dags/platform_analytics_pipeline.py for tasks to queue
[2022-05-18 06:17:52,304] {logging_mixin.py:115} INFO - [2022-05-18 06:17:52,304] {dagbag.py:507} INFO - Filling up the DagBag from /opt/airflow/dags/platform_analytics_pipeline.py
[2022-05-18 06:17:52,752] {processor.py:651} INFO - DAG(s) dict_keys(['platform_analytics_pipeline']) retrieved from /opt/airflow/dags/platform_analytics_pipeline.py
[2022-05-18 06:17:52,777] {logging_mixin.py:115} INFO - [2022-05-18 06:17:52,776] {dag.py:2371} INFO - Sync 1 DAGs
[2022-05-18 06:17:52,798] {logging_mixin.py:115} INFO - [2022-05-18 06:17:52,798] {dag.py:2919} INFO - Setting next_dagrun for platform_analytics_pipeline to 2022-05-16T00:00:00+00:00, run_after=2022-05-17T00:00:00+00:00
[2022-05-18 06:17:52,813] {processor.py:161} INFO - Processing /opt/airflow/dags/platform_analytics_pipeline.py took 0.518 seconds
[2022-05-18 06:18:22,934] {processor.py:153} INFO - Started process (PID=194) to work on /opt/airflow/dags/platform_analytics_pipeline.py
[2022-05-18 06:18:22,936] {processor.py:641} INFO - Processing file /opt/airflow/dags/platform_analytics_pipeline.py for tasks to queue
[2022-05-18 06:18:22,939] {logging_mixin.py:115} INFO - [2022-05-18 06:18:22,939] {dagbag.py:507} INFO - Filling up the DagBag from /opt/airflow/dags/platform_analytics_pipeline.py
[2022-05-18 06:18:23,536] {processor.py:651} INFO - DAG(s) dict_keys(['platform_analytics_pipeline']) retrieved from /opt/airflow/dags/platform_analytics_pipeline.py
[2022-05-18 06:18:23,575] {logging_mixin.py:115} INFO - [2022-05-18 06:18:23,574] {dag.py:2371} INFO - Sync 1 DAGs
[2022-05-18 06:18:23,610] {logging_mixin.py:115} INFO - [2022-05-18 06:18:23,610] {dag.py:2919} INFO - Setting next_dagrun for platform_analytics_pipeline to 2022-05-16T00:00:00+00:00, run_after=2022-05-17T00:00:00+00:00
[2022-05-18 06:18:23,629] {processor.py:161} INFO - Processing /opt/airflow/dags/platform_analytics_pipeline.py took 0.703 seconds
[2022-05-18 06:18:53,788] {processor.py:153} INFO - Started process (PID=200) to work on /opt/airflow/dags/platform_analytics_pipeline.py
[2022-05-18 06:18:53,789] {processor.py:641} INFO - Processing file /opt/airflow/dags/platform_analytics_pipeline.py for tasks to queue
[2022-05-18 06:18:53,792] {logging_mixin.py:115} INFO - [2022-05-18 06:18:53,792] {dagbag.py:507} INFO - Filling up the DagBag from /opt/airflow/dags/platform_analytics_pipeline.py
[2022-05-18 06:18:54,408] {processor.py:651} INFO - DAG(s) dict_keys(['platform_analytics_pipeline']) retrieved from /opt/airflow/dags/platform_analytics_pipeline.py
[2022-05-18 06:18:54,478] {logging_mixin.py:115} INFO - [2022-05-18 06:18:54,478] {dag.py:2371} INFO - Sync 1 DAGs
[2022-05-18 06:18:54,548] {logging_mixin.py:115} INFO - [2022-05-18 06:18:54,548] {dag.py:2919} INFO - Setting next_dagrun for platform_analytics_pipeline to 2022-05-16T00:00:00+00:00, run_after=2022-05-17T00:00:00+00:00
[2022-05-18 06:18:54,665] {processor.py:161} INFO - Processing /opt/airflow/dags/platform_analytics_pipeline.py took 0.887 seconds
[2022-05-18 06:19:24,796] {processor.py:153} INFO - Started process (PID=206) to work on /opt/airflow/dags/platform_analytics_pipeline.py
[2022-05-18 06:19:24,800] {processor.py:641} INFO - Processing file /opt/airflow/dags/platform_analytics_pipeline.py for tasks to queue
[2022-05-18 06:19:24,803] {logging_mixin.py:115} INFO - [2022-05-18 06:19:24,803] {dagbag.py:507} INFO - Filling up the DagBag from /opt/airflow/dags/platform_analytics_pipeline.py
[2022-05-18 06:19:25,905] {processor.py:651} INFO - DAG(s) dict_keys(['platform_analytics_pipeline']) retrieved from /opt/airflow/dags/platform_analytics_pipeline.py
[2022-05-18 06:19:25,960] {logging_mixin.py:115} INFO - [2022-05-18 06:19:25,958] {dag.py:2371} INFO - Sync 1 DAGs
[2022-05-18 06:19:26,030] {logging_mixin.py:115} INFO - [2022-05-18 06:19:26,029] {dag.py:2919} INFO - Setting next_dagrun for platform_analytics_pipeline to 2022-05-16T00:00:00+00:00, run_after=2022-05-17T00:00:00+00:00
[2022-05-18 06:19:26,101] {processor.py:161} INFO - Processing /opt/airflow/dags/platform_analytics_pipeline.py took 1.311 seconds
[2022-05-18 06:19:56,248] {processor.py:153} INFO - Started process (PID=212) to work on /opt/airflow/dags/platform_analytics_pipeline.py
[2022-05-18 06:19:56,251] {processor.py:641} INFO - Processing file /opt/airflow/dags/platform_analytics_pipeline.py for tasks to queue
[2022-05-18 06:19:56,254] {logging_mixin.py:115} INFO - [2022-05-18 06:19:56,254] {dagbag.py:507} INFO - Filling up the DagBag from /opt/airflow/dags/platform_analytics_pipeline.py
[2022-05-18 06:19:56,666] {processor.py:651} INFO - DAG(s) dict_keys(['platform_analytics_pipeline']) retrieved from /opt/airflow/dags/platform_analytics_pipeline.py
[2022-05-18 06:19:56,691] {logging_mixin.py:115} INFO - [2022-05-18 06:19:56,691] {dag.py:2371} INFO - Sync 1 DAGs
[2022-05-18 06:19:56,716] {logging_mixin.py:115} INFO - [2022-05-18 06:19:56,716] {dag.py:2919} INFO - Setting next_dagrun for platform_analytics_pipeline to 2022-05-16T00:00:00+00:00, run_after=2022-05-17T00:00:00+00:00
[2022-05-18 06:19:56,737] {processor.py:161} INFO - Processing /opt/airflow/dags/platform_analytics_pipeline.py took 0.496 seconds
[2022-05-18 06:20:26,857] {processor.py:153} INFO - Started process (PID=218) to work on /opt/airflow/dags/platform_analytics_pipeline.py
[2022-05-18 06:20:26,858] {processor.py:641} INFO - Processing file /opt/airflow/dags/platform_analytics_pipeline.py for tasks to queue
[2022-05-18 06:20:26,860] {logging_mixin.py:115} INFO - [2022-05-18 06:20:26,860] {dagbag.py:507} INFO - Filling up the DagBag from /opt/airflow/dags/platform_analytics_pipeline.py
[2022-05-18 06:20:27,304] {processor.py:651} INFO - DAG(s) dict_keys(['platform_analytics_pipeline']) retrieved from /opt/airflow/dags/platform_analytics_pipeline.py
[2022-05-18 06:20:27,331] {logging_mixin.py:115} INFO - [2022-05-18 06:20:27,330] {dag.py:2371} INFO - Sync 1 DAGs
[2022-05-18 06:20:27,355] {logging_mixin.py:115} INFO - [2022-05-18 06:20:27,355] {dag.py:2919} INFO - Setting next_dagrun for platform_analytics_pipeline to 2022-05-16T00:00:00+00:00, run_after=2022-05-17T00:00:00+00:00
[2022-05-18 06:20:27,372] {processor.py:161} INFO - Processing /opt/airflow/dags/platform_analytics_pipeline.py took 0.521 seconds
[2022-05-18 06:20:57,486] {processor.py:153} INFO - Started process (PID=224) to work on /opt/airflow/dags/platform_analytics_pipeline.py
[2022-05-18 06:20:57,488] {processor.py:641} INFO - Processing file /opt/airflow/dags/platform_analytics_pipeline.py for tasks to queue
[2022-05-18 06:20:57,490] {logging_mixin.py:115} INFO - [2022-05-18 06:20:57,490] {dagbag.py:507} INFO - Filling up the DagBag from /opt/airflow/dags/platform_analytics_pipeline.py
[2022-05-18 06:20:58,107] {processor.py:651} INFO - DAG(s) dict_keys(['platform_analytics_pipeline']) retrieved from /opt/airflow/dags/platform_analytics_pipeline.py
[2022-05-18 06:20:58,139] {logging_mixin.py:115} INFO - [2022-05-18 06:20:58,138] {dag.py:2371} INFO - Sync 1 DAGs
[2022-05-18 06:20:58,167] {logging_mixin.py:115} INFO - [2022-05-18 06:20:58,167] {dag.py:2919} INFO - Setting next_dagrun for platform_analytics_pipeline to 2022-05-16T00:00:00+00:00, run_after=2022-05-17T00:00:00+00:00
[2022-05-18 06:20:58,181] {processor.py:161} INFO - Processing /opt/airflow/dags/platform_analytics_pipeline.py took 0.699 seconds
[2022-05-18 06:21:28,391] {processor.py:153} INFO - Started process (PID=230) to work on /opt/airflow/dags/platform_analytics_pipeline.py
[2022-05-18 06:21:28,392] {processor.py:641} INFO - Processing file /opt/airflow/dags/platform_analytics_pipeline.py for tasks to queue
[2022-05-18 06:21:28,397] {logging_mixin.py:115} INFO - [2022-05-18 06:21:28,397] {dagbag.py:507} INFO - Filling up the DagBag from /opt/airflow/dags/platform_analytics_pipeline.py
[2022-05-18 06:21:29,483] {processor.py:651} INFO - DAG(s) dict_keys(['platform_analytics_pipeline']) retrieved from /opt/airflow/dags/platform_analytics_pipeline.py
[2022-05-18 06:21:29,528] {logging_mixin.py:115} INFO - [2022-05-18 06:21:29,527] {dag.py:2371} INFO - Sync 1 DAGs
[2022-05-18 06:21:29,561] {logging_mixin.py:115} INFO - [2022-05-18 06:21:29,561] {dag.py:2919} INFO - Setting next_dagrun for platform_analytics_pipeline to 2022-05-16T00:00:00+00:00, run_after=2022-05-17T00:00:00+00:00
[2022-05-18 06:21:29,576] {processor.py:161} INFO - Processing /opt/airflow/dags/platform_analytics_pipeline.py took 1.192 seconds
[2022-05-18 06:21:59,766] {processor.py:153} INFO - Started process (PID=236) to work on /opt/airflow/dags/platform_analytics_pipeline.py
[2022-05-18 06:21:59,767] {processor.py:641} INFO - Processing file /opt/airflow/dags/platform_analytics_pipeline.py for tasks to queue
[2022-05-18 06:21:59,768] {logging_mixin.py:115} INFO - [2022-05-18 06:21:59,768] {dagbag.py:507} INFO - Filling up the DagBag from /opt/airflow/dags/platform_analytics_pipeline.py
[2022-05-18 06:22:00,370] {processor.py:651} INFO - DAG(s) dict_keys(['platform_analytics_pipeline']) retrieved from /opt/airflow/dags/platform_analytics_pipeline.py
[2022-05-18 06:22:00,397] {logging_mixin.py:115} INFO - [2022-05-18 06:22:00,396] {dag.py:2371} INFO - Sync 1 DAGs
[2022-05-18 06:22:00,422] {logging_mixin.py:115} INFO - [2022-05-18 06:22:00,422] {dag.py:2919} INFO - Setting next_dagrun for platform_analytics_pipeline to 2022-05-16T00:00:00+00:00, run_after=2022-05-17T00:00:00+00:00
[2022-05-18 06:22:00,440] {processor.py:161} INFO - Processing /opt/airflow/dags/platform_analytics_pipeline.py took 0.678 seconds
[2022-05-18 06:22:30,562] {processor.py:153} INFO - Started process (PID=242) to work on /opt/airflow/dags/platform_analytics_pipeline.py
[2022-05-18 06:22:30,564] {processor.py:641} INFO - Processing file /opt/airflow/dags/platform_analytics_pipeline.py for tasks to queue
[2022-05-18 06:22:30,567] {logging_mixin.py:115} INFO - [2022-05-18 06:22:30,567] {dagbag.py:507} INFO - Filling up the DagBag from /opt/airflow/dags/platform_analytics_pipeline.py
[2022-05-18 06:22:30,964] {processor.py:651} INFO - DAG(s) dict_keys(['platform_analytics_pipeline']) retrieved from /opt/airflow/dags/platform_analytics_pipeline.py
[2022-05-18 06:22:30,987] {logging_mixin.py:115} INFO - [2022-05-18 06:22:30,987] {dag.py:2371} INFO - Sync 1 DAGs
[2022-05-18 06:22:31,015] {logging_mixin.py:115} INFO - [2022-05-18 06:22:31,015] {dag.py:2919} INFO - Setting next_dagrun for platform_analytics_pipeline to 2022-05-16T00:00:00+00:00, run_after=2022-05-17T00:00:00+00:00
[2022-05-18 06:22:31,029] {processor.py:161} INFO - Processing /opt/airflow/dags/platform_analytics_pipeline.py took 0.472 seconds
[2022-05-18 06:23:01,171] {processor.py:153} INFO - Started process (PID=248) to work on /opt/airflow/dags/platform_analytics_pipeline.py
[2022-05-18 06:23:01,172] {processor.py:641} INFO - Processing file /opt/airflow/dags/platform_analytics_pipeline.py for tasks to queue
[2022-05-18 06:23:01,174] {logging_mixin.py:115} INFO - [2022-05-18 06:23:01,173] {dagbag.py:507} INFO - Filling up the DagBag from /opt/airflow/dags/platform_analytics_pipeline.py
[2022-05-18 06:23:01,540] {processor.py:651} INFO - DAG(s) dict_keys(['platform_analytics_pipeline']) retrieved from /opt/airflow/dags/platform_analytics_pipeline.py
[2022-05-18 06:23:01,562] {logging_mixin.py:115} INFO - [2022-05-18 06:23:01,562] {dag.py:2371} INFO - Sync 1 DAGs
[2022-05-18 06:23:01,584] {logging_mixin.py:115} INFO - [2022-05-18 06:23:01,584] {dag.py:2919} INFO - Setting next_dagrun for platform_analytics_pipeline to 2022-05-16T00:00:00+00:00, run_after=2022-05-17T00:00:00+00:00
[2022-05-18 06:23:01,595] {processor.py:161} INFO - Processing /opt/airflow/dags/platform_analytics_pipeline.py took 0.430 seconds
[2022-05-18 06:23:31,732] {processor.py:153} INFO - Started process (PID=254) to work on /opt/airflow/dags/platform_analytics_pipeline.py
[2022-05-18 06:23:31,734] {processor.py:641} INFO - Processing file /opt/airflow/dags/platform_analytics_pipeline.py for tasks to queue
[2022-05-18 06:23:31,735] {logging_mixin.py:115} INFO - [2022-05-18 06:23:31,735] {dagbag.py:507} INFO - Filling up the DagBag from /opt/airflow/dags/platform_analytics_pipeline.py
[2022-05-18 06:23:32,095] {processor.py:651} INFO - DAG(s) dict_keys(['platform_analytics_pipeline']) retrieved from /opt/airflow/dags/platform_analytics_pipeline.py
[2022-05-18 06:23:32,126] {logging_mixin.py:115} INFO - [2022-05-18 06:23:32,126] {dag.py:2371} INFO - Sync 1 DAGs
[2022-05-18 06:23:32,154] {logging_mixin.py:115} INFO - [2022-05-18 06:23:32,154] {dag.py:2919} INFO - Setting next_dagrun for platform_analytics_pipeline to 2022-05-16T00:00:00+00:00, run_after=2022-05-17T00:00:00+00:00
[2022-05-18 06:23:32,169] {processor.py:161} INFO - Processing /opt/airflow/dags/platform_analytics_pipeline.py took 0.443 seconds
[2022-05-18 06:24:02,314] {processor.py:153} INFO - Started process (PID=260) to work on /opt/airflow/dags/platform_analytics_pipeline.py
[2022-05-18 06:24:02,316] {processor.py:641} INFO - Processing file /opt/airflow/dags/platform_analytics_pipeline.py for tasks to queue
[2022-05-18 06:24:02,317] {logging_mixin.py:115} INFO - [2022-05-18 06:24:02,317] {dagbag.py:507} INFO - Filling up the DagBag from /opt/airflow/dags/platform_analytics_pipeline.py
[2022-05-18 06:24:02,701] {processor.py:651} INFO - DAG(s) dict_keys(['platform_analytics_pipeline']) retrieved from /opt/airflow/dags/platform_analytics_pipeline.py
[2022-05-18 06:24:02,727] {logging_mixin.py:115} INFO - [2022-05-18 06:24:02,727] {dag.py:2371} INFO - Sync 1 DAGs
[2022-05-18 06:24:02,751] {logging_mixin.py:115} INFO - [2022-05-18 06:24:02,751] {dag.py:2919} INFO - Setting next_dagrun for platform_analytics_pipeline to 2022-05-16T00:00:00+00:00, run_after=2022-05-17T00:00:00+00:00
[2022-05-18 06:24:02,767] {processor.py:161} INFO - Processing /opt/airflow/dags/platform_analytics_pipeline.py took 0.457 seconds
[2022-05-18 06:24:32,904] {processor.py:153} INFO - Started process (PID=266) to work on /opt/airflow/dags/platform_analytics_pipeline.py
[2022-05-18 06:24:32,906] {processor.py:641} INFO - Processing file /opt/airflow/dags/platform_analytics_pipeline.py for tasks to queue
[2022-05-18 06:24:32,908] {logging_mixin.py:115} INFO - [2022-05-18 06:24:32,908] {dagbag.py:507} INFO - Filling up the DagBag from /opt/airflow/dags/platform_analytics_pipeline.py
[2022-05-18 06:24:33,307] {processor.py:651} INFO - DAG(s) dict_keys(['platform_analytics_pipeline']) retrieved from /opt/airflow/dags/platform_analytics_pipeline.py
[2022-05-18 06:24:33,328] {logging_mixin.py:115} INFO - [2022-05-18 06:24:33,328] {dag.py:2371} INFO - Sync 1 DAGs
[2022-05-18 06:24:33,351] {logging_mixin.py:115} INFO - [2022-05-18 06:24:33,351] {dag.py:2919} INFO - Setting next_dagrun for platform_analytics_pipeline to 2022-05-16T00:00:00+00:00, run_after=2022-05-17T00:00:00+00:00
[2022-05-18 06:24:33,362] {processor.py:161} INFO - Processing /opt/airflow/dags/platform_analytics_pipeline.py took 0.465 seconds
[2022-05-18 06:25:03,508] {processor.py:153} INFO - Started process (PID=272) to work on /opt/airflow/dags/platform_analytics_pipeline.py
[2022-05-18 06:25:03,511] {processor.py:641} INFO - Processing file /opt/airflow/dags/platform_analytics_pipeline.py for tasks to queue
[2022-05-18 06:25:03,512] {logging_mixin.py:115} INFO - [2022-05-18 06:25:03,512] {dagbag.py:507} INFO - Filling up the DagBag from /opt/airflow/dags/platform_analytics_pipeline.py
[2022-05-18 06:25:03,875] {processor.py:651} INFO - DAG(s) dict_keys(['platform_analytics_pipeline']) retrieved from /opt/airflow/dags/platform_analytics_pipeline.py
[2022-05-18 06:25:03,895] {logging_mixin.py:115} INFO - [2022-05-18 06:25:03,895] {dag.py:2371} INFO - Sync 1 DAGs
[2022-05-18 06:25:03,919] {logging_mixin.py:115} INFO - [2022-05-18 06:25:03,919] {dag.py:2919} INFO - Setting next_dagrun for platform_analytics_pipeline to 2022-05-16T00:00:00+00:00, run_after=2022-05-17T00:00:00+00:00
[2022-05-18 06:25:03,939] {processor.py:161} INFO - Processing /opt/airflow/dags/platform_analytics_pipeline.py took 0.438 seconds
[2022-05-18 06:25:34,439] {processor.py:153} INFO - Started process (PID=293) to work on /opt/airflow/dags/platform_analytics_pipeline.py
[2022-05-18 06:25:34,450] {processor.py:641} INFO - Processing file /opt/airflow/dags/platform_analytics_pipeline.py for tasks to queue
[2022-05-18 06:25:34,456] {logging_mixin.py:115} INFO - [2022-05-18 06:25:34,456] {dagbag.py:507} INFO - Filling up the DagBag from /opt/airflow/dags/platform_analytics_pipeline.py
[2022-05-18 06:25:35,785] {processor.py:651} INFO - DAG(s) dict_keys(['platform_analytics_pipeline']) retrieved from /opt/airflow/dags/platform_analytics_pipeline.py
[2022-05-18 06:25:35,873] {logging_mixin.py:115} INFO - [2022-05-18 06:25:35,870] {dag.py:2371} INFO - Sync 1 DAGs
[2022-05-18 06:25:35,936] {logging_mixin.py:115} INFO - [2022-05-18 06:25:35,936] {dag.py:2919} INFO - Setting next_dagrun for platform_analytics_pipeline to 2022-05-18T00:00:00+00:00, run_after=2022-05-19T00:00:00+00:00
[2022-05-18 06:25:35,994] {processor.py:161} INFO - Processing /opt/airflow/dags/platform_analytics_pipeline.py took 1.584 seconds
[2022-05-18 06:26:06,203] {processor.py:153} INFO - Started process (PID=311) to work on /opt/airflow/dags/platform_analytics_pipeline.py
[2022-05-18 06:26:06,206] {processor.py:641} INFO - Processing file /opt/airflow/dags/platform_analytics_pipeline.py for tasks to queue
[2022-05-18 06:26:06,207] {logging_mixin.py:115} INFO - [2022-05-18 06:26:06,207] {dagbag.py:507} INFO - Filling up the DagBag from /opt/airflow/dags/platform_analytics_pipeline.py
[2022-05-18 06:26:06,653] {processor.py:651} INFO - DAG(s) dict_keys(['platform_analytics_pipeline']) retrieved from /opt/airflow/dags/platform_analytics_pipeline.py
[2022-05-18 06:26:06,675] {logging_mixin.py:115} INFO - [2022-05-18 06:26:06,675] {dag.py:2371} INFO - Sync 1 DAGs
[2022-05-18 06:26:06,699] {logging_mixin.py:115} INFO - [2022-05-18 06:26:06,699] {dag.py:2919} INFO - Setting next_dagrun for platform_analytics_pipeline to 2022-05-18T00:00:00+00:00, run_after=2022-05-19T00:00:00+00:00
[2022-05-18 06:26:06,713] {processor.py:161} INFO - Processing /opt/airflow/dags/platform_analytics_pipeline.py took 0.514 seconds
[2022-05-18 06:26:36,859] {processor.py:153} INFO - Started process (PID=320) to work on /opt/airflow/dags/platform_analytics_pipeline.py
[2022-05-18 06:26:36,861] {processor.py:641} INFO - Processing file /opt/airflow/dags/platform_analytics_pipeline.py for tasks to queue
[2022-05-18 06:26:36,862] {logging_mixin.py:115} INFO - [2022-05-18 06:26:36,862] {dagbag.py:507} INFO - Filling up the DagBag from /opt/airflow/dags/platform_analytics_pipeline.py
[2022-05-18 06:26:37,313] {processor.py:651} INFO - DAG(s) dict_keys(['platform_analytics_pipeline']) retrieved from /opt/airflow/dags/platform_analytics_pipeline.py
[2022-05-18 06:26:37,343] {logging_mixin.py:115} INFO - [2022-05-18 06:26:37,342] {dag.py:2371} INFO - Sync 1 DAGs
[2022-05-18 06:26:37,373] {logging_mixin.py:115} INFO - [2022-05-18 06:26:37,373] {dag.py:2919} INFO - Setting next_dagrun for platform_analytics_pipeline to 2022-05-18T00:00:00+00:00, run_after=2022-05-19T00:00:00+00:00
[2022-05-18 06:26:37,388] {processor.py:161} INFO - Processing /opt/airflow/dags/platform_analytics_pipeline.py took 0.536 seconds
[2022-05-18 06:27:07,532] {processor.py:153} INFO - Started process (PID=326) to work on /opt/airflow/dags/platform_analytics_pipeline.py
[2022-05-18 06:27:07,535] {processor.py:641} INFO - Processing file /opt/airflow/dags/platform_analytics_pipeline.py for tasks to queue
[2022-05-18 06:27:07,538] {logging_mixin.py:115} INFO - [2022-05-18 06:27:07,538] {dagbag.py:507} INFO - Filling up the DagBag from /opt/airflow/dags/platform_analytics_pipeline.py
[2022-05-18 06:27:08,271] {processor.py:651} INFO - DAG(s) dict_keys(['platform_analytics_pipeline']) retrieved from /opt/airflow/dags/platform_analytics_pipeline.py
[2022-05-18 06:27:08,343] {logging_mixin.py:115} INFO - [2022-05-18 06:27:08,334] {dag.py:2371} INFO - Sync 1 DAGs
[2022-05-18 06:27:08,417] {logging_mixin.py:115} INFO - [2022-05-18 06:27:08,417] {dag.py:2919} INFO - Setting next_dagrun for platform_analytics_pipeline to 2022-05-18T00:00:00+00:00, run_after=2022-05-19T00:00:00+00:00
[2022-05-18 06:27:08,457] {processor.py:161} INFO - Processing /opt/airflow/dags/platform_analytics_pipeline.py took 0.933 seconds
[2022-05-18 06:27:38,590] {processor.py:153} INFO - Started process (PID=332) to work on /opt/airflow/dags/platform_analytics_pipeline.py
[2022-05-18 06:27:38,593] {processor.py:641} INFO - Processing file /opt/airflow/dags/platform_analytics_pipeline.py for tasks to queue
[2022-05-18 06:27:38,595] {logging_mixin.py:115} INFO - [2022-05-18 06:27:38,595] {dagbag.py:507} INFO - Filling up the DagBag from /opt/airflow/dags/platform_analytics_pipeline.py
[2022-05-18 06:27:39,057] {processor.py:651} INFO - DAG(s) dict_keys(['platform_analytics_pipeline']) retrieved from /opt/airflow/dags/platform_analytics_pipeline.py
[2022-05-18 06:27:39,093] {logging_mixin.py:115} INFO - [2022-05-18 06:27:39,092] {dag.py:2371} INFO - Sync 1 DAGs
[2022-05-18 06:27:39,130] {logging_mixin.py:115} INFO - [2022-05-18 06:27:39,130] {dag.py:2919} INFO - Setting next_dagrun for platform_analytics_pipeline to 2022-05-18T00:00:00+00:00, run_after=2022-05-19T00:00:00+00:00
[2022-05-18 06:27:39,153] {processor.py:161} INFO - Processing /opt/airflow/dags/platform_analytics_pipeline.py took 0.570 seconds
[2022-05-18 06:28:09,284] {processor.py:153} INFO - Started process (PID=338) to work on /opt/airflow/dags/platform_analytics_pipeline.py
[2022-05-18 06:28:09,286] {processor.py:641} INFO - Processing file /opt/airflow/dags/platform_analytics_pipeline.py for tasks to queue
[2022-05-18 06:28:09,287] {logging_mixin.py:115} INFO - [2022-05-18 06:28:09,287] {dagbag.py:507} INFO - Filling up the DagBag from /opt/airflow/dags/platform_analytics_pipeline.py
[2022-05-18 06:28:09,652] {processor.py:651} INFO - DAG(s) dict_keys(['platform_analytics_pipeline']) retrieved from /opt/airflow/dags/platform_analytics_pipeline.py
[2022-05-18 06:28:09,675] {logging_mixin.py:115} INFO - [2022-05-18 06:28:09,675] {dag.py:2371} INFO - Sync 1 DAGs
[2022-05-18 06:28:09,701] {logging_mixin.py:115} INFO - [2022-05-18 06:28:09,701] {dag.py:2919} INFO - Setting next_dagrun for platform_analytics_pipeline to 2022-05-18T00:00:00+00:00, run_after=2022-05-19T00:00:00+00:00
[2022-05-18 06:28:09,715] {processor.py:161} INFO - Processing /opt/airflow/dags/platform_analytics_pipeline.py took 0.435 seconds
[2022-05-18 06:28:39,775] {processor.py:153} INFO - Started process (PID=344) to work on /opt/airflow/dags/platform_analytics_pipeline.py
[2022-05-18 06:28:39,778] {processor.py:641} INFO - Processing file /opt/airflow/dags/platform_analytics_pipeline.py for tasks to queue
[2022-05-18 06:28:39,779] {logging_mixin.py:115} INFO - [2022-05-18 06:28:39,779] {dagbag.py:507} INFO - Filling up the DagBag from /opt/airflow/dags/platform_analytics_pipeline.py
[2022-05-18 06:28:40,154] {processor.py:651} INFO - DAG(s) dict_keys(['platform_analytics_pipeline']) retrieved from /opt/airflow/dags/platform_analytics_pipeline.py
[2022-05-18 06:28:40,178] {logging_mixin.py:115} INFO - [2022-05-18 06:28:40,178] {dag.py:2371} INFO - Sync 1 DAGs
[2022-05-18 06:28:40,204] {logging_mixin.py:115} INFO - [2022-05-18 06:28:40,204] {dag.py:2919} INFO - Setting next_dagrun for platform_analytics_pipeline to 2022-05-18T00:00:00+00:00, run_after=2022-05-19T00:00:00+00:00
[2022-05-18 06:28:40,221] {processor.py:161} INFO - Processing /opt/airflow/dags/platform_analytics_pipeline.py took 0.452 seconds
[2022-05-18 06:29:10,350] {processor.py:153} INFO - Started process (PID=350) to work on /opt/airflow/dags/platform_analytics_pipeline.py
[2022-05-18 06:29:10,352] {processor.py:641} INFO - Processing file /opt/airflow/dags/platform_analytics_pipeline.py for tasks to queue
[2022-05-18 06:29:10,356] {logging_mixin.py:115} INFO - [2022-05-18 06:29:10,356] {dagbag.py:507} INFO - Filling up the DagBag from /opt/airflow/dags/platform_analytics_pipeline.py
[2022-05-18 06:29:10,737] {processor.py:651} INFO - DAG(s) dict_keys(['platform_analytics_pipeline']) retrieved from /opt/airflow/dags/platform_analytics_pipeline.py
[2022-05-18 06:29:10,761] {logging_mixin.py:115} INFO - [2022-05-18 06:29:10,761] {dag.py:2371} INFO - Sync 1 DAGs
[2022-05-18 06:29:10,784] {logging_mixin.py:115} INFO - [2022-05-18 06:29:10,784] {dag.py:2919} INFO - Setting next_dagrun for platform_analytics_pipeline to 2022-05-18T00:00:00+00:00, run_after=2022-05-19T00:00:00+00:00
[2022-05-18 06:29:10,797] {processor.py:161} INFO - Processing /opt/airflow/dags/platform_analytics_pipeline.py took 0.451 seconds
[2022-05-18 06:29:40,945] {processor.py:153} INFO - Started process (PID=356) to work on /opt/airflow/dags/platform_analytics_pipeline.py
[2022-05-18 06:29:40,947] {processor.py:641} INFO - Processing file /opt/airflow/dags/platform_analytics_pipeline.py for tasks to queue
[2022-05-18 06:29:40,949] {logging_mixin.py:115} INFO - [2022-05-18 06:29:40,948] {dagbag.py:507} INFO - Filling up the DagBag from /opt/airflow/dags/platform_analytics_pipeline.py
[2022-05-18 06:29:41,329] {processor.py:651} INFO - DAG(s) dict_keys(['platform_analytics_pipeline']) retrieved from /opt/airflow/dags/platform_analytics_pipeline.py
[2022-05-18 06:29:41,352] {logging_mixin.py:115} INFO - [2022-05-18 06:29:41,352] {dag.py:2371} INFO - Sync 1 DAGs
[2022-05-18 06:29:41,376] {logging_mixin.py:115} INFO - [2022-05-18 06:29:41,376] {dag.py:2919} INFO - Setting next_dagrun for platform_analytics_pipeline to 2022-05-18T00:00:00+00:00, run_after=2022-05-19T00:00:00+00:00
[2022-05-18 06:29:41,389] {processor.py:161} INFO - Processing /opt/airflow/dags/platform_analytics_pipeline.py took 0.451 seconds
[2022-05-18 06:30:11,526] {processor.py:153} INFO - Started process (PID=362) to work on /opt/airflow/dags/platform_analytics_pipeline.py
[2022-05-18 06:30:11,528] {processor.py:641} INFO - Processing file /opt/airflow/dags/platform_analytics_pipeline.py for tasks to queue
[2022-05-18 06:30:11,529] {logging_mixin.py:115} INFO - [2022-05-18 06:30:11,529] {dagbag.py:507} INFO - Filling up the DagBag from /opt/airflow/dags/platform_analytics_pipeline.py
[2022-05-18 06:30:11,965] {processor.py:651} INFO - DAG(s) dict_keys(['platform_analytics_pipeline']) retrieved from /opt/airflow/dags/platform_analytics_pipeline.py
[2022-05-18 06:30:11,992] {logging_mixin.py:115} INFO - [2022-05-18 06:30:11,992] {dag.py:2371} INFO - Sync 1 DAGs
[2022-05-18 06:30:12,021] {logging_mixin.py:115} INFO - [2022-05-18 06:30:12,021] {dag.py:2919} INFO - Setting next_dagrun for platform_analytics_pipeline to 2022-05-18T00:00:00+00:00, run_after=2022-05-19T00:00:00+00:00
[2022-05-18 06:30:12,038] {processor.py:161} INFO - Processing /opt/airflow/dags/platform_analytics_pipeline.py took 0.516 seconds
[2022-05-18 06:30:42,334] {processor.py:153} INFO - Started process (PID=374) to work on /opt/airflow/dags/platform_analytics_pipeline.py
[2022-05-18 06:30:42,338] {processor.py:641} INFO - Processing file /opt/airflow/dags/platform_analytics_pipeline.py for tasks to queue
[2022-05-18 06:30:42,339] {logging_mixin.py:115} INFO - [2022-05-18 06:30:42,339] {dagbag.py:507} INFO - Filling up the DagBag from /opt/airflow/dags/platform_analytics_pipeline.py
[2022-05-18 06:30:43,046] {processor.py:651} INFO - DAG(s) dict_keys(['platform_analytics_pipeline']) retrieved from /opt/airflow/dags/platform_analytics_pipeline.py
[2022-05-18 06:30:43,089] {logging_mixin.py:115} INFO - [2022-05-18 06:30:43,089] {dag.py:2371} INFO - Sync 1 DAGs
[2022-05-18 06:30:43,121] {logging_mixin.py:115} INFO - [2022-05-18 06:30:43,121] {dag.py:2919} INFO - Setting next_dagrun for platform_analytics_pipeline to 2022-05-18T00:00:00+00:00, run_after=2022-05-19T00:00:00+00:00
[2022-05-18 06:30:43,139] {processor.py:161} INFO - Processing /opt/airflow/dags/platform_analytics_pipeline.py took 0.833 seconds
[2022-05-18 06:31:13,366] {processor.py:153} INFO - Started process (PID=383) to work on /opt/airflow/dags/platform_analytics_pipeline.py
[2022-05-18 06:31:13,369] {processor.py:641} INFO - Processing file /opt/airflow/dags/platform_analytics_pipeline.py for tasks to queue
[2022-05-18 06:31:13,371] {logging_mixin.py:115} INFO - [2022-05-18 06:31:13,370] {dagbag.py:507} INFO - Filling up the DagBag from /opt/airflow/dags/platform_analytics_pipeline.py
[2022-05-18 06:31:13,749] {processor.py:651} INFO - DAG(s) dict_keys(['platform_analytics_pipeline']) retrieved from /opt/airflow/dags/platform_analytics_pipeline.py
[2022-05-18 06:31:13,773] {logging_mixin.py:115} INFO - [2022-05-18 06:31:13,773] {dag.py:2371} INFO - Sync 1 DAGs
[2022-05-18 06:31:13,796] {logging_mixin.py:115} INFO - [2022-05-18 06:31:13,796] {dag.py:2919} INFO - Setting next_dagrun for platform_analytics_pipeline to 2022-05-18T00:00:00+00:00, run_after=2022-05-19T00:00:00+00:00
[2022-05-18 06:31:13,809] {processor.py:161} INFO - Processing /opt/airflow/dags/platform_analytics_pipeline.py took 0.449 seconds
[2022-05-18 06:31:43,940] {processor.py:153} INFO - Started process (PID=392) to work on /opt/airflow/dags/platform_analytics_pipeline.py
[2022-05-18 06:31:43,943] {processor.py:641} INFO - Processing file /opt/airflow/dags/platform_analytics_pipeline.py for tasks to queue
[2022-05-18 06:31:43,944] {logging_mixin.py:115} INFO - [2022-05-18 06:31:43,944] {dagbag.py:507} INFO - Filling up the DagBag from /opt/airflow/dags/platform_analytics_pipeline.py
[2022-05-18 06:31:44,319] {processor.py:651} INFO - DAG(s) dict_keys(['platform_analytics_pipeline']) retrieved from /opt/airflow/dags/platform_analytics_pipeline.py
[2022-05-18 06:31:44,345] {logging_mixin.py:115} INFO - [2022-05-18 06:31:44,344] {dag.py:2371} INFO - Sync 1 DAGs
[2022-05-18 06:31:44,373] {logging_mixin.py:115} INFO - [2022-05-18 06:31:44,373] {dag.py:2919} INFO - Setting next_dagrun for platform_analytics_pipeline to 2022-05-18T00:00:00+00:00, run_after=2022-05-19T00:00:00+00:00
[2022-05-18 06:31:44,386] {processor.py:161} INFO - Processing /opt/airflow/dags/platform_analytics_pipeline.py took 0.453 seconds
[2022-05-18 06:32:14,520] {processor.py:153} INFO - Started process (PID=398) to work on /opt/airflow/dags/platform_analytics_pipeline.py
[2022-05-18 06:32:14,522] {processor.py:641} INFO - Processing file /opt/airflow/dags/platform_analytics_pipeline.py for tasks to queue
[2022-05-18 06:32:14,525] {logging_mixin.py:115} INFO - [2022-05-18 06:32:14,524] {dagbag.py:507} INFO - Filling up the DagBag from /opt/airflow/dags/platform_analytics_pipeline.py
[2022-05-18 06:32:15,092] {processor.py:651} INFO - DAG(s) dict_keys(['platform_analytics_pipeline']) retrieved from /opt/airflow/dags/platform_analytics_pipeline.py
[2022-05-18 06:32:15,127] {logging_mixin.py:115} INFO - [2022-05-18 06:32:15,126] {dag.py:2371} INFO - Sync 1 DAGs
[2022-05-18 06:32:15,173] {logging_mixin.py:115} INFO - [2022-05-18 06:32:15,172] {dag.py:2919} INFO - Setting next_dagrun for platform_analytics_pipeline to 2022-05-18T00:00:00+00:00, run_after=2022-05-19T00:00:00+00:00
[2022-05-18 06:32:15,191] {processor.py:161} INFO - Processing /opt/airflow/dags/platform_analytics_pipeline.py took 0.678 seconds
[2022-05-18 06:32:45,319] {processor.py:153} INFO - Started process (PID=404) to work on /opt/airflow/dags/platform_analytics_pipeline.py
[2022-05-18 06:32:45,322] {processor.py:641} INFO - Processing file /opt/airflow/dags/platform_analytics_pipeline.py for tasks to queue
[2022-05-18 06:32:45,325] {logging_mixin.py:115} INFO - [2022-05-18 06:32:45,325] {dagbag.py:507} INFO - Filling up the DagBag from /opt/airflow/dags/platform_analytics_pipeline.py
[2022-05-18 06:32:45,809] {processor.py:651} INFO - DAG(s) dict_keys(['platform_analytics_pipeline']) retrieved from /opt/airflow/dags/platform_analytics_pipeline.py
[2022-05-18 06:32:45,834] {logging_mixin.py:115} INFO - [2022-05-18 06:32:45,833] {dag.py:2371} INFO - Sync 1 DAGs
[2022-05-18 06:32:45,857] {logging_mixin.py:115} INFO - [2022-05-18 06:32:45,856] {dag.py:2919} INFO - Setting next_dagrun for platform_analytics_pipeline to 2022-05-18T00:00:00+00:00, run_after=2022-05-19T00:00:00+00:00
[2022-05-18 06:32:45,871] {processor.py:161} INFO - Processing /opt/airflow/dags/platform_analytics_pipeline.py took 0.557 seconds
[2022-05-18 06:33:16,001] {processor.py:153} INFO - Started process (PID=410) to work on /opt/airflow/dags/platform_analytics_pipeline.py
[2022-05-18 06:33:16,002] {processor.py:641} INFO - Processing file /opt/airflow/dags/platform_analytics_pipeline.py for tasks to queue
[2022-05-18 06:33:16,004] {logging_mixin.py:115} INFO - [2022-05-18 06:33:16,004] {dagbag.py:507} INFO - Filling up the DagBag from /opt/airflow/dags/platform_analytics_pipeline.py
[2022-05-18 06:33:16,491] {processor.py:651} INFO - DAG(s) dict_keys(['platform_analytics_pipeline']) retrieved from /opt/airflow/dags/platform_analytics_pipeline.py
[2022-05-18 06:33:16,515] {logging_mixin.py:115} INFO - [2022-05-18 06:33:16,514] {dag.py:2371} INFO - Sync 1 DAGs
[2022-05-18 06:33:16,542] {logging_mixin.py:115} INFO - [2022-05-18 06:33:16,542] {dag.py:2919} INFO - Setting next_dagrun for platform_analytics_pipeline to 2022-05-18T00:00:00+00:00, run_after=2022-05-19T00:00:00+00:00
[2022-05-18 06:33:16,554] {processor.py:161} INFO - Processing /opt/airflow/dags/platform_analytics_pipeline.py took 0.557 seconds
[2022-05-18 06:33:46,684] {processor.py:153} INFO - Started process (PID=416) to work on /opt/airflow/dags/platform_analytics_pipeline.py
[2022-05-18 06:33:46,687] {processor.py:641} INFO - Processing file /opt/airflow/dags/platform_analytics_pipeline.py for tasks to queue
[2022-05-18 06:33:46,688] {logging_mixin.py:115} INFO - [2022-05-18 06:33:46,688] {dagbag.py:507} INFO - Filling up the DagBag from /opt/airflow/dags/platform_analytics_pipeline.py
[2022-05-18 06:33:47,147] {processor.py:651} INFO - DAG(s) dict_keys(['platform_analytics_pipeline']) retrieved from /opt/airflow/dags/platform_analytics_pipeline.py
[2022-05-18 06:33:47,175] {logging_mixin.py:115} INFO - [2022-05-18 06:33:47,175] {dag.py:2371} INFO - Sync 1 DAGs
[2022-05-18 06:33:47,206] {logging_mixin.py:115} INFO - [2022-05-18 06:33:47,206] {dag.py:2919} INFO - Setting next_dagrun for platform_analytics_pipeline to 2022-05-18T00:00:00+00:00, run_after=2022-05-19T00:00:00+00:00
[2022-05-18 06:33:47,227] {processor.py:161} INFO - Processing /opt/airflow/dags/platform_analytics_pipeline.py took 0.547 seconds
[2022-05-18 06:34:17,349] {processor.py:153} INFO - Started process (PID=422) to work on /opt/airflow/dags/platform_analytics_pipeline.py
[2022-05-18 06:34:17,350] {processor.py:641} INFO - Processing file /opt/airflow/dags/platform_analytics_pipeline.py for tasks to queue
[2022-05-18 06:34:17,352] {logging_mixin.py:115} INFO - [2022-05-18 06:34:17,352] {dagbag.py:507} INFO - Filling up the DagBag from /opt/airflow/dags/platform_analytics_pipeline.py
[2022-05-18 06:34:17,731] {processor.py:651} INFO - DAG(s) dict_keys(['platform_analytics_pipeline']) retrieved from /opt/airflow/dags/platform_analytics_pipeline.py
[2022-05-18 06:34:17,752] {logging_mixin.py:115} INFO - [2022-05-18 06:34:17,752] {dag.py:2371} INFO - Sync 1 DAGs
[2022-05-18 06:34:17,776] {logging_mixin.py:115} INFO - [2022-05-18 06:34:17,776] {dag.py:2919} INFO - Setting next_dagrun for platform_analytics_pipeline to 2022-05-18T00:00:00+00:00, run_after=2022-05-19T00:00:00+00:00
[2022-05-18 06:34:17,791] {processor.py:161} INFO - Processing /opt/airflow/dags/platform_analytics_pipeline.py took 0.449 seconds
[2022-05-18 06:34:47,911] {processor.py:153} INFO - Started process (PID=428) to work on /opt/airflow/dags/platform_analytics_pipeline.py
[2022-05-18 06:34:47,913] {processor.py:641} INFO - Processing file /opt/airflow/dags/platform_analytics_pipeline.py for tasks to queue
[2022-05-18 06:34:47,914] {logging_mixin.py:115} INFO - [2022-05-18 06:34:47,914] {dagbag.py:507} INFO - Filling up the DagBag from /opt/airflow/dags/platform_analytics_pipeline.py
[2022-05-18 06:34:48,301] {processor.py:651} INFO - DAG(s) dict_keys(['platform_analytics_pipeline']) retrieved from /opt/airflow/dags/platform_analytics_pipeline.py
[2022-05-18 06:34:48,326] {logging_mixin.py:115} INFO - [2022-05-18 06:34:48,326] {dag.py:2371} INFO - Sync 1 DAGs
[2022-05-18 06:34:48,352] {logging_mixin.py:115} INFO - [2022-05-18 06:34:48,352] {dag.py:2919} INFO - Setting next_dagrun for platform_analytics_pipeline to 2022-05-18T00:00:00+00:00, run_after=2022-05-19T00:00:00+00:00
[2022-05-18 06:34:48,370] {processor.py:161} INFO - Processing /opt/airflow/dags/platform_analytics_pipeline.py took 0.465 seconds
[2022-05-18 06:35:18,512] {processor.py:153} INFO - Started process (PID=434) to work on /opt/airflow/dags/platform_analytics_pipeline.py
[2022-05-18 06:35:18,515] {processor.py:641} INFO - Processing file /opt/airflow/dags/platform_analytics_pipeline.py for tasks to queue
[2022-05-18 06:35:18,520] {logging_mixin.py:115} INFO - [2022-05-18 06:35:18,520] {dagbag.py:507} INFO - Filling up the DagBag from /opt/airflow/dags/platform_analytics_pipeline.py
[2022-05-18 06:35:19,016] {processor.py:651} INFO - DAG(s) dict_keys(['platform_analytics_pipeline']) retrieved from /opt/airflow/dags/platform_analytics_pipeline.py
[2022-05-18 06:35:19,039] {logging_mixin.py:115} INFO - [2022-05-18 06:35:19,039] {dag.py:2371} INFO - Sync 1 DAGs
[2022-05-18 06:35:19,064] {logging_mixin.py:115} INFO - [2022-05-18 06:35:19,064] {dag.py:2919} INFO - Setting next_dagrun for platform_analytics_pipeline to 2022-05-18T00:00:00+00:00, run_after=2022-05-19T00:00:00+00:00
[2022-05-18 06:35:19,081] {processor.py:161} INFO - Processing /opt/airflow/dags/platform_analytics_pipeline.py took 0.577 seconds
[2022-05-18 06:35:49,164] {processor.py:153} INFO - Started process (PID=446) to work on /opt/airflow/dags/platform_analytics_pipeline.py
[2022-05-18 06:35:49,165] {processor.py:641} INFO - Processing file /opt/airflow/dags/platform_analytics_pipeline.py for tasks to queue
[2022-05-18 06:35:49,167] {logging_mixin.py:115} INFO - [2022-05-18 06:35:49,167] {dagbag.py:507} INFO - Filling up the DagBag from /opt/airflow/dags/platform_analytics_pipeline.py
[2022-05-18 06:35:49,663] {processor.py:651} INFO - DAG(s) dict_keys(['platform_analytics_pipeline']) retrieved from /opt/airflow/dags/platform_analytics_pipeline.py
[2022-05-18 06:35:49,705] {logging_mixin.py:115} INFO - [2022-05-18 06:35:49,702] {dag.py:2371} INFO - Sync 1 DAGs
[2022-05-18 06:35:49,747] {logging_mixin.py:115} INFO - [2022-05-18 06:35:49,747] {dag.py:2919} INFO - Setting next_dagrun for platform_analytics_pipeline to 2022-05-18T00:00:00+00:00, run_after=2022-05-19T00:00:00+00:00
[2022-05-18 06:35:49,771] {processor.py:161} INFO - Processing /opt/airflow/dags/platform_analytics_pipeline.py took 0.614 seconds
[2022-05-18 06:36:19,917] {processor.py:153} INFO - Started process (PID=452) to work on /opt/airflow/dags/platform_analytics_pipeline.py
[2022-05-18 06:36:19,920] {processor.py:641} INFO - Processing file /opt/airflow/dags/platform_analytics_pipeline.py for tasks to queue
[2022-05-18 06:36:19,924] {logging_mixin.py:115} INFO - [2022-05-18 06:36:19,924] {dagbag.py:507} INFO - Filling up the DagBag from /opt/airflow/dags/platform_analytics_pipeline.py
[2022-05-18 06:36:20,646] {processor.py:651} INFO - DAG(s) dict_keys(['platform_analytics_pipeline']) retrieved from /opt/airflow/dags/platform_analytics_pipeline.py
[2022-05-18 06:36:20,682] {logging_mixin.py:115} INFO - [2022-05-18 06:36:20,682] {dag.py:2371} INFO - Sync 1 DAGs
[2022-05-18 06:36:20,718] {logging_mixin.py:115} INFO - [2022-05-18 06:36:20,717] {dag.py:2919} INFO - Setting next_dagrun for platform_analytics_pipeline to 2022-05-18T00:00:00+00:00, run_after=2022-05-19T00:00:00+00:00
[2022-05-18 06:36:20,743] {processor.py:161} INFO - Processing /opt/airflow/dags/platform_analytics_pipeline.py took 0.833 seconds
[2022-05-18 06:36:50,949] {processor.py:153} INFO - Started process (PID=461) to work on /opt/airflow/dags/platform_analytics_pipeline.py
[2022-05-18 06:36:50,953] {processor.py:641} INFO - Processing file /opt/airflow/dags/platform_analytics_pipeline.py for tasks to queue
[2022-05-18 06:36:50,967] {logging_mixin.py:115} INFO - [2022-05-18 06:36:50,966] {dagbag.py:507} INFO - Filling up the DagBag from /opt/airflow/dags/platform_analytics_pipeline.py
[2022-05-18 06:36:51,924] {processor.py:651} INFO - DAG(s) dict_keys(['platform_analytics_pipeline']) retrieved from /opt/airflow/dags/platform_analytics_pipeline.py
[2022-05-18 06:36:51,954] {logging_mixin.py:115} INFO - [2022-05-18 06:36:51,954] {dag.py:2371} INFO - Sync 1 DAGs
[2022-05-18 06:36:51,985] {logging_mixin.py:115} INFO - [2022-05-18 06:36:51,985] {dag.py:2919} INFO - Setting next_dagrun for platform_analytics_pipeline to 2022-05-18T00:00:00+00:00, run_after=2022-05-19T00:00:00+00:00
[2022-05-18 06:36:52,003] {processor.py:161} INFO - Processing /opt/airflow/dags/platform_analytics_pipeline.py took 1.081 seconds
[2022-05-18 06:37:22,143] {processor.py:153} INFO - Started process (PID=467) to work on /opt/airflow/dags/platform_analytics_pipeline.py
[2022-05-18 06:37:22,147] {processor.py:641} INFO - Processing file /opt/airflow/dags/platform_analytics_pipeline.py for tasks to queue
[2022-05-18 06:37:22,149] {logging_mixin.py:115} INFO - [2022-05-18 06:37:22,149] {dagbag.py:507} INFO - Filling up the DagBag from /opt/airflow/dags/platform_analytics_pipeline.py
[2022-05-18 06:37:22,785] {processor.py:651} INFO - DAG(s) dict_keys(['platform_analytics_pipeline']) retrieved from /opt/airflow/dags/platform_analytics_pipeline.py
[2022-05-18 06:37:22,821] {logging_mixin.py:115} INFO - [2022-05-18 06:37:22,820] {dag.py:2371} INFO - Sync 1 DAGs
[2022-05-18 06:37:22,850] {logging_mixin.py:115} INFO - [2022-05-18 06:37:22,850] {dag.py:2919} INFO - Setting next_dagrun for platform_analytics_pipeline to 2022-05-18T00:00:00+00:00, run_after=2022-05-19T00:00:00+00:00
[2022-05-18 06:37:22,878] {processor.py:161} INFO - Processing /opt/airflow/dags/platform_analytics_pipeline.py took 0.741 seconds
[2022-05-18 06:37:53,033] {processor.py:153} INFO - Started process (PID=473) to work on /opt/airflow/dags/platform_analytics_pipeline.py
[2022-05-18 06:37:53,036] {processor.py:641} INFO - Processing file /opt/airflow/dags/platform_analytics_pipeline.py for tasks to queue
[2022-05-18 06:37:53,039] {logging_mixin.py:115} INFO - [2022-05-18 06:37:53,039] {dagbag.py:507} INFO - Filling up the DagBag from /opt/airflow/dags/platform_analytics_pipeline.py
[2022-05-18 06:37:53,554] {processor.py:651} INFO - DAG(s) dict_keys(['platform_analytics_pipeline']) retrieved from /opt/airflow/dags/platform_analytics_pipeline.py
[2022-05-18 06:37:53,582] {logging_mixin.py:115} INFO - [2022-05-18 06:37:53,582] {dag.py:2371} INFO - Sync 1 DAGs
[2022-05-18 06:37:53,614] {logging_mixin.py:115} INFO - [2022-05-18 06:37:53,613] {dag.py:2919} INFO - Setting next_dagrun for platform_analytics_pipeline to 2022-05-18T00:00:00+00:00, run_after=2022-05-19T00:00:00+00:00
[2022-05-18 06:37:53,637] {processor.py:161} INFO - Processing /opt/airflow/dags/platform_analytics_pipeline.py took 0.612 seconds
[2022-05-18 06:38:23,797] {processor.py:153} INFO - Started process (PID=479) to work on /opt/airflow/dags/platform_analytics_pipeline.py
[2022-05-18 06:38:23,798] {processor.py:641} INFO - Processing file /opt/airflow/dags/platform_analytics_pipeline.py for tasks to queue
[2022-05-18 06:38:23,799] {logging_mixin.py:115} INFO - [2022-05-18 06:38:23,799] {dagbag.py:507} INFO - Filling up the DagBag from /opt/airflow/dags/platform_analytics_pipeline.py
[2022-05-18 06:38:24,221] {processor.py:651} INFO - DAG(s) dict_keys(['platform_analytics_pipeline']) retrieved from /opt/airflow/dags/platform_analytics_pipeline.py
[2022-05-18 06:38:24,249] {logging_mixin.py:115} INFO - [2022-05-18 06:38:24,248] {dag.py:2371} INFO - Sync 1 DAGs
[2022-05-18 06:38:24,272] {logging_mixin.py:115} INFO - [2022-05-18 06:38:24,272] {dag.py:2919} INFO - Setting next_dagrun for platform_analytics_pipeline to 2022-05-18T00:00:00+00:00, run_after=2022-05-19T00:00:00+00:00
[2022-05-18 06:38:24,285] {processor.py:161} INFO - Processing /opt/airflow/dags/platform_analytics_pipeline.py took 0.492 seconds
[2022-05-18 06:38:54,410] {processor.py:153} INFO - Started process (PID=485) to work on /opt/airflow/dags/platform_analytics_pipeline.py
[2022-05-18 06:38:54,411] {processor.py:641} INFO - Processing file /opt/airflow/dags/platform_analytics_pipeline.py for tasks to queue
[2022-05-18 06:38:54,412] {logging_mixin.py:115} INFO - [2022-05-18 06:38:54,412] {dagbag.py:507} INFO - Filling up the DagBag from /opt/airflow/dags/platform_analytics_pipeline.py
[2022-05-18 06:38:54,866] {processor.py:651} INFO - DAG(s) dict_keys(['platform_analytics_pipeline']) retrieved from /opt/airflow/dags/platform_analytics_pipeline.py
[2022-05-18 06:38:54,909] {logging_mixin.py:115} INFO - [2022-05-18 06:38:54,909] {dag.py:2371} INFO - Sync 1 DAGs
[2022-05-18 06:38:54,939] {logging_mixin.py:115} INFO - [2022-05-18 06:38:54,939] {dag.py:2919} INFO - Setting next_dagrun for platform_analytics_pipeline to 2022-05-18T00:00:00+00:00, run_after=2022-05-19T00:00:00+00:00
[2022-05-18 06:38:54,956] {processor.py:161} INFO - Processing /opt/airflow/dags/platform_analytics_pipeline.py took 0.550 seconds
[2022-05-18 06:39:25,093] {processor.py:153} INFO - Started process (PID=491) to work on /opt/airflow/dags/platform_analytics_pipeline.py
[2022-05-18 06:39:25,094] {processor.py:641} INFO - Processing file /opt/airflow/dags/platform_analytics_pipeline.py for tasks to queue
[2022-05-18 06:39:25,096] {logging_mixin.py:115} INFO - [2022-05-18 06:39:25,096] {dagbag.py:507} INFO - Filling up the DagBag from /opt/airflow/dags/platform_analytics_pipeline.py
[2022-05-18 06:39:25,513] {processor.py:651} INFO - DAG(s) dict_keys(['platform_analytics_pipeline']) retrieved from /opt/airflow/dags/platform_analytics_pipeline.py
[2022-05-18 06:39:25,538] {logging_mixin.py:115} INFO - [2022-05-18 06:39:25,538] {dag.py:2371} INFO - Sync 1 DAGs
[2022-05-18 06:39:25,560] {logging_mixin.py:115} INFO - [2022-05-18 06:39:25,560] {dag.py:2919} INFO - Setting next_dagrun for platform_analytics_pipeline to 2022-05-18T00:00:00+00:00, run_after=2022-05-19T00:00:00+00:00
[2022-05-18 06:39:25,574] {processor.py:161} INFO - Processing /opt/airflow/dags/platform_analytics_pipeline.py took 0.488 seconds
[2022-05-18 06:39:55,669] {processor.py:153} INFO - Started process (PID=497) to work on /opt/airflow/dags/platform_analytics_pipeline.py
[2022-05-18 06:39:55,670] {processor.py:641} INFO - Processing file /opt/airflow/dags/platform_analytics_pipeline.py for tasks to queue
[2022-05-18 06:39:55,673] {logging_mixin.py:115} INFO - [2022-05-18 06:39:55,673] {dagbag.py:507} INFO - Filling up the DagBag from /opt/airflow/dags/platform_analytics_pipeline.py
[2022-05-18 06:39:56,163] {processor.py:651} INFO - DAG(s) dict_keys(['platform_analytics_pipeline']) retrieved from /opt/airflow/dags/platform_analytics_pipeline.py
[2022-05-18 06:39:56,217] {logging_mixin.py:115} INFO - [2022-05-18 06:39:56,216] {dag.py:2371} INFO - Sync 1 DAGs
[2022-05-18 06:39:56,265] {logging_mixin.py:115} INFO - [2022-05-18 06:39:56,265] {dag.py:2919} INFO - Setting next_dagrun for platform_analytics_pipeline to 2022-05-18T00:00:00+00:00, run_after=2022-05-19T00:00:00+00:00
[2022-05-18 06:39:56,282] {processor.py:161} INFO - Processing /opt/airflow/dags/platform_analytics_pipeline.py took 0.619 seconds
[2022-05-18 06:40:26,431] {processor.py:153} INFO - Started process (PID=503) to work on /opt/airflow/dags/platform_analytics_pipeline.py
[2022-05-18 06:40:26,434] {processor.py:641} INFO - Processing file /opt/airflow/dags/platform_analytics_pipeline.py for tasks to queue
[2022-05-18 06:40:26,435] {logging_mixin.py:115} INFO - [2022-05-18 06:40:26,435] {dagbag.py:507} INFO - Filling up the DagBag from /opt/airflow/dags/platform_analytics_pipeline.py
[2022-05-18 06:40:26,958] {processor.py:651} INFO - DAG(s) dict_keys(['platform_analytics_pipeline']) retrieved from /opt/airflow/dags/platform_analytics_pipeline.py
[2022-05-18 06:40:26,982] {logging_mixin.py:115} INFO - [2022-05-18 06:40:26,982] {dag.py:2371} INFO - Sync 1 DAGs
[2022-05-18 06:40:27,013] {logging_mixin.py:115} INFO - [2022-05-18 06:40:27,013] {dag.py:2919} INFO - Setting next_dagrun for platform_analytics_pipeline to 2022-05-18T00:00:00+00:00, run_after=2022-05-19T00:00:00+00:00
[2022-05-18 06:40:27,034] {processor.py:161} INFO - Processing /opt/airflow/dags/platform_analytics_pipeline.py took 0.607 seconds
[2022-05-18 06:40:57,253] {processor.py:153} INFO - Started process (PID=515) to work on /opt/airflow/dags/platform_analytics_pipeline.py
[2022-05-18 06:40:57,254] {processor.py:641} INFO - Processing file /opt/airflow/dags/platform_analytics_pipeline.py for tasks to queue
[2022-05-18 06:40:57,256] {logging_mixin.py:115} INFO - [2022-05-18 06:40:57,256] {dagbag.py:507} INFO - Filling up the DagBag from /opt/airflow/dags/platform_analytics_pipeline.py
[2022-05-18 06:40:57,771] {processor.py:651} INFO - DAG(s) dict_keys(['platform_analytics_pipeline']) retrieved from /opt/airflow/dags/platform_analytics_pipeline.py
[2022-05-18 06:40:57,799] {logging_mixin.py:115} INFO - [2022-05-18 06:40:57,798] {dag.py:2371} INFO - Sync 1 DAGs
[2022-05-18 06:40:57,826] {logging_mixin.py:115} INFO - [2022-05-18 06:40:57,826] {dag.py:2919} INFO - Setting next_dagrun for platform_analytics_pipeline to 2022-05-18T00:00:00+00:00, run_after=2022-05-19T00:00:00+00:00
[2022-05-18 06:40:57,843] {processor.py:161} INFO - Processing /opt/airflow/dags/platform_analytics_pipeline.py took 0.594 seconds
[2022-05-18 06:41:27,945] {processor.py:153} INFO - Started process (PID=521) to work on /opt/airflow/dags/platform_analytics_pipeline.py
[2022-05-18 06:41:27,948] {processor.py:641} INFO - Processing file /opt/airflow/dags/platform_analytics_pipeline.py for tasks to queue
[2022-05-18 06:41:27,950] {logging_mixin.py:115} INFO - [2022-05-18 06:41:27,949] {dagbag.py:507} INFO - Filling up the DagBag from /opt/airflow/dags/platform_analytics_pipeline.py
[2022-05-18 06:41:28,415] {processor.py:651} INFO - DAG(s) dict_keys(['platform_analytics_pipeline']) retrieved from /opt/airflow/dags/platform_analytics_pipeline.py
[2022-05-18 06:41:28,439] {logging_mixin.py:115} INFO - [2022-05-18 06:41:28,437] {dag.py:2371} INFO - Sync 1 DAGs
[2022-05-18 06:41:28,463] {logging_mixin.py:115} INFO - [2022-05-18 06:41:28,463] {dag.py:2919} INFO - Setting next_dagrun for platform_analytics_pipeline to 2022-05-18T00:00:00+00:00, run_after=2022-05-19T00:00:00+00:00
[2022-05-18 06:41:28,478] {processor.py:161} INFO - Processing /opt/airflow/dags/platform_analytics_pipeline.py took 0.537 seconds
[2022-05-18 06:41:58,590] {processor.py:153} INFO - Started process (PID=530) to work on /opt/airflow/dags/platform_analytics_pipeline.py
[2022-05-18 06:41:58,592] {processor.py:641} INFO - Processing file /opt/airflow/dags/platform_analytics_pipeline.py for tasks to queue
[2022-05-18 06:41:58,594] {logging_mixin.py:115} INFO - [2022-05-18 06:41:58,594] {dagbag.py:507} INFO - Filling up the DagBag from /opt/airflow/dags/platform_analytics_pipeline.py
[2022-05-18 06:41:58,970] {processor.py:651} INFO - DAG(s) dict_keys(['platform_analytics_pipeline']) retrieved from /opt/airflow/dags/platform_analytics_pipeline.py
[2022-05-18 06:41:58,991] {logging_mixin.py:115} INFO - [2022-05-18 06:41:58,990] {dag.py:2371} INFO - Sync 1 DAGs
[2022-05-18 06:41:59,013] {logging_mixin.py:115} INFO - [2022-05-18 06:41:59,013] {dag.py:2919} INFO - Setting next_dagrun for platform_analytics_pipeline to 2022-05-18T00:00:00+00:00, run_after=2022-05-19T00:00:00+00:00
[2022-05-18 06:41:59,025] {processor.py:161} INFO - Processing /opt/airflow/dags/platform_analytics_pipeline.py took 0.441 seconds
[2022-05-18 06:42:29,145] {processor.py:153} INFO - Started process (PID=536) to work on /opt/airflow/dags/platform_analytics_pipeline.py
[2022-05-18 06:42:29,148] {processor.py:641} INFO - Processing file /opt/airflow/dags/platform_analytics_pipeline.py for tasks to queue
[2022-05-18 06:42:29,151] {logging_mixin.py:115} INFO - [2022-05-18 06:42:29,151] {dagbag.py:507} INFO - Filling up the DagBag from /opt/airflow/dags/platform_analytics_pipeline.py
[2022-05-18 06:42:29,684] {processor.py:651} INFO - DAG(s) dict_keys(['platform_analytics_pipeline']) retrieved from /opt/airflow/dags/platform_analytics_pipeline.py
[2022-05-18 06:42:29,720] {logging_mixin.py:115} INFO - [2022-05-18 06:42:29,719] {dag.py:2371} INFO - Sync 1 DAGs
[2022-05-18 06:42:29,897] {logging_mixin.py:115} INFO - [2022-05-18 06:42:29,896] {dag.py:2919} INFO - Setting next_dagrun for platform_analytics_pipeline to 2022-05-18T00:00:00+00:00, run_after=2022-05-19T00:00:00+00:00
[2022-05-18 06:42:29,916] {processor.py:161} INFO - Processing /opt/airflow/dags/platform_analytics_pipeline.py took 0.776 seconds
[2022-05-18 06:43:00,081] {processor.py:153} INFO - Started process (PID=542) to work on /opt/airflow/dags/platform_analytics_pipeline.py
[2022-05-18 06:43:00,084] {processor.py:641} INFO - Processing file /opt/airflow/dags/platform_analytics_pipeline.py for tasks to queue
[2022-05-18 06:43:00,085] {logging_mixin.py:115} INFO - [2022-05-18 06:43:00,085] {dagbag.py:507} INFO - Filling up the DagBag from /opt/airflow/dags/platform_analytics_pipeline.py
[2022-05-18 06:43:00,467] {processor.py:651} INFO - DAG(s) dict_keys(['platform_analytics_pipeline']) retrieved from /opt/airflow/dags/platform_analytics_pipeline.py
[2022-05-18 06:43:00,487] {logging_mixin.py:115} INFO - [2022-05-18 06:43:00,487] {dag.py:2371} INFO - Sync 1 DAGs
[2022-05-18 06:43:00,510] {logging_mixin.py:115} INFO - [2022-05-18 06:43:00,509] {dag.py:2919} INFO - Setting next_dagrun for platform_analytics_pipeline to 2022-05-18T00:00:00+00:00, run_after=2022-05-19T00:00:00+00:00
[2022-05-18 06:43:00,521] {processor.py:161} INFO - Processing /opt/airflow/dags/platform_analytics_pipeline.py took 0.444 seconds
[2022-05-18 06:43:30,639] {processor.py:153} INFO - Started process (PID=548) to work on /opt/airflow/dags/platform_analytics_pipeline.py
[2022-05-18 06:43:30,641] {processor.py:641} INFO - Processing file /opt/airflow/dags/platform_analytics_pipeline.py for tasks to queue
[2022-05-18 06:43:30,643] {logging_mixin.py:115} INFO - [2022-05-18 06:43:30,643] {dagbag.py:507} INFO - Filling up the DagBag from /opt/airflow/dags/platform_analytics_pipeline.py
[2022-05-18 06:43:31,111] {processor.py:651} INFO - DAG(s) dict_keys(['platform_analytics_pipeline']) retrieved from /opt/airflow/dags/platform_analytics_pipeline.py
[2022-05-18 06:43:31,146] {logging_mixin.py:115} INFO - [2022-05-18 06:43:31,145] {dag.py:2371} INFO - Sync 1 DAGs
[2022-05-18 06:43:31,186] {logging_mixin.py:115} INFO - [2022-05-18 06:43:31,185] {dag.py:2919} INFO - Setting next_dagrun for platform_analytics_pipeline to 2022-05-18T00:00:00+00:00, run_after=2022-05-19T00:00:00+00:00
[2022-05-18 06:43:31,207] {processor.py:161} INFO - Processing /opt/airflow/dags/platform_analytics_pipeline.py took 0.574 seconds
[2022-05-18 06:44:01,362] {processor.py:153} INFO - Started process (PID=554) to work on /opt/airflow/dags/platform_analytics_pipeline.py
[2022-05-18 06:44:01,387] {processor.py:641} INFO - Processing file /opt/airflow/dags/platform_analytics_pipeline.py for tasks to queue
[2022-05-18 06:44:01,395] {logging_mixin.py:115} INFO - [2022-05-18 06:44:01,395] {dagbag.py:507} INFO - Filling up the DagBag from /opt/airflow/dags/platform_analytics_pipeline.py
[2022-05-18 06:44:02,089] {processor.py:651} INFO - DAG(s) dict_keys(['platform_analytics_pipeline']) retrieved from /opt/airflow/dags/platform_analytics_pipeline.py
[2022-05-18 06:44:02,179] {logging_mixin.py:115} INFO - [2022-05-18 06:44:02,178] {dag.py:2371} INFO - Sync 1 DAGs
[2022-05-18 06:44:02,437] {logging_mixin.py:115} INFO - [2022-05-18 06:44:02,437] {dag.py:2919} INFO - Setting next_dagrun for platform_analytics_pipeline to 2022-05-18T00:00:00+00:00, run_after=2022-05-19T00:00:00+00:00
[2022-05-18 06:44:02,553] {processor.py:161} INFO - Processing /opt/airflow/dags/platform_analytics_pipeline.py took 1.194 seconds
[2022-05-18 06:44:32,798] {processor.py:153} INFO - Started process (PID=563) to work on /opt/airflow/dags/platform_analytics_pipeline.py
[2022-05-18 06:44:32,799] {processor.py:641} INFO - Processing file /opt/airflow/dags/platform_analytics_pipeline.py for tasks to queue
[2022-05-18 06:44:32,801] {logging_mixin.py:115} INFO - [2022-05-18 06:44:32,801] {dagbag.py:507} INFO - Filling up the DagBag from /opt/airflow/dags/platform_analytics_pipeline.py
[2022-05-18 06:44:33,288] {processor.py:651} INFO - DAG(s) dict_keys(['platform_analytics_pipeline']) retrieved from /opt/airflow/dags/platform_analytics_pipeline.py
[2022-05-18 06:44:33,329] {logging_mixin.py:115} INFO - [2022-05-18 06:44:33,329] {dag.py:2371} INFO - Sync 1 DAGs
[2022-05-18 06:44:33,363] {logging_mixin.py:115} INFO - [2022-05-18 06:44:33,363] {dag.py:2919} INFO - Setting next_dagrun for platform_analytics_pipeline to 2022-05-18T00:00:00+00:00, run_after=2022-05-19T00:00:00+00:00
[2022-05-18 06:44:33,385] {processor.py:161} INFO - Processing /opt/airflow/dags/platform_analytics_pipeline.py took 0.591 seconds
[2022-05-18 06:45:03,547] {processor.py:153} INFO - Started process (PID=572) to work on /opt/airflow/dags/platform_analytics_pipeline.py
[2022-05-18 06:45:03,549] {processor.py:641} INFO - Processing file /opt/airflow/dags/platform_analytics_pipeline.py for tasks to queue
[2022-05-18 06:45:03,551] {logging_mixin.py:115} INFO - [2022-05-18 06:45:03,551] {dagbag.py:507} INFO - Filling up the DagBag from /opt/airflow/dags/platform_analytics_pipeline.py
[2022-05-18 06:45:04,109] {processor.py:651} INFO - DAG(s) dict_keys(['platform_analytics_pipeline']) retrieved from /opt/airflow/dags/platform_analytics_pipeline.py
[2022-05-18 06:45:04,134] {logging_mixin.py:115} INFO - [2022-05-18 06:45:04,134] {dag.py:2371} INFO - Sync 1 DAGs
[2022-05-18 06:45:04,160] {logging_mixin.py:115} INFO - [2022-05-18 06:45:04,160] {dag.py:2919} INFO - Setting next_dagrun for platform_analytics_pipeline to 2022-05-18T00:00:00+00:00, run_after=2022-05-19T00:00:00+00:00
[2022-05-18 06:45:04,178] {processor.py:161} INFO - Processing /opt/airflow/dags/platform_analytics_pipeline.py took 0.638 seconds
[2022-05-18 06:45:34,366] {processor.py:153} INFO - Started process (PID=578) to work on /opt/airflow/dags/platform_analytics_pipeline.py
[2022-05-18 06:45:34,368] {processor.py:641} INFO - Processing file /opt/airflow/dags/platform_analytics_pipeline.py for tasks to queue
[2022-05-18 06:45:34,379] {logging_mixin.py:115} INFO - [2022-05-18 06:45:34,379] {dagbag.py:507} INFO - Filling up the DagBag from /opt/airflow/dags/platform_analytics_pipeline.py
[2022-05-18 06:45:35,074] {processor.py:651} INFO - DAG(s) dict_keys(['platform_analytics_pipeline']) retrieved from /opt/airflow/dags/platform_analytics_pipeline.py
[2022-05-18 06:45:35,146] {logging_mixin.py:115} INFO - [2022-05-18 06:45:35,146] {dag.py:2371} INFO - Sync 1 DAGs
[2022-05-18 06:45:35,159] {logging_mixin.py:115} INFO - [2022-05-18 06:45:35,159] {dag.py:2390} INFO - Creating ORM DAG for platform_analytics_pipeline
[2022-05-18 06:45:35,178] {logging_mixin.py:115} INFO - [2022-05-18 06:45:35,178] {dag.py:2919} INFO - Setting next_dagrun for platform_analytics_pipeline to 2022-05-16T00:00:00+00:00, run_after=2022-05-17T00:00:00+00:00
[2022-05-18 06:45:35,197] {processor.py:161} INFO - Processing /opt/airflow/dags/platform_analytics_pipeline.py took 0.841 seconds
[2022-05-18 06:46:05,393] {processor.py:153} INFO - Started process (PID=584) to work on /opt/airflow/dags/platform_analytics_pipeline.py
[2022-05-18 06:46:05,394] {processor.py:641} INFO - Processing file /opt/airflow/dags/platform_analytics_pipeline.py for tasks to queue
[2022-05-18 06:46:05,395] {logging_mixin.py:115} INFO - [2022-05-18 06:46:05,395] {dagbag.py:507} INFO - Filling up the DagBag from /opt/airflow/dags/platform_analytics_pipeline.py
[2022-05-18 06:46:05,863] {processor.py:651} INFO - DAG(s) dict_keys(['platform_analytics_pipeline']) retrieved from /opt/airflow/dags/platform_analytics_pipeline.py
[2022-05-18 06:46:05,895] {logging_mixin.py:115} INFO - [2022-05-18 06:46:05,894] {dag.py:2371} INFO - Sync 1 DAGs
[2022-05-18 06:46:05,922] {logging_mixin.py:115} INFO - [2022-05-18 06:46:05,922] {dag.py:2919} INFO - Setting next_dagrun for platform_analytics_pipeline to 2022-05-16T00:00:00+00:00, run_after=2022-05-17T00:00:00+00:00
[2022-05-18 06:46:05,937] {processor.py:161} INFO - Processing /opt/airflow/dags/platform_analytics_pipeline.py took 0.550 seconds
[2022-05-18 06:46:36,072] {processor.py:153} INFO - Started process (PID=590) to work on /opt/airflow/dags/platform_analytics_pipeline.py
[2022-05-18 06:46:36,073] {processor.py:641} INFO - Processing file /opt/airflow/dags/platform_analytics_pipeline.py for tasks to queue
[2022-05-18 06:46:36,075] {logging_mixin.py:115} INFO - [2022-05-18 06:46:36,074] {dagbag.py:507} INFO - Filling up the DagBag from /opt/airflow/dags/platform_analytics_pipeline.py
[2022-05-18 06:46:36,566] {processor.py:651} INFO - DAG(s) dict_keys(['platform_analytics_pipeline']) retrieved from /opt/airflow/dags/platform_analytics_pipeline.py
[2022-05-18 06:46:36,606] {logging_mixin.py:115} INFO - [2022-05-18 06:46:36,605] {dag.py:2371} INFO - Sync 1 DAGs
[2022-05-18 06:46:36,642] {logging_mixin.py:115} INFO - [2022-05-18 06:46:36,642] {dag.py:2919} INFO - Setting next_dagrun for platform_analytics_pipeline to 2022-05-16T00:00:00+00:00, run_after=2022-05-17T00:00:00+00:00
[2022-05-18 06:46:36,657] {processor.py:161} INFO - Processing /opt/airflow/dags/platform_analytics_pipeline.py took 0.589 seconds
[2022-05-18 06:47:06,801] {processor.py:153} INFO - Started process (PID=623) to work on /opt/airflow/dags/platform_analytics_pipeline.py
[2022-05-18 06:47:06,803] {processor.py:641} INFO - Processing file /opt/airflow/dags/platform_analytics_pipeline.py for tasks to queue
[2022-05-18 06:47:06,805] {logging_mixin.py:115} INFO - [2022-05-18 06:47:06,805] {dagbag.py:507} INFO - Filling up the DagBag from /opt/airflow/dags/platform_analytics_pipeline.py
[2022-05-18 06:47:07,286] {processor.py:651} INFO - DAG(s) dict_keys(['platform_analytics_pipeline']) retrieved from /opt/airflow/dags/platform_analytics_pipeline.py
[2022-05-18 06:47:07,314] {logging_mixin.py:115} INFO - [2022-05-18 06:47:07,314] {dag.py:2371} INFO - Sync 1 DAGs
[2022-05-18 06:47:07,341] {logging_mixin.py:115} INFO - [2022-05-18 06:47:07,341] {dag.py:2919} INFO - Setting next_dagrun for platform_analytics_pipeline to 2022-05-18T00:00:00+00:00, run_after=2022-05-19T00:00:00+00:00
[2022-05-18 06:47:07,357] {processor.py:161} INFO - Processing /opt/airflow/dags/platform_analytics_pipeline.py took 0.560 seconds
[2022-05-18 06:47:37,560] {processor.py:153} INFO - Started process (PID=635) to work on /opt/airflow/dags/platform_analytics_pipeline.py
[2022-05-18 06:47:37,562] {processor.py:641} INFO - Processing file /opt/airflow/dags/platform_analytics_pipeline.py for tasks to queue
[2022-05-18 06:47:37,564] {logging_mixin.py:115} INFO - [2022-05-18 06:47:37,563] {dagbag.py:507} INFO - Filling up the DagBag from /opt/airflow/dags/platform_analytics_pipeline.py
[2022-05-18 06:47:37,940] {processor.py:651} INFO - DAG(s) dict_keys(['platform_analytics_pipeline']) retrieved from /opt/airflow/dags/platform_analytics_pipeline.py
[2022-05-18 06:47:37,968] {logging_mixin.py:115} INFO - [2022-05-18 06:47:37,967] {dag.py:2371} INFO - Sync 1 DAGs
[2022-05-18 06:47:37,993] {logging_mixin.py:115} INFO - [2022-05-18 06:47:37,993] {dag.py:2919} INFO - Setting next_dagrun for platform_analytics_pipeline to 2022-05-18T00:00:00+00:00, run_after=2022-05-19T00:00:00+00:00
[2022-05-18 06:47:38,004] {processor.py:161} INFO - Processing /opt/airflow/dags/platform_analytics_pipeline.py took 0.448 seconds
[2022-05-18 06:48:08,135] {processor.py:153} INFO - Started process (PID=641) to work on /opt/airflow/dags/platform_analytics_pipeline.py
[2022-05-18 06:48:08,138] {processor.py:641} INFO - Processing file /opt/airflow/dags/platform_analytics_pipeline.py for tasks to queue
[2022-05-18 06:48:08,141] {logging_mixin.py:115} INFO - [2022-05-18 06:48:08,141] {dagbag.py:507} INFO - Filling up the DagBag from /opt/airflow/dags/platform_analytics_pipeline.py
[2022-05-18 06:48:08,636] {processor.py:651} INFO - DAG(s) dict_keys(['platform_analytics_pipeline']) retrieved from /opt/airflow/dags/platform_analytics_pipeline.py
[2022-05-18 06:48:08,665] {logging_mixin.py:115} INFO - [2022-05-18 06:48:08,664] {dag.py:2371} INFO - Sync 1 DAGs
[2022-05-18 06:48:08,695] {logging_mixin.py:115} INFO - [2022-05-18 06:48:08,695] {dag.py:2919} INFO - Setting next_dagrun for platform_analytics_pipeline to 2022-05-18T00:00:00+00:00, run_after=2022-05-19T00:00:00+00:00
[2022-05-18 06:48:08,711] {processor.py:161} INFO - Processing /opt/airflow/dags/platform_analytics_pipeline.py took 0.582 seconds
[2022-05-18 06:48:38,849] {processor.py:153} INFO - Started process (PID=657) to work on /opt/airflow/dags/platform_analytics_pipeline.py
[2022-05-18 06:48:38,851] {processor.py:641} INFO - Processing file /opt/airflow/dags/platform_analytics_pipeline.py for tasks to queue
[2022-05-18 06:48:38,852] {logging_mixin.py:115} INFO - [2022-05-18 06:48:38,852] {dagbag.py:507} INFO - Filling up the DagBag from /opt/airflow/dags/platform_analytics_pipeline.py
[2022-05-18 06:48:39,228] {processor.py:651} INFO - DAG(s) dict_keys(['platform_analytics_pipeline']) retrieved from /opt/airflow/dags/platform_analytics_pipeline.py
[2022-05-18 06:48:39,252] {logging_mixin.py:115} INFO - [2022-05-18 06:48:39,252] {dag.py:2371} INFO - Sync 1 DAGs
[2022-05-18 06:48:39,275] {logging_mixin.py:115} INFO - [2022-05-18 06:48:39,275] {dag.py:2919} INFO - Setting next_dagrun for platform_analytics_pipeline to 2022-05-18T00:00:00+00:00, run_after=2022-05-19T00:00:00+00:00
[2022-05-18 06:48:39,289] {processor.py:161} INFO - Processing /opt/airflow/dags/platform_analytics_pipeline.py took 0.444 seconds
[2022-05-18 06:49:09,403] {processor.py:153} INFO - Started process (PID=663) to work on /opt/airflow/dags/platform_analytics_pipeline.py
[2022-05-18 06:49:09,404] {processor.py:641} INFO - Processing file /opt/airflow/dags/platform_analytics_pipeline.py for tasks to queue
[2022-05-18 06:49:09,408] {logging_mixin.py:115} INFO - [2022-05-18 06:49:09,408] {dagbag.py:507} INFO - Filling up the DagBag from /opt/airflow/dags/platform_analytics_pipeline.py
[2022-05-18 06:49:09,878] {processor.py:651} INFO - DAG(s) dict_keys(['platform_analytics_pipeline']) retrieved from /opt/airflow/dags/platform_analytics_pipeline.py
[2022-05-18 06:49:09,906] {logging_mixin.py:115} INFO - [2022-05-18 06:49:09,905] {dag.py:2371} INFO - Sync 1 DAGs
[2022-05-18 06:49:09,934] {logging_mixin.py:115} INFO - [2022-05-18 06:49:09,934] {dag.py:2919} INFO - Setting next_dagrun for platform_analytics_pipeline to 2022-05-18T00:00:00+00:00, run_after=2022-05-19T00:00:00+00:00
[2022-05-18 06:49:09,950] {processor.py:161} INFO - Processing /opt/airflow/dags/platform_analytics_pipeline.py took 0.555 seconds
[2022-05-18 06:49:40,080] {processor.py:153} INFO - Started process (PID=669) to work on /opt/airflow/dags/platform_analytics_pipeline.py
[2022-05-18 06:49:40,083] {processor.py:641} INFO - Processing file /opt/airflow/dags/platform_analytics_pipeline.py for tasks to queue
[2022-05-18 06:49:40,084] {logging_mixin.py:115} INFO - [2022-05-18 06:49:40,084] {dagbag.py:507} INFO - Filling up the DagBag from /opt/airflow/dags/platform_analytics_pipeline.py
[2022-05-18 06:49:40,456] {processor.py:651} INFO - DAG(s) dict_keys(['platform_analytics_pipeline']) retrieved from /opt/airflow/dags/platform_analytics_pipeline.py
[2022-05-18 06:49:40,478] {logging_mixin.py:115} INFO - [2022-05-18 06:49:40,478] {dag.py:2371} INFO - Sync 1 DAGs
[2022-05-18 06:49:40,503] {logging_mixin.py:115} INFO - [2022-05-18 06:49:40,503] {dag.py:2919} INFO - Setting next_dagrun for platform_analytics_pipeline to 2022-05-18T00:00:00+00:00, run_after=2022-05-19T00:00:00+00:00
[2022-05-18 06:49:40,519] {processor.py:161} INFO - Processing /opt/airflow/dags/platform_analytics_pipeline.py took 0.443 seconds
[2022-05-18 06:50:10,632] {processor.py:153} INFO - Started process (PID=675) to work on /opt/airflow/dags/platform_analytics_pipeline.py
[2022-05-18 06:50:10,634] {processor.py:641} INFO - Processing file /opt/airflow/dags/platform_analytics_pipeline.py for tasks to queue
[2022-05-18 06:50:10,635] {logging_mixin.py:115} INFO - [2022-05-18 06:50:10,635] {dagbag.py:507} INFO - Filling up the DagBag from /opt/airflow/dags/platform_analytics_pipeline.py
[2022-05-18 06:50:11,072] {processor.py:651} INFO - DAG(s) dict_keys(['platform_analytics_pipeline']) retrieved from /opt/airflow/dags/platform_analytics_pipeline.py
[2022-05-18 06:50:11,096] {logging_mixin.py:115} INFO - [2022-05-18 06:50:11,096] {dag.py:2371} INFO - Sync 1 DAGs
[2022-05-18 06:50:11,124] {logging_mixin.py:115} INFO - [2022-05-18 06:50:11,124] {dag.py:2919} INFO - Setting next_dagrun for platform_analytics_pipeline to 2022-05-18T00:00:00+00:00, run_after=2022-05-19T00:00:00+00:00
[2022-05-18 06:50:11,144] {processor.py:161} INFO - Processing /opt/airflow/dags/platform_analytics_pipeline.py took 0.517 seconds
[2022-05-18 06:50:41,290] {processor.py:153} INFO - Started process (PID=684) to work on /opt/airflow/dags/platform_analytics_pipeline.py
[2022-05-18 06:50:41,293] {processor.py:641} INFO - Processing file /opt/airflow/dags/platform_analytics_pipeline.py for tasks to queue
[2022-05-18 06:50:41,295] {logging_mixin.py:115} INFO - [2022-05-18 06:50:41,295] {dagbag.py:507} INFO - Filling up the DagBag from /opt/airflow/dags/platform_analytics_pipeline.py
[2022-05-18 06:50:41,796] {processor.py:651} INFO - DAG(s) dict_keys(['platform_analytics_pipeline']) retrieved from /opt/airflow/dags/platform_analytics_pipeline.py
[2022-05-18 06:50:41,901] {logging_mixin.py:115} INFO - [2022-05-18 06:50:41,900] {dag.py:2371} INFO - Sync 1 DAGs
[2022-05-18 06:50:41,912] {logging_mixin.py:115} INFO - [2022-05-18 06:50:41,912] {dag.py:2390} INFO - Creating ORM DAG for platform_analytics_pipeline
[2022-05-18 06:50:41,933] {logging_mixin.py:115} INFO - [2022-05-18 06:50:41,933] {dag.py:2919} INFO - Setting next_dagrun for platform_analytics_pipeline to 2022-05-16T00:00:00+00:00, run_after=2022-05-17T00:00:00+00:00
[2022-05-18 06:50:41,952] {processor.py:161} INFO - Processing /opt/airflow/dags/platform_analytics_pipeline.py took 0.669 seconds
[2022-05-18 06:51:12,136] {processor.py:153} INFO - Started process (PID=717) to work on /opt/airflow/dags/platform_analytics_pipeline.py
[2022-05-18 06:51:12,147] {processor.py:641} INFO - Processing file /opt/airflow/dags/platform_analytics_pipeline.py for tasks to queue
[2022-05-18 06:51:12,158] {logging_mixin.py:115} INFO - [2022-05-18 06:51:12,156] {dagbag.py:507} INFO - Filling up the DagBag from /opt/airflow/dags/platform_analytics_pipeline.py
[2022-05-18 06:51:13,177] {processor.py:651} INFO - DAG(s) dict_keys(['platform_analytics_pipeline']) retrieved from /opt/airflow/dags/platform_analytics_pipeline.py
[2022-05-18 06:51:13,230] {logging_mixin.py:115} INFO - [2022-05-18 06:51:13,229] {dag.py:2371} INFO - Sync 1 DAGs
[2022-05-18 06:51:13,265] {logging_mixin.py:115} INFO - [2022-05-18 06:51:13,265] {dag.py:2919} INFO - Setting next_dagrun for platform_analytics_pipeline to 2022-05-18T00:00:00+00:00, run_after=2022-05-19T00:00:00+00:00
[2022-05-18 06:51:13,288] {processor.py:161} INFO - Processing /opt/airflow/dags/platform_analytics_pipeline.py took 1.201 seconds
[2022-05-18 06:51:43,471] {processor.py:153} INFO - Started process (PID=723) to work on /opt/airflow/dags/platform_analytics_pipeline.py
[2022-05-18 06:51:43,473] {processor.py:641} INFO - Processing file /opt/airflow/dags/platform_analytics_pipeline.py for tasks to queue
[2022-05-18 06:51:43,475] {logging_mixin.py:115} INFO - [2022-05-18 06:51:43,475] {dagbag.py:507} INFO - Filling up the DagBag from /opt/airflow/dags/platform_analytics_pipeline.py
[2022-05-18 06:51:43,893] {processor.py:651} INFO - DAG(s) dict_keys(['platform_analytics_pipeline']) retrieved from /opt/airflow/dags/platform_analytics_pipeline.py
[2022-05-18 06:51:43,916] {logging_mixin.py:115} INFO - [2022-05-18 06:51:43,916] {dag.py:2371} INFO - Sync 1 DAGs
[2022-05-18 06:51:43,940] {logging_mixin.py:115} INFO - [2022-05-18 06:51:43,940] {dag.py:2919} INFO - Setting next_dagrun for platform_analytics_pipeline to 2022-05-18T00:00:00+00:00, run_after=2022-05-19T00:00:00+00:00
[2022-05-18 06:51:43,956] {processor.py:161} INFO - Processing /opt/airflow/dags/platform_analytics_pipeline.py took 0.493 seconds
[2022-05-18 06:52:14,097] {processor.py:153} INFO - Started process (PID=729) to work on /opt/airflow/dags/platform_analytics_pipeline.py
[2022-05-18 06:52:14,105] {processor.py:641} INFO - Processing file /opt/airflow/dags/platform_analytics_pipeline.py for tasks to queue
[2022-05-18 06:52:14,115] {logging_mixin.py:115} INFO - [2022-05-18 06:52:14,115] {dagbag.py:507} INFO - Filling up the DagBag from /opt/airflow/dags/platform_analytics_pipeline.py
[2022-05-18 06:52:14,833] {processor.py:651} INFO - DAG(s) dict_keys(['platform_analytics_pipeline']) retrieved from /opt/airflow/dags/platform_analytics_pipeline.py
[2022-05-18 06:52:14,857] {logging_mixin.py:115} INFO - [2022-05-18 06:52:14,857] {dag.py:2371} INFO - Sync 1 DAGs
[2022-05-18 06:52:14,884] {logging_mixin.py:115} INFO - [2022-05-18 06:52:14,884] {dag.py:2919} INFO - Setting next_dagrun for platform_analytics_pipeline to 2022-05-18T00:00:00+00:00, run_after=2022-05-19T00:00:00+00:00
[2022-05-18 06:52:14,898] {processor.py:161} INFO - Processing /opt/airflow/dags/platform_analytics_pipeline.py took 0.807 seconds
[2022-05-18 06:52:45,011] {processor.py:153} INFO - Started process (PID=735) to work on /opt/airflow/dags/platform_analytics_pipeline.py
[2022-05-18 06:52:45,013] {processor.py:641} INFO - Processing file /opt/airflow/dags/platform_analytics_pipeline.py for tasks to queue
[2022-05-18 06:52:45,014] {logging_mixin.py:115} INFO - [2022-05-18 06:52:45,014] {dagbag.py:507} INFO - Filling up the DagBag from /opt/airflow/dags/platform_analytics_pipeline.py
[2022-05-18 06:52:45,383] {processor.py:651} INFO - DAG(s) dict_keys(['platform_analytics_pipeline']) retrieved from /opt/airflow/dags/platform_analytics_pipeline.py
[2022-05-18 06:52:45,408] {logging_mixin.py:115} INFO - [2022-05-18 06:52:45,407] {dag.py:2371} INFO - Sync 1 DAGs
[2022-05-18 06:52:45,430] {logging_mixin.py:115} INFO - [2022-05-18 06:52:45,430] {dag.py:2919} INFO - Setting next_dagrun for platform_analytics_pipeline to 2022-05-18T00:00:00+00:00, run_after=2022-05-19T00:00:00+00:00
[2022-05-18 06:52:45,442] {processor.py:161} INFO - Processing /opt/airflow/dags/platform_analytics_pipeline.py took 0.436 seconds
[2022-05-18 06:53:15,602] {processor.py:153} INFO - Started process (PID=741) to work on /opt/airflow/dags/platform_analytics_pipeline.py
[2022-05-18 06:53:15,651] {processor.py:641} INFO - Processing file /opt/airflow/dags/platform_analytics_pipeline.py for tasks to queue
[2022-05-18 06:53:15,653] {logging_mixin.py:115} INFO - [2022-05-18 06:53:15,653] {dagbag.py:507} INFO - Filling up the DagBag from /opt/airflow/dags/platform_analytics_pipeline.py
[2022-05-18 06:53:16,088] {processor.py:651} INFO - DAG(s) dict_keys(['platform_analytics_pipeline']) retrieved from /opt/airflow/dags/platform_analytics_pipeline.py
[2022-05-18 06:53:16,140] {logging_mixin.py:115} INFO - [2022-05-18 06:53:16,140] {dag.py:2371} INFO - Sync 1 DAGs
[2022-05-18 06:53:16,174] {logging_mixin.py:115} INFO - [2022-05-18 06:53:16,174] {dag.py:2919} INFO - Setting next_dagrun for platform_analytics_pipeline to 2022-05-18T00:00:00+00:00, run_after=2022-05-19T00:00:00+00:00
[2022-05-18 06:53:16,191] {processor.py:161} INFO - Processing /opt/airflow/dags/platform_analytics_pipeline.py took 0.595 seconds
[2022-05-18 06:53:46,299] {processor.py:153} INFO - Started process (PID=757) to work on /opt/airflow/dags/platform_analytics_pipeline.py
[2022-05-18 06:53:46,302] {processor.py:641} INFO - Processing file /opt/airflow/dags/platform_analytics_pipeline.py for tasks to queue
[2022-05-18 06:53:46,303] {logging_mixin.py:115} INFO - [2022-05-18 06:53:46,303] {dagbag.py:507} INFO - Filling up the DagBag from /opt/airflow/dags/platform_analytics_pipeline.py
[2022-05-18 06:53:46,947] {processor.py:651} INFO - DAG(s) dict_keys(['platform_analytics_pipeline']) retrieved from /opt/airflow/dags/platform_analytics_pipeline.py
[2022-05-18 06:53:46,983] {logging_mixin.py:115} INFO - [2022-05-18 06:53:46,982] {dag.py:2371} INFO - Sync 1 DAGs
[2022-05-18 06:53:47,134] {logging_mixin.py:115} INFO - [2022-05-18 06:53:47,134] {dag.py:2919} INFO - Setting next_dagrun for platform_analytics_pipeline to 2022-05-18T00:00:00+00:00, run_after=2022-05-19T00:00:00+00:00
[2022-05-18 06:53:47,160] {processor.py:161} INFO - Processing /opt/airflow/dags/platform_analytics_pipeline.py took 0.865 seconds
[2022-05-18 06:54:17,308] {processor.py:153} INFO - Started process (PID=767) to work on /opt/airflow/dags/platform_analytics_pipeline.py
[2022-05-18 06:54:17,311] {processor.py:641} INFO - Processing file /opt/airflow/dags/platform_analytics_pipeline.py for tasks to queue
[2022-05-18 06:54:17,313] {logging_mixin.py:115} INFO - [2022-05-18 06:54:17,313] {dagbag.py:507} INFO - Filling up the DagBag from /opt/airflow/dags/platform_analytics_pipeline.py
[2022-05-18 06:54:17,840] {processor.py:651} INFO - DAG(s) dict_keys(['platform_analytics_pipeline']) retrieved from /opt/airflow/dags/platform_analytics_pipeline.py
[2022-05-18 06:54:17,866] {logging_mixin.py:115} INFO - [2022-05-18 06:54:17,865] {dag.py:2371} INFO - Sync 1 DAGs
[2022-05-18 06:54:17,892] {logging_mixin.py:115} INFO - [2022-05-18 06:54:17,891] {dag.py:2919} INFO - Setting next_dagrun for platform_analytics_pipeline to 2022-05-18T00:00:00+00:00, run_after=2022-05-19T00:00:00+00:00
[2022-05-18 06:54:17,905] {processor.py:161} INFO - Processing /opt/airflow/dags/platform_analytics_pipeline.py took 0.604 seconds
[2022-05-18 06:54:48,018] {processor.py:153} INFO - Started process (PID=773) to work on /opt/airflow/dags/platform_analytics_pipeline.py
[2022-05-18 06:54:48,020] {processor.py:641} INFO - Processing file /opt/airflow/dags/platform_analytics_pipeline.py for tasks to queue
[2022-05-18 06:54:48,022] {logging_mixin.py:115} INFO - [2022-05-18 06:54:48,022] {dagbag.py:507} INFO - Filling up the DagBag from /opt/airflow/dags/platform_analytics_pipeline.py
[2022-05-18 06:54:48,493] {processor.py:651} INFO - DAG(s) dict_keys(['platform_analytics_pipeline']) retrieved from /opt/airflow/dags/platform_analytics_pipeline.py
[2022-05-18 06:54:48,530] {logging_mixin.py:115} INFO - [2022-05-18 06:54:48,529] {dag.py:2371} INFO - Sync 1 DAGs
[2022-05-18 06:54:48,567] {logging_mixin.py:115} INFO - [2022-05-18 06:54:48,567] {dag.py:2919} INFO - Setting next_dagrun for platform_analytics_pipeline to 2022-05-18T00:00:00+00:00, run_after=2022-05-19T00:00:00+00:00
[2022-05-18 06:54:48,591] {processor.py:161} INFO - Processing /opt/airflow/dags/platform_analytics_pipeline.py took 0.580 seconds
[2022-05-18 06:55:18,727] {processor.py:153} INFO - Started process (PID=779) to work on /opt/airflow/dags/platform_analytics_pipeline.py
[2022-05-18 06:55:18,730] {processor.py:641} INFO - Processing file /opt/airflow/dags/platform_analytics_pipeline.py for tasks to queue
[2022-05-18 06:55:18,731] {logging_mixin.py:115} INFO - [2022-05-18 06:55:18,731] {dagbag.py:507} INFO - Filling up the DagBag from /opt/airflow/dags/platform_analytics_pipeline.py
[2022-05-18 06:55:19,166] {processor.py:651} INFO - DAG(s) dict_keys(['platform_analytics_pipeline']) retrieved from /opt/airflow/dags/platform_analytics_pipeline.py
[2022-05-18 06:55:19,192] {logging_mixin.py:115} INFO - [2022-05-18 06:55:19,192] {dag.py:2371} INFO - Sync 1 DAGs
[2022-05-18 06:55:19,221] {logging_mixin.py:115} INFO - [2022-05-18 06:55:19,221] {dag.py:2919} INFO - Setting next_dagrun for platform_analytics_pipeline to 2022-05-18T00:00:00+00:00, run_after=2022-05-19T00:00:00+00:00
[2022-05-18 06:55:19,237] {processor.py:161} INFO - Processing /opt/airflow/dags/platform_analytics_pipeline.py took 0.516 seconds
[2022-05-18 06:55:49,383] {processor.py:153} INFO - Started process (PID=785) to work on /opt/airflow/dags/platform_analytics_pipeline.py
[2022-05-18 06:55:49,386] {processor.py:641} INFO - Processing file /opt/airflow/dags/platform_analytics_pipeline.py for tasks to queue
[2022-05-18 06:55:49,389] {logging_mixin.py:115} INFO - [2022-05-18 06:55:49,389] {dagbag.py:507} INFO - Filling up the DagBag from /opt/airflow/dags/platform_analytics_pipeline.py
[2022-05-18 06:55:49,861] {processor.py:651} INFO - DAG(s) dict_keys(['platform_analytics_pipeline']) retrieved from /opt/airflow/dags/platform_analytics_pipeline.py
[2022-05-18 06:55:49,892] {logging_mixin.py:115} INFO - [2022-05-18 06:55:49,891] {dag.py:2371} INFO - Sync 1 DAGs
[2022-05-18 06:55:49,940] {logging_mixin.py:115} INFO - [2022-05-18 06:55:49,940] {dag.py:2919} INFO - Setting next_dagrun for platform_analytics_pipeline to 2022-05-18T00:00:00+00:00, run_after=2022-05-19T00:00:00+00:00
[2022-05-18 06:55:49,957] {processor.py:161} INFO - Processing /opt/airflow/dags/platform_analytics_pipeline.py took 0.581 seconds
[2022-05-18 06:56:20,115] {processor.py:153} INFO - Started process (PID=800) to work on /opt/airflow/dags/platform_analytics_pipeline.py
[2022-05-18 06:56:20,122] {processor.py:641} INFO - Processing file /opt/airflow/dags/platform_analytics_pipeline.py for tasks to queue
[2022-05-18 06:56:20,126] {logging_mixin.py:115} INFO - [2022-05-18 06:56:20,126] {dagbag.py:507} INFO - Filling up the DagBag from /opt/airflow/dags/platform_analytics_pipeline.py
[2022-05-18 06:56:21,919] {processor.py:651} INFO - DAG(s) dict_keys(['platform_analytics_pipeline']) retrieved from /opt/airflow/dags/platform_analytics_pipeline.py
[2022-05-18 06:56:22,130] {logging_mixin.py:115} INFO - [2022-05-18 06:56:22,127] {dag.py:2371} INFO - Sync 1 DAGs
[2022-05-18 06:56:22,272] {logging_mixin.py:115} INFO - [2022-05-18 06:56:22,271] {dag.py:2919} INFO - Setting next_dagrun for platform_analytics_pipeline to 2022-05-18T00:00:00+00:00, run_after=2022-05-19T00:00:00+00:00
[2022-05-18 06:56:22,328] {processor.py:161} INFO - Processing /opt/airflow/dags/platform_analytics_pipeline.py took 2.234 seconds
[2022-05-18 06:56:52,479] {processor.py:153} INFO - Started process (PID=806) to work on /opt/airflow/dags/platform_analytics_pipeline.py
[2022-05-18 06:56:52,482] {processor.py:641} INFO - Processing file /opt/airflow/dags/platform_analytics_pipeline.py for tasks to queue
[2022-05-18 06:56:52,486] {logging_mixin.py:115} INFO - [2022-05-18 06:56:52,485] {dagbag.py:507} INFO - Filling up the DagBag from /opt/airflow/dags/platform_analytics_pipeline.py
[2022-05-18 06:56:53,177] {processor.py:651} INFO - DAG(s) dict_keys(['platform_analytics_pipeline']) retrieved from /opt/airflow/dags/platform_analytics_pipeline.py
[2022-05-18 06:56:53,211] {logging_mixin.py:115} INFO - [2022-05-18 06:56:53,210] {dag.py:2371} INFO - Sync 1 DAGs
[2022-05-18 06:56:53,243] {logging_mixin.py:115} INFO - [2022-05-18 06:56:53,243] {dag.py:2919} INFO - Setting next_dagrun for platform_analytics_pipeline to 2022-05-18T00:00:00+00:00, run_after=2022-05-19T00:00:00+00:00
[2022-05-18 06:56:53,258] {processor.py:161} INFO - Processing /opt/airflow/dags/platform_analytics_pipeline.py took 0.787 seconds
[2022-05-18 06:57:23,372] {processor.py:153} INFO - Started process (PID=812) to work on /opt/airflow/dags/platform_analytics_pipeline.py
[2022-05-18 06:57:23,375] {processor.py:641} INFO - Processing file /opt/airflow/dags/platform_analytics_pipeline.py for tasks to queue
[2022-05-18 06:57:23,376] {logging_mixin.py:115} INFO - [2022-05-18 06:57:23,376] {dagbag.py:507} INFO - Filling up the DagBag from /opt/airflow/dags/platform_analytics_pipeline.py
[2022-05-18 06:57:23,790] {processor.py:651} INFO - DAG(s) dict_keys(['platform_analytics_pipeline']) retrieved from /opt/airflow/dags/platform_analytics_pipeline.py
[2022-05-18 06:57:23,812] {logging_mixin.py:115} INFO - [2022-05-18 06:57:23,812] {dag.py:2371} INFO - Sync 1 DAGs
[2022-05-18 06:57:23,835] {logging_mixin.py:115} INFO - [2022-05-18 06:57:23,835] {dag.py:2919} INFO - Setting next_dagrun for platform_analytics_pipeline to 2022-05-18T00:00:00+00:00, run_after=2022-05-19T00:00:00+00:00
[2022-05-18 06:57:23,848] {processor.py:161} INFO - Processing /opt/airflow/dags/platform_analytics_pipeline.py took 0.480 seconds
[2022-05-18 06:57:53,997] {processor.py:153} INFO - Started process (PID=818) to work on /opt/airflow/dags/platform_analytics_pipeline.py
[2022-05-18 06:57:53,998] {processor.py:641} INFO - Processing file /opt/airflow/dags/platform_analytics_pipeline.py for tasks to queue
[2022-05-18 06:57:54,000] {logging_mixin.py:115} INFO - [2022-05-18 06:57:53,999] {dagbag.py:507} INFO - Filling up the DagBag from /opt/airflow/dags/platform_analytics_pipeline.py
[2022-05-18 06:57:54,498] {processor.py:651} INFO - DAG(s) dict_keys(['platform_analytics_pipeline']) retrieved from /opt/airflow/dags/platform_analytics_pipeline.py
[2022-05-18 06:57:54,530] {logging_mixin.py:115} INFO - [2022-05-18 06:57:54,529] {dag.py:2371} INFO - Sync 1 DAGs
[2022-05-18 06:57:54,563] {logging_mixin.py:115} INFO - [2022-05-18 06:57:54,563] {dag.py:2919} INFO - Setting next_dagrun for platform_analytics_pipeline to 2022-05-18T00:00:00+00:00, run_after=2022-05-19T00:00:00+00:00
[2022-05-18 06:57:54,596] {processor.py:161} INFO - Processing /opt/airflow/dags/platform_analytics_pipeline.py took 0.604 seconds
