[2022-05-09 03:02:24,277] {processor.py:153} INFO - Started process (PID=164) to work on /opt/airflow/dags/first_dag.py
[2022-05-09 03:02:24,279] {processor.py:641} INFO - Processing file /opt/airflow/dags/first_dag.py for tasks to queue
[2022-05-09 03:02:24,282] {logging_mixin.py:115} INFO - [2022-05-09 03:02:24,281] {dagbag.py:507} INFO - Filling up the DagBag from /opt/airflow/dags/first_dag.py
[2022-05-09 03:02:24,390] {processor.py:651} INFO - DAG(s) dict_keys(['first_dag_v4']) retrieved from /opt/airflow/dags/first_dag.py
[2022-05-09 03:02:24,660] {logging_mixin.py:115} INFO - [2022-05-09 03:02:24,660] {manager.py:508} INFO - Created Permission View: can edit on DAG:first_dag_v4
[2022-05-09 03:02:24,685] {logging_mixin.py:115} INFO - [2022-05-09 03:02:24,685] {manager.py:508} INFO - Created Permission View: can delete on DAG:first_dag_v4
[2022-05-09 03:02:24,708] {logging_mixin.py:115} INFO - [2022-05-09 03:02:24,708] {manager.py:508} INFO - Created Permission View: can read on DAG:first_dag_v4
[2022-05-09 03:02:24,710] {logging_mixin.py:115} INFO - [2022-05-09 03:02:24,710] {dag.py:2371} INFO - Sync 1 DAGs
[2022-05-09 03:02:24,723] {logging_mixin.py:115} INFO - [2022-05-09 03:02:24,723] {dag.py:2390} INFO - Creating ORM DAG for first_dag_v4
[2022-05-09 03:02:24,742] {logging_mixin.py:115} INFO - [2022-05-09 03:02:24,742] {dag.py:2919} INFO - Setting next_dagrun for first_dag_v4 to 2022-05-08T00:00:00+00:00, run_after=2022-05-09T00:00:00+00:00
[2022-05-09 03:02:24,764] {processor.py:161} INFO - Processing /opt/airflow/dags/first_dag.py took 0.524 seconds
[2022-05-09 03:02:54,889] {processor.py:153} INFO - Started process (PID=170) to work on /opt/airflow/dags/first_dag.py
[2022-05-09 03:02:54,893] {processor.py:641} INFO - Processing file /opt/airflow/dags/first_dag.py for tasks to queue
[2022-05-09 03:02:54,895] {logging_mixin.py:115} INFO - [2022-05-09 03:02:54,895] {dagbag.py:507} INFO - Filling up the DagBag from /opt/airflow/dags/first_dag.py
[2022-05-09 03:02:54,925] {processor.py:651} INFO - DAG(s) dict_keys(['first_dag_v4']) retrieved from /opt/airflow/dags/first_dag.py
[2022-05-09 03:02:54,991] {logging_mixin.py:115} INFO - [2022-05-09 03:02:54,991] {dag.py:2371} INFO - Sync 1 DAGs
[2022-05-09 03:02:55,048] {logging_mixin.py:115} INFO - [2022-05-09 03:02:55,048] {dag.py:2919} INFO - Setting next_dagrun for first_dag_v4 to 2022-05-08T00:00:00+00:00, run_after=2022-05-09T00:00:00+00:00
[2022-05-09 03:02:55,070] {processor.py:161} INFO - Processing /opt/airflow/dags/first_dag.py took 0.185 seconds
[2022-05-09 03:03:25,167] {processor.py:153} INFO - Started process (PID=175) to work on /opt/airflow/dags/first_dag.py
[2022-05-09 03:03:25,168] {processor.py:641} INFO - Processing file /opt/airflow/dags/first_dag.py for tasks to queue
[2022-05-09 03:03:25,169] {logging_mixin.py:115} INFO - [2022-05-09 03:03:25,169] {dagbag.py:507} INFO - Filling up the DagBag from /opt/airflow/dags/first_dag.py
[2022-05-09 03:03:25,187] {processor.py:651} INFO - DAG(s) dict_keys(['first_dag_v4']) retrieved from /opt/airflow/dags/first_dag.py
[2022-05-09 03:03:25,217] {logging_mixin.py:115} INFO - [2022-05-09 03:03:25,217] {dag.py:2371} INFO - Sync 1 DAGs
[2022-05-09 03:03:25,246] {logging_mixin.py:115} INFO - [2022-05-09 03:03:25,246] {dag.py:2919} INFO - Setting next_dagrun for first_dag_v4 to 2022-05-08T00:00:00+00:00, run_after=2022-05-09T00:00:00+00:00
[2022-05-09 03:03:25,265] {processor.py:161} INFO - Processing /opt/airflow/dags/first_dag.py took 0.102 seconds
[2022-05-09 03:03:55,366] {processor.py:153} INFO - Started process (PID=180) to work on /opt/airflow/dags/first_dag.py
[2022-05-09 03:03:55,367] {processor.py:641} INFO - Processing file /opt/airflow/dags/first_dag.py for tasks to queue
[2022-05-09 03:03:55,369] {logging_mixin.py:115} INFO - [2022-05-09 03:03:55,369] {dagbag.py:507} INFO - Filling up the DagBag from /opt/airflow/dags/first_dag.py
[2022-05-09 03:03:55,396] {processor.py:651} INFO - DAG(s) dict_keys(['first_dag_v4']) retrieved from /opt/airflow/dags/first_dag.py
[2022-05-09 03:03:55,439] {logging_mixin.py:115} INFO - [2022-05-09 03:03:55,439] {dag.py:2371} INFO - Sync 1 DAGs
[2022-05-09 03:03:55,473] {logging_mixin.py:115} INFO - [2022-05-09 03:03:55,473] {dag.py:2919} INFO - Setting next_dagrun for first_dag_v4 to 2022-05-08T00:00:00+00:00, run_after=2022-05-09T00:00:00+00:00
[2022-05-09 03:03:55,490] {processor.py:161} INFO - Processing /opt/airflow/dags/first_dag.py took 0.129 seconds
[2022-05-09 03:04:25,597] {processor.py:153} INFO - Started process (PID=185) to work on /opt/airflow/dags/first_dag.py
[2022-05-09 03:04:25,599] {processor.py:641} INFO - Processing file /opt/airflow/dags/first_dag.py for tasks to queue
[2022-05-09 03:04:25,601] {logging_mixin.py:115} INFO - [2022-05-09 03:04:25,601] {dagbag.py:507} INFO - Filling up the DagBag from /opt/airflow/dags/first_dag.py
[2022-05-09 03:04:25,624] {processor.py:651} INFO - DAG(s) dict_keys(['first_dag_v4']) retrieved from /opt/airflow/dags/first_dag.py
[2022-05-09 03:04:25,661] {logging_mixin.py:115} INFO - [2022-05-09 03:04:25,661] {dag.py:2371} INFO - Sync 1 DAGs
[2022-05-09 03:04:25,691] {logging_mixin.py:115} INFO - [2022-05-09 03:04:25,690] {dag.py:2919} INFO - Setting next_dagrun for first_dag_v4 to 2022-05-08T00:00:00+00:00, run_after=2022-05-09T00:00:00+00:00
[2022-05-09 03:04:25,706] {processor.py:161} INFO - Processing /opt/airflow/dags/first_dag.py took 0.116 seconds
[2022-05-09 03:04:55,804] {processor.py:153} INFO - Started process (PID=190) to work on /opt/airflow/dags/first_dag.py
[2022-05-09 03:04:55,806] {processor.py:641} INFO - Processing file /opt/airflow/dags/first_dag.py for tasks to queue
[2022-05-09 03:04:55,808] {logging_mixin.py:115} INFO - [2022-05-09 03:04:55,807] {dagbag.py:507} INFO - Filling up the DagBag from /opt/airflow/dags/first_dag.py
[2022-05-09 03:04:55,825] {processor.py:651} INFO - DAG(s) dict_keys(['first_dag_v4']) retrieved from /opt/airflow/dags/first_dag.py
[2022-05-09 03:04:55,859] {logging_mixin.py:115} INFO - [2022-05-09 03:04:55,859] {dag.py:2371} INFO - Sync 1 DAGs
[2022-05-09 03:04:55,888] {logging_mixin.py:115} INFO - [2022-05-09 03:04:55,888] {dag.py:2919} INFO - Setting next_dagrun for first_dag_v4 to 2022-05-08T00:00:00+00:00, run_after=2022-05-09T00:00:00+00:00
[2022-05-09 03:04:55,903] {processor.py:161} INFO - Processing /opt/airflow/dags/first_dag.py took 0.102 seconds
[2022-05-09 03:05:26,000] {processor.py:153} INFO - Started process (PID=195) to work on /opt/airflow/dags/first_dag.py
[2022-05-09 03:05:26,003] {processor.py:641} INFO - Processing file /opt/airflow/dags/first_dag.py for tasks to queue
[2022-05-09 03:05:26,005] {logging_mixin.py:115} INFO - [2022-05-09 03:05:26,004] {dagbag.py:507} INFO - Filling up the DagBag from /opt/airflow/dags/first_dag.py
[2022-05-09 03:05:26,024] {processor.py:651} INFO - DAG(s) dict_keys(['first_dag_v4']) retrieved from /opt/airflow/dags/first_dag.py
[2022-05-09 03:05:26,056] {logging_mixin.py:115} INFO - [2022-05-09 03:05:26,056] {dag.py:2371} INFO - Sync 1 DAGs
[2022-05-09 03:05:26,112] {logging_mixin.py:115} INFO - [2022-05-09 03:05:26,112] {dag.py:2919} INFO - Setting next_dagrun for first_dag_v4 to 2022-05-08T00:00:00+00:00, run_after=2022-05-09T00:00:00+00:00
[2022-05-09 03:05:26,130] {processor.py:161} INFO - Processing /opt/airflow/dags/first_dag.py took 0.136 seconds
[2022-05-09 03:05:56,219] {processor.py:153} INFO - Started process (PID=200) to work on /opt/airflow/dags/first_dag.py
[2022-05-09 03:05:56,220] {processor.py:641} INFO - Processing file /opt/airflow/dags/first_dag.py for tasks to queue
[2022-05-09 03:05:56,222] {logging_mixin.py:115} INFO - [2022-05-09 03:05:56,222] {dagbag.py:507} INFO - Filling up the DagBag from /opt/airflow/dags/first_dag.py
[2022-05-09 03:05:56,251] {processor.py:651} INFO - DAG(s) dict_keys(['first_dag_v4']) retrieved from /opt/airflow/dags/first_dag.py
[2022-05-09 03:05:56,286] {logging_mixin.py:115} INFO - [2022-05-09 03:05:56,286] {dag.py:2371} INFO - Sync 1 DAGs
[2022-05-09 03:05:56,316] {logging_mixin.py:115} INFO - [2022-05-09 03:05:56,315] {dag.py:2919} INFO - Setting next_dagrun for first_dag_v4 to 2022-05-08T00:00:00+00:00, run_after=2022-05-09T00:00:00+00:00
[2022-05-09 03:05:56,335] {processor.py:161} INFO - Processing /opt/airflow/dags/first_dag.py took 0.120 seconds
[2022-05-09 03:07:27,431] {processor.py:153} INFO - Started process (PID=163) to work on /opt/airflow/dags/first_dag.py
[2022-05-09 03:07:27,434] {processor.py:641} INFO - Processing file /opt/airflow/dags/first_dag.py for tasks to queue
[2022-05-09 03:07:27,438] {logging_mixin.py:115} INFO - [2022-05-09 03:07:27,437] {dagbag.py:507} INFO - Filling up the DagBag from /opt/airflow/dags/first_dag.py
[2022-05-09 03:07:27,485] {processor.py:651} INFO - DAG(s) dict_keys(['first_dag_v4']) retrieved from /opt/airflow/dags/first_dag.py
[2022-05-09 03:07:27,757] {logging_mixin.py:115} INFO - [2022-05-09 03:07:27,757] {manager.py:508} INFO - Created Permission View: can edit on DAG:first_dag_v4
[2022-05-09 03:07:27,769] {logging_mixin.py:115} INFO - [2022-05-09 03:07:27,769] {manager.py:508} INFO - Created Permission View: can delete on DAG:first_dag_v4
[2022-05-09 03:07:27,777] {logging_mixin.py:115} INFO - [2022-05-09 03:07:27,777] {manager.py:508} INFO - Created Permission View: can read on DAG:first_dag_v4
[2022-05-09 03:07:27,779] {logging_mixin.py:115} INFO - [2022-05-09 03:07:27,778] {dag.py:2371} INFO - Sync 1 DAGs
[2022-05-09 03:07:27,793] {logging_mixin.py:115} INFO - [2022-05-09 03:07:27,793] {dag.py:2390} INFO - Creating ORM DAG for first_dag_v4
[2022-05-09 03:07:27,828] {logging_mixin.py:115} INFO - [2022-05-09 03:07:27,828] {dag.py:2919} INFO - Setting next_dagrun for first_dag_v4 to 2022-05-08T00:00:00+00:00, run_after=2022-05-09T00:00:00+00:00
[2022-05-09 03:07:27,871] {processor.py:161} INFO - Processing /opt/airflow/dags/first_dag.py took 0.448 seconds
[2022-05-09 03:07:58,130] {processor.py:153} INFO - Started process (PID=169) to work on /opt/airflow/dags/first_dag.py
[2022-05-09 03:07:58,133] {processor.py:641} INFO - Processing file /opt/airflow/dags/first_dag.py for tasks to queue
[2022-05-09 03:07:58,135] {logging_mixin.py:115} INFO - [2022-05-09 03:07:58,135] {dagbag.py:507} INFO - Filling up the DagBag from /opt/airflow/dags/first_dag.py
[2022-05-09 03:07:58,164] {processor.py:651} INFO - DAG(s) dict_keys(['first_dag_v4']) retrieved from /opt/airflow/dags/first_dag.py
[2022-05-09 03:07:58,202] {logging_mixin.py:115} INFO - [2022-05-09 03:07:58,202] {dag.py:2371} INFO - Sync 1 DAGs
[2022-05-09 03:07:58,234] {logging_mixin.py:115} INFO - [2022-05-09 03:07:58,233] {dag.py:2919} INFO - Setting next_dagrun for first_dag_v4 to 2022-05-08T00:00:00+00:00, run_after=2022-05-09T00:00:00+00:00
[2022-05-09 03:07:58,249] {processor.py:161} INFO - Processing /opt/airflow/dags/first_dag.py took 0.124 seconds
[2022-05-09 03:08:28,302] {processor.py:153} INFO - Started process (PID=174) to work on /opt/airflow/dags/first_dag.py
[2022-05-09 03:08:28,303] {processor.py:641} INFO - Processing file /opt/airflow/dags/first_dag.py for tasks to queue
[2022-05-09 03:08:28,305] {logging_mixin.py:115} INFO - [2022-05-09 03:08:28,304] {dagbag.py:507} INFO - Filling up the DagBag from /opt/airflow/dags/first_dag.py
[2022-05-09 03:08:28,319] {processor.py:651} INFO - DAG(s) dict_keys(['first_dag_v4']) retrieved from /opt/airflow/dags/first_dag.py
[2022-05-09 03:08:28,348] {logging_mixin.py:115} INFO - [2022-05-09 03:08:28,348] {dag.py:2371} INFO - Sync 1 DAGs
[2022-05-09 03:08:28,376] {logging_mixin.py:115} INFO - [2022-05-09 03:08:28,376] {dag.py:2919} INFO - Setting next_dagrun for first_dag_v4 to 2022-05-08T00:00:00+00:00, run_after=2022-05-09T00:00:00+00:00
[2022-05-09 03:08:28,393] {processor.py:161} INFO - Processing /opt/airflow/dags/first_dag.py took 0.094 seconds
[2022-05-09 03:08:58,479] {processor.py:153} INFO - Started process (PID=179) to work on /opt/airflow/dags/first_dag.py
[2022-05-09 03:08:58,480] {processor.py:641} INFO - Processing file /opt/airflow/dags/first_dag.py for tasks to queue
[2022-05-09 03:08:58,482] {logging_mixin.py:115} INFO - [2022-05-09 03:08:58,482] {dagbag.py:507} INFO - Filling up the DagBag from /opt/airflow/dags/first_dag.py
[2022-05-09 03:08:58,504] {processor.py:651} INFO - DAG(s) dict_keys(['first_dag_v4']) retrieved from /opt/airflow/dags/first_dag.py
[2022-05-09 03:08:58,552] {logging_mixin.py:115} INFO - [2022-05-09 03:08:58,552] {dag.py:2371} INFO - Sync 1 DAGs
[2022-05-09 03:08:58,588] {logging_mixin.py:115} INFO - [2022-05-09 03:08:58,588] {dag.py:2919} INFO - Setting next_dagrun for first_dag_v4 to 2022-05-08T00:00:00+00:00, run_after=2022-05-09T00:00:00+00:00
[2022-05-09 03:08:58,604] {processor.py:161} INFO - Processing /opt/airflow/dags/first_dag.py took 0.131 seconds
[2022-05-09 03:09:28,708] {processor.py:153} INFO - Started process (PID=184) to work on /opt/airflow/dags/first_dag.py
[2022-05-09 03:09:28,711] {processor.py:641} INFO - Processing file /opt/airflow/dags/first_dag.py for tasks to queue
[2022-05-09 03:09:28,713] {logging_mixin.py:115} INFO - [2022-05-09 03:09:28,713] {dagbag.py:507} INFO - Filling up the DagBag from /opt/airflow/dags/first_dag.py
[2022-05-09 03:09:28,734] {processor.py:651} INFO - DAG(s) dict_keys(['first_dag_v4']) retrieved from /opt/airflow/dags/first_dag.py
[2022-05-09 03:09:28,816] {logging_mixin.py:115} INFO - [2022-05-09 03:09:28,816] {dag.py:2371} INFO - Sync 1 DAGs
[2022-05-09 03:09:28,883] {logging_mixin.py:115} INFO - [2022-05-09 03:09:28,882] {dag.py:2919} INFO - Setting next_dagrun for first_dag_v4 to 2022-05-08T00:00:00+00:00, run_after=2022-05-09T00:00:00+00:00
[2022-05-09 03:09:28,914] {processor.py:161} INFO - Processing /opt/airflow/dags/first_dag.py took 0.213 seconds
[2022-05-09 03:09:59,040] {processor.py:153} INFO - Started process (PID=189) to work on /opt/airflow/dags/first_dag.py
[2022-05-09 03:09:59,043] {processor.py:641} INFO - Processing file /opt/airflow/dags/first_dag.py for tasks to queue
[2022-05-09 03:09:59,047] {logging_mixin.py:115} INFO - [2022-05-09 03:09:59,046] {dagbag.py:507} INFO - Filling up the DagBag from /opt/airflow/dags/first_dag.py
[2022-05-09 03:09:59,083] {processor.py:651} INFO - DAG(s) dict_keys(['first_dag_v4']) retrieved from /opt/airflow/dags/first_dag.py
[2022-05-09 03:09:59,151] {logging_mixin.py:115} INFO - [2022-05-09 03:09:59,151] {dag.py:2371} INFO - Sync 1 DAGs
[2022-05-09 03:09:59,213] {logging_mixin.py:115} INFO - [2022-05-09 03:09:59,213] {dag.py:2919} INFO - Setting next_dagrun for first_dag_v4 to 2022-05-08T00:00:00+00:00, run_after=2022-05-09T00:00:00+00:00
[2022-05-09 03:09:59,236] {processor.py:161} INFO - Processing /opt/airflow/dags/first_dag.py took 0.209 seconds
[2022-05-09 03:10:29,345] {processor.py:153} INFO - Started process (PID=194) to work on /opt/airflow/dags/first_dag.py
[2022-05-09 03:10:29,348] {processor.py:641} INFO - Processing file /opt/airflow/dags/first_dag.py for tasks to queue
[2022-05-09 03:10:29,349] {logging_mixin.py:115} INFO - [2022-05-09 03:10:29,349] {dagbag.py:507} INFO - Filling up the DagBag from /opt/airflow/dags/first_dag.py
[2022-05-09 03:10:29,369] {processor.py:651} INFO - DAG(s) dict_keys(['first_dag_v4']) retrieved from /opt/airflow/dags/first_dag.py
[2022-05-09 03:10:29,403] {logging_mixin.py:115} INFO - [2022-05-09 03:10:29,403] {dag.py:2371} INFO - Sync 1 DAGs
[2022-05-09 03:10:29,435] {logging_mixin.py:115} INFO - [2022-05-09 03:10:29,435] {dag.py:2919} INFO - Setting next_dagrun for first_dag_v4 to 2022-05-08T00:00:00+00:00, run_after=2022-05-09T00:00:00+00:00
[2022-05-09 03:10:29,452] {processor.py:161} INFO - Processing /opt/airflow/dags/first_dag.py took 0.112 seconds
[2022-05-09 03:10:53,476] {processor.py:153} INFO - Started process (PID=199) to work on /opt/airflow/dags/first_dag.py
[2022-05-09 03:10:53,480] {processor.py:641} INFO - Processing file /opt/airflow/dags/first_dag.py for tasks to queue
[2022-05-09 03:10:53,486] {logging_mixin.py:115} INFO - [2022-05-09 03:10:53,485] {dagbag.py:507} INFO - Filling up the DagBag from /opt/airflow/dags/first_dag.py
[2022-05-09 03:10:53,510] {processor.py:653} WARNING - No viable dags retrieved from /opt/airflow/dags/first_dag.py
[2022-05-09 03:10:53,560] {processor.py:161} INFO - Processing /opt/airflow/dags/first_dag.py took 0.096 seconds
[2022-05-09 03:11:23,636] {processor.py:153} INFO - Started process (PID=206) to work on /opt/airflow/dags/first_dag.py
[2022-05-09 03:11:23,637] {processor.py:641} INFO - Processing file /opt/airflow/dags/first_dag.py for tasks to queue
[2022-05-09 03:11:23,639] {logging_mixin.py:115} INFO - [2022-05-09 03:11:23,639] {dagbag.py:507} INFO - Filling up the DagBag from /opt/airflow/dags/first_dag.py
[2022-05-09 03:11:23,644] {processor.py:653} WARNING - No viable dags retrieved from /opt/airflow/dags/first_dag.py
[2022-05-09 03:11:23,664] {processor.py:161} INFO - Processing /opt/airflow/dags/first_dag.py took 0.033 seconds
[2022-05-09 03:11:53,805] {processor.py:153} INFO - Started process (PID=211) to work on /opt/airflow/dags/first_dag.py
[2022-05-09 03:11:53,806] {processor.py:641} INFO - Processing file /opt/airflow/dags/first_dag.py for tasks to queue
[2022-05-09 03:11:53,809] {logging_mixin.py:115} INFO - [2022-05-09 03:11:53,808] {dagbag.py:507} INFO - Filling up the DagBag from /opt/airflow/dags/first_dag.py
[2022-05-09 03:11:53,815] {processor.py:653} WARNING - No viable dags retrieved from /opt/airflow/dags/first_dag.py
[2022-05-09 03:11:53,836] {processor.py:161} INFO - Processing /opt/airflow/dags/first_dag.py took 0.035 seconds
[2022-05-09 03:12:23,881] {processor.py:153} INFO - Started process (PID=216) to work on /opt/airflow/dags/first_dag.py
[2022-05-09 03:12:23,887] {processor.py:641} INFO - Processing file /opt/airflow/dags/first_dag.py for tasks to queue
[2022-05-09 03:12:23,890] {logging_mixin.py:115} INFO - [2022-05-09 03:12:23,890] {dagbag.py:507} INFO - Filling up the DagBag from /opt/airflow/dags/first_dag.py
[2022-05-09 03:12:23,898] {processor.py:653} WARNING - No viable dags retrieved from /opt/airflow/dags/first_dag.py
[2022-05-09 03:12:23,924] {processor.py:161} INFO - Processing /opt/airflow/dags/first_dag.py took 0.048 seconds
[2022-05-09 03:12:54,036] {processor.py:153} INFO - Started process (PID=221) to work on /opt/airflow/dags/first_dag.py
[2022-05-09 03:12:54,038] {processor.py:641} INFO - Processing file /opt/airflow/dags/first_dag.py for tasks to queue
[2022-05-09 03:12:54,040] {logging_mixin.py:115} INFO - [2022-05-09 03:12:54,039] {dagbag.py:507} INFO - Filling up the DagBag from /opt/airflow/dags/first_dag.py
[2022-05-09 03:12:54,047] {processor.py:653} WARNING - No viable dags retrieved from /opt/airflow/dags/first_dag.py
[2022-05-09 03:12:54,070] {processor.py:161} INFO - Processing /opt/airflow/dags/first_dag.py took 0.041 seconds
[2022-05-09 03:13:24,149] {processor.py:153} INFO - Started process (PID=226) to work on /opt/airflow/dags/first_dag.py
[2022-05-09 03:13:24,150] {processor.py:641} INFO - Processing file /opt/airflow/dags/first_dag.py for tasks to queue
[2022-05-09 03:13:24,153] {logging_mixin.py:115} INFO - [2022-05-09 03:13:24,152] {dagbag.py:507} INFO - Filling up the DagBag from /opt/airflow/dags/first_dag.py
[2022-05-09 03:13:24,157] {processor.py:653} WARNING - No viable dags retrieved from /opt/airflow/dags/first_dag.py
[2022-05-09 03:13:24,175] {processor.py:161} INFO - Processing /opt/airflow/dags/first_dag.py took 0.033 seconds
[2022-05-09 03:13:54,253] {processor.py:153} INFO - Started process (PID=231) to work on /opt/airflow/dags/first_dag.py
[2022-05-09 03:13:54,255] {processor.py:641} INFO - Processing file /opt/airflow/dags/first_dag.py for tasks to queue
[2022-05-09 03:13:54,256] {logging_mixin.py:115} INFO - [2022-05-09 03:13:54,256] {dagbag.py:507} INFO - Filling up the DagBag from /opt/airflow/dags/first_dag.py
[2022-05-09 03:13:54,262] {processor.py:653} WARNING - No viable dags retrieved from /opt/airflow/dags/first_dag.py
[2022-05-09 03:13:54,282] {processor.py:161} INFO - Processing /opt/airflow/dags/first_dag.py took 0.035 seconds
[2022-05-09 03:14:24,374] {processor.py:153} INFO - Started process (PID=236) to work on /opt/airflow/dags/first_dag.py
[2022-05-09 03:14:24,375] {processor.py:641} INFO - Processing file /opt/airflow/dags/first_dag.py for tasks to queue
[2022-05-09 03:14:24,377] {logging_mixin.py:115} INFO - [2022-05-09 03:14:24,377] {dagbag.py:507} INFO - Filling up the DagBag from /opt/airflow/dags/first_dag.py
[2022-05-09 03:14:24,382] {processor.py:653} WARNING - No viable dags retrieved from /opt/airflow/dags/first_dag.py
[2022-05-09 03:14:24,399] {processor.py:161} INFO - Processing /opt/airflow/dags/first_dag.py took 0.031 seconds
[2022-05-09 03:14:54,467] {processor.py:153} INFO - Started process (PID=241) to work on /opt/airflow/dags/first_dag.py
[2022-05-09 03:14:54,468] {processor.py:641} INFO - Processing file /opt/airflow/dags/first_dag.py for tasks to queue
[2022-05-09 03:14:54,471] {logging_mixin.py:115} INFO - [2022-05-09 03:14:54,470] {dagbag.py:507} INFO - Filling up the DagBag from /opt/airflow/dags/first_dag.py
[2022-05-09 03:14:54,476] {processor.py:653} WARNING - No viable dags retrieved from /opt/airflow/dags/first_dag.py
[2022-05-09 03:14:54,498] {processor.py:161} INFO - Processing /opt/airflow/dags/first_dag.py took 0.038 seconds
[2022-05-09 03:15:24,586] {processor.py:153} INFO - Started process (PID=246) to work on /opt/airflow/dags/first_dag.py
[2022-05-09 03:15:24,590] {processor.py:641} INFO - Processing file /opt/airflow/dags/first_dag.py for tasks to queue
[2022-05-09 03:15:24,595] {logging_mixin.py:115} INFO - [2022-05-09 03:15:24,594] {dagbag.py:507} INFO - Filling up the DagBag from /opt/airflow/dags/first_dag.py
[2022-05-09 03:15:24,603] {processor.py:653} WARNING - No viable dags retrieved from /opt/airflow/dags/first_dag.py
[2022-05-09 03:15:24,632] {processor.py:161} INFO - Processing /opt/airflow/dags/first_dag.py took 0.051 seconds
